#            Optical Properties of Aerosols and Clouds (OPAC) 4.0b      
#           --------------------------------------------------------
# continental polluted          
#  3 components
#  1 relative humidities
# 17 wavelengths
#----------------------------------------------------------------------------
# RH  COMP NUMBER    VOLUME    MASS      DENSITY  NUM.MIX  VOL.MIX   MAS.MIX
# [%]     [1/cm^3]  [um^3/m^3] [ug/m^3]  [g/cm^3] RATIO    RATIO     RATIO
#----------------------------------------------------------------------------
# 80. inso 6.000E-01 7.120E+06 1.424E+01 2.00    1.200E-05 1.605E-01 2.335E-01
#     waso 1.570E+04 3.518E+07 4.468E+01 1.27    3.140E-01 7.932E-01 7.328E-01
#     soot 3.430E+04 2.051E+06 2.051E+00 1.00    6.860E-01 4.625E-02 3.364E-02
#----------------------------------------------------------------------------
# only particles up to   7.5 micrometer radius are considered for mass
# 112 scattering angles for phase functions below:
#     0.000     0.100     0.200     0.300     0.400     0.500     0.600     0.700
#     0.800     0.900     1.000     1.100     1.200     1.300     1.400     1.500
#     1.600     1.700     1.800     1.900     2.000     3.000     4.000     5.000
#     6.000     8.000    10.000    12.000    14.000    16.000    18.000    20.000
#    22.000    24.000    26.000    28.000    30.000    32.000    34.000    36.000
#    38.000    40.000    42.000    44.000    46.000    48.000    50.000    52.000
#    54.000    56.000    58.000    60.000    62.000    64.000    66.000    68.000
#    70.000    72.000    74.000    76.000    78.000    80.000    82.000    84.000
#    86.000    88.000    90.000    92.000    94.000    96.000    98.000   100.000
#   102.000   104.000   106.000   108.000   110.000   112.000   114.000   116.000
#   118.000   120.000   122.000   124.000   126.000   128.000   130.000   132.000
#   134.000   136.000   138.000   140.000   142.000   144.000   146.000   148.000
#   150.000   152.000   154.000   156.000   158.000   160.000   162.000   164.000
#   166.000   168.000   170.000   172.000   174.000   176.000   178.000   180.000
#============================================================================
# 80.% relative humidity 
# wavel.    ext.coef  sca.coef  abs.coef  sisc.alb  op.depth
#  [um]      [1/km]    [1/km]    [1/km]                     
 3.500E-01 2.968E-01 2.670E-01 2.974E-02 8.998E-01 1.758E-01
   phase function [1/km]
 1.923E+00 1.881E+00 1.764E+00 1.601E+00 1.424E+00 1.259E+00 1.121E+00 1.012E+00 9.264E-01 8.573E-01 8.004E-01 7.527E-01 7.128E-01 6.792E-01 6.506E-01 6.260E-01 6.048E-01 5.860E-01 5.698E-01 5.553E-01
 5.426E-01 4.639E-01 4.226E-01 3.929E-01 3.678E-01 3.243E-01 2.863E-01 2.526E-01 2.227E-01 1.960E-01 1.725E-01 1.518E-01 1.335E-01 1.174E-01 1.033E-01 9.092E-02 8.008E-02 7.061E-02 6.232E-02 5.507E-02
 4.872E-02 4.317E-02 3.831E-02 3.408E-02 3.034E-02 2.709E-02 2.422E-02 2.170E-02 1.948E-02 1.752E-02 1.579E-02 1.427E-02 1.293E-02 1.174E-02 1.068E-02 9.742E-03 8.905E-03 8.164E-03 7.505E-03 6.918E-03
 6.395E-03 5.925E-03 5.503E-03 5.126E-03 4.795E-03 4.497E-03 4.230E-03 3.992E-03 3.778E-03 3.587E-03 3.417E-03 3.268E-03 3.140E-03 3.025E-03 2.925E-03 2.836E-03 2.761E-03 2.699E-03 2.649E-03 2.611E-03
 2.581E-03 2.561E-03 2.552E-03 2.554E-03 2.566E-03 2.586E-03 2.618E-03 2.661E-03 2.715E-03 2.779E-03 2.857E-03 2.945E-03 3.048E-03 3.161E-03 3.284E-03 3.416E-03 3.556E-03 3.701E-03 3.851E-03 4.000E-03
 4.130E-03 4.226E-03 4.272E-03 4.265E-03 4.209E-03 4.109E-03 3.991E-03 3.920E-03 3.962E-03 4.129E-03 4.341E-03 4.451E-03
# wavel.    ext.coef  sca.coef  abs.coef  sisc.alb  op.depth
#  [um]      [1/km]    [1/km]    [1/km]                     
 4.000E-01 2.579E-01 2.319E-01 2.607E-02 8.990E-01 1.530E-01
   phase function [1/km]
 1.490E+00 1.465E+00 1.394E+00 1.292E+00 1.173E+00 1.056E+00 9.497E-01 8.603E-01 7.879E-01 7.292E-01 6.806E-01 6.400E-01 6.052E-01 5.753E-01 5.498E-01 5.278E-01 5.087E-01 4.920E-01 4.771E-01 4.641E-01
 4.523E-01 3.811E-01 3.457E-01 3.218E-01 3.022E-01 2.688E-01 2.394E-01 2.127E-01 1.888E-01 1.673E-01 1.481E-01 1.309E-01 1.156E-01 1.021E-01 9.013E-02 7.959E-02 7.030E-02 6.213E-02 5.496E-02 4.865E-02
 4.314E-02 3.828E-02 3.403E-02 3.031E-02 2.702E-02 2.414E-02 2.160E-02 1.936E-02 1.740E-02 1.567E-02 1.414E-02 1.278E-02 1.158E-02 1.051E-02 9.566E-03 8.727E-03 7.982E-03 7.318E-03 6.726E-03 6.197E-03
 5.723E-03 5.303E-03 4.929E-03 4.594E-03 4.293E-03 4.022E-03 3.782E-03 3.568E-03 3.379E-03 3.211E-03 3.060E-03 2.925E-03 2.805E-03 2.701E-03 2.611E-03 2.534E-03 2.468E-03 2.410E-03 2.364E-03 2.327E-03
 2.302E-03 2.284E-03 2.273E-03 2.273E-03 2.280E-03 2.296E-03 2.322E-03 2.355E-03 2.397E-03 2.447E-03 2.507E-03 2.577E-03 2.657E-03 2.743E-03 2.839E-03 2.942E-03 3.053E-03 3.167E-03 3.279E-03 3.381E-03
 3.473E-03 3.552E-03 3.604E-03 3.614E-03 3.572E-03 3.495E-03 3.419E-03 3.392E-03 3.444E-03 3.574E-03 3.718E-03 3.796E-03
# wavel.    ext.coef  sca.coef  abs.coef  sisc.alb  op.depth
#  [um]      [1/km]    [1/km]    [1/km]                     
 4.500E-01 2.256E-01 2.025E-01 2.308E-02 8.977E-01 1.339E-01
   phase function [1/km]
 1.188E+00 1.173E+00 1.128E+00 1.060E+00 9.792E-01 8.945E-01 8.136E-01 7.417E-01 6.806E-01 6.300E-01 5.880E-01 5.529E-01 5.226E-01 4.964E-01 4.736E-01 4.537E-01 4.363E-01 4.212E-01 4.077E-01 3.957E-01
 3.850E-01 3.195E-01 2.876E-01 2.672E-01 2.511E-01 2.246E-01 2.012E-01 1.801E-01 1.607E-01 1.432E-01 1.274E-01 1.131E-01 1.003E-01 8.887E-02 7.872E-02 6.972E-02 6.176E-02 5.473E-02 4.854E-02 4.307E-02
 3.826E-02 3.404E-02 3.031E-02 2.704E-02 2.415E-02 2.161E-02 1.937E-02 1.740E-02 1.564E-02 1.409E-02 1.272E-02 1.151E-02 1.044E-02 9.484E-03 8.636E-03 7.881E-03 7.210E-03 6.610E-03 6.077E-03 5.600E-03
 5.176E-03 4.794E-03 4.453E-03 4.150E-03 3.878E-03 3.635E-03 3.418E-03 3.224E-03 3.051E-03 2.897E-03 2.760E-03 2.639E-03 2.532E-03 2.438E-03 2.356E-03 2.286E-03 2.226E-03 2.174E-03 2.133E-03 2.099E-03
 2.073E-03 2.056E-03 2.047E-03 2.045E-03 2.050E-03 2.062E-03 2.082E-03 2.108E-03 2.141E-03 2.182E-03 2.229E-03 2.286E-03 2.350E-03 2.420E-03 2.496E-03 2.578E-03 2.665E-03 2.756E-03 2.846E-03 2.929E-03
 3.007E-03 3.071E-03 3.114E-03 3.124E-03 3.103E-03 3.064E-03 3.025E-03 3.015E-03 3.065E-03 3.168E-03 3.276E-03 3.336E-03
# wavel.    ext.coef  sca.coef  abs.coef  sisc.alb  op.depth
#  [um]      [1/km]    [1/km]    [1/km]                     
 5.000E-01 1.981E-01 1.775E-01 2.059E-02 8.961E-01 1.177E-01
   phase function [1/km]
 9.688E-01 9.586E-01 9.286E-01 8.822E-01 8.253E-01 7.636E-01 7.021E-01 6.449E-01 5.941E-01 5.505E-01 5.137E-01 4.826E-01 4.560E-01 4.331E-01 4.129E-01 3.951E-01 3.793E-01 3.655E-01 3.530E-01 3.422E-01
 3.323E-01 2.717E-01 2.427E-01 2.246E-01 2.109E-01 1.891E-01 1.702E-01 1.531E-01 1.373E-01 1.229E-01 1.097E-01 9.784E-02 8.708E-02 7.743E-02 6.882E-02 6.113E-02 5.431E-02 4.826E-02 4.289E-02 3.816E-02
 3.398E-02 3.029E-02 2.702E-02 2.414E-02 2.161E-02 1.936E-02 1.738E-02 1.561E-02 1.406E-02 1.268E-02 1.147E-02 1.038E-02 9.419E-03 8.563E-03 7.802E-03 7.124E-03 6.521E-03 5.981E-03 5.500E-03 5.068E-03
 4.683E-03 4.340E-03 4.033E-03 3.760E-03 3.512E-03 3.291E-03 3.095E-03 2.919E-03 2.762E-03 2.624E-03 2.501E-03 2.391E-03 2.293E-03 2.208E-03 2.133E-03 2.070E-03 2.015E-03 1.969E-03 1.929E-03 1.900E-03
 1.877E-03 1.861E-03 1.850E-03 1.847E-03 1.850E-03 1.859E-03 1.876E-03 1.896E-03 1.925E-03 1.958E-03 1.997E-03 2.042E-03 2.094E-03 2.152E-03 2.214E-03 2.282E-03 2.352E-03 2.426E-03 2.498E-03 2.567E-03
 2.630E-03 2.685E-03 2.726E-03 2.744E-03 2.734E-03 2.709E-03 2.690E-03 2.697E-03 2.745E-03 2.825E-03 2.904E-03 2.948E-03
# wavel.    ext.coef  sca.coef  abs.coef  sisc.alb  op.depth
#  [um]      [1/km]    [1/km]    [1/km]                     
 5.500E-01 1.746E-01 1.558E-01 1.877E-02 8.925E-01 1.038E-01
   phase function [1/km]
 8.042E-01 7.970E-01 7.762E-01 7.436E-01 7.027E-01 6.569E-01 6.100E-01 5.645E-01 5.226E-01 4.854E-01 4.533E-01 4.257E-01 4.019E-01 3.815E-01 3.635E-01 3.477E-01 3.335E-01 3.208E-01 3.094E-01 2.993E-01
 2.902E-01 2.338E-01 2.069E-01 1.904E-01 1.786E-01 1.602E-01 1.447E-01 1.306E-01 1.176E-01 1.057E-01 9.471E-02 8.472E-02 7.566E-02 6.747E-02 6.013E-02 5.358E-02 4.772E-02 4.252E-02 3.788E-02 3.377E-02
 3.013E-02 2.692E-02 2.405E-02 2.154E-02 1.929E-02 1.732E-02 1.557E-02 1.401E-02 1.263E-02 1.141E-02 1.033E-02 9.359E-03 8.498E-03 7.732E-03 7.048E-03 6.440E-03 5.897E-03 5.412E-03 4.978E-03 4.590E-03
 4.242E-03 3.932E-03 3.654E-03 3.406E-03 3.183E-03 2.982E-03 2.805E-03 2.646E-03 2.504E-03 2.379E-03 2.266E-03 2.166E-03 2.078E-03 2.001E-03 1.935E-03 1.877E-03 1.826E-03 1.784E-03 1.750E-03 1.721E-03
 1.700E-03 1.685E-03 1.675E-03 1.671E-03 1.672E-03 1.680E-03 1.692E-03 1.709E-03 1.732E-03 1.759E-03 1.791E-03 1.829E-03 1.872E-03 1.919E-03 1.970E-03 2.025E-03 2.083E-03 2.143E-03 2.203E-03 2.261E-03
 2.314E-03 2.364E-03 2.401E-03 2.419E-03 2.418E-03 2.409E-03 2.405E-03 2.420E-03 2.464E-03 2.528E-03 2.589E-03 2.625E-03
# wavel.    ext.coef  sca.coef  abs.coef  sisc.alb  op.depth
#  [um]      [1/km]    [1/km]    [1/km]                     
 6.000E-01 1.549E-01 1.379E-01 1.699E-02 8.903E-01 9.208E-02
   phase function [1/km]
 6.781E-01 6.730E-01 6.580E-01 6.343E-01 6.043E-01 5.700E-01 5.336E-01 4.975E-01 4.632E-01 4.317E-01 4.037E-01 3.792E-01 3.579E-01 3.395E-01 3.234E-01 3.091E-01 2.964E-01 2.848E-01 2.745E-01 2.652E-01
 2.567E-01 2.040E-01 1.788E-01 1.637E-01 1.530E-01 1.370E-01 1.240E-01 1.123E-01 1.015E-01 9.150E-02 8.229E-02 7.384E-02 6.615E-02 5.918E-02 5.289E-02 4.725E-02 4.218E-02 3.767E-02 3.365E-02 3.008E-02
 2.689E-02 2.407E-02 2.156E-02 1.933E-02 1.736E-02 1.560E-02 1.404E-02 1.266E-02 1.143E-02 1.034E-02 9.361E-03 8.494E-03 7.721E-03 7.032E-03 6.416E-03 5.866E-03 5.373E-03 4.935E-03 4.541E-03 4.189E-03
 3.875E-03 3.592E-03 3.338E-03 3.112E-03 2.909E-03 2.727E-03 2.565E-03 2.420E-03 2.291E-03 2.174E-03 2.072E-03 1.982E-03 1.901E-03 1.832E-03 1.771E-03 1.717E-03 1.671E-03 1.633E-03 1.602E-03 1.576E-03
 1.556E-03 1.542E-03 1.532E-03 1.529E-03 1.530E-03 1.535E-03 1.545E-03 1.560E-03 1.579E-03 1.602E-03 1.630E-03 1.662E-03 1.698E-03 1.738E-03 1.781E-03 1.827E-03 1.877E-03 1.927E-03 1.980E-03 2.033E-03
 2.083E-03 2.123E-03 2.154E-03 2.173E-03 2.185E-03 2.189E-03 2.195E-03 2.212E-03 2.249E-03 2.301E-03 2.345E-03 2.374E-03
# wavel.    ext.coef  sca.coef  abs.coef  sisc.alb  op.depth
#  [um]      [1/km]    [1/km]    [1/km]                     
 6.500E-01 1.383E-01 1.224E-01 1.592E-02 8.850E-01 8.222E-02
   phase function [1/km]
 5.788E-01 5.750E-01 5.640E-01 5.466E-01 5.240E-01 4.977E-01 4.694E-01 4.405E-01 4.124E-01 3.860E-01 3.618E-01 3.402E-01 3.211E-01 3.044E-01 2.898E-01 2.768E-01 2.652E-01 2.548E-01 2.454E-01 2.368E-01
 2.290E-01 1.796E-01 1.558E-01 1.417E-01 1.320E-01 1.180E-01 1.068E-01 9.696E-02 8.786E-02 7.944E-02 7.165E-02 6.450E-02 5.794E-02 5.198E-02 4.658E-02 4.172E-02 3.734E-02 3.343E-02 2.992E-02 2.680E-02
 2.401E-02 2.153E-02 1.933E-02 1.736E-02 1.561E-02 1.406E-02 1.267E-02 1.144E-02 1.034E-02 9.361E-03 8.488E-03 7.712E-03 7.017E-03 6.397E-03 5.841E-03 5.344E-03 4.900E-03 4.500E-03 4.145E-03 3.825E-03
 3.540E-03 3.283E-03 3.052E-03 2.845E-03 2.662E-03 2.495E-03 2.348E-03 2.215E-03 2.098E-03 1.992E-03 1.898E-03 1.815E-03 1.742E-03 1.679E-03 1.623E-03 1.575E-03 1.533E-03 1.498E-03 1.469E-03 1.446E-03
 1.427E-03 1.414E-03 1.405E-03 1.401E-03 1.402E-03 1.406E-03 1.415E-03 1.427E-03 1.443E-03 1.462E-03 1.486E-03 1.513E-03 1.544E-03 1.578E-03 1.614E-03 1.654E-03 1.696E-03 1.741E-03 1.786E-03 1.831E-03
 1.873E-03 1.913E-03 1.945E-03 1.964E-03 1.976E-03 1.985E-03 1.997E-03 2.017E-03 2.054E-03 2.098E-03 2.137E-03 2.164E-03
# wavel.    ext.coef  sca.coef  abs.coef  sisc.alb  op.depth
#  [um]      [1/km]    [1/km]    [1/km]                     
 7.000E-01 1.240E-01 1.095E-01 1.458E-02 8.825E-01 7.370E-02
   phase function [1/km]
 4.997E-01 4.969E-01 4.886E-01 4.754E-01 4.581E-01 4.377E-01 4.154E-01 3.922E-01 3.691E-01 3.470E-01 3.262E-01 3.073E-01 2.903E-01 2.752E-01 2.617E-01 2.499E-01 2.393E-01 2.298E-01 2.212E-01 2.134E-01
 2.061E-01 1.599E-01 1.373E-01 1.241E-01 1.151E-01 1.025E-01 9.287E-02 8.442E-02 7.668E-02 6.950E-02 6.286E-02 5.673E-02 5.111E-02 4.596E-02 4.130E-02 3.708E-02 3.327E-02 2.987E-02 2.679E-02 2.404E-02
 2.159E-02 1.939E-02 1.744E-02 1.570E-02 1.414E-02 1.275E-02 1.151E-02 1.041E-02 9.420E-03 8.539E-03 7.753E-03 7.050E-03 6.422E-03 5.859E-03 5.354E-03 4.903E-03 4.499E-03 4.136E-03 3.810E-03 3.518E-03
 3.258E-03 3.022E-03 2.811E-03 2.622E-03 2.454E-03 2.302E-03 2.166E-03 2.044E-03 1.936E-03 1.839E-03 1.753E-03 1.677E-03 1.610E-03 1.552E-03 1.501E-03 1.456E-03 1.418E-03 1.386E-03 1.359E-03 1.338E-03
 1.321E-03 1.308E-03 1.300E-03 1.297E-03 1.297E-03 1.301E-03 1.308E-03 1.318E-03 1.332E-03 1.349E-03 1.370E-03 1.394E-03 1.421E-03 1.451E-03 1.483E-03 1.517E-03 1.555E-03 1.595E-03 1.635E-03 1.675E-03
 1.714E-03 1.751E-03 1.781E-03 1.801E-03 1.816E-03 1.829E-03 1.844E-03 1.867E-03 1.901E-03 1.939E-03 1.972E-03 1.997E-03
# wavel.    ext.coef  sca.coef  abs.coef  sisc.alb  op.depth
#  [um]      [1/km]    [1/km]    [1/km]                     
 7.500E-01 1.118E-01 9.785E-02 1.392E-02 8.755E-01 6.642E-02
   phase function [1/km]
 4.351E-01 4.329E-01 4.266E-01 4.164E-01 4.030E-01 3.870E-01 3.692E-01 3.504E-01 3.314E-01 3.128E-01 2.951E-01 2.786E-01 2.634E-01 2.498E-01 2.376E-01 2.267E-01 2.169E-01 2.082E-01 2.003E-01 1.930E-01
 1.865E-01 1.432E-01 1.218E-01 1.093E-01 1.009E-01 8.945E-02 8.094E-02 7.363E-02 6.699E-02 6.085E-02 5.516E-02 4.990E-02 4.506E-02 4.062E-02 3.659E-02 3.292E-02 2.960E-02 2.662E-02 2.394E-02 2.153E-02
 1.936E-02 1.744E-02 1.570E-02 1.415E-02 1.277E-02 1.153E-02 1.043E-02 9.440E-03 8.555E-03 7.765E-03 7.057E-03 6.424E-03 5.856E-03 5.349E-03 4.892E-03 4.483E-03 4.116E-03 3.785E-03 3.490E-03 3.225E-03
 2.987E-03 2.773E-03 2.580E-03 2.408E-03 2.254E-03 2.115E-03 1.991E-03 1.880E-03 1.781E-03 1.692E-03 1.614E-03 1.545E-03 1.484E-03 1.430E-03 1.383E-03 1.342E-03 1.307E-03 1.278E-03 1.254E-03 1.234E-03
 1.219E-03 1.207E-03 1.200E-03 1.196E-03 1.196E-03 1.199E-03 1.205E-03 1.214E-03 1.226E-03 1.242E-03 1.260E-03 1.280E-03 1.304E-03 1.330E-03 1.358E-03 1.388E-03 1.421E-03 1.456E-03 1.491E-03 1.529E-03
 1.565E-03 1.597E-03 1.624E-03 1.646E-03 1.663E-03 1.680E-03 1.698E-03 1.721E-03 1.752E-03 1.784E-03 1.809E-03 1.829E-03
# wavel.    ext.coef  sca.coef  abs.coef  sisc.alb  op.depth
#  [um]      [1/km]    [1/km]    [1/km]                     
 8.000E-01 1.001E-01 8.680E-02 1.333E-02 8.670E-01 5.945E-02
   phase function [1/km]
 3.816E-01 3.799E-01 3.750E-01 3.670E-01 3.564E-01 3.437E-01 3.294E-01 3.141E-01 2.984E-01 2.827E-01 2.676E-01 2.532E-01 2.398E-01 2.276E-01 2.165E-01 2.064E-01 1.975E-01 1.893E-01 1.820E-01 1.754E-01
 1.693E-01 1.288E-01 1.085E-01 9.655E-02 8.864E-02 7.813E-02 7.053E-02 6.416E-02 5.839E-02 5.310E-02 4.820E-02 4.367E-02 3.951E-02 3.567E-02 3.219E-02 2.900E-02 2.614E-02 2.353E-02 2.119E-02 1.908E-02
 1.720E-02 1.550E-02 1.398E-02 1.262E-02 1.140E-02 1.031E-02 9.329E-03 8.454E-03 7.669E-03 6.967E-03 6.338E-03 5.772E-03 5.266E-03 4.812E-03 4.404E-03 4.039E-03 3.710E-03 3.415E-03 3.150E-03 2.912E-03
 2.697E-03 2.505E-03 2.334E-03 2.179E-03 2.040E-03 1.914E-03 1.803E-03 1.702E-03 1.614E-03 1.534E-03 1.464E-03 1.402E-03 1.347E-03 1.298E-03 1.256E-03 1.219E-03 1.188E-03 1.162E-03 1.140E-03 1.123E-03
 1.109E-03 1.098E-03 1.092E-03 1.088E-03 1.088E-03 1.090E-03 1.096E-03 1.104E-03 1.115E-03 1.128E-03 1.144E-03 1.161E-03 1.182E-03 1.204E-03 1.229E-03 1.256E-03 1.285E-03 1.315E-03 1.347E-03 1.381E-03
 1.414E-03 1.444E-03 1.470E-03 1.490E-03 1.506E-03 1.519E-03 1.535E-03 1.558E-03 1.585E-03 1.611E-03 1.631E-03 1.648E-03
# wavel.    ext.coef  sca.coef  abs.coef  sisc.alb  op.depth
#  [um]      [1/km]    [1/km]    [1/km]                     
 9.000E-01 8.327E-02 7.087E-02 1.242E-02 8.508E-01 4.939E-02
   phase function [1/km]
 3.008E-01 2.998E-01 2.966E-01 2.916E-01 2.847E-01 2.764E-01 2.668E-01 2.565E-01 2.455E-01 2.344E-01 2.232E-01 2.124E-01 2.020E-01 1.922E-01 1.831E-01 1.748E-01 1.671E-01 1.601E-01 1.538E-01 1.480E-01
 1.427E-01 1.071E-01 8.867E-02 7.779E-02 7.064E-02 6.145E-02 5.521E-02 5.014E-02 4.570E-02 4.167E-02 3.794E-02 3.450E-02 3.133E-02 2.841E-02 2.572E-02 2.328E-02 2.105E-02 1.904E-02 1.720E-02 1.555E-02
 1.406E-02 1.271E-02 1.150E-02 1.041E-02 9.437E-03 8.556E-03 7.766E-03 7.055E-03 6.417E-03 5.842E-03 5.327E-03 4.861E-03 4.443E-03 4.067E-03 3.729E-03 3.425E-03 3.151E-03 2.904E-03 2.683E-03 2.483E-03
 2.303E-03 2.141E-03 1.995E-03 1.866E-03 1.748E-03 1.642E-03 1.548E-03 1.463E-03 1.388E-03 1.321E-03 1.262E-03 1.209E-03 1.162E-03 1.121E-03 1.085E-03 1.055E-03 1.029E-03 1.007E-03 9.879E-04 9.731E-04
 9.617E-04 9.534E-04 9.477E-04 9.445E-04 9.439E-04 9.459E-04 9.504E-04 9.573E-04 9.659E-04 9.764E-04 9.888E-04 1.003E-03 1.020E-03 1.039E-03 1.060E-03 1.082E-03 1.105E-03 1.131E-03 1.158E-03 1.186E-03
 1.215E-03 1.243E-03 1.268E-03 1.288E-03 1.301E-03 1.315E-03 1.333E-03 1.356E-03 1.381E-03 1.405E-03 1.424E-03 1.442E-03
# wavel.    ext.coef  sca.coef  abs.coef  sisc.alb  op.depth
#  [um]      [1/km]    [1/km]    [1/km]                     
 1.000E+00 7.028E-02 5.873E-02 1.155E-02 8.356E-01 4.156E-02
   phase function [1/km]
 2.430E-01 2.424E-01 2.403E-01 2.368E-01 2.323E-01 2.265E-01 2.200E-01 2.127E-01 2.050E-01 1.968E-01 1.886E-01 1.804E-01 1.724E-01 1.646E-01 1.573E-01 1.504E-01 1.439E-01 1.379E-01 1.324E-01 1.274E-01
 1.228E-01 9.126E-02 7.440E-02 6.437E-02 5.779E-02 4.953E-02 4.416E-02 4.003E-02 3.647E-02 3.329E-02 3.038E-02 2.770E-02 2.524E-02 2.295E-02 2.086E-02 1.893E-02 1.719E-02 1.559E-02 1.413E-02 1.282E-02
 1.163E-02 1.055E-02 9.571E-03 8.691E-03 7.895E-03 7.177E-03 6.530E-03 5.946E-03 5.422E-03 4.947E-03 4.519E-03 4.132E-03 3.784E-03 3.471E-03 3.187E-03 2.932E-03 2.701E-03 2.494E-03 2.306E-03 2.136E-03
 1.985E-03 1.848E-03 1.724E-03 1.613E-03 1.513E-03 1.423E-03 1.343E-03 1.271E-03 1.206E-03 1.149E-03 1.098E-03 1.053E-03 1.014E-03 9.786E-04 9.481E-04 9.219E-04 8.997E-04 8.811E-04 8.657E-04 8.532E-04
 8.434E-04 8.362E-04 8.317E-04 8.294E-04 8.291E-04 8.309E-04 8.346E-04 8.403E-04 8.479E-04 8.571E-04 8.679E-04 8.800E-04 8.941E-04 9.097E-04 9.270E-04 9.461E-04 9.670E-04 9.893E-04 1.013E-03 1.040E-03
 1.066E-03 1.091E-03 1.112E-03 1.130E-03 1.146E-03 1.161E-03 1.179E-03 1.200E-03 1.222E-03 1.241E-03 1.257E-03 1.272E-03
# wavel.    ext.coef  sca.coef  abs.coef  sisc.alb  op.depth
#  [um]      [1/km]    [1/km]    [1/km]                     
 1.250E+00 4.794E-02 3.833E-02 9.622E-03 7.994E-01 2.811E-02
   phase function [1/km]
 1.550E-01 1.547E-01 1.538E-01 1.524E-01 1.504E-01 1.479E-01 1.450E-01 1.417E-01 1.380E-01 1.341E-01 1.300E-01 1.257E-01 1.215E-01 1.171E-01 1.129E-01 1.087E-01 1.046E-01 1.006E-01 9.691E-02 9.335E-02
 8.996E-02 6.605E-02 5.256E-02 4.419E-02 3.862E-02 3.178E-02 2.762E-02 2.467E-02 2.232E-02 2.034E-02 1.858E-02 1.698E-02 1.552E-02 1.418E-02 1.295E-02 1.182E-02 1.078E-02 9.837E-03 8.969E-03 8.177E-03
 7.455E-03 6.800E-03 6.203E-03 5.660E-03 5.166E-03 4.720E-03 4.313E-03 3.945E-03 3.611E-03 3.307E-03 3.031E-03 2.784E-03 2.558E-03 2.354E-03 2.168E-03 2.000E-03 1.848E-03 1.710E-03 1.586E-03 1.474E-03
 1.373E-03 1.281E-03 1.198E-03 1.123E-03 1.057E-03 9.965E-04 9.424E-04 8.939E-04 8.508E-04 8.122E-04 7.781E-04 7.481E-04 7.219E-04 6.990E-04 6.792E-04 6.620E-04 6.474E-04 6.353E-04 6.254E-04 6.176E-04
 6.116E-04 6.075E-04 6.050E-04 6.041E-04 6.050E-04 6.071E-04 6.102E-04 6.148E-04 6.206E-04 6.276E-04 6.357E-04 6.454E-04 6.562E-04 6.682E-04 6.816E-04 6.962E-04 7.125E-04 7.310E-04 7.507E-04 7.699E-04
 7.896E-04 8.081E-04 8.233E-04 8.337E-04 8.386E-04 8.389E-04 8.384E-04 8.403E-04 8.459E-04 8.528E-04 8.617E-04 8.730E-04
# wavel.    ext.coef  sca.coef  abs.coef  sisc.alb  op.depth
#  [um]      [1/km]    [1/km]    [1/km]                     
 1.500E+00 3.555E-02 2.720E-02 8.344E-03 7.652E-01 2.061E-02
   phase function [1/km]
 1.082E-01 1.080E-01 1.076E-01 1.068E-01 1.059E-01 1.046E-01 1.031E-01 1.014E-01 9.951E-02 9.740E-02 9.518E-02 9.278E-02 9.037E-02 8.784E-02 8.532E-02 8.273E-02 8.020E-02 7.762E-02 7.515E-02 7.274E-02
 7.039E-02 5.199E-02 4.107E-02 3.398E-02 2.919E-02 2.322E-02 1.965E-02 1.722E-02 1.539E-02 1.391E-02 1.265E-02 1.153E-02 1.054E-02 9.634E-03 8.812E-03 8.061E-03 7.372E-03 6.741E-03 6.165E-03 5.638E-03
 5.157E-03 4.718E-03 4.316E-03 3.951E-03 3.617E-03 3.315E-03 3.037E-03 2.785E-03 2.557E-03 2.349E-03 2.160E-03 1.988E-03 1.830E-03 1.689E-03 1.560E-03 1.443E-03 1.336E-03 1.240E-03 1.153E-03 1.073E-03
 1.001E-03 9.368E-04 8.788E-04 8.260E-04 7.783E-04 7.358E-04 6.977E-04 6.635E-04 6.330E-04 6.061E-04 5.822E-04 5.611E-04 5.424E-04 5.263E-04 5.125E-04 5.007E-04 4.910E-04 4.829E-04 4.764E-04 4.715E-04
 4.681E-04 4.659E-04 4.647E-04 4.647E-04 4.659E-04 4.682E-04 4.715E-04 4.757E-04 4.808E-04 4.870E-04 4.942E-04 5.022E-04 5.114E-04 5.214E-04 5.321E-04 5.441E-04 5.569E-04 5.693E-04 5.817E-04 5.944E-04
 6.063E-04 6.171E-04 6.275E-04 6.354E-04 6.394E-04 6.382E-04 6.335E-04 6.293E-04 6.287E-04 6.320E-04 6.411E-04 6.512E-04
# wavel.    ext.coef  sca.coef  abs.coef  sisc.alb  op.depth
#  [um]      [1/km]    [1/km]    [1/km]                     
 1.750E+00 2.590E-02 1.924E-02 6.667E-03 7.427E-01 1.482E-02
   phase function [1/km]
 8.047E-02 8.035E-02 8.011E-02 7.969E-02 7.915E-02 7.843E-02 7.758E-02 7.662E-02 7.554E-02 7.434E-02 7.302E-02 7.163E-02 7.013E-02 6.860E-02 6.702E-02 6.540E-02 6.376E-02 6.210E-02 6.045E-02 5.880E-02
 5.718E-02 4.321E-02 3.412E-02 2.812E-02 2.388E-02 1.848E-02 1.522E-02 1.302E-02 1.140E-02 1.012E-02 9.071E-03 8.176E-03 7.394E-03 6.703E-03 6.087E-03 5.534E-03 5.037E-03 4.588E-03 4.181E-03 3.813E-03
 3.479E-03 3.179E-03 2.905E-03 2.657E-03 2.431E-03 2.227E-03 2.041E-03 1.873E-03 1.719E-03 1.580E-03 1.454E-03 1.339E-03 1.235E-03 1.140E-03 1.055E-03 9.766E-04 9.057E-04 8.414E-04 7.835E-04 7.307E-04
 6.831E-04 6.402E-04 6.015E-04 5.666E-04 5.352E-04 5.071E-04 4.821E-04 4.595E-04 4.395E-04 4.221E-04 4.068E-04 3.932E-04 3.814E-04 3.713E-04 3.627E-04 3.556E-04 3.497E-04 3.450E-04 3.414E-04 3.390E-04
 3.375E-04 3.368E-04 3.370E-04 3.380E-04 3.400E-04 3.426E-04 3.456E-04 3.495E-04 3.538E-04 3.591E-04 3.649E-04 3.708E-04 3.771E-04 3.833E-04 3.897E-04 3.960E-04 4.023E-04 4.079E-04 4.131E-04 4.183E-04
 4.238E-04 4.299E-04 4.367E-04 4.438E-04 4.506E-04 4.552E-04 4.554E-04 4.510E-04 4.472E-04 4.500E-04 4.602E-04 4.688E-04
# wavel.    ext.coef  sca.coef  abs.coef  sisc.alb  op.depth
#  [um]      [1/km]    [1/km]    [1/km]                     
 2.000E+00 1.912E-02 1.391E-02 5.210E-03 7.275E-01 1.078E-02
   phase function [1/km]
 6.378E-02 6.373E-02 6.359E-02 6.334E-02 6.301E-02 6.258E-02 6.206E-02 6.146E-02 6.078E-02 6.003E-02 5.920E-02 5.832E-02 5.737E-02 5.639E-02 5.536E-02 5.429E-02 5.320E-02 5.208E-02 5.095E-02 4.981E-02
 4.867E-02 3.807E-02 3.035E-02 2.510E-02 2.128E-02 1.619E-02 1.300E-02 1.080E-02 9.179E-03 7.923E-03 6.914E-03 6.083E-03 5.386E-03 4.794E-03 4.283E-03 3.842E-03 3.456E-03 3.118E-03 2.821E-03 2.555E-03
 2.320E-03 2.110E-03 1.923E-03 1.754E-03 1.603E-03 1.466E-03 1.343E-03 1.232E-03 1.132E-03 1.041E-03 9.580E-04 8.833E-04 8.155E-04 7.541E-04 6.981E-04 6.476E-04 6.017E-04 5.601E-04 5.225E-04 4.885E-04
 4.575E-04 4.297E-04 4.048E-04 3.822E-04 3.621E-04 3.440E-04 3.280E-04 3.136E-04 3.009E-04 2.898E-04 2.800E-04 2.716E-04 2.644E-04 2.583E-04 2.531E-04 2.491E-04 2.459E-04 2.434E-04 2.417E-04 2.406E-04
 2.404E-04 2.407E-04 2.414E-04 2.426E-04 2.443E-04 2.464E-04 2.488E-04 2.513E-04 2.539E-04 2.565E-04 2.593E-04 2.618E-04 2.644E-04 2.670E-04 2.697E-04 2.724E-04 2.754E-04 2.784E-04 2.817E-04 2.851E-04
 2.886E-04 2.922E-04 2.961E-04 3.003E-04 3.047E-04 3.094E-04 3.130E-04 3.134E-04 3.094E-04 3.074E-04 3.138E-04 3.197E-04
# wavel.    ext.coef  sca.coef  abs.coef  sisc.alb  op.depth
#  [um]      [1/km]    [1/km]    [1/km]                     
 2.500E+00 1.242E-02 7.928E-03 4.497E-03 6.380E-01 6.896E-03
   phase function [1/km]
 4.420E-02 4.418E-02 4.411E-02 4.401E-02 4.386E-02 4.367E-02 4.343E-02 4.316E-02 4.286E-02 4.251E-02 4.213E-02 4.172E-02 4.128E-02 4.080E-02 4.031E-02 3.979E-02 3.924E-02 3.867E-02 3.810E-02 3.750E-02
 3.690E-02 3.062E-02 2.506E-02 2.078E-02 1.756E-02 1.296E-02 9.875E-03 7.708E-03 6.144E-03 4.982E-03 4.108E-03 3.438E-03 2.917E-03 2.505E-03 2.175E-03 1.906E-03 1.684E-03 1.499E-03 1.341E-03 1.207E-03
 1.090E-03 9.886E-04 8.993E-04 8.205E-04 7.502E-04 6.874E-04 6.312E-04 5.805E-04 5.348E-04 4.934E-04 4.560E-04 4.222E-04 3.913E-04 3.633E-04 3.378E-04 3.148E-04 2.938E-04 2.747E-04 2.574E-04 2.419E-04
 2.277E-04 2.150E-04 2.034E-04 1.931E-04 1.838E-04 1.757E-04 1.683E-04 1.618E-04 1.560E-04 1.511E-04 1.467E-04 1.431E-04 1.399E-04 1.373E-04 1.352E-04 1.335E-04 1.322E-04 1.313E-04 1.306E-04 1.303E-04
 1.301E-04 1.302E-04 1.305E-04 1.310E-04 1.315E-04 1.323E-04 1.331E-04 1.341E-04 1.352E-04 1.364E-04 1.377E-04 1.391E-04 1.406E-04 1.421E-04 1.437E-04 1.453E-04 1.469E-04 1.485E-04 1.501E-04 1.517E-04
 1.533E-04 1.548E-04 1.564E-04 1.579E-04 1.594E-04 1.610E-04 1.626E-04 1.643E-04 1.653E-04 1.644E-04 1.641E-04 1.659E-04
 ----------------------------------------------------------------------------
 Visibility:  16.12 [km]
