#            Optical Properties of Aerosols and Clouds (OPAC) 4.0b      
#           --------------------------------------------------------
# continental polluted          
#  3 components
#  1 relative humidities
# 17 wavelengths
#----------------------------------------------------------------------------
# RH  COMP NUMBER    VOLUME    MASS      DENSITY  NUM.MIX  VOL.MIX   MAS.MIX
# [%]     [1/cm^3]  [um^3/m^3] [ug/m^3]  [g/cm^3] RATIO    RATIO     RATIO
#----------------------------------------------------------------------------
# 50. inso 6.000E-01 7.120E+06 1.424E+01 2.00    1.200E-05 2.278E-01 2.988E-01
#     waso 1.570E+04 2.208E+07 3.136E+01 1.42    3.140E-01 7.066E-01 6.581E-01
#     soot 3.430E+04 2.052E+06 2.052E+00 1.00    6.860E-01 6.564E-02 4.306E-02
#----------------------------------------------------------------------------
# only particles up to   7.5 micrometer radius are considered for mass
# 112 scattering angles for phase functions below:
#     0.000     0.100     0.200     0.300     0.400     0.500     0.600     0.700
#     0.800     0.900     1.000     1.100     1.200     1.300     1.400     1.500
#     1.600     1.700     1.800     1.900     2.000     3.000     4.000     5.000
#     6.000     8.000    10.000    12.000    14.000    16.000    18.000    20.000
#    22.000    24.000    26.000    28.000    30.000    32.000    34.000    36.000
#    38.000    40.000    42.000    44.000    46.000    48.000    50.000    52.000
#    54.000    56.000    58.000    60.000    62.000    64.000    66.000    68.000
#    70.000    72.000    74.000    76.000    78.000    80.000    82.000    84.000
#    86.000    88.000    90.000    92.000    94.000    96.000    98.000   100.000
#   102.000   104.000   106.000   108.000   110.000   112.000   114.000   116.000
#   118.000   120.000   122.000   124.000   126.000   128.000   130.000   132.000
#   134.000   136.000   138.000   140.000   142.000   144.000   146.000   148.000
#   150.000   152.000   154.000   156.000   158.000   160.000   162.000   164.000
#   166.000   168.000   170.000   172.000   174.000   176.000   178.000   180.000
#============================================================================
# 50.% relative humidity 
# wavel.    ext.coef  sca.coef  abs.coef  sisc.alb  op.depth
#  [um]      [1/km]    [1/km]    [1/km]                     
 3.500E-01 2.155E-01 1.859E-01 2.975E-02 8.619E-01 1.740E-01
   phase function [1/km]
 1.725E+00 1.683E+00 1.566E+00 1.403E+00 1.226E+00 1.062E+00 9.240E-01 8.155E-01 7.300E-01 6.614E-01 6.049E-01 5.577E-01 5.184E-01 4.854E-01 4.575E-01 4.335E-01 4.129E-01 3.951E-01 3.795E-01 3.658E-01
 3.539E-01 2.843E-01 2.532E-01 2.340E-01 2.193E-01 1.955E-01 1.750E-01 1.565E-01 1.399E-01 1.249E-01 1.114E-01 9.928E-02 8.844E-02 7.875E-02 7.012E-02 6.245E-02 5.562E-02 4.956E-02 4.419E-02 3.943E-02
 3.522E-02 3.151E-02 2.820E-02 2.528E-02 2.270E-02 2.040E-02 1.836E-02 1.656E-02 1.496E-02 1.354E-02 1.228E-02 1.115E-02 1.015E-02 9.253E-03 8.458E-03 7.747E-03 7.110E-03 6.541E-03 6.031E-03 5.572E-03
 5.164E-03 4.797E-03 4.470E-03 4.173E-03 3.908E-03 3.668E-03 3.454E-03 3.263E-03 3.093E-03 2.942E-03 2.806E-03 2.682E-03 2.574E-03 2.479E-03 2.397E-03 2.326E-03 2.264E-03 2.212E-03 2.169E-03 2.134E-03
 2.107E-03 2.089E-03 2.078E-03 2.075E-03 2.080E-03 2.090E-03 2.111E-03 2.138E-03 2.174E-03 2.216E-03 2.268E-03 2.327E-03 2.395E-03 2.471E-03 2.556E-03 2.647E-03 2.746E-03 2.847E-03 2.947E-03 3.040E-03
 3.127E-03 3.196E-03 3.234E-03 3.237E-03 3.206E-03 3.164E-03 3.145E-03 3.178E-03 3.277E-03 3.420E-03 3.550E-03 3.611E-03
# wavel.    ext.coef  sca.coef  abs.coef  sisc.alb  op.depth
#  [um]      [1/km]    [1/km]    [1/km]                     
 4.000E-01 1.861E-01 1.600E-01 2.608E-02 8.598E-01 1.506E-01
   phase function [1/km]
 1.333E+00 1.308E+00 1.238E+00 1.135E+00 1.017E+00 8.999E-01 7.938E-01 7.047E-01 6.325E-01 5.740E-01 5.258E-01 4.855E-01 4.510E-01 4.216E-01 3.964E-01 3.749E-01 3.562E-01 3.400E-01 3.256E-01 3.130E-01
 3.017E-01 2.367E-01 2.080E-01 1.913E-01 1.791E-01 1.602E-01 1.444E-01 1.301E-01 1.170E-01 1.051E-01 9.424E-02 8.439E-02 7.550E-02 6.750E-02 6.031E-02 5.387E-02 4.813E-02 4.301E-02 3.846E-02 3.440E-02
 3.078E-02 2.758E-02 2.474E-02 2.220E-02 1.997E-02 1.798E-02 1.621E-02 1.464E-02 1.324E-02 1.199E-02 1.087E-02 9.886E-03 9.006E-03 8.218E-03 7.512E-03 6.881E-03 6.317E-03 5.813E-03 5.362E-03 4.957E-03
 4.593E-03 4.264E-03 3.971E-03 3.708E-03 3.472E-03 3.261E-03 3.071E-03 2.901E-03 2.748E-03 2.612E-03 2.490E-03 2.384E-03 2.289E-03 2.204E-03 2.131E-03 2.067E-03 2.012E-03 1.966E-03 1.928E-03 1.897E-03
 1.873E-03 1.855E-03 1.845E-03 1.841E-03 1.844E-03 1.852E-03 1.867E-03 1.889E-03 1.917E-03 1.950E-03 1.989E-03 2.037E-03 2.090E-03 2.149E-03 2.215E-03 2.285E-03 2.359E-03 2.437E-03 2.516E-03 2.591E-03
 2.655E-03 2.708E-03 2.739E-03 2.749E-03 2.740E-03 2.724E-03 2.724E-03 2.758E-03 2.835E-03 2.943E-03 3.039E-03 3.088E-03
# wavel.    ext.coef  sca.coef  abs.coef  sisc.alb  op.depth
#  [um]      [1/km]    [1/km]    [1/km]                     
 4.500E-01 1.617E-01 1.386E-01 2.308E-02 8.572E-01 1.311E-01
   phase function [1/km]
 1.062E+00 1.046E+00 1.001E+00 9.333E-01 8.528E-01 7.682E-01 6.874E-01 6.157E-01 5.548E-01 5.043E-01 4.625E-01 4.275E-01 3.975E-01 3.716E-01 3.490E-01 3.295E-01 3.124E-01 2.975E-01 2.844E-01 2.728E-01
 2.624E-01 2.010E-01 1.741E-01 1.589E-01 1.484E-01 1.329E-01 1.202E-01 1.088E-01 9.842E-02 8.883E-02 8.001E-02 7.196E-02 6.464E-02 5.799E-02 5.200E-02 4.661E-02 4.175E-02 3.741E-02 3.353E-02 3.007E-02
 2.697E-02 2.421E-02 2.177E-02 1.958E-02 1.763E-02 1.590E-02 1.435E-02 1.298E-02 1.175E-02 1.065E-02 9.678E-03 8.807E-03 8.027E-03 7.330E-03 6.705E-03 6.147E-03 5.645E-03 5.195E-03 4.793E-03 4.432E-03
 4.107E-03 3.816E-03 3.553E-03 3.319E-03 3.108E-03 2.918E-03 2.749E-03 2.596E-03 2.459E-03 2.338E-03 2.229E-03 2.133E-03 2.048E-03 1.974E-03 1.907E-03 1.851E-03 1.802E-03 1.760E-03 1.726E-03 1.698E-03
 1.676E-03 1.661E-03 1.651E-03 1.647E-03 1.648E-03 1.654E-03 1.666E-03 1.682E-03 1.705E-03 1.733E-03 1.765E-03 1.803E-03 1.846E-03 1.892E-03 1.945E-03 2.002E-03 2.060E-03 2.122E-03 2.184E-03 2.243E-03
 2.298E-03 2.342E-03 2.373E-03 2.383E-03 2.383E-03 2.383E-03 2.395E-03 2.430E-03 2.497E-03 2.580E-03 2.648E-03 2.686E-03
# wavel.    ext.coef  sca.coef  abs.coef  sisc.alb  op.depth
#  [um]      [1/km]    [1/km]    [1/km]                     
 5.000E-01 1.413E-01 1.207E-01 2.059E-02 8.543E-01 1.147E-01
   phase function [1/km]
 8.649E-01 8.547E-01 8.246E-01 7.784E-01 7.215E-01 6.598E-01 5.984E-01 5.413E-01 4.906E-01 4.472E-01 4.105E-01 3.796E-01 3.532E-01 3.304E-01 3.104E-01 2.928E-01 2.773E-01 2.636E-01 2.515E-01 2.407E-01
 2.312E-01 1.735E-01 1.481E-01 1.340E-01 1.246E-01 1.113E-01 1.009E-01 9.170E-02 8.326E-02 7.546E-02 6.824E-02 6.160E-02 5.553E-02 4.997E-02 4.495E-02 4.040E-02 3.631E-02 3.262E-02 2.931E-02 2.634E-02
 2.368E-02 2.131E-02 1.919E-02 1.728E-02 1.560E-02 1.408E-02 1.274E-02 1.153E-02 1.045E-02 9.488E-03 8.628E-03 7.858E-03 7.168E-03 6.550E-03 5.996E-03 5.499E-03 5.053E-03 4.654E-03 4.295E-03 3.973E-03
 3.683E-03 3.423E-03 3.187E-03 2.976E-03 2.788E-03 2.619E-03 2.467E-03 2.332E-03 2.210E-03 2.100E-03 2.003E-03 1.917E-03 1.841E-03 1.774E-03 1.715E-03 1.664E-03 1.620E-03 1.583E-03 1.552E-03 1.527E-03
 1.507E-03 1.493E-03 1.484E-03 1.480E-03 1.480E-03 1.485E-03 1.494E-03 1.509E-03 1.526E-03 1.549E-03 1.575E-03 1.606E-03 1.641E-03 1.680E-03 1.723E-03 1.768E-03 1.817E-03 1.867E-03 1.917E-03 1.967E-03
 2.012E-03 2.049E-03 2.079E-03 2.097E-03 2.103E-03 2.110E-03 2.126E-03 2.163E-03 2.219E-03 2.285E-03 2.336E-03 2.365E-03
# wavel.    ext.coef  sca.coef  abs.coef  sisc.alb  op.depth
#  [um]      [1/km]    [1/km]    [1/km]                     
 5.500E-01 1.240E-01 1.053E-01 1.876E-02 8.488E-01 1.009E-01
   phase function [1/km]
 7.180E-01 7.108E-01 6.900E-01 6.576E-01 6.167E-01 5.710E-01 5.240E-01 4.786E-01 4.368E-01 3.998E-01 3.677E-01 3.402E-01 3.166E-01 2.963E-01 2.785E-01 2.628E-01 2.487E-01 2.362E-01 2.250E-01 2.150E-01
 2.061E-01 1.519E-01 1.277E-01 1.143E-01 1.057E-01 9.400E-02 8.524E-02 7.763E-02 7.069E-02 6.428E-02 5.831E-02 5.281E-02 4.774E-02 4.310E-02 3.888E-02 3.504E-02 3.157E-02 2.843E-02 2.560E-02 2.306E-02
 2.079E-02 1.874E-02 1.689E-02 1.526E-02 1.379E-02 1.247E-02 1.129E-02 1.024E-02 9.295E-03 8.448E-03 7.688E-03 7.009E-03 6.400E-03 5.854E-03 5.364E-03 4.922E-03 4.525E-03 4.169E-03 3.850E-03 3.563E-03
 3.303E-03 3.070E-03 2.861E-03 2.673E-03 2.503E-03 2.351E-03 2.216E-03 2.093E-03 1.985E-03 1.887E-03 1.800E-03 1.723E-03 1.655E-03 1.595E-03 1.542E-03 1.497E-03 1.457E-03 1.424E-03 1.396E-03 1.373E-03
 1.356E-03 1.343E-03 1.334E-03 1.330E-03 1.329E-03 1.333E-03 1.340E-03 1.352E-03 1.366E-03 1.385E-03 1.406E-03 1.432E-03 1.461E-03 1.493E-03 1.527E-03 1.565E-03 1.604E-03 1.645E-03 1.687E-03 1.728E-03
 1.767E-03 1.802E-03 1.830E-03 1.848E-03 1.858E-03 1.870E-03 1.891E-03 1.927E-03 1.975E-03 2.025E-03 2.064E-03 2.090E-03
# wavel.    ext.coef  sca.coef  abs.coef  sisc.alb  op.depth
#  [um]      [1/km]    [1/km]    [1/km]                     
 6.000E-01 1.097E-01 9.273E-02 1.697E-02 8.453E-01 8.927E-02
   phase function [1/km]
 6.057E-01 6.005E-01 5.856E-01 5.620E-01 5.319E-01 4.976E-01 4.613E-01 4.252E-01 3.910E-01 3.596E-01 3.317E-01 3.074E-01 2.862E-01 2.678E-01 2.518E-01 2.376E-01 2.250E-01 2.136E-01 2.034E-01 1.941E-01
 1.859E-01 1.348E-01 1.117E-01 9.900E-02 9.089E-02 8.037E-02 7.281E-02 6.640E-02 6.061E-02 5.524E-02 5.026E-02 4.565E-02 4.139E-02 3.748E-02 3.390E-02 3.062E-02 2.766E-02 2.497E-02 2.254E-02 2.035E-02
 1.838E-02 1.660E-02 1.500E-02 1.357E-02 1.228E-02 1.112E-02 1.009E-02 9.157E-03 8.323E-03 7.575E-03 6.904E-03 6.299E-03 5.757E-03 5.269E-03 4.831E-03 4.438E-03 4.083E-03 3.765E-03 3.477E-03 3.218E-03
 2.986E-03 2.777E-03 2.590E-03 2.420E-03 2.269E-03 2.131E-03 2.008E-03 1.899E-03 1.799E-03 1.712E-03 1.633E-03 1.564E-03 1.502E-03 1.447E-03 1.400E-03 1.359E-03 1.323E-03 1.293E-03 1.269E-03 1.248E-03
 1.232E-03 1.220E-03 1.213E-03 1.209E-03 1.208E-03 1.211E-03 1.217E-03 1.226E-03 1.239E-03 1.255E-03 1.274E-03 1.295E-03 1.320E-03 1.347E-03 1.376E-03 1.408E-03 1.442E-03 1.478E-03 1.514E-03 1.550E-03
 1.586E-03 1.617E-03 1.642E-03 1.662E-03 1.678E-03 1.694E-03 1.716E-03 1.748E-03 1.790E-03 1.830E-03 1.856E-03 1.875E-03
# wavel.    ext.coef  sca.coef  abs.coef  sisc.alb  op.depth
#  [um]      [1/km]    [1/km]    [1/km]                     
 6.500E-01 9.776E-02 8.187E-02 1.589E-02 8.375E-01 7.960E-02
   phase function [1/km]
 5.177E-01 5.139E-01 5.029E-01 4.855E-01 4.629E-01 4.367E-01 4.084E-01 3.796E-01 3.515E-01 3.251E-01 3.010E-01 2.795E-01 2.605E-01 2.439E-01 2.293E-01 2.164E-01 2.048E-01 1.945E-01 1.852E-01 1.767E-01
 1.690E-01 1.210E-01 9.875E-02 8.654E-02 7.886E-02 6.920E-02 6.255E-02 5.706E-02 5.216E-02 4.765E-02 4.345E-02 3.956E-02 3.596E-02 3.264E-02 2.959E-02 2.681E-02 2.427E-02 2.196E-02 1.986E-02 1.796E-02
 1.625E-02 1.471E-02 1.332E-02 1.207E-02 1.094E-02 9.925E-03 9.014E-03 8.195E-03 7.458E-03 6.796E-03 6.199E-03 5.664E-03 5.182E-03 4.748E-03 4.356E-03 4.005E-03 3.687E-03 3.401E-03 3.143E-03 2.912E-03
 2.703E-03 2.515E-03 2.346E-03 2.193E-03 2.056E-03 1.933E-03 1.822E-03 1.722E-03 1.633E-03 1.553E-03 1.482E-03 1.420E-03 1.364E-03 1.316E-03 1.273E-03 1.236E-03 1.204E-03 1.177E-03 1.154E-03 1.136E-03
 1.122E-03 1.111E-03 1.104E-03 1.100E-03 1.099E-03 1.102E-03 1.107E-03 1.114E-03 1.125E-03 1.139E-03 1.155E-03 1.174E-03 1.194E-03 1.217E-03 1.242E-03 1.269E-03 1.299E-03 1.329E-03 1.361E-03 1.393E-03
 1.425E-03 1.455E-03 1.481E-03 1.498E-03 1.514E-03 1.534E-03 1.557E-03 1.586E-03 1.623E-03 1.658E-03 1.682E-03 1.702E-03
# wavel.    ext.coef  sca.coef  abs.coef  sisc.alb  op.depth
#  [um]      [1/km]    [1/km]    [1/km]                     
 7.000E-01 8.747E-02 7.293E-02 1.455E-02 8.337E-01 7.121E-02
   phase function [1/km]
 4.476E-01 4.448E-01 4.365E-01 4.233E-01 4.060E-01 3.857E-01 3.634E-01 3.402E-01 3.172E-01 2.950E-01 2.743E-01 2.554E-01 2.385E-01 2.234E-01 2.101E-01 1.983E-01 1.878E-01 1.783E-01 1.698E-01 1.620E-01
 1.549E-01 1.097E-01 8.840E-02 7.665E-02 6.931E-02 6.029E-02 5.431E-02 4.953E-02 4.532E-02 4.148E-02 3.790E-02 3.458E-02 3.152E-02 2.866E-02 2.605E-02 2.365E-02 2.145E-02 1.946E-02 1.762E-02 1.598E-02
 1.449E-02 1.313E-02 1.191E-02 1.081E-02 9.817E-03 8.922E-03 8.113E-03 7.387E-03 6.731E-03 6.140E-03 5.608E-03 5.128E-03 4.696E-03 4.308E-03 3.955E-03 3.639E-03 3.353E-03 3.095E-03 2.863E-03 2.653E-03
 2.465E-03 2.294E-03 2.141E-03 2.002E-03 1.878E-03 1.765E-03 1.665E-03 1.574E-03 1.494E-03 1.421E-03 1.357E-03 1.300E-03 1.250E-03 1.206E-03 1.167E-03 1.133E-03 1.104E-03 1.080E-03 1.060E-03 1.043E-03
 1.030E-03 1.020E-03 1.014E-03 1.010E-03 1.010E-03 1.012E-03 1.016E-03 1.023E-03 1.032E-03 1.044E-03 1.059E-03 1.075E-03 1.093E-03 1.113E-03 1.135E-03 1.159E-03 1.185E-03 1.213E-03 1.242E-03 1.271E-03
 1.300E-03 1.329E-03 1.354E-03 1.372E-03 1.389E-03 1.409E-03 1.433E-03 1.461E-03 1.494E-03 1.524E-03 1.546E-03 1.565E-03
# wavel.    ext.coef  sca.coef  abs.coef  sisc.alb  op.depth
#  [um]      [1/km]    [1/km]    [1/km]                     
 7.500E-01 7.882E-02 6.494E-02 1.388E-02 8.240E-01 6.418E-02
   phase function [1/km]
 3.904E-01 3.882E-01 3.819E-01 3.717E-01 3.583E-01 3.423E-01 3.246E-01 3.058E-01 2.868E-01 2.683E-01 2.505E-01 2.341E-01 2.190E-01 2.054E-01 1.932E-01 1.824E-01 1.727E-01 1.640E-01 1.562E-01 1.490E-01
 1.425E-01 1.000E-01 7.965E-02 6.833E-02 6.130E-02 5.279E-02 4.734E-02 4.312E-02 3.945E-02 3.613E-02 3.309E-02 3.024E-02 2.760E-02 2.517E-02 2.291E-02 2.085E-02 1.894E-02 1.721E-02 1.563E-02 1.420E-02
 1.289E-02 1.171E-02 1.064E-02 9.670E-03 8.793E-03 8.002E-03 7.287E-03 6.642E-03 6.060E-03 5.535E-03 5.061E-03 4.633E-03 4.247E-03 3.898E-03 3.583E-03 3.299E-03 3.042E-03 2.811E-03 2.600E-03 2.411E-03
 2.241E-03 2.086E-03 1.949E-03 1.823E-03 1.711E-03 1.609E-03 1.518E-03 1.436E-03 1.363E-03 1.298E-03 1.239E-03 1.188E-03 1.142E-03 1.102E-03 1.067E-03 1.036E-03 1.010E-03 9.881E-04 9.699E-04 9.550E-04
 9.430E-04 9.341E-04 9.282E-04 9.252E-04 9.246E-04 9.263E-04 9.302E-04 9.361E-04 9.444E-04 9.551E-04 9.675E-04 9.817E-04 9.977E-04 1.015E-03 1.035E-03 1.056E-03 1.079E-03 1.104E-03 1.129E-03 1.157E-03
 1.184E-03 1.210E-03 1.232E-03 1.251E-03 1.270E-03 1.291E-03 1.314E-03 1.340E-03 1.370E-03 1.395E-03 1.410E-03 1.426E-03
# wavel.    ext.coef  sca.coef  abs.coef  sisc.alb  op.depth
#  [um]      [1/km]    [1/km]    [1/km]                     
 8.000E-01 7.044E-02 5.716E-02 1.327E-02 8.116E-01 5.733E-02
   phase function [1/km]
 3.431E-01 3.414E-01 3.365E-01 3.285E-01 3.180E-01 3.053E-01 2.910E-01 2.757E-01 2.600E-01 2.444E-01 2.293E-01 2.149E-01 2.015E-01 1.894E-01 1.783E-01 1.683E-01 1.594E-01 1.513E-01 1.440E-01 1.374E-01
 1.314E-01 9.154E-02 7.206E-02 6.115E-02 5.434E-02 4.624E-02 4.122E-02 3.744E-02 3.422E-02 3.134E-02 2.871E-02 2.626E-02 2.400E-02 2.190E-02 1.996E-02 1.817E-02 1.654E-02 1.505E-02 1.368E-02 1.244E-02
 1.131E-02 1.028E-02 9.353E-03 8.511E-03 7.749E-03 7.058E-03 6.433E-03 5.869E-03 5.359E-03 4.899E-03 4.482E-03 4.105E-03 3.766E-03 3.458E-03 3.180E-03 2.929E-03 2.702E-03 2.498E-03 2.312E-03 2.146E-03
 1.994E-03 1.858E-03 1.736E-03 1.624E-03 1.524E-03 1.435E-03 1.354E-03 1.282E-03 1.217E-03 1.159E-03 1.108E-03 1.062E-03 1.022E-03 9.863E-04 9.551E-04 9.282E-04 9.054E-04 8.860E-04 8.699E-04 8.568E-04
 8.464E-04 8.388E-04 8.337E-04 8.310E-04 8.302E-04 8.317E-04 8.351E-04 8.408E-04 8.482E-04 8.573E-04 8.680E-04 8.802E-04 8.944E-04 9.102E-04 9.274E-04 9.466E-04 9.671E-04 9.890E-04 1.012E-03 1.038E-03
 1.064E-03 1.087E-03 1.108E-03 1.127E-03 1.142E-03 1.157E-03 1.176E-03 1.200E-03 1.224E-03 1.244E-03 1.256E-03 1.270E-03
# wavel.    ext.coef  sca.coef  abs.coef  sisc.alb  op.depth
#  [um]      [1/km]    [1/km]    [1/km]                     
 9.000E-01 5.881E-02 4.645E-02 1.235E-02 7.900E-01 4.777E-02
   phase function [1/km]
 2.718E-01 2.707E-01 2.676E-01 2.625E-01 2.557E-01 2.474E-01 2.379E-01 2.275E-01 2.165E-01 2.054E-01 1.943E-01 1.835E-01 1.731E-01 1.634E-01 1.543E-01 1.460E-01 1.383E-01 1.314E-01 1.251E-01 1.193E-01
 1.141E-01 7.887E-02 6.101E-02 5.079E-02 4.440E-02 3.691E-02 3.250E-02 2.932E-02 2.674E-02 2.448E-02 2.246E-02 2.059E-02 1.886E-02 1.727E-02 1.580E-02 1.444E-02 1.318E-02 1.203E-02 1.098E-02 1.001E-02
 9.131E-03 8.328E-03 7.597E-03 6.931E-03 6.328E-03 5.778E-03 5.282E-03 4.830E-03 4.420E-03 4.049E-03 3.713E-03 3.407E-03 3.131E-03 2.880E-03 2.653E-03 2.446E-03 2.261E-03 2.093E-03 1.940E-03 1.802E-03
 1.677E-03 1.564E-03 1.462E-03 1.370E-03 1.287E-03 1.212E-03 1.146E-03 1.085E-03 1.032E-03 9.836E-04 9.411E-04 9.030E-04 8.693E-04 8.395E-04 8.138E-04 7.919E-04 7.729E-04 7.569E-04 7.432E-04 7.324E-04
 7.243E-04 7.183E-04 7.140E-04 7.117E-04 7.110E-04 7.123E-04 7.155E-04 7.204E-04 7.264E-04 7.337E-04 7.422E-04 7.523E-04 7.642E-04 7.775E-04 7.925E-04 8.086E-04 8.258E-04 8.445E-04 8.650E-04 8.874E-04
 9.101E-04 9.328E-04 9.538E-04 9.704E-04 9.830E-04 9.967E-04 1.015E-03 1.038E-03 1.060E-03 1.079E-03 1.094E-03 1.109E-03
# wavel.    ext.coef  sca.coef  abs.coef  sisc.alb  op.depth
#  [um]      [1/km]    [1/km]    [1/km]                     
 1.000E+00 4.992E-02 3.846E-02 1.146E-02 7.703E-01 4.039E-02
   phase function [1/km]
 2.207E-01 2.200E-01 2.179E-01 2.145E-01 2.099E-01 2.042E-01 1.977E-01 1.904E-01 1.826E-01 1.745E-01 1.663E-01 1.581E-01 1.501E-01 1.424E-01 1.351E-01 1.282E-01 1.217E-01 1.158E-01 1.103E-01 1.053E-01
 1.007E-01 6.945E-02 5.300E-02 4.344E-02 3.741E-02 3.037E-02 2.635E-02 2.357E-02 2.141E-02 1.959E-02 1.796E-02 1.649E-02 1.514E-02 1.389E-02 1.273E-02 1.166E-02 1.068E-02 9.778E-03 8.945E-03 8.183E-03
 7.484E-03 6.845E-03 6.260E-03 5.727E-03 5.241E-03 4.797E-03 4.395E-03 4.028E-03 3.693E-03 3.390E-03 3.114E-03 2.864E-03 2.636E-03 2.429E-03 2.240E-03 2.070E-03 1.916E-03 1.775E-03 1.648E-03 1.532E-03
 1.428E-03 1.333E-03 1.248E-03 1.171E-03 1.101E-03 1.038E-03 9.818E-04 9.313E-04 8.859E-04 8.451E-04 8.090E-04 7.772E-04 7.491E-04 7.241E-04 7.024E-04 6.837E-04 6.678E-04 6.547E-04 6.437E-04 6.349E-04
 6.278E-04 6.227E-04 6.196E-04 6.179E-04 6.178E-04 6.191E-04 6.217E-04 6.258E-04 6.312E-04 6.379E-04 6.456E-04 6.543E-04 6.644E-04 6.757E-04 6.883E-04 7.025E-04 7.182E-04 7.353E-04 7.541E-04 7.752E-04
 7.970E-04 8.169E-04 8.349E-04 8.506E-04 8.643E-04 8.787E-04 8.961E-04 9.159E-04 9.353E-04 9.507E-04 9.627E-04 9.763E-04
# wavel.    ext.coef  sca.coef  abs.coef  sisc.alb  op.depth
#  [um]      [1/km]    [1/km]    [1/km]                     
 1.250E+00 3.475E-02 2.522E-02 9.529E-03 7.258E-01 2.778E-02
   phase function [1/km]
 1.427E-01 1.424E-01 1.415E-01 1.400E-01 1.381E-01 1.356E-01 1.327E-01 1.293E-01 1.257E-01 1.218E-01 1.177E-01 1.134E-01 1.092E-01 1.048E-01 1.006E-01 9.638E-02 9.229E-02 8.838E-02 8.465E-02 8.111E-02
 7.774E-02 5.395E-02 4.065E-02 3.250E-02 2.719E-02 2.092E-02 1.743E-02 1.518E-02 1.355E-02 1.226E-02 1.118E-02 1.023E-02 9.385E-03 8.615E-03 7.913E-03 7.269E-03 6.676E-03 6.130E-03 5.628E-03 5.166E-03
 4.741E-03 4.353E-03 3.995E-03 3.668E-03 3.369E-03 3.095E-03 2.845E-03 2.617E-03 2.407E-03 2.215E-03 2.041E-03 1.883E-03 1.738E-03 1.606E-03 1.485E-03 1.375E-03 1.276E-03 1.185E-03 1.102E-03 1.028E-03
 9.602E-04 8.986E-04 8.423E-04 7.920E-04 7.469E-04 7.061E-04 6.692E-04 6.360E-04 6.065E-04 5.800E-04 5.566E-04 5.360E-04 5.180E-04 5.023E-04 4.886E-04 4.767E-04 4.667E-04 4.584E-04 4.517E-04 4.465E-04
 4.424E-04 4.396E-04 4.381E-04 4.379E-04 4.385E-04 4.403E-04 4.429E-04 4.463E-04 4.507E-04 4.559E-04 4.622E-04 4.697E-04 4.780E-04 4.873E-04 4.979E-04 5.094E-04 5.227E-04 5.379E-04 5.543E-04 5.704E-04
 5.869E-04 6.028E-04 6.154E-04 6.236E-04 6.267E-04 6.255E-04 6.235E-04 6.238E-04 6.277E-04 6.325E-04 6.396E-04 6.502E-04
# wavel.    ext.coef  sca.coef  abs.coef  sisc.alb  op.depth
#  [um]      [1/km]    [1/km]    [1/km]                     
 1.500E+00 2.649E-02 1.826E-02 8.226E-03 6.894E-01 2.084E-02
   phase function [1/km]
 1.008E-01 1.007E-01 1.002E-01 9.948E-02 9.852E-02 9.726E-02 9.576E-02 9.402E-02 9.216E-02 9.006E-02 8.784E-02 8.543E-02 8.303E-02 8.051E-02 7.798E-02 7.540E-02 7.288E-02 7.030E-02 6.783E-02 6.543E-02
 6.309E-02 4.475E-02 3.393E-02 2.695E-02 2.230E-02 1.663E-02 1.342E-02 1.137E-02 9.935E-03 8.845E-03 7.970E-03 7.233E-03 6.593E-03 6.029E-03 5.523E-03 5.062E-03 4.643E-03 4.260E-03 3.910E-03 3.592E-03
 3.300E-03 3.030E-03 2.784E-03 2.560E-03 2.353E-03 2.165E-03 1.993E-03 1.834E-03 1.690E-03 1.559E-03 1.439E-03 1.329E-03 1.228E-03 1.137E-03 1.054E-03 9.776E-04 9.082E-04 8.453E-04 7.881E-04 7.357E-04
 6.882E-04 6.455E-04 6.070E-04 5.720E-04 5.402E-04 5.116E-04 4.862E-04 4.633E-04 4.427E-04 4.246E-04 4.085E-04 3.943E-04 3.817E-04 3.707E-04 3.615E-04 3.536E-04 3.470E-04 3.418E-04 3.374E-04 3.343E-04
 3.322E-04 3.310E-04 3.305E-04 3.308E-04 3.318E-04 3.337E-04 3.365E-04 3.399E-04 3.439E-04 3.489E-04 3.545E-04 3.609E-04 3.683E-04 3.765E-04 3.851E-04 3.949E-04 4.055E-04 4.159E-04 4.259E-04 4.364E-04
 4.463E-04 4.551E-04 4.636E-04 4.699E-04 4.723E-04 4.699E-04 4.639E-04 4.585E-04 4.565E-04 4.585E-04 4.666E-04 4.765E-04
# wavel.    ext.coef  sca.coef  abs.coef  sisc.alb  op.depth
#  [um]      [1/km]    [1/km]    [1/km]                     
 1.750E+00 1.979E-02 1.320E-02 6.598E-03 6.668E-01 1.532E-02
   phase function [1/km]
 7.598E-02 7.586E-02 7.562E-02 7.520E-02 7.466E-02 7.394E-02 7.310E-02 7.214E-02 7.105E-02 6.985E-02 6.853E-02 6.715E-02 6.565E-02 6.412E-02 6.254E-02 6.092E-02 5.928E-02 5.763E-02 5.598E-02 5.434E-02
 5.272E-02 3.879E-02 2.975E-02 2.381E-02 1.964E-02 1.442E-02 1.136E-02 9.372E-03 7.980E-03 6.937E-03 6.115E-03 5.442E-03 4.872E-03 4.384E-03 3.958E-03 3.584E-03 3.252E-03 2.955E-03 2.689E-03 2.451E-03
 2.236E-03 2.043E-03 1.869E-03 1.710E-03 1.567E-03 1.437E-03 1.320E-03 1.213E-03 1.115E-03 1.027E-03 9.473E-04 8.743E-04 8.076E-04 7.473E-04 6.926E-04 6.428E-04 5.973E-04 5.560E-04 5.188E-04 4.849E-04
 4.541E-04 4.265E-04 4.017E-04 3.790E-04 3.585E-04 3.403E-04 3.242E-04 3.097E-04 2.967E-04 2.855E-04 2.755E-04 2.666E-04 2.591E-04 2.526E-04 2.473E-04 2.427E-04 2.390E-04 2.362E-04 2.340E-04 2.328E-04
 2.321E-04 2.319E-04 2.324E-04 2.336E-04 2.353E-04 2.375E-04 2.401E-04 2.432E-04 2.469E-04 2.511E-04 2.558E-04 2.606E-04 2.655E-04 2.705E-04 2.754E-04 2.803E-04 2.849E-04 2.891E-04 2.929E-04 2.965E-04
 3.006E-04 3.053E-04 3.106E-04 3.165E-04 3.220E-04 3.257E-04 3.248E-04 3.196E-04 3.150E-04 3.170E-04 3.266E-04 3.352E-04
# wavel.    ext.coef  sca.coef  abs.coef  sisc.alb  op.depth
#  [um]      [1/km]    [1/km]    [1/km]                     
 2.000E+00 1.486E-02 9.764E-03 5.093E-03 6.571E-01 1.131E-02
   phase function [1/km]
 6.096E-02 6.091E-02 6.077E-02 6.052E-02 6.018E-02 5.976E-02 5.924E-02 5.864E-02 5.796E-02 5.721E-02 5.638E-02 5.550E-02 5.456E-02 5.357E-02 5.254E-02 5.148E-02 5.039E-02 4.927E-02 4.814E-02 4.700E-02
 4.586E-02 3.528E-02 2.760E-02 2.238E-02 1.860E-02 1.362E-02 1.054E-02 8.473E-03 6.991E-03 5.872E-03 5.003E-03 4.307E-03 3.742E-03 3.273E-03 2.882E-03 2.551E-03 2.269E-03 2.027E-03 1.818E-03 1.636E-03
 1.477E-03 1.337E-03 1.213E-03 1.103E-03 1.006E-03 9.184E-04 8.403E-04 7.700E-04 7.070E-04 6.500E-04 5.987E-04 5.522E-04 5.103E-04 4.722E-04 4.377E-04 4.065E-04 3.783E-04 3.526E-04 3.294E-04 3.085E-04
 2.895E-04 2.723E-04 2.569E-04 2.431E-04 2.307E-04 2.195E-04 2.097E-04 2.009E-04 1.932E-04 1.863E-04 1.805E-04 1.755E-04 1.711E-04 1.675E-04 1.645E-04 1.622E-04 1.604E-04 1.591E-04 1.584E-04 1.581E-04
 1.583E-04 1.589E-04 1.597E-04 1.609E-04 1.624E-04 1.642E-04 1.661E-04 1.679E-04 1.699E-04 1.718E-04 1.736E-04 1.753E-04 1.769E-04 1.785E-04 1.801E-04 1.818E-04 1.837E-04 1.857E-04 1.877E-04 1.900E-04
 1.925E-04 1.952E-04 1.981E-04 2.014E-04 2.050E-04 2.087E-04 2.117E-04 2.115E-04 2.070E-04 2.046E-04 2.105E-04 2.164E-04
# wavel.    ext.coef  sca.coef  abs.coef  sisc.alb  op.depth
#  [um]      [1/km]    [1/km]    [1/km]                     
 2.500E+00 1.044E-02 6.079E-03 4.359E-03 5.824E-01 7.765E-03
   phase function [1/km]
 4.308E-02 4.306E-02 4.299E-02 4.289E-02 4.274E-02 4.255E-02 4.231E-02 4.204E-02 4.174E-02 4.139E-02 4.101E-02 4.060E-02 4.016E-02 3.968E-02 3.919E-02 3.867E-02 3.812E-02 3.756E-02 3.698E-02 3.639E-02
 3.578E-02 2.951E-02 2.396E-02 1.970E-02 1.649E-02 1.193E-02 8.889E-03 6.770E-03 5.256E-03 4.146E-03 3.325E-03 2.706E-03 2.235E-03 1.872E-03 1.587E-03 1.362E-03 1.180E-03 1.033E-03 9.111E-04 8.096E-04
 7.236E-04 6.506E-04 5.875E-04 5.329E-04 4.849E-04 4.428E-04 4.053E-04 3.720E-04 3.423E-04 3.156E-04 2.915E-04 2.699E-04 2.503E-04 2.325E-04 2.165E-04 2.019E-04 1.886E-04 1.767E-04 1.659E-04 1.560E-04
 1.472E-04 1.392E-04 1.320E-04 1.255E-04 1.197E-04 1.146E-04 1.100E-04 1.059E-04 1.024E-04 9.928E-05 9.663E-05 9.438E-05 9.249E-05 9.092E-05 8.968E-05 8.871E-05 8.799E-05 8.749E-05 8.717E-05 8.703E-05
 8.703E-05 8.714E-05 8.736E-05 8.769E-05 8.807E-05 8.855E-05 8.910E-05 8.973E-05 9.045E-05 9.123E-05 9.211E-05 9.304E-05 9.401E-05 9.503E-05 9.607E-05 9.714E-05 9.823E-05 9.933E-05 1.004E-04 1.015E-04
 1.026E-04 1.037E-04 1.048E-04 1.059E-04 1.071E-04 1.083E-04 1.096E-04 1.110E-04 1.118E-04 1.108E-04 1.104E-04 1.122E-04
 ----------------------------------------------------------------------------
 Visibility:  22.12 [km]
