#            Optical Properties of Aerosols and Clouds (OPAC) 4.0b      
#           --------------------------------------------------------
# continental clean             
#  2 components
#  1 relative humidities
# 17 wavelengths
#----------------------------------------------------------------------------
# RH  COMP NUMBER    VOLUME    MASS      DENSITY  NUM.MIX  VOL.MIX   MAS.MIX
# [%]     [1/cm^3]  [um^3/m^3] [ug/m^3]  [g/cm^3] RATIO    RATIO     RATIO
#----------------------------------------------------------------------------
# 95. inso 1.500E-01 1.780E+06 3.560E+00 2.00    5.769E-05 1.211E-01 1.975E-01
#     waso 2.600E+03 1.292E+07 1.447E+01 1.12    9.999E-01 8.789E-01 8.025E-01
#----------------------------------------------------------------------------
# only particles up to   7.5 micrometer radius are considered for mass
# 112 scattering angles for phase functions below:
#     0.000     0.100     0.200     0.300     0.400     0.500     0.600     0.700
#     0.800     0.900     1.000     1.100     1.200     1.300     1.400     1.500
#     1.600     1.700     1.800     1.900     2.000     3.000     4.000     5.000
#     6.000     8.000    10.000    12.000    14.000    16.000    18.000    20.000
#    22.000    24.000    26.000    28.000    30.000    32.000    34.000    36.000
#    38.000    40.000    42.000    44.000    46.000    48.000    50.000    52.000
#    54.000    56.000    58.000    60.000    62.000    64.000    66.000    68.000
#    70.000    72.000    74.000    76.000    78.000    80.000    82.000    84.000
#    86.000    88.000    90.000    92.000    94.000    96.000    98.000   100.000
#   102.000   104.000   106.000   108.000   110.000   112.000   114.000   116.000
#   118.000   120.000   122.000   124.000   126.000   128.000   130.000   132.000
#   134.000   136.000   138.000   140.000   142.000   144.000   146.000   148.000
#   150.000   152.000   154.000   156.000   158.000   160.000   162.000   164.000
#   166.000   168.000   170.000   172.000   174.000   176.000   178.000   180.000
#============================================================================
# 95.% relative humidity 
# wavel.    ext.coef  sca.coef  abs.coef  sisc.alb  op.depth
#  [um]      [1/km]    [1/km]    [1/km]                     
 3.500E-01 8.537E-02 8.440E-02 9.634E-04 9.887E-01 1.602E-01
   phase function [1/km]
 5.669E-01 5.563E-01 5.271E-01 4.863E-01 4.418E-01 4.004E-01 3.657E-01 3.381E-01 3.163E-01 2.987E-01 2.841E-01 2.717E-01 2.613E-01 2.525E-01 2.448E-01 2.382E-01 2.323E-01 2.271E-01 2.225E-01 2.183E-01
 2.145E-01 1.886E-01 1.719E-01 1.582E-01 1.462E-01 1.252E-01 1.075E-01 9.250E-02 7.963E-02 6.861E-02 5.913E-02 5.102E-02 4.406E-02 3.809E-02 3.296E-02 2.856E-02 2.476E-02 2.150E-02 1.871E-02 1.631E-02
 1.425E-02 1.246E-02 1.092E-02 9.601E-03 8.458E-03 7.470E-03 6.606E-03 5.860E-03 5.212E-03 4.651E-03 4.158E-03 3.724E-03 3.346E-03 3.017E-03 2.727E-03 2.471E-03 2.246E-03 2.048E-03 1.872E-03 1.715E-03
 1.578E-03 1.457E-03 1.349E-03 1.253E-03 1.167E-03 1.091E-03 1.024E-03 9.640E-04 9.108E-04 8.636E-04 8.224E-04 7.859E-04 7.539E-04 7.259E-04 7.016E-04 6.811E-04 6.640E-04 6.501E-04 6.396E-04 6.322E-04
 6.271E-04 6.247E-04 6.254E-04 6.293E-04 6.356E-04 6.449E-04 6.579E-04 6.742E-04 6.937E-04 7.174E-04 7.459E-04 7.767E-04 8.101E-04 8.477E-04 8.898E-04 9.340E-04 9.775E-04 1.020E-03 1.062E-03 1.105E-03
 1.143E-03 1.174E-03 1.195E-03 1.201E-03 1.186E-03 1.148E-03 1.088E-03 1.033E-03 1.026E-03 1.089E-03 1.189E-03 1.247E-03
# wavel.    ext.coef  sca.coef  abs.coef  sisc.alb  op.depth
#  [um]      [1/km]    [1/km]    [1/km]                     
 4.000E-01 7.597E-02 7.512E-02 8.666E-04 9.886E-01 1.421E-01
   phase function [1/km]
 4.423E-01 4.359E-01 4.183E-01 3.925E-01 3.628E-01 3.334E-01 3.067E-01 2.842E-01 2.658E-01 2.509E-01 2.386E-01 2.281E-01 2.192E-01 2.114E-01 2.047E-01 1.989E-01 1.937E-01 1.892E-01 1.851E-01 1.815E-01
 1.781E-01 1.561E-01 1.427E-01 1.322E-01 1.230E-01 1.068E-01 9.281E-02 8.056E-02 6.989E-02 6.060E-02 5.255E-02 4.555E-02 3.950E-02 3.423E-02 2.969E-02 2.578E-02 2.241E-02 1.951E-02 1.700E-02 1.484E-02
 1.297E-02 1.137E-02 9.981E-03 8.778E-03 7.737E-03 6.837E-03 6.056E-03 5.377E-03 4.785E-03 4.267E-03 3.815E-03 3.423E-03 3.078E-03 2.771E-03 2.505E-03 2.271E-03 2.063E-03 1.880E-03 1.718E-03 1.576E-03
 1.449E-03 1.337E-03 1.236E-03 1.147E-03 1.069E-03 9.993E-04 9.372E-04 8.821E-04 8.333E-04 7.901E-04 7.518E-04 7.179E-04 6.885E-04 6.627E-04 6.403E-04 6.212E-04 6.054E-04 5.922E-04 5.814E-04 5.729E-04
 5.674E-04 5.650E-04 5.647E-04 5.669E-04 5.715E-04 5.788E-04 5.887E-04 6.015E-04 6.171E-04 6.351E-04 6.560E-04 6.797E-04 7.070E-04 7.366E-04 7.680E-04 8.005E-04 8.343E-04 8.694E-04 9.036E-04 9.355E-04
 9.648E-04 9.901E-04 1.009E-03 1.016E-03 1.005E-03 9.759E-04 9.357E-04 9.024E-04 9.006E-04 9.446E-04 1.014E-03 1.055E-03
# wavel.    ext.coef  sca.coef  abs.coef  sisc.alb  op.depth
#  [um]      [1/km]    [1/km]    [1/km]                     
 4.500E-01 6.784E-02 6.705E-02 7.919E-04 9.884E-01 1.265E-01
   phase function [1/km]
 3.549E-01 3.510E-01 3.397E-01 3.227E-01 3.025E-01 2.812E-01 2.609E-01 2.428E-01 2.274E-01 2.146E-01 2.039E-01 1.949E-01 1.872E-01 1.805E-01 1.745E-01 1.693E-01 1.647E-01 1.607E-01 1.571E-01 1.538E-01
 1.509E-01 1.315E-01 1.202E-01 1.117E-01 1.043E-01 9.141E-02 8.012E-02 7.010E-02 6.124E-02 5.340E-02 4.654E-02 4.050E-02 3.525E-02 3.068E-02 2.671E-02 2.325E-02 2.026E-02 1.768E-02 1.545E-02 1.351E-02
 1.184E-02 1.039E-02 9.136E-03 8.049E-03 7.107E-03 6.287E-03 5.576E-03 4.956E-03 4.415E-03 3.939E-03 3.526E-03 3.162E-03 2.846E-03 2.568E-03 2.320E-03 2.103E-03 1.912E-03 1.742E-03 1.593E-03 1.461E-03
 1.344E-03 1.239E-03 1.145E-03 1.063E-03 9.903E-04 9.254E-04 8.673E-04 8.160E-04 7.705E-04 7.295E-04 6.935E-04 6.624E-04 6.353E-04 6.112E-04 5.901E-04 5.722E-04 5.572E-04 5.445E-04 5.342E-04 5.268E-04
 5.212E-04 5.180E-04 5.169E-04 5.181E-04 5.212E-04 5.267E-04 5.345E-04 5.448E-04 5.573E-04 5.720E-04 5.887E-04 6.082E-04 6.303E-04 6.542E-04 6.793E-04 7.052E-04 7.322E-04 7.599E-04 7.882E-04 8.154E-04
 8.407E-04 8.620E-04 8.764E-04 8.808E-04 8.747E-04 8.581E-04 8.326E-04 8.098E-04 8.100E-04 8.439E-04 8.946E-04 9.240E-04
# wavel.    ext.coef  sca.coef  abs.coef  sisc.alb  op.depth
#  [um]      [1/km]    [1/km]    [1/km]                     
 5.000E-01 6.062E-02 5.990E-02 7.289E-04 9.880E-01 1.128E-01
   phase function [1/km]
 2.905E-01 2.879E-01 2.804E-01 2.688E-01 2.545E-01 2.390E-01 2.236E-01 2.092E-01 1.964E-01 1.854E-01 1.761E-01 1.682E-01 1.614E-01 1.555E-01 1.503E-01 1.457E-01 1.416E-01 1.380E-01 1.347E-01 1.318E-01
 1.291E-01 1.118E-01 1.021E-01 9.500E-02 8.900E-02 7.857E-02 6.932E-02 6.105E-02 5.361E-02 4.700E-02 4.115E-02 3.596E-02 3.141E-02 2.744E-02 2.395E-02 2.091E-02 1.828E-02 1.599E-02 1.400E-02 1.227E-02
 1.077E-02 9.471E-03 8.345E-03 7.362E-03 6.510E-03 5.767E-03 5.122E-03 4.556E-03 4.062E-03 3.630E-03 3.253E-03 2.920E-03 2.629E-03 2.371E-03 2.145E-03 1.945E-03 1.769E-03 1.612E-03 1.474E-03 1.352E-03
 1.243E-03 1.146E-03 1.061E-03 9.845E-04 9.165E-04 8.560E-04 8.024E-04 7.547E-04 7.126E-04 6.753E-04 6.421E-04 6.126E-04 5.867E-04 5.640E-04 5.447E-04 5.279E-04 5.136E-04 5.020E-04 4.921E-04 4.844E-04
 4.789E-04 4.757E-04 4.743E-04 4.748E-04 4.770E-04 4.814E-04 4.877E-04 4.956E-04 5.055E-04 5.175E-04 5.314E-04 5.472E-04 5.649E-04 5.840E-04 6.049E-04 6.263E-04 6.489E-04 6.725E-04 6.956E-04 7.170E-04
 7.365E-04 7.544E-04 7.686E-04 7.755E-04 7.712E-04 7.571E-04 7.384E-04 7.253E-04 7.308E-04 7.595E-04 7.980E-04 8.203E-04
# wavel.    ext.coef  sca.coef  abs.coef  sisc.alb  op.depth
#  [um]      [1/km]    [1/km]    [1/km]                     
 5.500E-01 5.426E-02 5.353E-02 7.437E-04 9.863E-01 1.007E-01
   phase function [1/km]
 2.420E-01 2.402E-01 2.350E-01 2.268E-01 2.166E-01 2.051E-01 1.933E-01 1.818E-01 1.713E-01 1.620E-01 1.538E-01 1.469E-01 1.408E-01 1.356E-01 1.310E-01 1.269E-01 1.233E-01 1.200E-01 1.170E-01 1.143E-01
 1.119E-01 9.616E-02 8.753E-02 8.143E-02 7.641E-02 6.775E-02 6.013E-02 5.322E-02 4.696E-02 4.135E-02 3.633E-02 3.190E-02 2.794E-02 2.448E-02 2.143E-02 1.877E-02 1.644E-02 1.442E-02 1.265E-02 1.111E-02
 9.775E-03 8.612E-03 7.603E-03 6.718E-03 5.949E-03 5.279E-03 4.696E-03 4.182E-03 3.734E-03 3.341E-03 2.995E-03 2.693E-03 2.425E-03 2.189E-03 1.982E-03 1.798E-03 1.636E-03 1.492E-03 1.364E-03 1.251E-03
 1.151E-03 1.062E-03 9.821E-04 9.112E-04 8.485E-04 7.925E-04 7.427E-04 6.986E-04 6.593E-04 6.246E-04 5.937E-04 5.665E-04 5.424E-04 5.216E-04 5.034E-04 4.878E-04 4.745E-04 4.634E-04 4.540E-04 4.466E-04
 4.413E-04 4.379E-04 4.362E-04 4.361E-04 4.376E-04 4.410E-04 4.457E-04 4.522E-04 4.603E-04 4.701E-04 4.814E-04 4.944E-04 5.090E-04 5.250E-04 5.419E-04 5.598E-04 5.786E-04 5.981E-04 6.174E-04 6.358E-04
 6.533E-04 6.689E-04 6.812E-04 6.872E-04 6.856E-04 6.773E-04 6.660E-04 6.590E-04 6.652E-04 6.879E-04 7.171E-04 7.346E-04
# wavel.    ext.coef  sca.coef  abs.coef  sisc.alb  op.depth
#  [um]      [1/km]    [1/km]    [1/km]                     
 6.000E-01 4.881E-02 4.812E-02 6.935E-04 9.858E-01 9.041E-02
   phase function [1/km]
 2.046E-01 2.033E-01 1.996E-01 1.937E-01 1.861E-01 1.775E-01 1.684E-01 1.593E-01 1.507E-01 1.428E-01 1.357E-01 1.295E-01 1.241E-01 1.194E-01 1.153E-01 1.117E-01 1.084E-01 1.054E-01 1.027E-01 1.003E-01
 9.808E-02 8.364E-02 7.585E-02 7.046E-02 6.612E-02 5.879E-02 5.241E-02 4.661E-02 4.132E-02 3.652E-02 3.222E-02 2.838E-02 2.494E-02 2.192E-02 1.925E-02 1.690E-02 1.485E-02 1.305E-02 1.148E-02 1.011E-02
 8.914E-03 7.868E-03 6.957E-03 6.161E-03 5.466E-03 4.858E-03 4.326E-03 3.859E-03 3.450E-03 3.091E-03 2.773E-03 2.495E-03 2.250E-03 2.033E-03 1.842E-03 1.672E-03 1.522E-03 1.389E-03 1.271E-03 1.166E-03
 1.073E-03 9.898E-04 9.162E-04 8.502E-04 7.919E-04 7.396E-04 6.931E-04 6.519E-04 6.151E-04 5.825E-04 5.536E-04 5.282E-04 5.060E-04 4.864E-04 4.691E-04 4.542E-04 4.417E-04 4.314E-04 4.230E-04 4.160E-04
 4.109E-04 4.074E-04 4.055E-04 4.050E-04 4.062E-04 4.085E-04 4.125E-04 4.179E-04 4.248E-04 4.330E-04 4.429E-04 4.538E-04 4.661E-04 4.795E-04 4.940E-04 5.096E-04 5.258E-04 5.422E-04 5.587E-04 5.754E-04
 5.914E-04 6.048E-04 6.145E-04 6.204E-04 6.220E-04 6.185E-04 6.116E-04 6.077E-04 6.144E-04 6.331E-04 6.558E-04 6.690E-04
# wavel.    ext.coef  sca.coef  abs.coef  sisc.alb  op.depth
#  [um]      [1/km]    [1/km]    [1/km]                     
 6.500E-01 4.401E-02 4.333E-02 7.049E-04 9.840E-01 8.139E-02
   phase function [1/km]
 1.749E-01 1.740E-01 1.712E-01 1.669E-01 1.612E-01 1.546E-01 1.475E-01 1.402E-01 1.332E-01 1.265E-01 1.204E-01 1.150E-01 1.102E-01 1.059E-01 1.022E-01 9.889E-02 9.592E-02 9.325E-02 9.081E-02 8.858E-02
 8.654E-02 7.324E-02 6.611E-02 6.128E-02 5.751E-02 5.126E-02 4.584E-02 4.093E-02 3.641E-02 3.230E-02 2.859E-02 2.525E-02 2.228E-02 1.963E-02 1.729E-02 1.522E-02 1.340E-02 1.181E-02 1.041E-02 9.189E-03
 8.118E-03 7.182E-03 6.362E-03 5.647E-03 5.017E-03 4.466E-03 3.983E-03 3.558E-03 3.185E-03 2.856E-03 2.567E-03 2.312E-03 2.087E-03 1.888E-03 1.711E-03 1.555E-03 1.416E-03 1.293E-03 1.183E-03 1.086E-03
 1.000E-03 9.229E-04 8.538E-04 7.928E-04 7.386E-04 6.901E-04 6.467E-04 6.082E-04 5.740E-04 5.435E-04 5.164E-04 4.927E-04 4.720E-04 4.538E-04 4.379E-04 4.240E-04 4.123E-04 4.024E-04 3.942E-04 3.878E-04
 3.830E-04 3.794E-04 3.773E-04 3.767E-04 3.773E-04 3.793E-04 3.825E-04 3.868E-04 3.926E-04 3.998E-04 4.079E-04 4.174E-04 4.278E-04 4.394E-04 4.517E-04 4.647E-04 4.787E-04 4.930E-04 5.078E-04 5.224E-04
 5.364E-04 5.491E-04 5.589E-04 5.642E-04 5.662E-04 5.653E-04 5.624E-04 5.614E-04 5.680E-04 5.836E-04 6.020E-04 6.135E-04
# wavel.    ext.coef  sca.coef  abs.coef  sisc.alb  op.depth
#  [um]      [1/km]    [1/km]    [1/km]                     
 7.000E-01 3.991E-02 3.926E-02 6.628E-04 9.834E-01 7.363E-02
   phase function [1/km]
 1.512E-01 1.504E-01 1.484E-01 1.451E-01 1.407E-01 1.356E-01 1.300E-01 1.242E-01 1.184E-01 1.128E-01 1.076E-01 1.028E-01 9.852E-02 9.470E-02 9.131E-02 8.830E-02 8.558E-02 8.315E-02 8.093E-02 7.893E-02
 7.706E-02 6.473E-02 5.812E-02 5.377E-02 5.041E-02 4.499E-02 4.033E-02 3.613E-02 3.225E-02 2.871E-02 2.550E-02 2.260E-02 1.999E-02 1.767E-02 1.561E-02 1.378E-02 1.217E-02 1.074E-02 9.496E-03 8.399E-03
 7.436E-03 6.594E-03 5.851E-03 5.203E-03 4.630E-03 4.128E-03 3.689E-03 3.300E-03 2.958E-03 2.655E-03 2.390E-03 2.155E-03 1.947E-03 1.763E-03 1.599E-03 1.454E-03 1.326E-03 1.211E-03 1.109E-03 1.019E-03
 9.384E-04 8.662E-04 8.021E-04 7.449E-04 6.940E-04 6.487E-04 6.080E-04 5.718E-04 5.399E-04 5.112E-04 4.859E-04 4.638E-04 4.441E-04 4.272E-04 4.120E-04 3.992E-04 3.882E-04 3.789E-04 3.712E-04 3.650E-04
 3.601E-04 3.566E-04 3.547E-04 3.539E-04 3.542E-04 3.558E-04 3.586E-04 3.622E-04 3.673E-04 3.734E-04 3.805E-04 3.889E-04 3.982E-04 4.083E-04 4.190E-04 4.306E-04 4.427E-04 4.558E-04 4.690E-04 4.819E-04
 4.947E-04 5.064E-04 5.157E-04 5.211E-04 5.239E-04 5.246E-04 5.240E-04 5.249E-04 5.322E-04 5.457E-04 5.612E-04 5.709E-04
# wavel.    ext.coef  sca.coef  abs.coef  sisc.alb  op.depth
#  [um]      [1/km]    [1/km]    [1/km]                     
 7.500E-01 3.621E-02 3.551E-02 6.933E-04 9.808E-01 6.672E-02
   phase function [1/km]
 1.316E-01 1.311E-01 1.295E-01 1.270E-01 1.236E-01 1.196E-01 1.151E-01 1.104E-01 1.056E-01 1.010E-01 9.651E-02 9.234E-02 8.853E-02 8.508E-02 8.198E-02 7.922E-02 7.673E-02 7.452E-02 7.249E-02 7.063E-02
 6.894E-02 5.749E-02 5.137E-02 4.738E-02 4.436E-02 3.960E-02 3.557E-02 3.193E-02 2.859E-02 2.553E-02 2.273E-02 2.020E-02 1.792E-02 1.588E-02 1.406E-02 1.244E-02 1.101E-02 9.744E-03 8.630E-03 7.650E-03
 6.788E-03 6.029E-03 5.361E-03 4.772E-03 4.256E-03 3.801E-03 3.401E-03 3.045E-03 2.734E-03 2.458E-03 2.214E-03 1.998E-03 1.807E-03 1.638E-03 1.487E-03 1.353E-03 1.234E-03 1.129E-03 1.034E-03 9.503E-04
 8.756E-04 8.087E-04 7.490E-04 6.958E-04 6.486E-04 6.063E-04 5.685E-04 5.350E-04 5.052E-04 4.784E-04 4.549E-04 4.342E-04 4.158E-04 3.998E-04 3.859E-04 3.737E-04 3.633E-04 3.545E-04 3.476E-04 3.417E-04
 3.370E-04 3.337E-04 3.318E-04 3.308E-04 3.310E-04 3.323E-04 3.345E-04 3.379E-04 3.422E-04 3.474E-04 3.537E-04 3.607E-04 3.687E-04 3.776E-04 3.871E-04 3.974E-04 4.084E-04 4.197E-04 4.313E-04 4.433E-04
 4.550E-04 4.653E-04 4.734E-04 4.796E-04 4.833E-04 4.854E-04 4.863E-04 4.889E-04 4.960E-04 5.073E-04 5.191E-04 5.273E-04
# wavel.    ext.coef  sca.coef  abs.coef  sisc.alb  op.depth
#  [um]      [1/km]    [1/km]    [1/km]                     
 8.000E-01 3.276E-02 3.205E-02 7.170E-04 9.781E-01 6.021E-02
   phase function [1/km]
 1.154E-01 1.150E-01 1.138E-01 1.118E-01 1.091E-01 1.060E-01 1.024E-01 9.852E-02 9.458E-02 9.065E-02 8.682E-02 8.321E-02 7.983E-02 7.676E-02 7.394E-02 7.140E-02 6.913E-02 6.707E-02 6.518E-02 6.349E-02
 6.191E-02 5.129E-02 4.559E-02 4.191E-02 3.916E-02 3.492E-02 3.139E-02 2.823E-02 2.534E-02 2.267E-02 2.023E-02 1.802E-02 1.602E-02 1.422E-02 1.262E-02 1.119E-02 9.924E-03 8.802E-03 7.810E-03 6.933E-03
 6.161E-03 5.482E-03 4.881E-03 4.354E-03 3.888E-03 3.476E-03 3.114E-03 2.792E-03 2.509E-03 2.258E-03 2.036E-03 1.839E-03 1.665E-03 1.509E-03 1.372E-03 1.249E-03 1.140E-03 1.043E-03 9.562E-04 8.789E-04
 8.100E-04 7.487E-04 6.940E-04 6.450E-04 6.010E-04 5.621E-04 5.272E-04 4.963E-04 4.685E-04 4.441E-04 4.225E-04 4.033E-04 3.862E-04 3.714E-04 3.584E-04 3.472E-04 3.375E-04 3.295E-04 3.228E-04 3.174E-04
 3.133E-04 3.103E-04 3.081E-04 3.073E-04 3.072E-04 3.083E-04 3.102E-04 3.132E-04 3.168E-04 3.214E-04 3.266E-04 3.329E-04 3.400E-04 3.476E-04 3.560E-04 3.650E-04 3.747E-04 3.847E-04 3.952E-04 4.059E-04
 4.163E-04 4.257E-04 4.340E-04 4.398E-04 4.433E-04 4.446E-04 4.461E-04 4.495E-04 4.566E-04 4.663E-04 4.761E-04 4.828E-04
# wavel.    ext.coef  sca.coef  abs.coef  sisc.alb  op.depth
#  [um]      [1/km]    [1/km]    [1/km]                     
 9.000E-01 2.742E-02 2.667E-02 7.532E-04 9.725E-01 5.028E-02
   phase function [1/km]
 9.083E-02 9.057E-02 8.978E-02 8.849E-02 8.678E-02 8.471E-02 8.230E-02 7.970E-02 7.695E-02 7.415E-02 7.135E-02 6.862E-02 6.600E-02 6.354E-02 6.125E-02 5.916E-02 5.720E-02 5.543E-02 5.382E-02 5.235E-02
 5.100E-02 4.176E-02 3.673E-02 3.350E-02 3.117E-02 2.770E-02 2.493E-02 2.248E-02 2.025E-02 1.820E-02 1.632E-02 1.460E-02 1.304E-02 1.163E-02 1.037E-02 9.233E-03 8.224E-03 7.324E-03 6.525E-03 5.817E-03
 5.187E-03 4.631E-03 4.139E-03 3.702E-03 3.316E-03 2.974E-03 2.672E-03 2.403E-03 2.164E-03 1.953E-03 1.765E-03 1.597E-03 1.448E-03 1.316E-03 1.198E-03 1.092E-03 9.985E-04 9.148E-04 8.398E-04 7.728E-04
 7.129E-04 6.595E-04 6.119E-04 5.691E-04 5.310E-04 4.967E-04 4.665E-04 4.394E-04 4.152E-04 3.938E-04 3.748E-04 3.581E-04 3.432E-04 3.299E-04 3.186E-04 3.090E-04 3.006E-04 2.935E-04 2.875E-04 2.826E-04
 2.791E-04 2.764E-04 2.745E-04 2.736E-04 2.733E-04 2.741E-04 2.755E-04 2.778E-04 2.808E-04 2.844E-04 2.886E-04 2.934E-04 2.992E-04 3.055E-04 3.125E-04 3.200E-04 3.279E-04 3.362E-04 3.451E-04 3.541E-04
 3.632E-04 3.718E-04 3.794E-04 3.851E-04 3.883E-04 3.907E-04 3.939E-04 3.987E-04 4.056E-04 4.139E-04 4.222E-04 4.282E-04
# wavel.    ext.coef  sca.coef  abs.coef  sisc.alb  op.depth
#  [um]      [1/km]    [1/km]    [1/km]                     
 1.000E+00 2.320E-02 2.244E-02 7.612E-04 9.672E-01 4.241E-02
   phase function [1/km]
 7.311E-02 7.295E-02 7.242E-02 7.156E-02 7.041E-02 6.898E-02 6.734E-02 6.551E-02 6.357E-02 6.153E-02 5.946E-02 5.740E-02 5.539E-02 5.343E-02 5.158E-02 4.983E-02 4.820E-02 4.669E-02 4.530E-02 4.402E-02
 4.284E-02 3.472E-02 3.020E-02 2.733E-02 2.529E-02 2.236E-02 2.011E-02 1.817E-02 1.641E-02 1.480E-02 1.332E-02 1.196E-02 1.073E-02 9.606E-03 8.596E-03 7.684E-03 6.871E-03 6.141E-03 5.492E-03 4.912E-03
 4.396E-03 3.939E-03 3.531E-03 3.167E-03 2.845E-03 2.559E-03 2.305E-03 2.078E-03 1.876E-03 1.697E-03 1.537E-03 1.394E-03 1.266E-03 1.152E-03 1.051E-03 9.599E-04 8.787E-04 8.060E-04 7.411E-04 6.828E-04
 6.306E-04 5.841E-04 5.425E-04 5.051E-04 4.716E-04 4.417E-04 4.150E-04 3.913E-04 3.701E-04 3.511E-04 3.343E-04 3.198E-04 3.068E-04 2.953E-04 2.852E-04 2.767E-04 2.691E-04 2.630E-04 2.579E-04 2.537E-04
 2.504E-04 2.479E-04 2.463E-04 2.455E-04 2.453E-04 2.458E-04 2.470E-04 2.488E-04 2.513E-04 2.544E-04 2.580E-04 2.621E-04 2.668E-04 2.721E-04 2.777E-04 2.843E-04 2.911E-04 2.983E-04 3.059E-04 3.142E-04
 3.223E-04 3.297E-04 3.364E-04 3.418E-04 3.458E-04 3.491E-04 3.531E-04 3.580E-04 3.640E-04 3.710E-04 3.771E-04 3.820E-04
# wavel.    ext.coef  sca.coef  abs.coef  sisc.alb  op.depth
#  [um]      [1/km]    [1/km]    [1/km]                     
 1.250E+00 1.573E-02 1.504E-02 6.935E-04 9.559E-01 2.855E-02
   phase function [1/km]
 4.599E-02 4.591E-02 4.569E-02 4.532E-02 4.483E-02 4.421E-02 4.347E-02 4.264E-02 4.172E-02 4.074E-02 3.971E-02 3.864E-02 3.756E-02 3.648E-02 3.540E-02 3.434E-02 3.331E-02 3.232E-02 3.138E-02 3.048E-02
 2.963E-02 2.354E-02 2.002E-02 1.775E-02 1.616E-02 1.400E-02 1.249E-02 1.126E-02 1.020E-02 9.235E-03 8.360E-03 7.558E-03 6.826E-03 6.157E-03 5.551E-03 5.000E-03 4.503E-03 4.053E-03 3.650E-03 3.287E-03
 2.962E-03 2.670E-03 2.408E-03 2.174E-03 1.964E-03 1.776E-03 1.608E-03 1.457E-03 1.321E-03 1.200E-03 1.091E-03 9.940E-04 9.067E-04 8.285E-04 7.578E-04 6.945E-04 6.379E-04 5.868E-04 5.410E-04 4.999E-04
 4.631E-04 4.298E-04 4.001E-04 3.733E-04 3.496E-04 3.281E-04 3.091E-04 2.918E-04 2.768E-04 2.632E-04 2.512E-04 2.407E-04 2.315E-04 2.234E-04 2.163E-04 2.102E-04 2.050E-04 2.006E-04 1.970E-04 1.941E-04
 1.918E-04 1.902E-04 1.891E-04 1.886E-04 1.886E-04 1.891E-04 1.900E-04 1.913E-04 1.931E-04 1.953E-04 1.979E-04 2.009E-04 2.044E-04 2.082E-04 2.125E-04 2.172E-04 2.223E-04 2.280E-04 2.340E-04 2.399E-04
 2.458E-04 2.515E-04 2.561E-04 2.594E-04 2.610E-04 2.614E-04 2.614E-04 2.622E-04 2.643E-04 2.671E-04 2.704E-04 2.737E-04
# wavel.    ext.coef  sca.coef  abs.coef  sisc.alb  op.depth
#  [um]      [1/km]    [1/km]    [1/km]                     
 1.500E+00 1.141E-02 1.075E-02 6.597E-04 9.422E-01 2.054E-02
   phase function [1/km]
 3.154E-02 3.151E-02 3.139E-02 3.121E-02 3.097E-02 3.066E-02 3.028E-02 2.984E-02 2.937E-02 2.884E-02 2.828E-02 2.768E-02 2.708E-02 2.644E-02 2.581E-02 2.516E-02 2.452E-02 2.387E-02 2.325E-02 2.264E-02
 2.205E-02 1.739E-02 1.458E-02 1.272E-02 1.141E-02 9.676E-03 8.513E-03 7.625E-03 6.884E-03 6.238E-03 5.659E-03 5.132E-03 4.655E-03 4.217E-03 3.822E-03 3.461E-03 3.133E-03 2.835E-03 2.565E-03 2.322E-03
 2.102E-03 1.904E-03 1.726E-03 1.565E-03 1.420E-03 1.289E-03 1.172E-03 1.066E-03 9.705E-04 8.848E-04 8.075E-04 7.380E-04 6.751E-04 6.186E-04 5.678E-04 5.217E-04 4.805E-04 4.433E-04 4.098E-04 3.795E-04
 3.523E-04 3.279E-04 3.062E-04 2.862E-04 2.686E-04 2.528E-04 2.387E-04 2.261E-04 2.148E-04 2.048E-04 1.960E-04 1.882E-04 1.813E-04 1.753E-04 1.702E-04 1.658E-04 1.620E-04 1.589E-04 1.564E-04 1.543E-04
 1.529E-04 1.518E-04 1.512E-04 1.509E-04 1.510E-04 1.516E-04 1.524E-04 1.536E-04 1.551E-04 1.570E-04 1.592E-04 1.616E-04 1.644E-04 1.676E-04 1.709E-04 1.746E-04 1.785E-04 1.824E-04 1.863E-04 1.902E-04
 1.939E-04 1.974E-04 2.006E-04 2.032E-04 2.046E-04 2.047E-04 2.039E-04 2.032E-04 2.036E-04 2.051E-04 2.079E-04 2.107E-04
# wavel.    ext.coef  sca.coef  abs.coef  sisc.alb  op.depth
#  [um]      [1/km]    [1/km]    [1/km]                     
 1.750E+00 8.128E-03 7.661E-03 4.656E-04 9.427E-01 1.449E-02
   phase function [1/km]
 2.301E-02 2.298E-02 2.292E-02 2.281E-02 2.267E-02 2.249E-02 2.228E-02 2.204E-02 2.177E-02 2.147E-02 2.114E-02 2.079E-02 2.041E-02 2.003E-02 1.963E-02 1.922E-02 1.881E-02 1.840E-02 1.798E-02 1.757E-02
 1.716E-02 1.363E-02 1.131E-02 9.760E-03 8.637E-03 7.145E-03 6.168E-03 5.448E-03 4.869E-03 4.379E-03 3.954E-03 3.575E-03 3.233E-03 2.926E-03 2.648E-03 2.397E-03 2.170E-03 1.965E-03 1.780E-03 1.613E-03
 1.462E-03 1.327E-03 1.204E-03 1.094E-03 9.943E-04 9.046E-04 8.237E-04 7.508E-04 6.848E-04 6.255E-04 5.722E-04 5.238E-04 4.801E-04 4.408E-04 4.054E-04 3.732E-04 3.443E-04 3.183E-04 2.947E-04 2.736E-04
 2.545E-04 2.373E-04 2.220E-04 2.081E-04 1.957E-04 1.846E-04 1.747E-04 1.659E-04 1.580E-04 1.511E-04 1.450E-04 1.396E-04 1.349E-04 1.309E-04 1.274E-04 1.244E-04 1.219E-04 1.199E-04 1.183E-04 1.171E-04
 1.163E-04 1.157E-04 1.155E-04 1.156E-04 1.159E-04 1.165E-04 1.174E-04 1.184E-04 1.197E-04 1.213E-04 1.230E-04 1.248E-04 1.268E-04 1.288E-04 1.308E-04 1.329E-04 1.350E-04 1.369E-04 1.388E-04 1.407E-04
 1.426E-04 1.446E-04 1.468E-04 1.491E-04 1.511E-04 1.527E-04 1.530E-04 1.523E-04 1.517E-04 1.528E-04 1.557E-04 1.580E-04
# wavel.    ext.coef  sca.coef  abs.coef  sisc.alb  op.depth
#  [um]      [1/km]    [1/km]    [1/km]                     
 2.000E+00 5.921E-03 5.576E-03 3.444E-04 9.419E-01 1.042E-02
   phase function [1/km]
 1.785E-02 1.784E-02 1.781E-02 1.774E-02 1.766E-02 1.755E-02 1.742E-02 1.727E-02 1.710E-02 1.691E-02 1.671E-02 1.648E-02 1.625E-02 1.600E-02 1.574E-02 1.547E-02 1.520E-02 1.492E-02 1.463E-02 1.435E-02
 1.406E-02 1.139E-02 9.433E-03 8.089E-03 7.094E-03 5.737E-03 4.838E-03 4.183E-03 3.669E-03 3.246E-03 2.889E-03 2.581E-03 2.313E-03 2.076E-03 1.867E-03 1.682E-03 1.517E-03 1.370E-03 1.238E-03 1.121E-03
 1.016E-03 9.212E-04 8.365E-04 7.605E-04 6.919E-04 6.304E-04 5.748E-04 5.248E-04 4.797E-04 4.389E-04 4.021E-04 3.690E-04 3.389E-04 3.116E-04 2.871E-04 2.651E-04 2.451E-04 2.270E-04 2.107E-04 1.960E-04
 1.828E-04 1.709E-04 1.602E-04 1.506E-04 1.419E-04 1.342E-04 1.273E-04 1.212E-04 1.158E-04 1.110E-04 1.068E-04 1.032E-04 1.000E-04 9.726E-05 9.497E-05 9.305E-05 9.147E-05 9.018E-05 8.922E-05 8.853E-05
 8.810E-05 8.791E-05 8.790E-05 8.810E-05 8.847E-05 8.900E-05 8.967E-05 9.039E-05 9.119E-05 9.206E-05 9.295E-05 9.389E-05 9.485E-05 9.581E-05 9.685E-05 9.792E-05 9.905E-05 1.002E-04 1.014E-04 1.027E-04
 1.040E-04 1.053E-04 1.066E-04 1.081E-04 1.095E-04 1.109E-04 1.121E-04 1.125E-04 1.118E-04 1.115E-04 1.133E-04 1.149E-04
# wavel.    ext.coef  sca.coef  abs.coef  sisc.alb  op.depth
#  [um]      [1/km]    [1/km]    [1/km]                     
 2.500E+00 3.270E-03 2.919E-03 3.517E-04 8.924E-01 5.780E-03
   phase function [1/km]
 1.183E-02 1.182E-02 1.180E-02 1.178E-02 1.174E-02 1.169E-02 1.163E-02 1.157E-02 1.149E-02 1.140E-02 1.131E-02 1.120E-02 1.109E-02 1.097E-02 1.085E-02 1.072E-02 1.058E-02 1.044E-02 1.029E-02 1.015E-02
 9.993E-03 8.416E-03 7.016E-03 5.935E-03 5.114E-03 3.931E-03 3.122E-03 2.539E-03 2.106E-03 1.773E-03 1.513E-03 1.306E-03 1.138E-03 9.994E-04 8.841E-04 7.866E-04 7.033E-04 6.312E-04 5.687E-04 5.138E-04
 4.651E-04 4.224E-04 3.841E-04 3.500E-04 3.193E-04 2.918E-04 2.670E-04 2.446E-04 2.244E-04 2.062E-04 1.897E-04 1.747E-04 1.612E-04 1.489E-04 1.378E-04 1.278E-04 1.187E-04 1.104E-04 1.030E-04 9.622E-05
 9.016E-05 8.468E-05 7.978E-05 7.537E-05 7.140E-05 6.788E-05 6.473E-05 6.196E-05 5.950E-05 5.735E-05 5.547E-05 5.384E-05 5.245E-05 5.126E-05 5.029E-05 4.945E-05 4.881E-05 4.829E-05 4.793E-05 4.764E-05
 4.748E-05 4.739E-05 4.740E-05 4.748E-05 4.763E-05 4.782E-05 4.807E-05 4.838E-05 4.873E-05 4.913E-05 4.956E-05 5.005E-05 5.054E-05 5.106E-05 5.160E-05 5.216E-05 5.274E-05 5.330E-05 5.386E-05 5.442E-05
 5.498E-05 5.555E-05 5.608E-05 5.660E-05 5.713E-05 5.765E-05 5.817E-05 5.869E-05 5.903E-05 5.888E-05 5.887E-05 5.935E-05
 ----------------------------------------------------------------------------
 Visibility:  45.56 [km]
