#            Optical Properties of Aerosols and Clouds (OPAC) 4.0b      
#           --------------------------------------------------------
# continental polluted          
#  3 components
#  1 relative humidities
# 17 wavelengths
#----------------------------------------------------------------------------
# RH  COMP NUMBER    VOLUME    MASS      DENSITY  NUM.MIX  VOL.MIX   MAS.MIX
# [%]     [1/cm^3]  [um^3/m^3] [ug/m^3]  [g/cm^3] RATIO    RATIO     RATIO
#----------------------------------------------------------------------------
# 95. inso 6.000E-01 7.120E+06 1.424E+01 2.00    1.200E-05 8.168E-02 1.374E-01
#     waso 1.570E+04 7.800E+07 8.736E+01 1.12    3.140E-01 8.948E-01 8.428E-01
#     soot 3.430E+04 2.051E+06 2.051E+00 1.00    6.860E-01 2.353E-02 1.979E-02
#----------------------------------------------------------------------------
# only particles up to   7.5 micrometer radius are considered for mass
# 112 scattering angles for phase functions below:
#     0.000     0.100     0.200     0.300     0.400     0.500     0.600     0.700
#     0.800     0.900     1.000     1.100     1.200     1.300     1.400     1.500
#     1.600     1.700     1.800     1.900     2.000     3.000     4.000     5.000
#     6.000     8.000    10.000    12.000    14.000    16.000    18.000    20.000
#    22.000    24.000    26.000    28.000    30.000    32.000    34.000    36.000
#    38.000    40.000    42.000    44.000    46.000    48.000    50.000    52.000
#    54.000    56.000    58.000    60.000    62.000    64.000    66.000    68.000
#    70.000    72.000    74.000    76.000    78.000    80.000    82.000    84.000
#    86.000    88.000    90.000    92.000    94.000    96.000    98.000   100.000
#   102.000   104.000   106.000   108.000   110.000   112.000   114.000   116.000
#   118.000   120.000   122.000   124.000   126.000   128.000   130.000   132.000
#   134.000   136.000   138.000   140.000   142.000   144.000   146.000   148.000
#   150.000   152.000   154.000   156.000   158.000   160.000   162.000   164.000
#   166.000   168.000   170.000   172.000   174.000   176.000   178.000   180.000
#============================================================================
# 95.% relative humidity 
# wavel.    ext.coef  sca.coef  abs.coef  sisc.alb  op.depth
#  [um]      [1/km]    [1/km]    [1/km]                     
 3.500E-01 5.479E-01 5.181E-01 2.976E-02 9.457E-01 1.643E-01
   phase function [1/km]
 2.677E+00 2.635E+00 2.518E+00 2.354E+00 2.176E+00 2.009E+00 1.870E+00 1.759E+00 1.670E+00 1.599E+00 1.539E+00 1.488E+00 1.445E+00 1.408E+00 1.376E+00 1.348E+00 1.323E+00 1.300E+00 1.280E+00 1.261E+00
 1.244E+00 1.120E+00 1.030E+00 9.524E-01 8.822E-01 7.577E-01 6.518E-01 5.613E-01 4.837E-01 4.171E-01 3.598E-01 3.108E-01 2.686E-01 2.325E-01 2.014E-01 1.747E-01 1.517E-01 1.319E-01 1.149E-01 1.003E-01
 8.777E-02 7.691E-02 6.752E-02 5.945E-02 5.246E-02 4.642E-02 4.112E-02 3.655E-02 3.257E-02 2.912E-02 2.608E-02 2.341E-02 2.107E-02 1.903E-02 1.724E-02 1.565E-02 1.425E-02 1.302E-02 1.192E-02 1.095E-02
 1.009E-02 9.328E-03 8.654E-03 8.050E-03 7.513E-03 7.037E-03 6.613E-03 6.235E-03 5.900E-03 5.603E-03 5.343E-03 5.113E-03 4.911E-03 4.734E-03 4.579E-03 4.450E-03 4.342E-03 4.253E-03 4.186E-03 4.138E-03
 4.106E-03 4.089E-03 4.092E-03 4.114E-03 4.152E-03 4.208E-03 4.287E-03 4.386E-03 4.505E-03 4.649E-03 4.822E-03 5.010E-03 5.213E-03 5.442E-03 5.697E-03 5.966E-03 6.230E-03 6.485E-03 6.743E-03 7.000E-03
 7.228E-03 7.413E-03 7.538E-03 7.570E-03 7.482E-03 7.248E-03 6.885E-03 6.550E-03 6.505E-03 6.883E-03 7.497E-03 7.844E-03
# wavel.    ext.coef  sca.coef  abs.coef  sisc.alb  op.depth
#  [um]      [1/km]    [1/km]    [1/km]                     
 4.000E-01 4.857E-01 4.597E-01 2.610E-02 9.462E-01 1.453E-01
   phase function [1/km]
 2.095E+00 2.070E+00 1.999E+00 1.896E+00 1.777E+00 1.658E+00 1.551E+00 1.461E+00 1.387E+00 1.326E+00 1.276E+00 1.233E+00 1.197E+00 1.165E+00 1.137E+00 1.112E+00 1.091E+00 1.071E+00 1.054E+00 1.038E+00
 1.024E+00 9.213E-01 8.520E-01 7.937E-01 7.407E-01 6.454E-01 5.617E-01 4.881E-01 4.239E-01 3.678E-01 3.192E-01 2.769E-01 2.403E-01 2.085E-01 1.810E-01 1.573E-01 1.369E-01 1.193E-01 1.041E-01 9.095E-02
 7.962E-02 6.986E-02 6.143E-02 5.411E-02 4.776E-02 4.227E-02 3.750E-02 3.335E-02 2.973E-02 2.656E-02 2.378E-02 2.137E-02 1.925E-02 1.737E-02 1.573E-02 1.428E-02 1.300E-02 1.186E-02 1.086E-02 9.977E-03
 9.194E-03 8.492E-03 7.866E-03 7.315E-03 6.827E-03 6.391E-03 6.004E-03 5.659E-03 5.354E-03 5.084E-03 4.844E-03 4.632E-03 4.448E-03 4.286E-03 4.147E-03 4.027E-03 3.928E-03 3.845E-03 3.777E-03 3.725E-03
 3.690E-03 3.675E-03 3.672E-03 3.686E-03 3.714E-03 3.758E-03 3.818E-03 3.897E-03 3.992E-03 4.102E-03 4.230E-03 4.375E-03 4.541E-03 4.721E-03 4.912E-03 5.109E-03 5.314E-03 5.527E-03 5.733E-03 5.924E-03
 6.100E-03 6.250E-03 6.357E-03 6.398E-03 6.332E-03 6.155E-03 5.909E-03 5.705E-03 5.691E-03 5.956E-03 6.382E-03 6.627E-03
# wavel.    ext.coef  sca.coef  abs.coef  sisc.alb  op.depth
#  [um]      [1/km]    [1/km]    [1/km]                     
 4.500E-01 4.324E-01 4.093E-01 2.311E-02 9.466E-01 1.290E-01
   phase function [1/km]
 1.685E+00 1.669E+00 1.624E+00 1.556E+00 1.475E+00 1.389E+00 1.308E+00 1.235E+00 1.173E+00 1.121E+00 1.078E+00 1.042E+00 1.010E+00 9.825E-01 9.581E-01 9.365E-01 9.175E-01 9.005E-01 8.853E-01 8.714E-01
 8.588E-01 7.712E-01 7.147E-01 6.685E-01 6.267E-01 5.515E-01 4.842E-01 4.242E-01 3.709E-01 3.236E-01 2.823E-01 2.458E-01 2.141E-01 1.865E-01 1.625E-01 1.416E-01 1.235E-01 1.078E-01 9.430E-02 8.258E-02
 7.242E-02 6.363E-02 5.603E-02 4.943E-02 4.370E-02 3.870E-02 3.438E-02 3.060E-02 2.730E-02 2.439E-02 2.186E-02 1.964E-02 1.770E-02 1.599E-02 1.448E-02 1.314E-02 1.197E-02 1.092E-02 1.000E-02 9.185E-03
 8.462E-03 7.815E-03 7.235E-03 6.725E-03 6.275E-03 5.873E-03 5.512E-03 5.194E-03 4.911E-03 4.657E-03 4.433E-03 4.240E-03 4.072E-03 3.922E-03 3.791E-03 3.680E-03 3.587E-03 3.509E-03 3.445E-03 3.399E-03
 3.365E-03 3.345E-03 3.339E-03 3.346E-03 3.366E-03 3.400E-03 3.447E-03 3.511E-03 3.588E-03 3.678E-03 3.781E-03 3.900E-03 4.034E-03 4.180E-03 4.333E-03 4.490E-03 4.654E-03 4.820E-03 4.991E-03 5.154E-03
 5.304E-03 5.429E-03 5.511E-03 5.536E-03 5.498E-03 5.394E-03 5.237E-03 5.096E-03 5.093E-03 5.297E-03 5.607E-03 5.782E-03
# wavel.    ext.coef  sca.coef  abs.coef  sisc.alb  op.depth
#  [um]      [1/km]    [1/km]    [1/km]                     
 5.000E-01 3.854E-01 3.648E-01 2.063E-02 9.464E-01 1.148E-01
   phase function [1/km]
 1.380E+00 1.370E+00 1.340E+00 1.293E+00 1.236E+00 1.174E+00 1.112E+00 1.054E+00 1.003E+00 9.585E-01 9.208E-01 8.890E-01 8.614E-01 8.373E-01 8.161E-01 7.972E-01 7.802E-01 7.652E-01 7.515E-01 7.392E-01
 7.280E-01 6.515E-01 6.042E-01 5.668E-01 5.335E-01 4.732E-01 4.184E-01 3.690E-01 3.243E-01 2.845E-01 2.493E-01 2.180E-01 1.905E-01 1.666E-01 1.455E-01 1.271E-01 1.112E-01 9.732E-02 8.527E-02 7.480E-02
 6.572E-02 5.786E-02 5.103E-02 4.507E-02 3.990E-02 3.539E-02 3.146E-02 2.802E-02 2.501E-02 2.238E-02 2.008E-02 1.805E-02 1.627E-02 1.470E-02 1.331E-02 1.209E-02 1.101E-02 1.005E-02 9.202E-03 8.450E-03
 7.779E-03 7.186E-03 6.658E-03 6.188E-03 5.770E-03 5.397E-03 5.065E-03 4.771E-03 4.511E-03 4.281E-03 4.076E-03 3.894E-03 3.734E-03 3.594E-03 3.475E-03 3.372E-03 3.284E-03 3.212E-03 3.152E-03 3.105E-03
 3.072E-03 3.053E-03 3.044E-03 3.048E-03 3.062E-03 3.090E-03 3.128E-03 3.177E-03 3.239E-03 3.313E-03 3.398E-03 3.494E-03 3.602E-03 3.719E-03 3.846E-03 3.976E-03 4.112E-03 4.255E-03 4.393E-03 4.520E-03
 4.635E-03 4.739E-03 4.821E-03 4.859E-03 4.830E-03 4.742E-03 4.626E-03 4.541E-03 4.571E-03 4.744E-03 4.980E-03 5.111E-03
# wavel.    ext.coef  sca.coef  abs.coef  sisc.alb  op.depth
#  [um]      [1/km]    [1/km]    [1/km]                     
 5.500E-01 3.441E-01 3.253E-01 1.882E-02 9.453E-01 1.024E-01
   phase function [1/km]
 1.150E+00 1.143E+00 1.122E+00 1.089E+00 1.048E+00 1.002E+00 9.549E-01 9.089E-01 8.666E-01 8.289E-01 7.962E-01 7.680E-01 7.436E-01 7.224E-01 7.037E-01 6.870E-01 6.720E-01 6.583E-01 6.460E-01 6.349E-01
 6.248E-01 5.564E-01 5.155E-01 4.842E-01 4.568E-01 4.073E-01 3.625E-01 3.213E-01 2.838E-01 2.501E-01 2.199E-01 1.931E-01 1.693E-01 1.484E-01 1.300E-01 1.139E-01 9.985E-02 8.761E-02 7.693E-02 6.763E-02
 5.953E-02 5.249E-02 4.638E-02 4.102E-02 3.636E-02 3.230E-02 2.875E-02 2.564E-02 2.291E-02 2.052E-02 1.842E-02 1.658E-02 1.495E-02 1.351E-02 1.224E-02 1.112E-02 1.013E-02 9.252E-03 8.473E-03 7.781E-03
 7.165E-03 6.618E-03 6.130E-03 5.696E-03 5.310E-03 4.967E-03 4.661E-03 4.390E-03 4.148E-03 3.935E-03 3.745E-03 3.578E-03 3.430E-03 3.302E-03 3.191E-03 3.095E-03 3.014E-03 2.946E-03 2.890E-03 2.845E-03
 2.813E-03 2.792E-03 2.783E-03 2.783E-03 2.793E-03 2.814E-03 2.844E-03 2.884E-03 2.935E-03 2.995E-03 3.064E-03 3.144E-03 3.233E-03 3.330E-03 3.433E-03 3.541E-03 3.655E-03 3.771E-03 3.886E-03 3.995E-03
 4.097E-03 4.187E-03 4.255E-03 4.289E-03 4.277E-03 4.224E-03 4.151E-03 4.103E-03 4.136E-03 4.272E-03 4.451E-03 4.552E-03
# wavel.    ext.coef  sca.coef  abs.coef  sisc.alb  op.depth
#  [um]      [1/km]    [1/km]    [1/km]                     
 6.000E-01 3.089E-01 2.918E-01 1.705E-02 9.448E-01 9.170E-02
   phase function [1/km]
 9.723E-01 9.672E-01 9.521E-01 9.284E-01 8.982E-01 8.636E-01 8.270E-01 7.906E-01 7.560E-01 7.242E-01 6.957E-01 6.708E-01 6.490E-01 6.299E-01 6.132E-01 5.983E-01 5.850E-01 5.728E-01 5.617E-01 5.516E-01
 5.424E-01 4.805E-01 4.444E-01 4.174E-01 3.942E-01 3.528E-01 3.155E-01 2.810E-01 2.494E-01 2.206E-01 1.948E-01 1.716E-01 1.509E-01 1.327E-01 1.166E-01 1.025E-01 9.004E-02 7.918E-02 6.969E-02 6.142E-02
 5.419E-02 4.786E-02 4.235E-02 3.753E-02 3.333E-02 2.965E-02 2.642E-02 2.359E-02 2.111E-02 1.893E-02 1.700E-02 1.531E-02 1.382E-02 1.250E-02 1.134E-02 1.030E-02 9.390E-03 8.579E-03 7.857E-03 7.217E-03
 6.648E-03 6.140E-03 5.690E-03 5.287E-03 4.930E-03 4.610E-03 4.325E-03 4.073E-03 3.848E-03 3.649E-03 3.472E-03 3.317E-03 3.181E-03 3.061E-03 2.956E-03 2.866E-03 2.790E-03 2.727E-03 2.676E-03 2.634E-03
 2.604E-03 2.583E-03 2.572E-03 2.569E-03 2.578E-03 2.593E-03 2.618E-03 2.652E-03 2.694E-03 2.745E-03 2.806E-03 2.872E-03 2.947E-03 3.029E-03 3.117E-03 3.211E-03 3.308E-03 3.406E-03 3.504E-03 3.601E-03
 3.694E-03 3.770E-03 3.825E-03 3.856E-03 3.861E-03 3.835E-03 3.790E-03 3.761E-03 3.797E-03 3.910E-03 4.050E-03 4.127E-03
# wavel.    ext.coef  sca.coef  abs.coef  sisc.alb  op.depth
#  [um]      [1/km]    [1/km]    [1/km]                     
 6.500E-01 2.782E-01 2.623E-01 1.598E-02 9.426E-01 8.247E-02
   phase function [1/km]
 8.304E-01 8.266E-01 8.156E-01 7.981E-01 7.754E-01 7.488E-01 7.204E-01 6.913E-01 6.629E-01 6.361E-01 6.117E-01 5.898E-01 5.702E-01 5.531E-01 5.380E-01 5.245E-01 5.124E-01 5.016E-01 4.915E-01 4.823E-01
 4.739E-01 4.176E-01 3.852E-01 3.615E-01 3.417E-01 3.070E-01 2.755E-01 2.465E-01 2.196E-01 1.950E-01 1.727E-01 1.526E-01 1.347E-01 1.187E-01 1.046E-01 9.215E-02 8.118E-02 7.155E-02 6.313E-02 5.574E-02
 4.927E-02 4.361E-02 3.866E-02 3.433E-02 3.052E-02 2.719E-02 2.427E-02 2.169E-02 1.943E-02 1.744E-02 1.569E-02 1.414E-02 1.278E-02 1.157E-02 1.049E-02 9.545E-03 8.702E-03 7.953E-03 7.288E-03 6.697E-03
 6.171E-03 5.701E-03 5.280E-03 4.908E-03 4.577E-03 4.282E-03 4.017E-03 3.782E-03 3.574E-03 3.388E-03 3.223E-03 3.079E-03 2.953E-03 2.842E-03 2.745E-03 2.661E-03 2.590E-03 2.531E-03 2.481E-03 2.443E-03
 2.414E-03 2.393E-03 2.381E-03 2.378E-03 2.382E-03 2.396E-03 2.416E-03 2.443E-03 2.480E-03 2.524E-03 2.573E-03 2.631E-03 2.695E-03 2.766E-03 2.840E-03 2.918E-03 3.001E-03 3.086E-03 3.173E-03 3.258E-03
 3.338E-03 3.409E-03 3.463E-03 3.492E-03 3.500E-03 3.489E-03 3.467E-03 3.456E-03 3.491E-03 3.583E-03 3.695E-03 3.759E-03
# wavel.    ext.coef  sca.coef  abs.coef  sisc.alb  op.depth
#  [um]      [1/km]    [1/km]    [1/km]                     
 7.000E-01 2.518E-01 2.372E-01 1.464E-02 9.419E-01 7.450E-02
   phase function [1/km]
 7.167E-01 7.138E-01 7.056E-01 6.923E-01 6.748E-01 6.543E-01 6.319E-01 6.086E-01 5.852E-01 5.629E-01 5.418E-01 5.227E-01 5.053E-01 4.898E-01 4.762E-01 4.640E-01 4.529E-01 4.430E-01 4.339E-01 4.258E-01
 4.180E-01 3.663E-01 3.367E-01 3.158E-01 2.985E-01 2.688E-01 2.420E-01 2.173E-01 1.943E-01 1.731E-01 1.539E-01 1.364E-01 1.208E-01 1.068E-01 9.433E-02 8.331E-02 7.359E-02 6.502E-02 5.749E-02 5.087E-02
 4.506E-02 3.998E-02 3.549E-02 3.157E-02 2.812E-02 2.508E-02 2.243E-02 2.008E-02 1.801E-02 1.618E-02 1.457E-02 1.315E-02 1.189E-02 1.077E-02 9.780E-03 8.901E-03 8.120E-03 7.425E-03 6.807E-03 6.258E-03
 5.768E-03 5.330E-03 4.940E-03 4.592E-03 4.283E-03 4.007E-03 3.760E-03 3.540E-03 3.346E-03 3.172E-03 3.018E-03 2.884E-03 2.765E-03 2.662E-03 2.570E-03 2.493E-03 2.427E-03 2.370E-03 2.324E-03 2.287E-03
 2.259E-03 2.238E-03 2.227E-03 2.223E-03 2.225E-03 2.236E-03 2.254E-03 2.277E-03 2.308E-03 2.346E-03 2.389E-03 2.441E-03 2.497E-03 2.558E-03 2.623E-03 2.692E-03 2.764E-03 2.841E-03 2.918E-03 2.992E-03
 3.064E-03 3.129E-03 3.180E-03 3.209E-03 3.222E-03 3.221E-03 3.212E-03 3.212E-03 3.251E-03 3.330E-03 3.423E-03 3.476E-03
# wavel.    ext.coef  sca.coef  abs.coef  sisc.alb  op.depth
#  [um]      [1/km]    [1/km]    [1/km]                     
 7.500E-01 2.282E-01 2.142E-01 1.400E-02 9.386E-01 6.745E-02
   phase function [1/km]
 6.231E-01 6.209E-01 6.146E-01 6.044E-01 5.909E-01 5.747E-01 5.568E-01 5.379E-01 5.188E-01 5.000E-01 4.821E-01 4.654E-01 4.500E-01 4.361E-01 4.235E-01 4.124E-01 4.023E-01 3.933E-01 3.851E-01 3.774E-01
 3.706E-01 3.227E-01 2.957E-01 2.769E-01 2.617E-01 2.361E-01 2.131E-01 1.918E-01 1.720E-01 1.537E-01 1.370E-01 1.218E-01 1.081E-01 9.582E-02 8.487E-02 7.512E-02 6.651E-02 5.890E-02 5.218E-02 4.627E-02
 4.108E-02 3.650E-02 3.247E-02 2.891E-02 2.580E-02 2.305E-02 2.063E-02 1.849E-02 1.661E-02 1.494E-02 1.347E-02 1.216E-02 1.101E-02 9.980E-03 9.068E-03 8.258E-03 7.539E-03 6.899E-03 6.327E-03 5.818E-03
 5.365E-03 4.960E-03 4.597E-03 4.275E-03 3.989E-03 3.732E-03 3.503E-03 3.300E-03 3.119E-03 2.957E-03 2.815E-03 2.689E-03 2.578E-03 2.481E-03 2.397E-03 2.324E-03 2.261E-03 2.208E-03 2.167E-03 2.132E-03
 2.105E-03 2.086E-03 2.075E-03 2.069E-03 2.071E-03 2.080E-03 2.094E-03 2.115E-03 2.142E-03 2.174E-03 2.212E-03 2.255E-03 2.304E-03 2.357E-03 2.414E-03 2.476E-03 2.541E-03 2.606E-03 2.674E-03 2.742E-03
 2.807E-03 2.863E-03 2.908E-03 2.941E-03 2.958E-03 2.965E-03 2.965E-03 2.975E-03 3.013E-03 3.079E-03 3.151E-03 3.195E-03
# wavel.    ext.coef  sca.coef  abs.coef  sisc.alb  op.depth
#  [um]      [1/km]    [1/km]    [1/km]                     
 8.000E-01 2.063E-01 1.929E-01 1.343E-02 9.349E-01 6.084E-02
   phase function [1/km]
 5.452E-01 5.435E-01 5.386E-01 5.306E-01 5.199E-01 5.072E-01 4.928E-01 4.773E-01 4.615E-01 4.457E-01 4.303E-01 4.158E-01 4.022E-01 3.898E-01 3.785E-01 3.682E-01 3.590E-01 3.507E-01 3.429E-01 3.361E-01
 3.296E-01 2.855E-01 2.607E-01 2.437E-01 2.301E-01 2.075E-01 1.877E-01 1.693E-01 1.522E-01 1.364E-01 1.218E-01 1.085E-01 9.655E-02 8.576E-02 7.612E-02 6.752E-02 5.989E-02 5.314E-02 4.716E-02 4.188E-02
 3.723E-02 3.314E-02 2.952E-02 2.634E-02 2.353E-02 2.105E-02 1.886E-02 1.692E-02 1.521E-02 1.370E-02 1.236E-02 1.117E-02 1.012E-02 9.179E-03 8.347E-03 7.606E-03 6.947E-03 6.359E-03 5.835E-03 5.367E-03
 4.950E-03 4.579E-03 4.248E-03 3.951E-03 3.685E-03 3.449E-03 3.238E-03 3.051E-03 2.883E-03 2.736E-03 2.605E-03 2.489E-03 2.386E-03 2.297E-03 2.219E-03 2.151E-03 2.094E-03 2.045E-03 2.005E-03 1.974E-03
 1.949E-03 1.932E-03 1.920E-03 1.916E-03 1.916E-03 1.923E-03 1.935E-03 1.954E-03 1.976E-03 2.005E-03 2.036E-03 2.075E-03 2.117E-03 2.163E-03 2.213E-03 2.266E-03 2.323E-03 2.380E-03 2.440E-03 2.500E-03
 2.557E-03 2.609E-03 2.654E-03 2.684E-03 2.702E-03 2.707E-03 2.711E-03 2.726E-03 2.764E-03 2.821E-03 2.880E-03 2.916E-03
# wavel.    ext.coef  sca.coef  abs.coef  sisc.alb  op.depth
#  [um]      [1/km]    [1/km]    [1/km]                     
 9.000E-01 1.725E-01 1.600E-01 1.255E-02 9.272E-01 5.076E-02
   phase function [1/km]
 4.269E-01 4.259E-01 4.227E-01 4.175E-01 4.107E-01 4.024E-01 3.927E-01 3.823E-01 3.713E-01 3.600E-01 3.487E-01 3.378E-01 3.273E-01 3.174E-01 3.082E-01 2.997E-01 2.918E-01 2.847E-01 2.781E-01 2.722E-01
 2.667E-01 2.287E-01 2.071E-01 1.926E-01 1.815E-01 1.636E-01 1.484E-01 1.343E-01 1.213E-01 1.092E-01 9.801E-02 8.775E-02 7.843E-02 6.998E-02 6.239E-02 5.558E-02 4.952E-02 4.411E-02 3.931E-02 3.505E-02
 3.126E-02 2.792E-02 2.496E-02 2.233E-02 2.000E-02 1.795E-02 1.613E-02 1.451E-02 1.308E-02 1.180E-02 1.067E-02 9.662E-03 8.765E-03 7.967E-03 7.257E-03 6.621E-03 6.056E-03 5.551E-03 5.099E-03 4.695E-03
 4.334E-03 4.012E-03 3.725E-03 3.467E-03 3.238E-03 3.031E-03 2.848E-03 2.685E-03 2.540E-03 2.411E-03 2.296E-03 2.196E-03 2.106E-03 2.027E-03 1.959E-03 1.901E-03 1.851E-03 1.809E-03 1.774E-03 1.745E-03
 1.724E-03 1.709E-03 1.698E-03 1.693E-03 1.692E-03 1.697E-03 1.706E-03 1.720E-03 1.739E-03 1.761E-03 1.787E-03 1.816E-03 1.850E-03 1.887E-03 1.929E-03 1.972E-03 2.018E-03 2.065E-03 2.114E-03 2.164E-03
 2.213E-03 2.259E-03 2.298E-03 2.329E-03 2.346E-03 2.357E-03 2.371E-03 2.394E-03 2.430E-03 2.476E-03 2.522E-03 2.552E-03
# wavel.    ext.coef  sca.coef  abs.coef  sisc.alb  op.depth
#  [um]      [1/km]    [1/km]    [1/km]                     
 1.000E+00 1.458E-01 1.341E-01 1.170E-02 9.197E-01 4.277E-02
   phase function [1/km]
 3.419E-01 3.412E-01 3.391E-01 3.357E-01 3.311E-01 3.253E-01 3.187E-01 3.114E-01 3.036E-01 2.954E-01 2.871E-01 2.788E-01 2.707E-01 2.629E-01 2.554E-01 2.484E-01 2.418E-01 2.357E-01 2.301E-01 2.249E-01
 2.201E-01 1.869E-01 1.678E-01 1.552E-01 1.457E-01 1.311E-01 1.190E-01 1.081E-01 9.792E-02 8.848E-02 7.974E-02 7.169E-02 6.433E-02 5.764E-02 5.160E-02 4.614E-02 4.127E-02 3.690E-02 3.300E-02 2.952E-02
 2.643E-02 2.368E-02 2.124E-02 1.905E-02 1.711E-02 1.540E-02 1.387E-02 1.251E-02 1.130E-02 1.022E-02 9.260E-03 8.401E-03 7.635E-03 6.952E-03 6.343E-03 5.796E-03 5.307E-03 4.871E-03 4.481E-03 4.130E-03
 3.817E-03 3.537E-03 3.287E-03 3.062E-03 2.861E-03 2.682E-03 2.521E-03 2.379E-03 2.252E-03 2.138E-03 2.038E-03 1.950E-03 1.872E-03 1.804E-03 1.744E-03 1.694E-03 1.648E-03 1.612E-03 1.582E-03 1.557E-03
 1.538E-03 1.524E-03 1.515E-03 1.510E-03 1.510E-03 1.513E-03 1.521E-03 1.532E-03 1.547E-03 1.566E-03 1.587E-03 1.612E-03 1.640E-03 1.671E-03 1.703E-03 1.741E-03 1.780E-03 1.819E-03 1.861E-03 1.905E-03
 1.948E-03 1.987E-03 2.022E-03 2.050E-03 2.071E-03 2.087E-03 2.106E-03 2.130E-03 2.160E-03 2.198E-03 2.232E-03 2.256E-03
# wavel.    ext.coef  sca.coef  abs.coef  sisc.alb  op.depth
#  [um]      [1/km]    [1/km]    [1/km]                     
 1.250E+00 9.865E-02 8.888E-02 9.780E-03 9.008E-01 2.874E-02
   phase function [1/km]
 2.118E-01 2.115E-01 2.106E-01 2.091E-01 2.071E-01 2.047E-01 2.017E-01 1.984E-01 1.947E-01 1.907E-01 1.866E-01 1.823E-01 1.780E-01 1.736E-01 1.693E-01 1.650E-01 1.609E-01 1.569E-01 1.531E-01 1.495E-01
 1.461E-01 1.213E-01 1.068E-01 9.719E-02 9.020E-02 8.014E-02 7.249E-02 6.594E-02 6.002E-02 5.456E-02 4.951E-02 4.484E-02 4.055E-02 3.661E-02 3.303E-02 2.977E-02 2.682E-02 2.415E-02 2.176E-02 1.960E-02
 1.766E-02 1.593E-02 1.437E-02 1.297E-02 1.172E-02 1.060E-02 9.602E-03 8.704E-03 7.897E-03 7.174E-03 6.526E-03 5.946E-03 5.425E-03 4.959E-03 4.537E-03 4.160E-03 3.822E-03 3.517E-03 3.244E-03 2.999E-03
 2.779E-03 2.580E-03 2.404E-03 2.244E-03 2.103E-03 1.974E-03 1.861E-03 1.758E-03 1.668E-03 1.588E-03 1.516E-03 1.454E-03 1.399E-03 1.351E-03 1.309E-03 1.273E-03 1.242E-03 1.217E-03 1.195E-03 1.178E-03
 1.165E-03 1.156E-03 1.150E-03 1.147E-03 1.147E-03 1.150E-03 1.156E-03 1.164E-03 1.174E-03 1.187E-03 1.202E-03 1.220E-03 1.239E-03 1.261E-03 1.284E-03 1.310E-03 1.337E-03 1.367E-03 1.398E-03 1.429E-03
 1.459E-03 1.488E-03 1.512E-03 1.530E-03 1.541E-03 1.546E-03 1.550E-03 1.557E-03 1.569E-03 1.586E-03 1.603E-03 1.618E-03
# wavel.    ext.coef  sca.coef  abs.coef  sisc.alb  op.depth
#  [um]      [1/km]    [1/km]    [1/km]                     
 1.500E+00 7.127E-02 6.268E-02 8.586E-03 8.796E-01 2.062E-02
   phase function [1/km]
 1.431E-01 1.429E-01 1.425E-01 1.417E-01 1.408E-01 1.395E-01 1.380E-01 1.362E-01 1.344E-01 1.322E-01 1.300E-01 1.276E-01 1.251E-01 1.226E-01 1.200E-01 1.174E-01 1.149E-01 1.123E-01 1.098E-01 1.073E-01
 1.049E-01 8.614E-02 7.466E-02 6.691E-02 6.135E-02 5.362E-02 4.809E-02 4.362E-02 3.971E-02 3.619E-02 3.297E-02 3.000E-02 2.727E-02 2.475E-02 2.246E-02 2.037E-02 1.845E-02 1.671E-02 1.513E-02 1.371E-02
 1.242E-02 1.126E-02 1.021E-02 9.262E-03 8.409E-03 7.640E-03 6.946E-03 6.323E-03 5.759E-03 5.253E-03 4.796E-03 4.385E-03 4.014E-03 3.680E-03 3.379E-03 3.106E-03 2.862E-03 2.642E-03 2.443E-03 2.263E-03
 2.102E-03 1.958E-03 1.828E-03 1.710E-03 1.606E-03 1.512E-03 1.428E-03 1.353E-03 1.287E-03 1.227E-03 1.175E-03 1.129E-03 1.089E-03 1.053E-03 1.023E-03 9.970E-04 9.749E-04 9.566E-04 9.417E-04 9.300E-04
 9.213E-04 9.152E-04 9.115E-04 9.101E-04 9.109E-04 9.140E-04 9.189E-04 9.258E-04 9.344E-04 9.448E-04 9.569E-04 9.705E-04 9.858E-04 1.003E-03 1.021E-03 1.040E-03 1.061E-03 1.081E-03 1.102E-03 1.122E-03
 1.142E-03 1.161E-03 1.178E-03 1.191E-03 1.201E-03 1.204E-03 1.204E-03 1.204E-03 1.208E-03 1.217E-03 1.231E-03 1.243E-03
# wavel.    ext.coef  sca.coef  abs.coef  sisc.alb  op.depth
#  [um]      [1/km]    [1/km]    [1/km]                     
 1.750E+00 5.075E-02 4.395E-02 6.798E-03 8.661E-01 1.454E-02
   phase function [1/km]
 1.025E-01 1.024E-01 1.021E-01 1.017E-01 1.012E-01 1.004E-01 9.959E-02 9.863E-02 9.754E-02 9.634E-02 9.500E-02 9.361E-02 9.209E-02 9.054E-02 8.895E-02 8.732E-02 8.567E-02 8.400E-02 8.232E-02 8.067E-02
 7.901E-02 6.481E-02 5.542E-02 4.903E-02 4.435E-02 3.794E-02 3.352E-02 3.010E-02 2.722E-02 2.470E-02 2.245E-02 2.041E-02 1.854E-02 1.684E-02 1.529E-02 1.388E-02 1.259E-02 1.143E-02 1.037E-02 9.417E-03
 8.550E-03 7.768E-03 7.061E-03 6.422E-03 5.845E-03 5.323E-03 4.853E-03 4.427E-03 4.042E-03 3.695E-03 3.383E-03 3.099E-03 2.843E-03 2.612E-03 2.404E-03 2.214E-03 2.044E-03 1.891E-03 1.752E-03 1.628E-03
 1.515E-03 1.414E-03 1.323E-03 1.241E-03 1.167E-03 1.102E-03 1.043E-03 9.909E-04 9.445E-04 9.036E-04 8.674E-04 8.356E-04 8.078E-04 7.839E-04 7.634E-04 7.459E-04 7.312E-04 7.194E-04 7.099E-04 7.027E-04
 6.978E-04 6.945E-04 6.931E-04 6.933E-04 6.953E-04 6.986E-04 7.032E-04 7.091E-04 7.162E-04 7.246E-04 7.342E-04 7.441E-04 7.549E-04 7.661E-04 7.775E-04 7.892E-04 8.009E-04 8.122E-04 8.230E-04 8.339E-04
 8.449E-04 8.563E-04 8.681E-04 8.798E-04 8.907E-04 8.990E-04 9.027E-04 9.016E-04 9.012E-04 9.073E-04 9.202E-04 9.299E-04
# wavel.    ext.coef  sca.coef  abs.coef  sisc.alb  op.depth
#  [um]      [1/km]    [1/km]    [1/km]                     
 2.000E+00 3.703E-02 3.145E-02 5.578E-03 8.494E-01 1.047E-02
   phase function [1/km]
 7.810E-02 7.805E-02 7.791E-02 7.766E-02 7.732E-02 7.690E-02 7.636E-02 7.576E-02 7.508E-02 7.432E-02 7.349E-02 7.260E-02 7.165E-02 7.065E-02 6.962E-02 6.854E-02 6.744E-02 6.632E-02 6.518E-02 6.403E-02
 6.287E-02 5.213E-02 4.423E-02 3.876E-02 3.466E-02 2.897E-02 2.506E-02 2.212E-02 1.971E-02 1.768E-02 1.591E-02 1.435E-02 1.296E-02 1.171E-02 1.060E-02 9.598E-03 8.697E-03 7.886E-03 7.155E-03 6.499E-03
 5.906E-03 5.371E-03 4.889E-03 4.454E-03 4.060E-03 3.705E-03 3.384E-03 3.095E-03 2.832E-03 2.594E-03 2.380E-03 2.186E-03 2.010E-03 1.849E-03 1.706E-03 1.576E-03 1.458E-03 1.351E-03 1.255E-03 1.169E-03
 1.090E-03 1.020E-03 9.564E-04 8.996E-04 8.483E-04 8.026E-04 7.619E-04 7.256E-04 6.936E-04 6.652E-04 6.401E-04 6.184E-04 5.996E-04 5.833E-04 5.696E-04 5.582E-04 5.487E-04 5.410E-04 5.352E-04 5.310E-04
 5.284E-04 5.270E-04 5.268E-04 5.279E-04 5.299E-04 5.328E-04 5.366E-04 5.408E-04 5.455E-04 5.507E-04 5.561E-04 5.620E-04 5.680E-04 5.741E-04 5.807E-04 5.873E-04 5.943E-04 6.015E-04 6.088E-04 6.162E-04
 6.238E-04 6.313E-04 6.388E-04 6.465E-04 6.542E-04 6.615E-04 6.678E-04 6.706E-04 6.689E-04 6.690E-04 6.770E-04 6.835E-04
# wavel.    ext.coef  sca.coef  abs.coef  sisc.alb  op.depth
#  [um]      [1/km]    [1/km]    [1/km]                     
 2.500E+00 2.079E-02 1.586E-02 4.930E-03 7.629E-01 5.889E-03
   phase function [1/km]
 5.002E-02 5.000E-02 4.993E-02 4.983E-02 4.968E-02 4.949E-02 4.925E-02 4.898E-02 4.867E-02 4.832E-02 4.794E-02 4.753E-02 4.708E-02 4.661E-02 4.611E-02 4.558E-02 4.503E-02 4.447E-02 4.389E-02 4.329E-02
 4.268E-02 3.635E-02 3.072E-02 2.636E-02 2.303E-02 1.820E-02 1.485E-02 1.239E-02 1.052E-02 9.054E-03 7.882E-03 6.925E-03 6.129E-03 5.457E-03 4.885E-03 4.390E-03 3.960E-03 3.581E-03 3.248E-03 2.950E-03
 2.684E-03 2.448E-03 2.234E-03 2.043E-03 1.869E-03 1.712E-03 1.570E-03 1.441E-03 1.325E-03 1.219E-03 1.123E-03 1.036E-03 9.567E-04 8.847E-04 8.195E-04 7.604E-04 7.067E-04 6.581E-04 6.141E-04 5.743E-04
 5.384E-04 5.059E-04 4.769E-04 4.507E-04 4.272E-04 4.063E-04 3.876E-04 3.711E-04 3.565E-04 3.437E-04 3.325E-04 3.228E-04 3.145E-04 3.075E-04 3.017E-04 2.967E-04 2.929E-04 2.899E-04 2.878E-04 2.861E-04
 2.853E-04 2.849E-04 2.850E-04 2.857E-04 2.868E-04 2.881E-04 2.898E-04 2.918E-04 2.942E-04 2.967E-04 2.995E-04 3.025E-04 3.056E-04 3.089E-04 3.122E-04 3.157E-04 3.192E-04 3.226E-04 3.260E-04 3.295E-04
 3.328E-04 3.362E-04 3.393E-04 3.423E-04 3.453E-04 3.481E-04 3.510E-04 3.536E-04 3.555E-04 3.553E-04 3.555E-04 3.575E-04
 ----------------------------------------------------------------------------
 Visibility:   8.44 [km]
