#            Optical Properties of Aerosols and Clouds (OPAC) 4.0b      
#           --------------------------------------------------------
# continental clean             
#  2 components
#  1 relative humidities
# 17 wavelengths
#----------------------------------------------------------------------------
# RH  COMP NUMBER    VOLUME    MASS      DENSITY  NUM.MIX  VOL.MIX   MAS.MIX
# [%]     [1/cm^3]  [um^3/m^3] [ug/m^3]  [g/cm^3] RATIO    RATIO     RATIO
#----------------------------------------------------------------------------
# 80. inso 1.500E-01 1.780E+06 3.560E+00 2.00    5.769E-05 2.340E-01 3.248E-01
#     waso 2.600E+03 5.827E+06 7.400E+00 1.27    9.999E-01 7.660E-01 6.752E-01
#----------------------------------------------------------------------------
# only particles up to   7.5 micrometer radius are considered for mass
# 112 scattering angles for phase functions below:
#     0.000     0.100     0.200     0.300     0.400     0.500     0.600     0.700
#     0.800     0.900     1.000     1.100     1.200     1.300     1.400     1.500
#     1.600     1.700     1.800     1.900     2.000     3.000     4.000     5.000
#     6.000     8.000    10.000    12.000    14.000    16.000    18.000    20.000
#    22.000    24.000    26.000    28.000    30.000    32.000    34.000    36.000
#    38.000    40.000    42.000    44.000    46.000    48.000    50.000    52.000
#    54.000    56.000    58.000    60.000    62.000    64.000    66.000    68.000
#    70.000    72.000    74.000    76.000    78.000    80.000    82.000    84.000
#    86.000    88.000    90.000    92.000    94.000    96.000    98.000   100.000
#   102.000   104.000   106.000   108.000   110.000   112.000   114.000   116.000
#   118.000   120.000   122.000   124.000   126.000   128.000   130.000   132.000
#   134.000   136.000   138.000   140.000   142.000   144.000   146.000   148.000
#   150.000   152.000   154.000   156.000   158.000   160.000   162.000   164.000
#   166.000   168.000   170.000   172.000   174.000   176.000   178.000   180.000
#============================================================================
# 80.% relative humidity 
# wavel.    ext.coef  sca.coef  abs.coef  sisc.alb  op.depth
#  [um]      [1/km]    [1/km]    [1/km]                     
 3.500E-01 4.379E-02 4.282E-02 9.603E-04 9.781E-01 3.346E-01
   phase function [1/km]
 4.420E-01 4.315E-01 4.023E-01 3.616E-01 3.173E-01 2.762E-01 2.417E-01 2.145E-01 1.931E-01 1.759E-01 1.617E-01 1.499E-01 1.400E-01 1.317E-01 1.247E-01 1.186E-01 1.134E-01 1.088E-01 1.049E-01 1.014E-01
 9.830E-02 8.001E-02 7.130E-02 6.554E-02 6.099E-02 5.342E-02 4.700E-02 4.138E-02 3.642E-02 3.200E-02 2.811E-02 2.469E-02 2.168E-02 1.903E-02 1.671E-02 1.468E-02 1.290E-02 1.135E-02 9.998E-03 8.814E-03
 7.779E-03 6.876E-03 6.087E-03 5.399E-03 4.795E-03 4.269E-03 3.806E-03 3.400E-03 3.044E-03 2.730E-03 2.454E-03 2.211E-03 1.998E-03 1.810E-03 1.641E-03 1.493E-03 1.361E-03 1.244E-03 1.140E-03 1.048E-03
 9.665E-04 8.929E-04 8.272E-04 7.685E-04 7.170E-04 6.707E-04 6.293E-04 5.925E-04 5.593E-04 5.297E-04 5.034E-04 4.804E-04 4.607E-04 4.431E-04 4.275E-04 4.138E-04 4.022E-04 3.927E-04 3.851E-04 3.792E-04
 3.747E-04 3.717E-04 3.703E-04 3.708E-04 3.730E-04 3.763E-04 3.815E-04 3.884E-04 3.973E-04 4.077E-04 4.203E-04 4.348E-04 4.515E-04 4.699E-04 4.901E-04 5.118E-04 5.347E-04 5.587E-04 5.835E-04 6.081E-04
 6.300E-04 6.464E-04 6.543E-04 6.533E-04 6.442E-04 6.282E-04 6.090E-04 5.975E-04 6.048E-04 6.327E-04 6.667E-04 6.849E-04
# wavel.    ext.coef  sca.coef  abs.coef  sisc.alb  op.depth
#  [um]      [1/km]    [1/km]    [1/km]                     
 4.000E-01 3.824E-02 3.739E-02 8.619E-04 9.775E-01 2.922E-01
   phase function [1/km]
 3.420E-01 3.357E-01 3.182E-01 2.925E-01 2.629E-01 2.336E-01 2.071E-01 1.848E-01 1.667E-01 1.521E-01 1.400E-01 1.299E-01 1.212E-01 1.138E-01 1.075E-01 1.020E-01 9.734E-02 9.323E-02 8.958E-02 8.639E-02
 8.353E-02 6.665E-02 5.888E-02 5.405E-02 5.037E-02 4.444E-02 3.944E-02 3.496E-02 3.097E-02 2.740E-02 2.422E-02 2.138E-02 1.885E-02 1.662E-02 1.465E-02 1.291E-02 1.138E-02 1.004E-02 8.866E-03 7.834E-03
 6.931E-03 6.138E-03 5.444E-03 4.837E-03 4.303E-03 3.834E-03 3.423E-03 3.061E-03 2.744E-03 2.465E-03 2.218E-03 2.000E-03 1.807E-03 1.636E-03 1.485E-03 1.351E-03 1.233E-03 1.127E-03 1.033E-03 9.496E-04
 8.746E-04 8.085E-04 7.495E-04 6.968E-04 6.495E-04 6.070E-04 5.693E-04 5.358E-04 5.062E-04 4.799E-04 4.564E-04 4.353E-04 4.165E-04 4.001E-04 3.861E-04 3.740E-04 3.636E-04 3.546E-04 3.474E-04 3.415E-04
 3.376E-04 3.347E-04 3.330E-04 3.329E-04 3.341E-04 3.367E-04 3.409E-04 3.462E-04 3.530E-04 3.611E-04 3.707E-04 3.820E-04 3.950E-04 4.090E-04 4.248E-04 4.417E-04 4.599E-04 4.786E-04 4.972E-04 5.143E-04
 5.298E-04 5.434E-04 5.525E-04 5.547E-04 5.479E-04 5.354E-04 5.233E-04 5.194E-04 5.286E-04 5.502E-04 5.731E-04 5.862E-04
# wavel.    ext.coef  sca.coef  abs.coef  sisc.alb  op.depth
#  [um]      [1/km]    [1/km]    [1/km]                     
 4.500E-01 3.360E-02 3.281E-02 7.862E-04 9.766E-01 2.567E-01
   phase function [1/km]
 2.727E-01 2.688E-01 2.575E-01 2.406E-01 2.204E-01 1.993E-01 1.791E-01 1.611E-01 1.459E-01 1.332E-01 1.228E-01 1.140E-01 1.065E-01 9.996E-02 9.429E-02 8.936E-02 8.506E-02 8.132E-02 7.801E-02 7.505E-02
 7.243E-02 5.668E-02 4.950E-02 4.522E-02 4.210E-02 3.728E-02 3.324E-02 2.967E-02 2.643E-02 2.352E-02 2.088E-02 1.852E-02 1.640E-02 1.451E-02 1.284E-02 1.135E-02 1.004E-02 8.885E-03 7.867E-03 6.968E-03
 6.179E-03 5.487E-03 4.877E-03 4.342E-03 3.870E-03 3.455E-03 3.090E-03 2.770E-03 2.484E-03 2.233E-03 2.012E-03 1.817E-03 1.644E-03 1.490E-03 1.353E-03 1.232E-03 1.124E-03 1.028E-03 9.432E-04 8.672E-04
 7.997E-04 7.388E-04 6.845E-04 6.364E-04 5.933E-04 5.549E-04 5.205E-04 4.897E-04 4.624E-04 4.380E-04 4.163E-04 3.972E-04 3.802E-04 3.655E-04 3.525E-04 3.414E-04 3.318E-04 3.235E-04 3.168E-04 3.115E-04
 3.073E-04 3.046E-04 3.029E-04 3.026E-04 3.034E-04 3.052E-04 3.083E-04 3.124E-04 3.176E-04 3.242E-04 3.319E-04 3.409E-04 3.513E-04 3.627E-04 3.751E-04 3.886E-04 4.028E-04 4.180E-04 4.331E-04 4.470E-04
 4.603E-04 4.715E-04 4.793E-04 4.814E-04 4.782E-04 4.722E-04 4.663E-04 4.653E-04 4.741E-04 4.914E-04 5.085E-04 5.189E-04
# wavel.    ext.coef  sca.coef  abs.coef  sisc.alb  op.depth
#  [um]      [1/km]    [1/km]    [1/km]                     
 5.000E-01 2.960E-02 2.888E-02 7.227E-04 9.756E-01 2.262E-01
   phase function [1/km]
 2.223E-01 2.198E-01 2.123E-01 2.007E-01 1.865E-01 1.710E-01 1.557E-01 1.414E-01 1.287E-01 1.178E-01 1.087E-01 1.009E-01 9.430E-02 8.858E-02 8.356E-02 7.914E-02 7.523E-02 7.180E-02 6.874E-02 6.604E-02
 6.363E-02 4.892E-02 4.222E-02 3.832E-02 3.557E-02 3.151E-02 2.821E-02 2.529E-02 2.264E-02 2.023E-02 1.804E-02 1.606E-02 1.428E-02 1.268E-02 1.126E-02 9.987E-03 8.861E-03 7.863E-03 6.979E-03 6.200E-03
 5.512E-03 4.905E-03 4.369E-03 3.896E-03 3.481E-03 3.113E-03 2.789E-03 2.501E-03 2.248E-03 2.024E-03 1.826E-03 1.650E-03 1.494E-03 1.355E-03 1.232E-03 1.123E-03 1.025E-03 9.385E-04 8.613E-04 7.919E-04
 7.300E-04 6.750E-04 6.260E-04 5.822E-04 5.426E-04 5.073E-04 4.761E-04 4.479E-04 4.230E-04 4.010E-04 3.813E-04 3.638E-04 3.480E-04 3.344E-04 3.224E-04 3.124E-04 3.036E-04 2.961E-04 2.896E-04 2.848E-04
 2.811E-04 2.784E-04 2.765E-04 2.759E-04 2.763E-04 2.775E-04 2.802E-04 2.835E-04 2.879E-04 2.932E-04 2.995E-04 3.067E-04 3.150E-04 3.245E-04 3.347E-04 3.458E-04 3.574E-04 3.696E-04 3.818E-04 3.935E-04
 4.045E-04 4.143E-04 4.218E-04 4.253E-04 4.241E-04 4.204E-04 4.178E-04 4.197E-04 4.284E-04 4.418E-04 4.543E-04 4.620E-04
# wavel.    ext.coef  sca.coef  abs.coef  sisc.alb  op.depth
#  [um]      [1/km]    [1/km]    [1/km]                     
 5.500E-01 2.619E-02 2.546E-02 7.349E-04 9.719E-01 2.002E-01
   phase function [1/km]
 1.847E-01 1.829E-01 1.777E-01 1.696E-01 1.593E-01 1.479E-01 1.362E-01 1.248E-01 1.144E-01 1.051E-01 9.705E-02 9.017E-02 8.425E-02 7.916E-02 7.468E-02 7.076E-02 6.722E-02 6.407E-02 6.125E-02 5.874E-02
 5.650E-02 4.273E-02 3.642E-02 3.279E-02 3.034E-02 2.682E-02 2.406E-02 2.164E-02 1.944E-02 1.743E-02 1.561E-02 1.394E-02 1.244E-02 1.108E-02 9.864E-03 8.779E-03 7.810E-03 6.950E-03 6.184E-03 5.506E-03
 4.906E-03 4.376E-03 3.905E-03 3.492E-03 3.123E-03 2.799E-03 2.512E-03 2.257E-03 2.032E-03 1.832E-03 1.655E-03 1.497E-03 1.357E-03 1.232E-03 1.121E-03 1.022E-03 9.344E-04 8.558E-04 7.856E-04 7.229E-04
 6.668E-04 6.168E-04 5.720E-04 5.322E-04 4.962E-04 4.639E-04 4.354E-04 4.098E-04 3.871E-04 3.669E-04 3.488E-04 3.328E-04 3.186E-04 3.060E-04 2.954E-04 2.860E-04 2.777E-04 2.710E-04 2.653E-04 2.605E-04
 2.570E-04 2.545E-04 2.528E-04 2.519E-04 2.520E-04 2.531E-04 2.550E-04 2.576E-04 2.611E-04 2.655E-04 2.705E-04 2.767E-04 2.836E-04 2.912E-04 2.996E-04 3.087E-04 3.184E-04 3.284E-04 3.386E-04 3.485E-04
 3.580E-04 3.671E-04 3.741E-04 3.776E-04 3.778E-04 3.768E-04 3.769E-04 3.803E-04 3.883E-04 3.991E-04 4.088E-04 4.156E-04
# wavel.    ext.coef  sca.coef  abs.coef  sisc.alb  op.depth
#  [um]      [1/km]    [1/km]    [1/km]                     
 6.000E-01 2.331E-02 2.263E-02 6.844E-04 9.706E-01 1.781E-01
   phase function [1/km]
 1.559E-01 1.546E-01 1.509E-01 1.450E-01 1.374E-01 1.289E-01 1.198E-01 1.108E-01 1.022E-01 9.433E-02 8.735E-02 8.125E-02 7.594E-02 7.134E-02 6.732E-02 6.377E-02 6.061E-02 5.774E-02 5.518E-02 5.286E-02
 5.078E-02 3.785E-02 3.185E-02 2.845E-02 2.618E-02 2.306E-02 2.070E-02 1.866E-02 1.682E-02 1.513E-02 1.359E-02 1.218E-02 1.090E-02 9.741E-03 8.698E-03 7.762E-03 6.923E-03 6.176E-03 5.512E-03 4.920E-03
 4.393E-03 3.929E-03 3.514E-03 3.147E-03 2.822E-03 2.533E-03 2.276E-03 2.049E-03 1.847E-03 1.668E-03 1.508E-03 1.366E-03 1.240E-03 1.127E-03 1.027E-03 9.373E-04 8.571E-04 7.858E-04 7.218E-04 6.646E-04
 6.137E-04 5.678E-04 5.267E-04 4.901E-04 4.573E-04 4.279E-04 4.016E-04 3.781E-04 3.572E-04 3.384E-04 3.217E-04 3.072E-04 2.941E-04 2.828E-04 2.728E-04 2.640E-04 2.565E-04 2.503E-04 2.451E-04 2.409E-04
 2.375E-04 2.349E-04 2.333E-04 2.326E-04 2.326E-04 2.333E-04 2.348E-04 2.370E-04 2.400E-04 2.438E-04 2.483E-04 2.533E-04 2.592E-04 2.657E-04 2.728E-04 2.803E-04 2.887E-04 2.973E-04 3.063E-04 3.157E-04
 3.247E-04 3.320E-04 3.379E-04 3.417E-04 3.443E-04 3.457E-04 3.475E-04 3.511E-04 3.580E-04 3.666E-04 3.734E-04 3.786E-04
# wavel.    ext.coef  sca.coef  abs.coef  sisc.alb  op.depth
#  [um]      [1/km]    [1/km]    [1/km]                     
 6.500E-01 2.085E-02 2.015E-02 6.938E-04 9.668E-01 1.593E-01
   phase function [1/km]
 1.333E-01 1.323E-01 1.296E-01 1.252E-01 1.196E-01 1.130E-01 1.059E-01 9.872E-02 9.169E-02 8.509E-02 7.906E-02 7.367E-02 6.891E-02 6.475E-02 6.110E-02 5.786E-02 5.497E-02 5.238E-02 5.004E-02 4.791E-02
 4.598E-02 3.383E-02 2.812E-02 2.489E-02 2.278E-02 1.996E-02 1.790E-02 1.616E-02 1.460E-02 1.317E-02 1.186E-02 1.066E-02 9.569E-03 8.576E-03 7.678E-03 6.871E-03 6.145E-03 5.496E-03 4.914E-03 4.398E-03
 3.935E-03 3.524E-03 3.162E-03 2.836E-03 2.547E-03 2.291E-03 2.062E-03 1.860E-03 1.679E-03 1.518E-03 1.374E-03 1.247E-03 1.133E-03 1.031E-03 9.402E-04 8.588E-04 7.862E-04 7.209E-04 6.630E-04 6.109E-04
 5.644E-04 5.225E-04 4.849E-04 4.511E-04 4.214E-04 3.943E-04 3.703E-04 3.487E-04 3.296E-04 3.123E-04 2.969E-04 2.834E-04 2.716E-04 2.613E-04 2.521E-04 2.441E-04 2.373E-04 2.315E-04 2.267E-04 2.227E-04
 2.195E-04 2.172E-04 2.157E-04 2.149E-04 2.149E-04 2.155E-04 2.167E-04 2.184E-04 2.209E-04 2.240E-04 2.278E-04 2.323E-04 2.372E-04 2.428E-04 2.488E-04 2.554E-04 2.626E-04 2.703E-04 2.782E-04 2.861E-04
 2.938E-04 3.014E-04 3.075E-04 3.112E-04 3.138E-04 3.162E-04 3.191E-04 3.232E-04 3.301E-04 3.377E-04 3.441E-04 3.494E-04
# wavel.    ext.coef  sca.coef  abs.coef  sisc.alb  op.depth
#  [um]      [1/km]    [1/km]    [1/km]                     
 7.000E-01 1.875E-02 1.810E-02 6.514E-04 9.652E-01 1.432E-01
   phase function [1/km]
 1.152E-01 1.145E-01 1.124E-01 1.092E-01 1.048E-01 9.974E-02 9.417E-02 8.837E-02 8.260E-02 7.707E-02 7.188E-02 6.716E-02 6.291E-02 5.915E-02 5.580E-02 5.284E-02 5.021E-02 4.783E-02 4.570E-02 4.376E-02
 4.196E-02 3.056E-02 2.511E-02 2.203E-02 2.003E-02 1.745E-02 1.563E-02 1.412E-02 1.278E-02 1.155E-02 1.043E-02 9.402E-03 8.461E-03 7.602E-03 6.824E-03 6.123E-03 5.489E-03 4.923E-03 4.413E-03 3.955E-03
 3.549E-03 3.185E-03 2.861E-03 2.573E-03 2.315E-03 2.086E-03 1.881E-03 1.699E-03 1.536E-03 1.391E-03 1.261E-03 1.145E-03 1.042E-03 9.495E-04 8.664E-04 7.922E-04 7.260E-04 6.664E-04 6.130E-04 5.653E-04
 5.226E-04 4.840E-04 4.495E-04 4.186E-04 3.911E-04 3.663E-04 3.441E-04 3.241E-04 3.064E-04 2.905E-04 2.764E-04 2.639E-04 2.530E-04 2.434E-04 2.349E-04 2.276E-04 2.212E-04 2.158E-04 2.114E-04 2.078E-04
 2.049E-04 2.027E-04 2.012E-04 2.005E-04 2.004E-04 2.009E-04 2.019E-04 2.035E-04 2.056E-04 2.084E-04 2.117E-04 2.156E-04 2.200E-04 2.249E-04 2.302E-04 2.360E-04 2.424E-04 2.494E-04 2.565E-04 2.637E-04
 2.710E-04 2.781E-04 2.840E-04 2.879E-04 2.910E-04 2.940E-04 2.975E-04 3.021E-04 3.086E-04 3.154E-04 3.209E-04 3.260E-04
# wavel.    ext.coef  sca.coef  abs.coef  sisc.alb  op.depth
#  [um]      [1/km]    [1/km]    [1/km]                     
 7.500E-01 1.692E-02 1.625E-02 6.792E-04 9.599E-01 1.292E-01
   phase function [1/km]
 1.005E-01 9.996E-02 9.838E-02 9.583E-02 9.248E-02 8.849E-02 8.404E-02 7.935E-02 7.461E-02 6.996E-02 6.553E-02 6.141E-02 5.763E-02 5.423E-02 5.118E-02 4.847E-02 4.604E-02 4.386E-02 4.189E-02 4.009E-02
 3.847E-02 2.776E-02 2.256E-02 1.962E-02 1.772E-02 1.532E-02 1.369E-02 1.236E-02 1.120E-02 1.014E-02 9.179E-03 8.291E-03 7.477E-03 6.734E-03 6.061E-03 5.449E-03 4.895E-03 4.398E-03 3.953E-03 3.552E-03
 3.192E-03 2.872E-03 2.584E-03 2.328E-03 2.098E-03 1.893E-03 1.710E-03 1.547E-03 1.400E-03 1.269E-03 1.153E-03 1.048E-03 9.543E-04 8.706E-04 7.953E-04 7.278E-04 6.674E-04 6.130E-04 5.645E-04 5.208E-04
 4.817E-04 4.465E-04 4.149E-04 3.867E-04 3.613E-04 3.385E-04 3.181E-04 3.000E-04 2.837E-04 2.690E-04 2.561E-04 2.447E-04 2.346E-04 2.257E-04 2.179E-04 2.111E-04 2.053E-04 2.004E-04 1.964E-04 1.930E-04
 1.903E-04 1.882E-04 1.869E-04 1.862E-04 1.860E-04 1.864E-04 1.873E-04 1.886E-04 1.905E-04 1.930E-04 1.959E-04 1.993E-04 2.031E-04 2.074E-04 2.121E-04 2.173E-04 2.230E-04 2.291E-04 2.356E-04 2.425E-04
 2.494E-04 2.556E-04 2.608E-04 2.651E-04 2.689E-04 2.726E-04 2.765E-04 2.813E-04 2.872E-04 2.929E-04 2.969E-04 3.010E-04
# wavel.    ext.coef  sca.coef  abs.coef  sisc.alb  op.depth
#  [um]      [1/km]    [1/km]    [1/km]                     
 8.000E-01 1.517E-02 1.447E-02 7.001E-04 9.539E-01 1.158E-01
   phase function [1/km]
 8.835E-02 8.793E-02 8.670E-02 8.470E-02 8.206E-02 7.889E-02 7.532E-02 7.149E-02 6.756E-02 6.366E-02 5.987E-02 5.628E-02 5.294E-02 4.988E-02 4.711E-02 4.461E-02 4.238E-02 4.035E-02 3.853E-02 3.687E-02
 3.536E-02 2.533E-02 2.037E-02 1.755E-02 1.574E-02 1.349E-02 1.200E-02 1.082E-02 9.800E-03 8.882E-03 8.045E-03 7.276E-03 6.574E-03 5.930E-03 5.346E-03 4.813E-03 4.334E-03 3.899E-03 3.509E-03 3.158E-03
 2.844E-03 2.561E-03 2.308E-03 2.082E-03 1.879E-03 1.697E-03 1.535E-03 1.390E-03 1.260E-03 1.143E-03 1.039E-03 9.451E-04 8.614E-04 7.863E-04 7.188E-04 6.585E-04 6.040E-04 5.553E-04 5.116E-04 4.723E-04
 4.369E-04 4.052E-04 3.770E-04 3.514E-04 3.285E-04 3.078E-04 2.895E-04 2.729E-04 2.583E-04 2.451E-04 2.334E-04 2.232E-04 2.141E-04 2.060E-04 1.989E-04 1.928E-04 1.876E-04 1.832E-04 1.795E-04 1.765E-04
 1.740E-04 1.722E-04 1.710E-04 1.704E-04 1.701E-04 1.704E-04 1.711E-04 1.724E-04 1.741E-04 1.763E-04 1.788E-04 1.817E-04 1.850E-04 1.888E-04 1.931E-04 1.978E-04 2.029E-04 2.083E-04 2.142E-04 2.206E-04
 2.271E-04 2.328E-04 2.379E-04 2.421E-04 2.452E-04 2.479E-04 2.514E-04 2.560E-04 2.612E-04 2.660E-04 2.693E-04 2.729E-04
# wavel.    ext.coef  sca.coef  abs.coef  sisc.alb  op.depth
#  [um]      [1/km]    [1/km]    [1/km]                     
 9.000E-01 1.264E-02 1.191E-02 7.316E-04 9.421E-01 9.640E-02
   phase function [1/km]
 6.994E-02 6.969E-02 6.889E-02 6.763E-02 6.592E-02 6.384E-02 6.145E-02 5.886E-02 5.612E-02 5.334E-02 5.056E-02 4.786E-02 4.526E-02 4.282E-02 4.055E-02 3.847E-02 3.655E-02 3.481E-02 3.324E-02 3.179E-02
 3.047E-02 2.163E-02 1.711E-02 1.449E-02 1.282E-02 1.078E-02 9.506E-03 8.541E-03 7.733E-03 7.021E-03 6.372E-03 5.783E-03 5.243E-03 4.748E-03 4.295E-03 3.885E-03 3.511E-03 3.172E-03 2.864E-03 2.588E-03
 2.338E-03 2.113E-03 1.911E-03 1.729E-03 1.566E-03 1.418E-03 1.287E-03 1.168E-03 1.061E-03 9.656E-04 8.798E-04 8.021E-04 7.325E-04 6.699E-04 6.136E-04 5.630E-04 5.175E-04 4.765E-04 4.397E-04 4.065E-04
 3.765E-04 3.496E-04 3.254E-04 3.039E-04 2.843E-04 2.667E-04 2.511E-04 2.370E-04 2.245E-04 2.134E-04 2.035E-04 1.947E-04 1.868E-04 1.799E-04 1.739E-04 1.688E-04 1.644E-04 1.606E-04 1.574E-04 1.548E-04
 1.528E-04 1.513E-04 1.503E-04 1.496E-04 1.494E-04 1.496E-04 1.503E-04 1.514E-04 1.527E-04 1.544E-04 1.564E-04 1.589E-04 1.617E-04 1.649E-04 1.686E-04 1.726E-04 1.768E-04 1.815E-04 1.867E-04 1.923E-04
 1.979E-04 2.036E-04 2.088E-04 2.127E-04 2.153E-04 2.180E-04 2.218E-04 2.267E-04 2.319E-04 2.365E-04 2.403E-04 2.443E-04
# wavel.    ext.coef  sca.coef  abs.coef  sisc.alb  op.depth
#  [um]      [1/km]    [1/km]    [1/km]                     
 1.000E+00 1.070E-02 9.958E-03 7.363E-04 9.311E-01 8.141E-02
   phase function [1/km]
 5.674E-02 5.657E-02 5.605E-02 5.519E-02 5.405E-02 5.262E-02 5.099E-02 4.917E-02 4.723E-02 4.520E-02 4.315E-02 4.110E-02 3.910E-02 3.716E-02 3.533E-02 3.360E-02 3.199E-02 3.050E-02 2.912E-02 2.787E-02
 2.671E-02 1.888E-02 1.473E-02 1.229E-02 1.073E-02 8.848E-03 7.714E-03 6.897E-03 6.230E-03 5.656E-03 5.142E-03 4.676E-03 4.252E-03 3.860E-03 3.505E-03 3.178E-03 2.883E-03 2.612E-03 2.368E-03 2.146E-03
 1.945E-03 1.764E-03 1.600E-03 1.452E-03 1.318E-03 1.198E-03 1.089E-03 9.909E-04 9.029E-04 8.233E-04 7.515E-04 6.867E-04 6.283E-04 5.760E-04 5.284E-04 4.857E-04 4.470E-04 4.124E-04 3.810E-04 3.526E-04
 3.272E-04 3.044E-04 2.836E-04 2.650E-04 2.483E-04 2.333E-04 2.198E-04 2.078E-04 1.970E-04 1.873E-04 1.787E-04 1.712E-04 1.645E-04 1.586E-04 1.534E-04 1.489E-04 1.451E-04 1.419E-04 1.393E-04 1.371E-04
 1.353E-04 1.341E-04 1.332E-04 1.327E-04 1.326E-04 1.328E-04 1.333E-04 1.342E-04 1.355E-04 1.370E-04 1.388E-04 1.409E-04 1.433E-04 1.461E-04 1.491E-04 1.527E-04 1.566E-04 1.608E-04 1.656E-04 1.709E-04
 1.763E-04 1.813E-04 1.857E-04 1.894E-04 1.925E-04 1.957E-04 1.995E-04 2.041E-04 2.086E-04 2.125E-04 2.156E-04 2.191E-04
# wavel.    ext.coef  sca.coef  abs.coef  sisc.alb  op.depth
#  [um]      [1/km]    [1/km]    [1/km]                     
 1.250E+00 7.336E-03 6.670E-03 6.673E-04 9.091E-01 5.557E-02
   phase function [1/km]
 3.659E-02 3.651E-02 3.629E-02 3.592E-02 3.543E-02 3.481E-02 3.408E-02 3.325E-02 3.234E-02 3.136E-02 3.034E-02 2.927E-02 2.820E-02 2.712E-02 2.606E-02 2.500E-02 2.398E-02 2.300E-02 2.207E-02 2.118E-02
 2.034E-02 1.438E-02 1.103E-02 8.974E-03 7.620E-03 5.997E-03 5.057E-03 4.427E-03 3.953E-03 3.567E-03 3.238E-03 2.944E-03 2.681E-03 2.443E-03 2.225E-03 2.028E-03 1.847E-03 1.683E-03 1.532E-03 1.396E-03
 1.271E-03 1.158E-03 1.056E-03 9.626E-04 8.778E-04 8.013E-04 7.316E-04 6.688E-04 6.116E-04 5.597E-04 5.126E-04 4.704E-04 4.319E-04 3.971E-04 3.655E-04 3.368E-04 3.110E-04 2.875E-04 2.664E-04 2.474E-04
 2.302E-04 2.146E-04 2.004E-04 1.877E-04 1.764E-04 1.662E-04 1.570E-04 1.487E-04 1.414E-04 1.348E-04 1.289E-04 1.238E-04 1.193E-04 1.154E-04 1.120E-04 1.090E-04 1.065E-04 1.044E-04 1.026E-04 1.012E-04
 1.001E-04 9.936E-05 9.888E-05 9.869E-05 9.880E-05 9.914E-05 9.965E-05 1.004E-04 1.014E-04 1.026E-04 1.041E-04 1.059E-04 1.079E-04 1.101E-04 1.127E-04 1.156E-04 1.188E-04 1.226E-04 1.267E-04 1.308E-04
 1.349E-04 1.389E-04 1.420E-04 1.440E-04 1.447E-04 1.442E-04 1.436E-04 1.436E-04 1.445E-04 1.457E-04 1.476E-04 1.503E-04
# wavel.    ext.coef  sca.coef  abs.coef  sisc.alb  op.depth
#  [um]      [1/km]    [1/km]    [1/km]                     
 1.500E+00 5.493E-03 4.872E-03 6.197E-04 8.872E-01 4.134E-02
   phase function [1/km]
 2.576E-02 2.573E-02 2.561E-02 2.543E-02 2.519E-02 2.488E-02 2.450E-02 2.407E-02 2.360E-02 2.308E-02 2.252E-02 2.192E-02 2.132E-02 2.069E-02 2.006E-02 1.941E-02 1.878E-02 1.813E-02 1.752E-02 1.692E-02
 1.633E-02 1.174E-02 9.023E-03 7.267E-03 6.089E-03 4.641E-03 3.803E-03 3.253E-03 2.857E-03 2.547E-03 2.293E-03 2.075E-03 1.884E-03 1.714E-03 1.561E-03 1.423E-03 1.298E-03 1.183E-03 1.079E-03 9.851E-04
 8.992E-04 8.210E-04 7.498E-04 6.852E-04 6.263E-04 5.730E-04 5.242E-04 4.801E-04 4.401E-04 4.038E-04 3.710E-04 3.409E-04 3.135E-04 2.889E-04 2.666E-04 2.463E-04 2.278E-04 2.112E-04 1.961E-04 1.824E-04
 1.700E-04 1.589E-04 1.489E-04 1.398E-04 1.316E-04 1.243E-04 1.177E-04 1.118E-04 1.065E-04 1.019E-04 9.778E-05 9.412E-05 9.087E-05 8.806E-05 8.565E-05 8.358E-05 8.188E-05 8.046E-05 7.929E-05 7.843E-05
 7.782E-05 7.740E-05 7.717E-05 7.715E-05 7.734E-05 7.774E-05 7.832E-05 7.908E-05 8.002E-05 8.118E-05 8.255E-05 8.407E-05 8.586E-05 8.785E-05 8.999E-05 9.242E-05 9.506E-05 9.760E-05 1.001E-04 1.028E-04
 1.052E-04 1.074E-04 1.095E-04 1.111E-04 1.117E-04 1.110E-04 1.095E-04 1.081E-04 1.076E-04 1.082E-04 1.102E-04 1.127E-04
# wavel.    ext.coef  sca.coef  abs.coef  sisc.alb  op.depth
#  [um]      [1/km]    [1/km]    [1/km]                     
 1.750E+00 4.012E-03 3.569E-03 4.438E-04 8.894E-01 3.000E-02
   phase function [1/km]
 1.936E-02 1.933E-02 1.927E-02 1.916E-02 1.903E-02 1.885E-02 1.864E-02 1.840E-02 1.813E-02 1.783E-02 1.750E-02 1.715E-02 1.677E-02 1.639E-02 1.600E-02 1.559E-02 1.518E-02 1.477E-02 1.436E-02 1.395E-02
 1.354E-02 1.005E-02 7.788E-03 6.296E-03 5.246E-03 3.923E-03 3.137E-03 2.619E-03 2.248E-03 1.965E-03 1.738E-03 1.549E-03 1.387E-03 1.247E-03 1.124E-03 1.015E-03 9.185E-04 8.322E-04 7.546E-04 6.851E-04
 6.225E-04 5.665E-04 5.160E-04 4.703E-04 4.290E-04 3.918E-04 3.581E-04 3.278E-04 3.002E-04 2.753E-04 2.528E-04 2.324E-04 2.138E-04 1.970E-04 1.819E-04 1.682E-04 1.557E-04 1.444E-04 1.343E-04 1.251E-04
 1.168E-04 1.093E-04 1.026E-04 9.648E-05 9.099E-05 8.612E-05 8.179E-05 7.786E-05 7.439E-05 7.137E-05 6.871E-05 6.634E-05 6.427E-05 6.252E-05 6.103E-05 5.978E-05 5.874E-05 5.790E-05 5.728E-05 5.686E-05
 5.660E-05 5.649E-05 5.652E-05 5.672E-05 5.709E-05 5.757E-05 5.814E-05 5.888E-05 5.971E-05 6.073E-05 6.186E-05 6.299E-05 6.421E-05 6.541E-05 6.660E-05 6.781E-05 6.898E-05 7.000E-05 7.091E-05 7.184E-05
 7.285E-05 7.402E-05 7.538E-05 7.685E-05 7.827E-05 7.916E-05 7.897E-05 7.766E-05 7.651E-05 7.704E-05 7.948E-05 8.161E-05
# wavel.    ext.coef  sca.coef  abs.coef  sisc.alb  op.depth
#  [um]      [1/km]    [1/km]    [1/km]                     
 2.000E+00 2.956E-03 2.672E-03 2.834E-04 9.041E-01 2.194E-02
   phase function [1/km]
 1.548E-02 1.547E-02 1.544E-02 1.537E-02 1.529E-02 1.518E-02 1.505E-02 1.490E-02 1.473E-02 1.454E-02 1.434E-02 1.412E-02 1.388E-02 1.364E-02 1.338E-02 1.311E-02 1.284E-02 1.256E-02 1.228E-02 1.199E-02
 1.171E-02 9.060E-03 7.135E-03 5.827E-03 4.878E-03 3.622E-03 2.840E-03 2.309E-03 1.924E-03 1.631E-03 1.400E-03 1.213E-03 1.059E-03 9.302E-04 8.212E-04 7.286E-04 6.489E-04 5.800E-04 5.203E-04 4.678E-04
 4.218E-04 3.812E-04 3.454E-04 3.134E-04 2.850E-04 2.596E-04 2.368E-04 2.164E-04 1.981E-04 1.816E-04 1.667E-04 1.532E-04 1.411E-04 1.302E-04 1.203E-04 1.113E-04 1.032E-04 9.594E-05 8.934E-05 8.339E-05
 7.799E-05 7.315E-05 6.882E-05 6.490E-05 6.140E-05 5.826E-05 5.549E-05 5.301E-05 5.080E-05 4.888E-05 4.719E-05 4.574E-05 4.450E-05 4.344E-05 4.255E-05 4.186E-05 4.131E-05 4.088E-05 4.060E-05 4.043E-05
 4.042E-05 4.048E-05 4.063E-05 4.086E-05 4.118E-05 4.158E-05 4.201E-05 4.245E-05 4.291E-05 4.334E-05 4.378E-05 4.418E-05 4.457E-05 4.496E-05 4.535E-05 4.577E-05 4.624E-05 4.673E-05 4.728E-05 4.786E-05
 4.849E-05 4.915E-05 4.989E-05 5.072E-05 5.164E-05 5.262E-05 5.336E-05 5.334E-05 5.222E-05 5.162E-05 5.315E-05 5.462E-05
# wavel.    ext.coef  sca.coef  abs.coef  sisc.alb  op.depth
#  [um]      [1/km]    [1/km]    [1/km]                     
 2.500E+00 1.885E-03 1.605E-03 2.801E-04 8.514E-01 1.390E-02
   phase function [1/km]
 1.086E-02 1.086E-02 1.084E-02 1.081E-02 1.078E-02 1.073E-02 1.067E-02 1.060E-02 1.053E-02 1.044E-02 1.034E-02 1.024E-02 1.013E-02 1.001E-02 9.889E-03 9.758E-03 9.621E-03 9.480E-03 9.336E-03 9.187E-03
 9.036E-03 7.467E-03 6.079E-03 5.011E-03 4.208E-03 3.063E-03 2.299E-03 1.765E-03 1.381E-03 1.098E-03 8.878E-04 7.283E-04 6.059E-04 5.106E-04 4.353E-04 3.752E-04 3.264E-04 2.864E-04 2.530E-04 2.250E-04
 2.012E-04 1.807E-04 1.630E-04 1.476E-04 1.341E-04 1.221E-04 1.115E-04 1.021E-04 9.363E-05 8.605E-05 7.924E-05 7.313E-05 6.758E-05 6.258E-05 5.805E-05 5.398E-05 5.028E-05 4.691E-05 4.390E-05 4.118E-05
 3.871E-05 3.650E-05 3.449E-05 3.270E-05 3.110E-05 2.969E-05 2.841E-05 2.729E-05 2.631E-05 2.545E-05 2.471E-05 2.407E-05 2.353E-05 2.308E-05 2.272E-05 2.242E-05 2.220E-05 2.202E-05 2.190E-05 2.183E-05
 2.179E-05 2.178E-05 2.181E-05 2.185E-05 2.192E-05 2.201E-05 2.212E-05 2.225E-05 2.240E-05 2.258E-05 2.277E-05 2.299E-05 2.321E-05 2.344E-05 2.369E-05 2.394E-05 2.420E-05 2.446E-05 2.472E-05 2.498E-05
 2.525E-05 2.552E-05 2.579E-05 2.606E-05 2.634E-05 2.665E-05 2.698E-05 2.733E-05 2.753E-05 2.728E-05 2.718E-05 2.762E-05
 ----------------------------------------------------------------------------
 Visibility:  79.40 [km]
