#            Optical Properties of Aerosols and Clouds (OPAC) 4.0b      
#           --------------------------------------------------------
# continental clean             
#  2 components
#  1 relative humidities
# 17 wavelengths
#----------------------------------------------------------------------------
# RH  COMP NUMBER    VOLUME    MASS      DENSITY  NUM.MIX  VOL.MIX   MAS.MIX
# [%]     [1/cm^3]  [um^3/m^3] [ug/m^3]  [g/cm^3] RATIO    RATIO     RATIO
#----------------------------------------------------------------------------
# 50. inso 1.500E-01 1.780E+06 3.560E+00 2.00    5.769E-05 3.274E-01 4.067E-01
#     waso 2.600E+03 3.657E+06 5.193E+00 1.42    9.999E-01 6.726E-01 5.933E-01
#----------------------------------------------------------------------------
# only particles up to   7.5 micrometer radius are considered for mass
# 112 scattering angles for phase functions below:
#     0.000     0.100     0.200     0.300     0.400     0.500     0.600     0.700
#     0.800     0.900     1.000     1.100     1.200     1.300     1.400     1.500
#     1.600     1.700     1.800     1.900     2.000     3.000     4.000     5.000
#     6.000     8.000    10.000    12.000    14.000    16.000    18.000    20.000
#    22.000    24.000    26.000    28.000    30.000    32.000    34.000    36.000
#    38.000    40.000    42.000    44.000    46.000    48.000    50.000    52.000
#    54.000    56.000    58.000    60.000    62.000    64.000    66.000    68.000
#    70.000    72.000    74.000    76.000    78.000    80.000    82.000    84.000
#    86.000    88.000    90.000    92.000    94.000    96.000    98.000   100.000
#   102.000   104.000   106.000   108.000   110.000   112.000   114.000   116.000
#   118.000   120.000   122.000   124.000   126.000   128.000   130.000   132.000
#   134.000   136.000   138.000   140.000   142.000   144.000   146.000   148.000
#   150.000   152.000   154.000   156.000   158.000   160.000   162.000   164.000
#   166.000   168.000   170.000   172.000   174.000   176.000   178.000   180.000
#============================================================================
# 50.% relative humidity 
# wavel.    ext.coef  sca.coef  abs.coef  sisc.alb  op.depth
#  [um]      [1/km]    [1/km]    [1/km]                     
 3.500E-01 3.033E-02 2.938E-02 9.619E-04 9.682E-01 3.425E-01
   phase function [1/km]
 4.091E-01 3.986E-01 3.695E-01 3.289E-01 2.846E-01 2.435E-01 2.091E-01 1.819E-01 1.606E-01 1.435E-01 1.294E-01 1.176E-01 1.078E-01 9.961E-02 9.267E-02 8.672E-02 8.162E-02 7.720E-02 7.335E-02 6.999E-02
 6.705E-02 5.027E-02 4.324E-02 3.923E-02 3.639E-02 3.210E-02 2.857E-02 2.547E-02 2.270E-02 2.022E-02 1.799E-02 1.600E-02 1.422E-02 1.263E-02 1.122E-02 9.966E-03 8.853E-03 7.866E-03 6.995E-03 6.224E-03
 5.543E-03 4.944E-03 4.412E-03 3.943E-03 3.529E-03 3.162E-03 2.836E-03 2.549E-03 2.296E-03 2.072E-03 1.872E-03 1.695E-03 1.537E-03 1.397E-03 1.273E-03 1.162E-03 1.063E-03 9.751E-04 8.962E-04 8.254E-04
 7.626E-04 7.063E-04 6.561E-04 6.107E-04 5.701E-04 5.334E-04 5.009E-04 4.718E-04 4.459E-04 4.229E-04 4.022E-04 3.834E-04 3.671E-04 3.526E-04 3.402E-04 3.293E-04 3.200E-04 3.121E-04 3.055E-04 3.002E-04
 2.962E-04 2.934E-04 2.918E-04 2.915E-04 2.924E-04 2.941E-04 2.975E-04 3.019E-04 3.076E-04 3.144E-04 3.228E-04 3.324E-04 3.434E-04 3.558E-04 3.695E-04 3.844E-04 4.006E-04 4.173E-04 4.337E-04 4.493E-04
 4.639E-04 4.758E-04 4.824E-04 4.830E-04 4.781E-04 4.717E-04 4.688E-04 4.745E-04 4.915E-04 5.152E-04 5.356E-04 5.458E-04
# wavel.    ext.coef  sca.coef  abs.coef  sisc.alb  op.depth
#  [um]      [1/km]    [1/km]    [1/km]                     
 4.000E-01 2.634E-02 2.548E-02 8.642E-04 9.672E-01 2.977E-01
   phase function [1/km]
 3.161E-01 3.098E-01 2.923E-01 2.666E-01 2.370E-01 2.078E-01 1.813E-01 1.590E-01 1.410E-01 1.264E-01 1.143E-01 1.043E-01 9.568E-02 8.834E-02 8.208E-02 7.672E-02 7.209E-02 6.806E-02 6.449E-02 6.138E-02
 5.860E-02 4.273E-02 3.607E-02 3.244E-02 2.999E-02 2.647E-02 2.370E-02 2.127E-02 1.908E-02 1.710E-02 1.530E-02 1.367E-02 1.220E-02 1.089E-02 9.708E-03 8.653E-03 7.714E-03 6.876E-03 6.133E-03 5.473E-03
 4.885E-03 4.364E-03 3.905E-03 3.495E-03 3.135E-03 2.815E-03 2.530E-03 2.278E-03 2.054E-03 1.854E-03 1.677E-03 1.520E-03 1.381E-03 1.256E-03 1.145E-03 1.045E-03 9.568E-04 8.779E-04 8.074E-04 7.442E-04
 6.874E-04 6.364E-04 5.909E-04 5.501E-04 5.135E-04 4.809E-04 4.516E-04 4.253E-04 4.017E-04 3.808E-04 3.620E-04 3.456E-04 3.310E-04 3.179E-04 3.065E-04 2.967E-04 2.882E-04 2.810E-04 2.751E-04 2.703E-04
 2.666E-04 2.637E-04 2.621E-04 2.615E-04 2.618E-04 2.632E-04 2.655E-04 2.690E-04 2.734E-04 2.787E-04 2.849E-04 2.926E-04 3.011E-04 3.107E-04 3.213E-04 3.327E-04 3.449E-04 3.577E-04 3.708E-04 3.835E-04
 3.943E-04 4.035E-04 4.092E-04 4.114E-04 4.101E-04 4.078E-04 4.081E-04 4.143E-04 4.277E-04 4.457E-04 4.608E-04 4.690E-04
# wavel.    ext.coef  sca.coef  abs.coef  sisc.alb  op.depth
#  [um]      [1/km]    [1/km]    [1/km]                     
 4.500E-01 2.301E-02 2.223E-02 7.865E-04 9.658E-01 2.602E-01
   phase function [1/km]
 2.517E-01 2.478E-01 2.366E-01 2.196E-01 1.995E-01 1.783E-01 1.581E-01 1.402E-01 1.250E-01 1.124E-01 1.020E-01 9.323E-02 8.575E-02 7.930E-02 7.367E-02 6.879E-02 6.455E-02 6.085E-02 5.760E-02 5.470E-02
 5.214E-02 3.706E-02 3.070E-02 2.729E-02 2.508E-02 2.209E-02 1.983E-02 1.788E-02 1.611E-02 1.451E-02 1.304E-02 1.171E-02 1.050E-02 9.400E-03 8.414E-03 7.526E-03 6.728E-03 6.017E-03 5.381E-03 4.815E-03
 4.310E-03 3.860E-03 3.462E-03 3.107E-03 2.791E-03 2.510E-03 2.260E-03 2.038E-03 1.841E-03 1.665E-03 1.508E-03 1.368E-03 1.244E-03 1.133E-03 1.033E-03 9.447E-04 8.652E-04 7.940E-04 7.305E-04 6.737E-04
 6.226E-04 5.768E-04 5.355E-04 4.989E-04 4.659E-04 4.361E-04 4.097E-04 3.857E-04 3.643E-04 3.455E-04 3.285E-04 3.135E-04 3.002E-04 2.885E-04 2.781E-04 2.693E-04 2.615E-04 2.549E-04 2.494E-04 2.450E-04
 2.416E-04 2.390E-04 2.374E-04 2.366E-04 2.368E-04 2.377E-04 2.394E-04 2.420E-04 2.454E-04 2.498E-04 2.550E-04 2.610E-04 2.678E-04 2.754E-04 2.838E-04 2.931E-04 3.027E-04 3.129E-04 3.233E-04 3.334E-04
 3.428E-04 3.509E-04 3.566E-04 3.587E-04 3.588E-04 3.594E-04 3.620E-04 3.684E-04 3.800E-04 3.939E-04 4.045E-04 4.113E-04
# wavel.    ext.coef  sca.coef  abs.coef  sisc.alb  op.depth
#  [um]      [1/km]    [1/km]    [1/km]                     
 5.000E-01 2.019E-02 1.947E-02 7.219E-04 9.643E-01 2.284E-01
   phase function [1/km]
 2.051E-01 2.026E-01 1.951E-01 1.835E-01 1.693E-01 1.539E-01 1.385E-01 1.242E-01 1.116E-01 1.007E-01 9.158E-02 8.386E-02 7.728E-02 7.158E-02 6.659E-02 6.220E-02 5.834E-02 5.493E-02 5.192E-02 4.925E-02
 4.688E-02 3.266E-02 2.656E-02 2.333E-02 2.128E-02 1.864E-02 1.674E-02 1.513E-02 1.369E-02 1.237E-02 1.117E-02 1.006E-02 9.054E-03 8.135E-03 7.306E-03 6.555E-03 5.881E-03 5.274E-03 4.730E-03 4.242E-03
 3.806E-03 3.418E-03 3.072E-03 2.760E-03 2.486E-03 2.240E-03 2.021E-03 1.825E-03 1.651E-03 1.495E-03 1.356E-03 1.232E-03 1.121E-03 1.022E-03 9.332E-04 8.535E-04 7.824E-04 7.188E-04 6.616E-04 6.104E-04
 5.644E-04 5.232E-04 4.858E-04 4.525E-04 4.228E-04 3.961E-04 3.721E-04 3.507E-04 3.315E-04 3.141E-04 2.989E-04 2.852E-04 2.732E-04 2.626E-04 2.532E-04 2.451E-04 2.381E-04 2.322E-04 2.271E-04 2.230E-04
 2.199E-04 2.175E-04 2.159E-04 2.151E-04 2.150E-04 2.156E-04 2.170E-04 2.192E-04 2.220E-04 2.254E-04 2.295E-04 2.344E-04 2.400E-04 2.463E-04 2.534E-04 2.608E-04 2.688E-04 2.771E-04 2.856E-04 2.942E-04
 3.021E-04 3.090E-04 3.147E-04 3.182E-04 3.196E-04 3.211E-04 3.245E-04 3.313E-04 3.413E-04 3.524E-04 3.602E-04 3.655E-04
# wavel.    ext.coef  sca.coef  abs.coef  sisc.alb  op.depth
#  [um]      [1/km]    [1/km]    [1/km]                     
 5.500E-01 1.783E-02 1.709E-02 7.328E-04 9.589E-01 2.017E-01
   phase function [1/km]
 1.704E-01 1.686E-01 1.634E-01 1.553E-01 1.451E-01 1.337E-01 1.219E-01 1.106E-01 1.002E-01 9.088E-02 8.288E-02 7.601E-02 7.013E-02 6.504E-02 6.060E-02 5.668E-02 5.318E-02 5.006E-02 4.728E-02 4.479E-02
 4.258E-02 2.918E-02 2.330E-02 2.018E-02 1.826E-02 1.586E-02 1.422E-02 1.287E-02 1.167E-02 1.058E-02 9.577E-03 8.659E-03 7.815E-03 7.044E-03 6.343E-03 5.709E-03 5.135E-03 4.617E-03 4.151E-03 3.733E-03
 3.359E-03 3.022E-03 2.720E-03 2.451E-03 2.211E-03 1.996E-03 1.804E-03 1.632E-03 1.479E-03 1.341E-03 1.218E-03 1.108E-03 1.009E-03 9.210E-04 8.420E-04 7.709E-04 7.072E-04 6.499E-04 5.989E-04 5.528E-04
 5.113E-04 4.741E-04 4.407E-04 4.107E-04 3.836E-04 3.594E-04 3.379E-04 3.182E-04 3.010E-04 2.856E-04 2.716E-04 2.593E-04 2.484E-04 2.388E-04 2.304E-04 2.231E-04 2.167E-04 2.112E-04 2.066E-04 2.029E-04
 2.001E-04 1.979E-04 1.963E-04 1.954E-04 1.952E-04 1.957E-04 1.967E-04 1.984E-04 2.007E-04 2.035E-04 2.069E-04 2.109E-04 2.155E-04 2.206E-04 2.263E-04 2.325E-04 2.390E-04 2.460E-04 2.533E-04 2.604E-04
 2.674E-04 2.741E-04 2.795E-04 2.830E-04 2.850E-04 2.876E-04 2.919E-04 2.987E-04 3.072E-04 3.159E-04 3.219E-04 3.269E-04
# wavel.    ext.coef  sca.coef  abs.coef  sisc.alb  op.depth
#  [um]      [1/km]    [1/km]    [1/km]                     
 6.000E-01 1.583E-02 1.514E-02 6.810E-04 9.570E-01 1.791E-01
   phase function [1/km]
 1.439E-01 1.426E-01 1.389E-01 1.330E-01 1.255E-01 1.169E-01 1.078E-01 9.880E-02 9.024E-02 8.240E-02 7.543E-02 6.935E-02 6.406E-02 5.947E-02 5.547E-02 5.193E-02 4.878E-02 4.594E-02 4.339E-02 4.110E-02
 3.904E-02 2.639E-02 2.075E-02 1.774E-02 1.590E-02 1.367E-02 1.222E-02 1.106E-02 1.005E-02 9.128E-03 8.286E-03 7.513E-03 6.800E-03 6.148E-03 5.552E-03 5.009E-03 4.518E-03 4.073E-03 3.671E-03 3.308E-03
 2.984E-03 2.691E-03 2.427E-03 2.192E-03 1.981E-03 1.791E-03 1.621E-03 1.469E-03 1.333E-03 1.211E-03 1.101E-03 1.003E-03 9.147E-04 8.354E-04 7.644E-04 7.009E-04 6.434E-04 5.921E-04 5.456E-04 5.039E-04
 4.665E-04 4.329E-04 4.027E-04 3.754E-04 3.512E-04 3.291E-04 3.093E-04 2.918E-04 2.758E-04 2.617E-04 2.491E-04 2.379E-04 2.279E-04 2.191E-04 2.114E-04 2.047E-04 1.989E-04 1.940E-04 1.899E-04 1.865E-04
 1.838E-04 1.817E-04 1.803E-04 1.796E-04 1.793E-04 1.797E-04 1.805E-04 1.819E-04 1.838E-04 1.863E-04 1.892E-04 1.926E-04 1.965E-04 2.009E-04 2.057E-04 2.110E-04 2.168E-04 2.229E-04 2.291E-04 2.358E-04
 2.424E-04 2.482E-04 2.530E-04 2.570E-04 2.604E-04 2.639E-04 2.682E-04 2.742E-04 2.819E-04 2.887E-04 2.923E-04 2.961E-04
# wavel.    ext.coef  sca.coef  abs.coef  sisc.alb  op.depth
#  [um]      [1/km]    [1/km]    [1/km]                     
 6.500E-01 1.414E-02 1.345E-02 6.891E-04 9.512E-01 1.600E-01
   phase function [1/km]
 1.231E-01 1.222E-01 1.195E-01 1.151E-01 1.095E-01 1.029E-01 9.582E-02 8.863E-02 8.160E-02 7.501E-02 6.899E-02 6.361E-02 5.886E-02 5.471E-02 5.107E-02 4.785E-02 4.498E-02 4.240E-02 4.008E-02 3.797E-02
 3.605E-02 2.412E-02 1.867E-02 1.575E-02 1.397E-02 1.188E-02 1.057E-02 9.554E-03 8.687E-03 7.907E-03 7.192E-03 6.535E-03 5.929E-03 5.373E-03 4.865E-03 4.401E-03 3.979E-03 3.596E-03 3.248E-03 2.934E-03
 2.650E-03 2.395E-03 2.166E-03 1.959E-03 1.774E-03 1.607E-03 1.457E-03 1.322E-03 1.201E-03 1.093E-03 9.951E-04 9.078E-04 8.289E-04 7.582E-04 6.942E-04 6.371E-04 5.855E-04 5.389E-04 4.971E-04 4.596E-04
 4.259E-04 3.954E-04 3.679E-04 3.432E-04 3.210E-04 3.012E-04 2.832E-04 2.670E-04 2.526E-04 2.397E-04 2.282E-04 2.180E-04 2.089E-04 2.011E-04 1.941E-04 1.880E-04 1.827E-04 1.782E-04 1.745E-04 1.714E-04
 1.689E-04 1.670E-04 1.657E-04 1.649E-04 1.648E-04 1.650E-04 1.657E-04 1.668E-04 1.684E-04 1.704E-04 1.730E-04 1.760E-04 1.793E-04 1.830E-04 1.871E-04 1.916E-04 1.967E-04 2.021E-04 2.078E-04 2.135E-04
 2.196E-04 2.256E-04 2.307E-04 2.340E-04 2.373E-04 2.414E-04 2.462E-04 2.518E-04 2.586E-04 2.647E-04 2.688E-04 2.729E-04
# wavel.    ext.coef  sca.coef  abs.coef  sisc.alb  op.depth
#  [um]      [1/km]    [1/km]    [1/km]                     
 7.000E-01 1.270E-02 1.205E-02 6.465E-04 9.491E-01 1.436E-01
   phase function [1/km]
 1.066E-01 1.059E-01 1.038E-01 1.005E-01 9.621E-02 9.112E-02 8.555E-02 7.976E-02 7.399E-02 6.847E-02 6.329E-02 5.857E-02 5.434E-02 5.058E-02 4.724E-02 4.430E-02 4.168E-02 3.931E-02 3.719E-02 3.526E-02
 3.348E-02 2.224E-02 1.700E-02 1.417E-02 1.245E-02 1.046E-02 9.244E-03 8.343E-03 7.586E-03 6.913E-03 6.297E-03 5.733E-03 5.216E-03 4.736E-03 4.299E-03 3.897E-03 3.531E-03 3.199E-03 2.894E-03 2.621E-03
 2.373E-03 2.149E-03 1.947E-03 1.764E-03 1.600E-03 1.452E-03 1.318E-03 1.199E-03 1.090E-03 9.932E-04 9.057E-04 8.270E-04 7.561E-04 6.926E-04 6.347E-04 5.829E-04 5.362E-04 4.940E-04 4.562E-04 4.220E-04
 3.913E-04 3.634E-04 3.385E-04 3.159E-04 2.957E-04 2.774E-04 2.610E-04 2.463E-04 2.331E-04 2.213E-04 2.108E-04 2.014E-04 1.932E-04 1.860E-04 1.797E-04 1.741E-04 1.692E-04 1.651E-04 1.618E-04 1.589E-04
 1.567E-04 1.549E-04 1.537E-04 1.530E-04 1.529E-04 1.531E-04 1.536E-04 1.546E-04 1.560E-04 1.578E-04 1.601E-04 1.627E-04 1.657E-04 1.690E-04 1.726E-04 1.767E-04 1.813E-04 1.862E-04 1.914E-04 1.968E-04
 2.025E-04 2.083E-04 2.133E-04 2.167E-04 2.202E-04 2.246E-04 2.294E-04 2.350E-04 2.412E-04 2.466E-04 2.503E-04 2.544E-04
# wavel.    ext.coef  sca.coef  abs.coef  sisc.alb  op.depth
#  [um]      [1/km]    [1/km]    [1/km]                     
 7.500E-01 1.147E-02 1.080E-02 6.727E-04 9.413E-01 1.297E-01
   phase function [1/km]
 9.310E-02 9.256E-02 9.098E-02 8.843E-02 8.509E-02 8.109E-02 7.665E-02 7.197E-02 6.722E-02 6.259E-02 5.815E-02 5.404E-02 5.027E-02 4.688E-02 4.384E-02 4.113E-02 3.871E-02 3.655E-02 3.459E-02 3.280E-02
 3.118E-02 2.061E-02 1.558E-02 1.284E-02 1.117E-02 9.253E-03 8.124E-03 7.311E-03 6.640E-03 6.051E-03 5.523E-03 5.035E-03 4.586E-03 4.175E-03 3.796E-03 3.449E-03 3.130E-03 2.841E-03 2.578E-03 2.338E-03
 2.121E-03 1.924E-03 1.746E-03 1.585E-03 1.440E-03 1.309E-03 1.190E-03 1.083E-03 9.870E-04 9.003E-04 8.220E-04 7.513E-04 6.878E-04 6.303E-04 5.784E-04 5.318E-04 4.896E-04 4.516E-04 4.170E-04 3.861E-04
 3.582E-04 3.329E-04 3.104E-04 2.897E-04 2.714E-04 2.548E-04 2.398E-04 2.265E-04 2.145E-04 2.037E-04 1.940E-04 1.856E-04 1.781E-04 1.714E-04 1.656E-04 1.605E-04 1.561E-04 1.524E-04 1.493E-04 1.468E-04
 1.447E-04 1.430E-04 1.419E-04 1.413E-04 1.411E-04 1.413E-04 1.418E-04 1.426E-04 1.439E-04 1.455E-04 1.475E-04 1.498E-04 1.524E-04 1.554E-04 1.586E-04 1.622E-04 1.664E-04 1.709E-04 1.756E-04 1.809E-04
 1.864E-04 1.914E-04 1.958E-04 1.998E-04 2.038E-04 2.081E-04 2.128E-04 2.182E-04 2.239E-04 2.284E-04 2.308E-04 2.342E-04
# wavel.    ext.coef  sca.coef  abs.coef  sisc.alb  op.depth
#  [um]      [1/km]    [1/km]    [1/km]                     
 8.000E-01 1.025E-02 9.561E-03 6.913E-04 9.326E-01 1.159E-01
   phase function [1/km]
 8.198E-02 8.156E-02 8.033E-02 7.834E-02 7.570E-02 7.253E-02 6.896E-02 6.513E-02 6.121E-02 5.731E-02 5.352E-02 4.994E-02 4.660E-02 4.355E-02 4.079E-02 3.829E-02 3.607E-02 3.405E-02 3.223E-02 3.059E-02
 2.908E-02 1.916E-02 1.435E-02 1.168E-02 1.006E-02 8.205E-03 7.142E-03 6.396E-03 5.796E-03 5.279E-03 4.816E-03 4.392E-03 4.005E-03 3.650E-03 3.321E-03 3.019E-03 2.745E-03 2.495E-03 2.266E-03 2.058E-03
 1.869E-03 1.697E-03 1.542E-03 1.402E-03 1.275E-03 1.159E-03 1.056E-03 9.618E-04 8.771E-04 8.007E-04 7.315E-04 6.690E-04 6.129E-04 5.619E-04 5.160E-04 4.747E-04 4.371E-04 4.035E-04 3.728E-04 3.454E-04
 3.204E-04 2.981E-04 2.780E-04 2.596E-04 2.432E-04 2.284E-04 2.152E-04 2.033E-04 1.926E-04 1.830E-04 1.745E-04 1.670E-04 1.603E-04 1.543E-04 1.491E-04 1.446E-04 1.408E-04 1.375E-04 1.347E-04 1.325E-04
 1.306E-04 1.292E-04 1.283E-04 1.277E-04 1.274E-04 1.276E-04 1.280E-04 1.288E-04 1.300E-04 1.314E-04 1.331E-04 1.351E-04 1.375E-04 1.401E-04 1.431E-04 1.465E-04 1.502E-04 1.543E-04 1.587E-04 1.638E-04
 1.690E-04 1.737E-04 1.781E-04 1.818E-04 1.849E-04 1.879E-04 1.919E-04 1.967E-04 2.015E-04 2.052E-04 2.073E-04 2.104E-04
# wavel.    ext.coef  sca.coef  abs.coef  sisc.alb  op.depth
#  [um]      [1/km]    [1/km]    [1/km]                     
 9.000E-01 8.592E-03 7.870E-03 7.199E-04 9.162E-01 9.701E-02
   phase function [1/km]
 6.513E-02 6.488E-02 6.408E-02 6.282E-02 6.111E-02 5.904E-02 5.665E-02 5.406E-02 5.132E-02 4.855E-02 4.577E-02 4.307E-02 4.047E-02 3.804E-02 3.577E-02 3.369E-02 3.179E-02 3.004E-02 2.848E-02 2.704E-02
 2.573E-02 1.696E-02 1.253E-02 1.002E-02 8.472E-03 6.716E-03 5.747E-03 5.093E-03 4.592E-03 4.174E-03 3.809E-03 3.479E-03 3.179E-03 2.905E-03 2.652E-03 2.420E-03 2.208E-03 2.012E-03 1.834E-03 1.671E-03
 1.522E-03 1.387E-03 1.264E-03 1.152E-03 1.051E-03 9.585E-04 8.753E-04 7.994E-04 7.308E-04 6.687E-04 6.126E-04 5.614E-04 5.151E-04 4.733E-04 4.355E-04 4.010E-04 3.701E-04 3.421E-04 3.167E-04 2.936E-04
 2.728E-04 2.541E-04 2.372E-04 2.219E-04 2.080E-04 1.956E-04 1.845E-04 1.744E-04 1.655E-04 1.575E-04 1.504E-04 1.440E-04 1.383E-04 1.333E-04 1.289E-04 1.252E-04 1.220E-04 1.192E-04 1.168E-04 1.149E-04
 1.135E-04 1.124E-04 1.116E-04 1.111E-04 1.108E-04 1.109E-04 1.114E-04 1.122E-04 1.131E-04 1.142E-04 1.156E-04 1.173E-04 1.193E-04 1.217E-04 1.244E-04 1.273E-04 1.305E-04 1.341E-04 1.382E-04 1.427E-04
 1.474E-04 1.522E-04 1.567E-04 1.601E-04 1.626E-04 1.654E-04 1.693E-04 1.741E-04 1.787E-04 1.825E-04 1.855E-04 1.891E-04
# wavel.    ext.coef  sca.coef  abs.coef  sisc.alb  op.depth
#  [um]      [1/km]    [1/km]    [1/km]                     
 1.000E+00 7.323E-03 6.602E-03 7.223E-04 9.014E-01 8.250E-02
   phase function [1/km]
 5.304E-02 5.287E-02 5.235E-02 5.149E-02 5.035E-02 4.892E-02 4.729E-02 4.547E-02 4.354E-02 4.151E-02 3.945E-02 3.741E-02 3.541E-02 3.348E-02 3.165E-02 2.992E-02 2.831E-02 2.682E-02 2.546E-02 2.421E-02
 2.305E-02 1.527E-02 1.118E-02 8.824E-03 7.351E-03 5.674E-03 4.763E-03 4.172E-03 3.737E-03 3.387E-03 3.085E-03 2.819E-03 2.579E-03 2.360E-03 2.159E-03 1.974E-03 1.806E-03 1.651E-03 1.508E-03 1.378E-03
 1.259E-03 1.151E-03 1.051E-03 9.609E-04 8.785E-04 8.034E-04 7.352E-04 6.732E-04 6.166E-04 5.654E-04 5.188E-04 4.767E-04 4.383E-04 4.033E-04 3.716E-04 3.430E-04 3.170E-04 2.933E-04 2.720E-04 2.526E-04
 2.350E-04 2.191E-04 2.049E-04 1.918E-04 1.801E-04 1.695E-04 1.601E-04 1.516E-04 1.439E-04 1.370E-04 1.309E-04 1.255E-04 1.207E-04 1.164E-04 1.127E-04 1.095E-04 1.067E-04 1.044E-04 1.025E-04 1.009E-04
 9.965E-05 9.870E-05 9.808E-05 9.772E-05 9.759E-05 9.772E-05 9.808E-05 9.872E-05 9.961E-05 1.007E-04 1.020E-04 1.035E-04 1.053E-04 1.073E-04 1.096E-04 1.123E-04 1.154E-04 1.188E-04 1.226E-04 1.270E-04
 1.317E-04 1.359E-04 1.398E-04 1.431E-04 1.459E-04 1.489E-04 1.527E-04 1.570E-04 1.611E-04 1.644E-04 1.669E-04 1.701E-04
# wavel.    ext.coef  sca.coef  abs.coef  sisc.alb  op.depth
#  [um]      [1/km]    [1/km]    [1/km]                     
 1.250E+00 5.152E-03 4.499E-03 6.519E-04 8.735E-01 5.765E-02
   phase function [1/km]
 3.454E-02 3.447E-02 3.424E-02 3.388E-02 3.339E-02 3.277E-02 3.204E-02 3.121E-02 3.030E-02 2.932E-02 2.830E-02 2.723E-02 2.617E-02 2.509E-02 2.402E-02 2.297E-02 2.195E-02 2.097E-02 2.004E-02 1.916E-02
 1.832E-02 1.238E-02 9.061E-03 7.039E-03 5.726E-03 4.199E-03 3.370E-03 2.856E-03 2.500E-03 2.230E-03 2.011E-03 1.826E-03 1.665E-03 1.521E-03 1.392E-03 1.274E-03 1.167E-03 1.069E-03 9.792E-04 8.970E-04
 8.216E-04 7.531E-04 6.901E-04 6.326E-04 5.801E-04 5.322E-04 4.885E-04 4.489E-04 4.122E-04 3.788E-04 3.485E-04 3.211E-04 2.961E-04 2.732E-04 2.523E-04 2.334E-04 2.162E-04 2.005E-04 1.863E-04 1.735E-04
 1.619E-04 1.512E-04 1.415E-04 1.329E-04 1.251E-04 1.181E-04 1.117E-04 1.060E-04 1.009E-04 9.633E-05 9.226E-05 8.869E-05 8.557E-05 8.283E-05 8.043E-05 7.833E-05 7.654E-05 7.505E-05 7.385E-05 7.290E-05
 7.211E-05 7.157E-05 7.124E-05 7.116E-05 7.124E-05 7.152E-05 7.193E-05 7.252E-05 7.327E-05 7.420E-05 7.536E-05 7.676E-05 7.835E-05 8.018E-05 8.231E-05 8.464E-05 8.739E-05 9.066E-05 9.422E-05 9.773E-05
 1.014E-04 1.048E-04 1.076E-04 1.092E-04 1.096E-04 1.089E-04 1.080E-04 1.077E-04 1.083E-04 1.092E-04 1.108E-04 1.134E-04
# wavel.    ext.coef  sca.coef  abs.coef  sisc.alb  op.depth
#  [um]      [1/km]    [1/km]    [1/km]                     
 1.500E+00 3.991E-03 3.391E-03 6.002E-04 8.496E-01 4.427E-02
   phase function [1/km]
 2.455E-02 2.452E-02 2.440E-02 2.422E-02 2.398E-02 2.366E-02 2.329E-02 2.285E-02 2.238E-02 2.186E-02 2.130E-02 2.070E-02 2.010E-02 1.947E-02 1.884E-02 1.820E-02 1.757E-02 1.692E-02 1.631E-02 1.570E-02
 1.512E-02 1.054E-02 7.840E-03 6.103E-03 4.947E-03 3.550E-03 2.771E-03 2.284E-03 1.953E-03 1.709E-03 1.519E-03 1.363E-03 1.231E-03 1.117E-03 1.017E-03 9.267E-04 8.458E-04 7.724E-04 7.061E-04 6.463E-04
 5.916E-04 5.415E-04 4.960E-04 4.548E-04 4.170E-04 3.827E-04 3.513E-04 3.227E-04 2.967E-04 2.731E-04 2.516E-04 2.318E-04 2.138E-04 1.975E-04 1.828E-04 1.693E-04 1.570E-04 1.459E-04 1.358E-04 1.265E-04
 1.181E-04 1.106E-04 1.039E-04 9.775E-05 9.215E-05 8.714E-05 8.269E-05 7.866E-05 7.503E-05 7.185E-05 6.902E-05 6.651E-05 6.424E-05 6.229E-05 6.064E-05 5.922E-05 5.804E-05 5.708E-05 5.628E-05 5.570E-05
 5.530E-05 5.507E-05 5.494E-05 5.497E-05 5.513E-05 5.545E-05 5.596E-05 5.659E-05 5.734E-05 5.830E-05 5.941E-05 6.067E-05 6.218E-05 6.385E-05 6.565E-05 6.772E-05 6.999E-05 7.220E-05 7.435E-05 7.660E-05
 7.872E-05 8.060E-05 8.239E-05 8.367E-05 8.401E-05 8.314E-05 8.138E-05 7.980E-05 7.910E-05 7.942E-05 8.134E-05 8.376E-05
# wavel.    ext.coef  sca.coef  abs.coef  sisc.alb  op.depth
#  [um]      [1/km]    [1/km]    [1/km]                     
 1.750E+00 3.001E-03 2.569E-03 4.324E-04 8.559E-01 3.302E-02
   phase function [1/km]
 1.861E-02 1.858E-02 1.852E-02 1.842E-02 1.828E-02 1.810E-02 1.789E-02 1.765E-02 1.738E-02 1.708E-02 1.675E-02 1.641E-02 1.603E-02 1.565E-02 1.526E-02 1.485E-02 1.444E-02 1.403E-02 1.362E-02 1.321E-02
 1.280E-02 9.320E-03 7.064E-03 5.582E-03 4.545E-03 3.250E-03 2.498E-03 2.015E-03 1.683E-03 1.438E-03 1.248E-03 1.096E-03 9.696E-04 8.629E-04 7.715E-04 6.923E-04 6.229E-04 5.618E-04 5.076E-04 4.594E-04
 4.166E-04 3.785E-04 3.443E-04 3.135E-04 2.859E-04 2.611E-04 2.387E-04 2.185E-04 2.001E-04 1.837E-04 1.688E-04 1.553E-04 1.430E-04 1.320E-04 1.220E-04 1.129E-04 1.047E-04 9.718E-05 9.048E-05 8.437E-05
 7.882E-05 7.388E-05 6.945E-05 6.541E-05 6.174E-05 5.851E-05 5.563E-05 5.305E-05 5.073E-05 4.875E-05 4.698E-05 4.539E-05 4.402E-05 4.287E-05 4.192E-05 4.109E-05 4.041E-05 3.989E-05 3.950E-05 3.928E-05
 3.915E-05 3.912E-05 3.920E-05 3.943E-05 3.974E-05 4.018E-05 4.067E-05 4.128E-05 4.200E-05 4.284E-05 4.379E-05 4.474E-05 4.572E-05 4.671E-05 4.768E-05 4.865E-05 4.953E-05 5.032E-05 5.100E-05 5.166E-05
 5.244E-05 5.338E-05 5.450E-05 5.577E-05 5.698E-05 5.771E-05 5.734E-05 5.590E-05 5.462E-05 5.502E-05 5.736E-05 5.948E-05
# wavel.    ext.coef  sca.coef  abs.coef  sisc.alb  op.depth
#  [um]      [1/km]    [1/km]    [1/km]                     
 2.000E+00 2.249E-03 1.985E-03 2.641E-04 8.826E-01 2.456E-02
   phase function [1/km]
 1.502E-02 1.500E-02 1.497E-02 1.491E-02 1.482E-02 1.472E-02 1.458E-02 1.443E-02 1.427E-02 1.408E-02 1.387E-02 1.365E-02 1.342E-02 1.317E-02 1.291E-02 1.265E-02 1.237E-02 1.209E-02 1.181E-02 1.153E-02
 1.124E-02 8.599E-03 6.679E-03 5.377E-03 4.435E-03 3.196E-03 2.433E-03 1.924E-03 1.562E-03 1.291E-03 1.083E-03 9.187E-04 7.864E-04 6.783E-04 5.891E-04 5.148E-04 4.523E-04 3.993E-04 3.543E-04 3.156E-04
 2.822E-04 2.531E-04 2.278E-04 2.056E-04 1.861E-04 1.688E-04 1.535E-04 1.399E-04 1.277E-04 1.169E-04 1.071E-04 9.841E-05 9.058E-05 8.351E-05 7.713E-05 7.141E-05 6.625E-05 6.156E-05 5.736E-05 5.360E-05
 5.017E-05 4.707E-05 4.433E-05 4.186E-05 3.964E-05 3.765E-05 3.591E-05 3.434E-05 3.297E-05 3.174E-05 3.072E-05 2.982E-05 2.905E-05 2.840E-05 2.788E-05 2.748E-05 2.716E-05 2.694E-05 2.681E-05 2.678E-05
 2.682E-05 2.694E-05 2.711E-05 2.734E-05 2.762E-05 2.796E-05 2.831E-05 2.864E-05 2.900E-05 2.930E-05 2.959E-05 2.985E-05 3.008E-05 3.030E-05 3.051E-05 3.077E-05 3.105E-05 3.137E-05 3.170E-05 3.210E-05
 3.258E-05 3.308E-05 3.367E-05 3.434E-05 3.513E-05 3.595E-05 3.659E-05 3.647E-05 3.527E-05 3.459E-05 3.605E-05 3.751E-05
# wavel.    ext.coef  sca.coef  abs.coef  sisc.alb  op.depth
#  [um]      [1/km]    [1/km]    [1/km]                     
 2.500E+00 1.556E-03 1.299E-03 2.572E-04 8.347E-01 1.683E-02
   phase function [1/km]
 1.068E-02 1.067E-02 1.065E-02 1.063E-02 1.059E-02 1.054E-02 1.048E-02 1.042E-02 1.034E-02 1.025E-02 1.016E-02 1.006E-02 9.945E-03 9.827E-03 9.704E-03 9.573E-03 9.437E-03 9.296E-03 9.151E-03 9.003E-03
 8.851E-03 7.284E-03 5.897E-03 4.832E-03 4.031E-03 2.893E-03 2.136E-03 1.609E-03 1.234E-03 9.599E-04 7.581E-04 6.071E-04 4.930E-04 4.056E-04 3.379E-04 2.850E-04 2.429E-04 2.092E-04 1.818E-04 1.592E-04
 1.404E-04 1.247E-04 1.114E-04 9.999E-05 9.012E-05 8.161E-05 7.412E-05 6.754E-05 6.175E-05 5.659E-05 5.200E-05 4.791E-05 4.424E-05 4.092E-05 3.795E-05 3.529E-05 3.286E-05 3.069E-05 2.873E-05 2.696E-05
 2.537E-05 2.394E-05 2.266E-05 2.151E-05 2.049E-05 1.957E-05 1.876E-05 1.805E-05 1.742E-05 1.688E-05 1.641E-05 1.601E-05 1.568E-05 1.540E-05 1.518E-05 1.500E-05 1.487E-05 1.478E-05 1.471E-05 1.467E-05
 1.465E-05 1.465E-05 1.466E-05 1.469E-05 1.472E-05 1.477E-05 1.483E-05 1.491E-05 1.499E-05 1.510E-05 1.522E-05 1.535E-05 1.549E-05 1.565E-05 1.580E-05 1.597E-05 1.614E-05 1.632E-05 1.650E-05 1.667E-05
 1.686E-05 1.705E-05 1.725E-05 1.745E-05 1.768E-05 1.793E-05 1.821E-05 1.852E-05 1.868E-05 1.840E-05 1.828E-05 1.872E-05
 ----------------------------------------------------------------------------
 Visibility: 101.99 [km]
