#            Optical Properties of Aerosols and Clouds (OPAC) 4.0b      
#           --------------------------------------------------------
# maritime clean                
#  3 components
#  1 relative humidities
# 17 wavelengths
#----------------------------------------------------------------------------
# RH  COMP NUMBER    VOLUME    MASS      DENSITY  NUM.MIX  VOL.MIX   MAS.MIX
# [%]     [1/cm^3]  [um^3/m^3] [ug/m^3]  [g/cm^3] RATIO    RATIO     RATIO
#----------------------------------------------------------------------------
# 95. waso 1.500E+03 7.452E+06 8.346E+00 1.12    9.868E-01 4.327E-02 4.602E-02
#     ssam 2.000E+01 1.638E+08 1.720E+02 1.05    1.316E-02 9.510E-01 9.483E-01
#     sscm 3.200E-03 9.854E+05 1.035E+00 1.05    2.105E-06 5.721E-03 5.705E-03
#----------------------------------------------------------------------------
# only particles up to   7.5 micrometer radius are considered for mass
# 112 scattering angles for phase functions below:
#     0.000     0.100     0.200     0.300     0.400     0.500     0.600     0.700
#     0.800     0.900     1.000     1.100     1.200     1.300     1.400     1.500
#     1.600     1.700     1.800     1.900     2.000     3.000     4.000     5.000
#     6.000     8.000    10.000    12.000    14.000    16.000    18.000    20.000
#    22.000    24.000    26.000    28.000    30.000    32.000    34.000    36.000
#    38.000    40.000    42.000    44.000    46.000    48.000    50.000    52.000
#    54.000    56.000    58.000    60.000    62.000    64.000    66.000    68.000
#    70.000    72.000    74.000    76.000    78.000    80.000    82.000    84.000
#    86.000    88.000    90.000    92.000    94.000    96.000    98.000   100.000
#   102.000   104.000   106.000   108.000   110.000   112.000   114.000   116.000
#   118.000   120.000   122.000   124.000   126.000   128.000   130.000   132.000
#   134.000   136.000   138.000   140.000   142.000   144.000   146.000   148.000
#   150.000   152.000   154.000   156.000   158.000   160.000   162.000   164.000
#   166.000   168.000   170.000   172.000   174.000   176.000   178.000   180.000
#============================================================================
# 95.% relative humidity 
# wavel.    ext.coef  sca.coef  abs.coef  sisc.alb  op.depth
#  [um]      [1/km]    [1/km]    [1/km]                     
 3.500E-01 1.910E-01 1.907E-01 3.260E-04 9.983E-01 1.195E-01
   phase function [1/km]
 2.262E+01 1.939E+01 1.596E+01 1.391E+01 1.249E+01 1.136E+01 1.040E+01 9.538E+00 8.763E+00 8.058E+00 7.414E+00 6.830E+00 6.297E+00 5.809E+00 5.367E+00 4.963E+00 4.597E+00 4.261E+00 3.954E+00 3.673E+00
 3.417E+00 1.769E+00 1.026E+00 6.572E-01 4.565E-01 2.692E-01 1.922E-01 1.496E-01 1.228E-01 1.047E-01 9.009E-02 7.771E-02 6.830E-02 5.996E-02 5.248E-02 4.655E-02 4.035E-02 3.545E-02 3.165E-02 2.764E-02
 2.445E-02 2.142E-02 1.892E-02 1.658E-02 1.473E-02 1.299E-02 1.140E-02 1.001E-02 9.017E-03 7.922E-03 7.064E-03 6.164E-03 5.567E-03 4.989E-03 4.401E-03 3.919E-03 3.532E-03 3.246E-03 2.887E-03 2.589E-03
 2.376E-03 2.186E-03 1.944E-03 1.805E-03 1.684E-03 1.577E-03 1.415E-03 1.342E-03 1.280E-03 1.203E-03 1.097E-03 1.078E-03 1.062E-03 1.014E-03 9.846E-04 1.013E-03 1.019E-03 1.001E-03 1.012E-03 1.033E-03
 1.023E-03 9.962E-04 1.023E-03 9.922E-04 1.038E-03 1.082E-03 1.146E-03 1.268E-03 1.501E-03 1.619E-03 1.971E-03 2.410E-03 2.928E-03 3.270E-03 3.525E-03 3.439E-03 3.284E-03 3.188E-03 3.118E-03 3.081E-03
 3.108E-03 3.091E-03 3.240E-03 3.309E-03 3.717E-03 4.102E-03 4.565E-03 4.900E-03 5.238E-03 5.876E-03 5.694E-03 6.961E-03
# wavel.    ext.coef  sca.coef  abs.coef  sisc.alb  op.depth
#  [um]      [1/km]    [1/km]    [1/km]                     
 4.000E-01 1.881E-01 1.879E-01 2.790E-04 9.985E-01 1.144E-01
   phase function [1/km]
 1.763E+01 1.553E+01 1.297E+01 1.138E+01 1.028E+01 9.418E+00 8.694E+00 8.054E+00 7.472E+00 6.941E+00 6.453E+00 6.001E+00 5.584E+00 5.200E+00 4.847E+00 4.520E+00 4.218E+00 3.940E+00 3.683E+00 3.446E+00
 3.225E+00 1.756E+00 1.046E+00 6.797E-01 4.759E-01 2.810E-01 1.939E-01 1.494E-01 1.226E-01 1.033E-01 8.887E-02 7.809E-02 6.750E-02 5.852E-02 5.155E-02 4.508E-02 4.001E-02 3.487E-02 3.050E-02 2.710E-02
 2.361E-02 2.108E-02 1.852E-02 1.653E-02 1.434E-02 1.283E-02 1.140E-02 1.012E-02 8.861E-03 7.900E-03 7.097E-03 6.306E-03 5.606E-03 4.996E-03 4.496E-03 4.063E-03 3.638E-03 3.231E-03 2.919E-03 2.698E-03
 2.393E-03 2.151E-03 2.014E-03 1.856E-03 1.646E-03 1.526E-03 1.465E-03 1.362E-03 1.239E-03 1.224E-03 1.192E-03 1.114E-03 1.060E-03 1.065E-03 1.067E-03 1.007E-03 9.849E-04 9.889E-04 1.018E-03 1.014E-03
 1.046E-03 1.062E-03 1.078E-03 1.126E-03 1.135E-03 1.224E-03 1.259E-03 1.376E-03 1.517E-03 1.848E-03 2.181E-03 2.562E-03 2.994E-03 3.310E-03 3.391E-03 3.372E-03 3.380E-03 3.349E-03 3.124E-03 3.055E-03
 3.018E-03 3.204E-03 3.297E-03 3.503E-03 3.825E-03 4.133E-03 4.526E-03 4.611E-03 5.193E-03 5.600E-03 6.280E-03 8.419E-03
# wavel.    ext.coef  sca.coef  abs.coef  sisc.alb  op.depth
#  [um]      [1/km]    [1/km]    [1/km]                     
 4.500E-01 1.854E-01 1.851E-01 2.438E-04 9.987E-01 1.099E-01
   phase function [1/km]
 1.405E+01 1.267E+01 1.074E+01 9.467E+00 8.585E+00 7.909E+00 7.343E+00 6.850E+00 6.403E+00 5.993E+00 5.615E+00 5.263E+00 4.935E+00 4.629E+00 4.347E+00 4.082E+00 3.836E+00 3.605E+00 3.391E+00 3.192E+00
 3.007E+00 1.718E+00 1.056E+00 6.984E-01 4.944E-01 2.926E-01 1.996E-01 1.515E-01 1.228E-01 1.029E-01 8.781E-02 7.637E-02 6.678E-02 5.810E-02 5.099E-02 4.445E-02 3.912E-02 3.475E-02 3.019E-02 2.680E-02
 2.348E-02 2.072E-02 1.838E-02 1.630E-02 1.424E-02 1.263E-02 1.126E-02 1.000E-02 8.873E-03 7.831E-03 6.942E-03 6.312E-03 5.550E-03 4.973E-03 4.453E-03 4.000E-03 3.592E-03 3.255E-03 2.906E-03 2.650E-03
 2.441E-03 2.209E-03 2.018E-03 1.882E-03 1.723E-03 1.602E-03 1.492E-03 1.395E-03 1.310E-03 1.247E-03 1.178E-03 1.138E-03 1.110E-03 1.091E-03 1.061E-03 1.064E-03 1.030E-03 1.034E-03 1.048E-03 1.004E-03
 9.957E-04 1.057E-03 1.069E-03 1.119E-03 1.186E-03 1.221E-03 1.329E-03 1.418E-03 1.612E-03 1.866E-03 2.127E-03 2.544E-03 2.961E-03 3.109E-03 3.376E-03 3.320E-03 3.153E-03 3.073E-03 3.093E-03 2.981E-03
 3.067E-03 3.135E-03 3.274E-03 3.500E-03 3.771E-03 4.210E-03 4.576E-03 4.813E-03 5.028E-03 5.400E-03 6.290E-03 8.476E-03
# wavel.    ext.coef  sca.coef  abs.coef  sisc.alb  op.depth
#  [um]      [1/km]    [1/km]    [1/km]                     
 5.000E-01 1.833E-01 1.831E-01 2.153E-04 9.988E-01 1.062E-01
   phase function [1/km]
 1.148E+01 1.053E+01 9.049E+00 8.020E+00 7.294E+00 6.742E+00 6.289E+00 5.894E+00 5.542E+00 5.218E+00 4.918E+00 4.637E+00 4.375E+00 4.130E+00 3.899E+00 3.683E+00 3.480E+00 3.289E+00 3.111E+00 2.944E+00
 2.787E+00 1.667E+00 1.061E+00 7.172E-01 5.124E-01 3.001E-01 2.041E-01 1.533E-01 1.234E-01 1.030E-01 8.795E-02 7.647E-02 6.570E-02 5.747E-02 5.051E-02 4.402E-02 3.894E-02 3.415E-02 3.008E-02 2.627E-02
 2.318E-02 2.064E-02 1.819E-02 1.597E-02 1.414E-02 1.267E-02 1.109E-02 9.975E-03 8.736E-03 7.805E-03 7.052E-03 6.275E-03 5.522E-03 4.956E-03 4.561E-03 4.026E-03 3.627E-03 3.255E-03 2.986E-03 2.703E-03
 2.408E-03 2.218E-03 2.077E-03 1.890E-03 1.721E-03 1.605E-03 1.539E-03 1.422E-03 1.321E-03 1.267E-03 1.253E-03 1.167E-03 1.100E-03 1.084E-03 1.081E-03 1.059E-03 1.019E-03 1.017E-03 1.054E-03 1.062E-03
 1.086E-03 1.105E-03 1.129E-03 1.160E-03 1.204E-03 1.273E-03 1.361E-03 1.503E-03 1.638E-03 1.917E-03 2.259E-03 2.557E-03 2.884E-03 3.156E-03 3.194E-03 3.281E-03 3.354E-03 3.264E-03 3.011E-03 2.963E-03
 3.020E-03 3.083E-03 3.242E-03 3.588E-03 3.891E-03 4.392E-03 4.727E-03 4.723E-03 4.865E-03 5.480E-03 6.153E-03 8.139E-03
# wavel.    ext.coef  sca.coef  abs.coef  sisc.alb  op.depth
#  [um]      [1/km]    [1/km]    [1/km]                     
 5.500E-01 1.818E-01 1.816E-01 2.306E-04 9.987E-01 1.031E-01
   phase function [1/km]
 9.579E+00 8.906E+00 7.762E+00 6.915E+00 6.308E+00 5.845E+00 5.470E+00 5.149E+00 4.861E+00 4.600E+00 4.358E+00 4.132E+00 3.919E+00 3.718E+00 3.530E+00 3.351E+00 3.182E+00 3.024E+00 2.874E+00 2.732E+00
 2.597E+00 1.610E+00 1.050E+00 7.220E-01 5.221E-01 3.113E-01 2.110E-01 1.574E-01 1.254E-01 1.039E-01 8.832E-02 7.632E-02 6.577E-02 5.711E-02 5.006E-02 4.387E-02 3.872E-02 3.381E-02 2.983E-02 2.621E-02
 2.289E-02 2.046E-02 1.803E-02 1.593E-02 1.398E-02 1.248E-02 1.113E-02 9.834E-03 8.691E-03 7.783E-03 6.976E-03 6.241E-03 5.551E-03 4.964E-03 4.486E-03 4.078E-03 3.660E-03 3.241E-03 3.002E-03 2.742E-03
 2.448E-03 2.228E-03 2.091E-03 1.928E-03 1.736E-03 1.622E-03 1.556E-03 1.432E-03 1.336E-03 1.300E-03 1.265E-03 1.186E-03 1.119E-03 1.114E-03 1.127E-03 1.054E-03 1.040E-03 1.042E-03 1.057E-03 1.070E-03
 1.086E-03 1.105E-03 1.136E-03 1.191E-03 1.238E-03 1.336E-03 1.393E-03 1.537E-03 1.668E-03 1.957E-03 2.279E-03 2.527E-03 2.851E-03 3.074E-03 3.079E-03 3.176E-03 3.174E-03 3.190E-03 3.047E-03 2.945E-03
 3.019E-03 3.133E-03 3.270E-03 3.660E-03 4.025E-03 4.322E-03 4.654E-03 4.621E-03 4.976E-03 5.287E-03 5.897E-03 7.576E-03
# wavel.    ext.coef  sca.coef  abs.coef  sisc.alb  op.depth
#  [um]      [1/km]    [1/km]    [1/km]                     
 6.000E-01 1.809E-01 1.807E-01 2.081E-04 9.988E-01 1.007E-01
   phase function [1/km]
 8.120E+00 7.633E+00 6.741E+00 6.037E+00 5.524E+00 5.134E+00 4.819E+00 4.548E+00 4.310E+00 4.093E+00 3.891E+00 3.704E+00 3.528E+00 3.362E+00 3.204E+00 3.054E+00 2.915E+00 2.779E+00 2.652E+00 2.532E+00
 2.417E+00 1.554E+00 1.041E+00 7.286E-01 5.333E-01 3.207E-01 2.186E-01 1.625E-01 1.283E-01 1.055E-01 8.870E-02 7.541E-02 6.596E-02 5.731E-02 4.990E-02 4.392E-02 3.824E-02 3.374E-02 2.967E-02 2.618E-02
 2.308E-02 2.023E-02 1.799E-02 1.589E-02 1.414E-02 1.243E-02 1.107E-02 9.830E-03 8.783E-03 7.824E-03 6.944E-03 6.139E-03 5.644E-03 5.040E-03 4.415E-03 4.037E-03 3.689E-03 3.291E-03 2.968E-03 2.731E-03
 2.518E-03 2.289E-03 2.078E-03 1.905E-03 1.812E-03 1.679E-03 1.521E-03 1.448E-03 1.410E-03 1.283E-03 1.208E-03 1.200E-03 1.177E-03 1.124E-03 1.096E-03 1.094E-03 1.113E-03 1.115E-03 1.078E-03 1.112E-03
 1.121E-03 1.120E-03 1.178E-03 1.202E-03 1.242E-03 1.326E-03 1.440E-03 1.567E-03 1.772E-03 1.963E-03 2.191E-03 2.508E-03 2.834E-03 3.037E-03 3.096E-03 3.190E-03 3.095E-03 2.985E-03 3.040E-03 3.046E-03
 3.035E-03 3.183E-03 3.305E-03 3.556E-03 3.929E-03 4.435E-03 4.788E-03 4.821E-03 4.568E-03 4.648E-03 5.715E-03 7.570E-03
# wavel.    ext.coef  sca.coef  abs.coef  sisc.alb  op.depth
#  [um]      [1/km]    [1/km]    [1/km]                     
 6.500E-01 1.796E-01 1.794E-01 2.204E-04 9.988E-01 9.840E-02
   phase function [1/km]
 6.979E+00 6.615E+00 5.906E+00 5.310E+00 4.871E+00 4.532E+00 4.260E+00 4.030E+00 3.828E+00 3.645E+00 3.478E+00 3.323E+00 3.177E+00 3.037E+00 2.906E+00 2.779E+00 2.661E+00 2.547E+00 2.440E+00 2.336E+00
 2.239E+00 1.480E+00 1.015E+00 7.252E-01 5.393E-01 3.297E-01 2.248E-01 1.669E-01 1.312E-01 1.071E-01 8.989E-02 7.706E-02 6.656E-02 5.747E-02 5.016E-02 4.368E-02 3.854E-02 3.393E-02 2.967E-02 2.612E-02
 2.292E-02 2.028E-02 1.788E-02 1.585E-02 1.392E-02 1.227E-02 1.095E-02 9.787E-03 8.614E-03 7.650E-03 6.875E-03 6.166E-03 5.481E-03 4.936E-03 4.442E-03 3.999E-03 3.622E-03 3.265E-03 2.957E-03 2.717E-03
 2.470E-03 2.258E-03 2.076E-03 1.934E-03 1.771E-03 1.656E-03 1.542E-03 1.458E-03 1.372E-03 1.316E-03 1.255E-03 1.206E-03 1.170E-03 1.160E-03 1.129E-03 1.104E-03 1.084E-03 1.088E-03 1.095E-03 1.083E-03
 1.072E-03 1.135E-03 1.169E-03 1.210E-03 1.302E-03 1.366E-03 1.447E-03 1.569E-03 1.739E-03 1.957E-03 2.189E-03 2.468E-03 2.702E-03 2.868E-03 3.014E-03 3.037E-03 2.999E-03 2.972E-03 2.979E-03 2.950E-03
 2.969E-03 3.082E-03 3.279E-03 3.571E-03 3.870E-03 4.278E-03 4.484E-03 4.401E-03 4.243E-03 4.490E-03 5.489E-03 7.198E-03
# wavel.    ext.coef  sca.coef  abs.coef  sisc.alb  op.depth
#  [um]      [1/km]    [1/km]    [1/km]                     
 7.000E-01 1.791E-01 1.789E-01 2.017E-04 9.989E-01 9.663E-02
   phase function [1/km]
 6.048E+00 5.777E+00 5.220E+00 4.724E+00 4.348E+00 4.053E+00 3.815E+00 3.615E+00 3.442E+00 3.287E+00 3.144E+00 3.012E+00 2.888E+00 2.769E+00 2.658E+00 2.551E+00 2.449E+00 2.352E+00 2.259E+00 2.171E+00
 2.085E+00 1.418E+00 9.935E-01 7.219E-01 5.434E-01 3.371E-01 2.310E-01 1.713E-01 1.342E-01 1.092E-01 9.130E-02 7.796E-02 6.716E-02 5.788E-02 5.039E-02 4.384E-02 3.862E-02 3.395E-02 2.968E-02 2.610E-02
 2.289E-02 2.025E-02 1.785E-02 1.582E-02 1.390E-02 1.226E-02 1.094E-02 9.775E-03 8.613E-03 7.651E-03 6.876E-03 6.169E-03 5.490E-03 4.943E-03 4.453E-03 4.013E-03 3.635E-03 3.281E-03 2.976E-03 2.733E-03
 2.490E-03 2.277E-03 2.096E-03 1.954E-03 1.793E-03 1.675E-03 1.564E-03 1.479E-03 1.394E-03 1.337E-03 1.276E-03 1.226E-03 1.190E-03 1.177E-03 1.148E-03 1.121E-03 1.101E-03 1.105E-03 1.112E-03 1.100E-03
 1.091E-03 1.150E-03 1.185E-03 1.226E-03 1.314E-03 1.382E-03 1.460E-03 1.581E-03 1.746E-03 1.953E-03 2.172E-03 2.434E-03 2.653E-03 2.819E-03 2.963E-03 2.999E-03 2.974E-03 2.967E-03 2.978E-03 2.958E-03
 2.979E-03 3.095E-03 3.296E-03 3.590E-03 3.889E-03 4.270E-03 4.435E-03 4.300E-03 4.105E-03 4.340E-03 5.337E-03 6.892E-03
# wavel.    ext.coef  sca.coef  abs.coef  sisc.alb  op.depth
#  [um]      [1/km]    [1/km]    [1/km]                     
 7.500E-01 1.792E-01 1.790E-01 2.257E-04 9.987E-01 9.541E-02
   phase function [1/km]
 5.364E+00 5.150E+00 4.694E+00 4.267E+00 3.936E+00 3.678E+00 3.471E+00 3.295E+00 3.144E+00 3.008E+00 2.884E+00 2.768E+00 2.662E+00 2.559E+00 2.463E+00 2.370E+00 2.281E+00 2.197E+00 2.115E+00 2.037E+00
 1.962E+00 1.366E+00 9.766E-01 7.188E-01 5.455E-01 3.429E-01 2.370E-01 1.760E-01 1.376E-01 1.120E-01 9.310E-02 7.861E-02 6.772E-02 5.844E-02 5.068E-02 4.409E-02 3.843E-02 3.375E-02 2.958E-02 2.606E-02
 2.280E-02 2.005E-02 1.783E-02 1.571E-02 1.391E-02 1.232E-02 1.090E-02 9.749E-03 8.747E-03 7.722E-03 6.853E-03 6.214E-03 5.605E-03 5.004E-03 4.461E-03 4.068E-03 3.712E-03 3.314E-03 3.013E-03 2.765E-03
 2.554E-03 2.336E-03 2.111E-03 1.954E-03 1.868E-03 1.713E-03 1.582E-03 1.513E-03 1.448E-03 1.351E-03 1.283E-03 1.248E-03 1.224E-03 1.199E-03 1.164E-03 1.139E-03 1.158E-03 1.169E-03 1.138E-03 1.135E-03
 1.147E-03 1.179E-03 1.201E-03 1.254E-03 1.308E-03 1.362E-03 1.491E-03 1.618E-03 1.774E-03 1.957E-03 2.147E-03 2.405E-03 2.649E-03 2.805E-03 2.958E-03 3.045E-03 2.961E-03 2.989E-03 3.010E-03 2.985E-03
 3.081E-03 3.167E-03 3.311E-03 3.629E-03 3.976E-03 4.322E-03 4.599E-03 4.541E-03 4.167E-03 4.180E-03 5.407E-03 7.016E-03
# wavel.    ext.coef  sca.coef  abs.coef  sisc.alb  op.depth
#  [um]      [1/km]    [1/km]    [1/km]                     
 8.000E-01 1.787E-01 1.784E-01 2.445E-04 9.986E-01 9.391E-02
   phase function [1/km]
 4.731E+00 4.565E+00 4.196E+00 3.831E+00 3.544E+00 3.318E+00 3.133E+00 2.981E+00 2.847E+00 2.729E+00 2.620E+00 2.521E+00 2.429E+00 2.341E+00 2.258E+00 2.179E+00 2.104E+00 2.031E+00 1.961E+00 1.894E+00
 1.830E+00 1.308E+00 9.556E-01 7.155E-01 5.487E-01 3.479E-01 2.416E-01 1.800E-01 1.412E-01 1.143E-01 9.509E-02 8.027E-02 6.857E-02 5.913E-02 5.114E-02 4.461E-02 3.883E-02 3.368E-02 2.957E-02 2.598E-02
 2.296E-02 2.010E-02 1.761E-02 1.556E-02 1.389E-02 1.227E-02 1.084E-02 9.610E-03 8.601E-03 7.678E-03 6.858E-03 6.117E-03 5.469E-03 4.942E-03 4.457E-03 4.009E-03 3.602E-03 3.311E-03 3.015E-03 2.720E-03
 2.486E-03 2.309E-03 2.126E-03 1.963E-03 1.830E-03 1.706E-03 1.610E-03 1.519E-03 1.428E-03 1.355E-03 1.300E-03 1.257E-03 1.210E-03 1.167E-03 1.136E-03 1.134E-03 1.127E-03 1.117E-03 1.122E-03 1.147E-03
 1.181E-03 1.200E-03 1.224E-03 1.262E-03 1.324E-03 1.394E-03 1.487E-03 1.612E-03 1.739E-03 1.930E-03 2.142E-03 2.364E-03 2.559E-03 2.768E-03 2.866E-03 2.933E-03 2.971E-03 2.972E-03 2.938E-03 2.967E-03
 2.993E-03 3.069E-03 3.210E-03 3.469E-03 3.912E-03 4.307E-03 4.455E-03 4.263E-03 3.941E-03 4.068E-03 4.932E-03 6.177E-03
# wavel.    ext.coef  sca.coef  abs.coef  sisc.alb  op.depth
#  [um]      [1/km]    [1/km]    [1/km]                     
 9.000E-01 1.782E-01 1.780E-01 2.832E-04 9.984E-01 9.193E-02
   phase function [1/km]
 3.818E+00 3.712E+00 3.461E+00 3.193E+00 2.968E+00 2.789E+00 2.642E+00 2.518E+00 2.412E+00 2.317E+00 2.233E+00 2.155E+00 2.082E+00 2.014E+00 1.950E+00 1.888E+00 1.830E+00 1.773E+00 1.719E+00 1.667E+00
 1.616E+00 1.198E+00 9.025E-01 6.938E-01 5.450E-01 3.577E-01 2.525E-01 1.885E-01 1.477E-01 1.195E-01 9.907E-02 8.348E-02 7.063E-02 6.051E-02 5.228E-02 4.512E-02 3.924E-02 3.420E-02 2.985E-02 2.595E-02
 2.277E-02 2.011E-02 1.769E-02 1.550E-02 1.369E-02 1.218E-02 1.076E-02 9.576E-03 8.458E-03 7.556E-03 6.816E-03 6.084E-03 5.395E-03 4.867E-03 4.434E-03 3.987E-03 3.602E-03 3.262E-03 2.994E-03 2.734E-03
 2.471E-03 2.288E-03 2.138E-03 1.969E-03 1.819E-03 1.708E-03 1.619E-03 1.516E-03 1.425E-03 1.373E-03 1.338E-03 1.268E-03 1.205E-03 1.185E-03 1.177E-03 1.152E-03 1.123E-03 1.119E-03 1.138E-03 1.154E-03
 1.170E-03 1.193E-03 1.229E-03 1.274E-03 1.341E-03 1.416E-03 1.510E-03 1.622E-03 1.735E-03 1.923E-03 2.137E-03 2.316E-03 2.485E-03 2.633E-03 2.699E-03 2.804E-03 2.903E-03 2.905E-03 2.812E-03 2.823E-03
 2.899E-03 2.984E-03 3.173E-03 3.494E-03 3.785E-03 4.061E-03 4.110E-03 3.822E-03 3.571E-03 3.870E-03 4.901E-03 6.059E-03
# wavel.    ext.coef  sca.coef  abs.coef  sisc.alb  op.depth
#  [um]      [1/km]    [1/km]    [1/km]                     
 1.000E+00 1.778E-01 1.775E-01 3.198E-04 9.982E-01 9.029E-02
   phase function [1/km]
 3.147E+00 3.075E+00 2.901E+00 2.700E+00 2.522E+00 2.376E+00 2.256E+00 2.154E+00 2.068E+00 1.991E+00 1.923E+00 1.861E+00 1.804E+00 1.750E+00 1.699E+00 1.651E+00 1.605E+00 1.561E+00 1.518E+00 1.477E+00
 1.437E+00 1.102E+00 8.557E-01 6.741E-01 5.395E-01 3.632E-01 2.604E-01 1.966E-01 1.543E-01 1.246E-01 1.027E-01 8.578E-02 7.264E-02 6.217E-02 5.335E-02 4.612E-02 3.973E-02 3.439E-02 3.002E-02 2.622E-02
 2.296E-02 2.001E-02 1.755E-02 1.544E-02 1.366E-02 1.207E-02 1.064E-02 9.419E-03 8.413E-03 7.508E-03 6.680E-03 5.955E-03 5.365E-03 4.846E-03 4.357E-03 3.914E-03 3.556E-03 3.268E-03 2.968E-03 2.700E-03
 2.490E-03 2.298E-03 2.118E-03 1.971E-03 1.830E-03 1.717E-03 1.618E-03 1.523E-03 1.438E-03 1.372E-03 1.302E-03 1.264E-03 1.235E-03 1.184E-03 1.156E-03 1.158E-03 1.147E-03 1.134E-03 1.145E-03 1.160E-03
 1.180E-03 1.201E-03 1.230E-03 1.265E-03 1.322E-03 1.390E-03 1.471E-03 1.576E-03 1.708E-03 1.838E-03 2.003E-03 2.180E-03 2.354E-03 2.499E-03 2.605E-03 2.663E-03 2.715E-03 2.718E-03 2.745E-03 2.791E-03
 2.852E-03 2.941E-03 3.095E-03 3.293E-03 3.651E-03 3.944E-03 3.961E-03 3.690E-03 3.337E-03 3.434E-03 4.124E-03 4.941E-03
# wavel.    ext.coef  sca.coef  abs.coef  sisc.alb  op.depth
#  [um]      [1/km]    [1/km]    [1/km]                     
 1.250E+00 1.759E-01 1.755E-01 3.407E-04 9.981E-01 8.688E-02
   phase function [1/km]
 2.131E+00 2.101E+00 2.022E+00 1.920E+00 1.818E+00 1.727E+00 1.651E+00 1.584E+00 1.527E+00 1.476E+00 1.431E+00 1.390E+00 1.353E+00 1.319E+00 1.286E+00 1.256E+00 1.227E+00 1.199E+00 1.173E+00 1.147E+00
 1.122E+00 9.096E-01 7.432E-01 6.129E-01 5.104E-01 3.660E-01 2.730E-01 2.106E-01 1.667E-01 1.349E-01 1.108E-01 9.197E-02 7.729E-02 6.541E-02 5.559E-02 4.754E-02 4.065E-02 3.502E-02 3.028E-02 2.625E-02
 2.279E-02 1.983E-02 1.732E-02 1.518E-02 1.335E-02 1.174E-02 1.036E-02 9.169E-03 8.154E-03 7.246E-03 6.453E-03 5.753E-03 5.195E-03 4.685E-03 4.186E-03 3.786E-03 3.457E-03 3.141E-03 2.854E-03 2.621E-03
 2.418E-03 2.223E-03 2.049E-03 1.898E-03 1.784E-03 1.671E-03 1.558E-03 1.478E-03 1.415E-03 1.333E-03 1.273E-03 1.241E-03 1.210E-03 1.171E-03 1.140E-03 1.132E-03 1.133E-03 1.123E-03 1.116E-03 1.134E-03
 1.149E-03 1.171E-03 1.202E-03 1.232E-03 1.282E-03 1.340E-03 1.416E-03 1.510E-03 1.622E-03 1.726E-03 1.849E-03 1.979E-03 2.131E-03 2.248E-03 2.299E-03 2.367E-03 2.398E-03 2.405E-03 2.460E-03 2.524E-03
 2.585E-03 2.689E-03 2.831E-03 2.992E-03 3.193E-03 3.360E-03 3.338E-03 3.047E-03 2.702E-03 2.757E-03 3.478E-03 4.181E-03
# wavel.    ext.coef  sca.coef  abs.coef  sisc.alb  op.depth
#  [um]      [1/km]    [1/km]    [1/km]                     
 1.500E+00 1.717E-01 1.709E-01 8.307E-04 9.952E-01 8.352E-02
   phase function [1/km]
 1.556E+00 1.541E+00 1.500E+00 1.444E+00 1.383E+00 1.324E+00 1.272E+00 1.226E+00 1.186E+00 1.150E+00 1.118E+00 1.089E+00 1.063E+00 1.039E+00 1.016E+00 9.950E-01 9.750E-01 9.562E-01 9.382E-01 9.208E-01
 9.042E-01 7.606E-01 6.451E-01 5.501E-01 4.723E-01 3.549E-01 2.730E-01 2.148E-01 1.721E-01 1.399E-01 1.152E-01 9.575E-02 8.002E-02 6.722E-02 5.683E-02 4.826E-02 4.117E-02 3.522E-02 3.023E-02 2.602E-02
 2.246E-02 1.950E-02 1.698E-02 1.481E-02 1.293E-02 1.135E-02 1.001E-02 8.836E-03 7.803E-03 6.937E-03 6.190E-03 5.528E-03 4.942E-03 4.436E-03 4.007E-03 3.627E-03 3.287E-03 2.982E-03 2.726E-03 2.504E-03
 2.292E-03 2.111E-03 1.965E-03 1.830E-03 1.700E-03 1.593E-03 1.506E-03 1.421E-03 1.349E-03 1.297E-03 1.246E-03 1.193E-03 1.151E-03 1.129E-03 1.109E-03 1.083E-03 1.066E-03 1.064E-03 1.067E-03 1.070E-03
 1.079E-03 1.096E-03 1.124E-03 1.160E-03 1.203E-03 1.258E-03 1.312E-03 1.381E-03 1.460E-03 1.560E-03 1.662E-03 1.755E-03 1.842E-03 1.926E-03 1.986E-03 2.042E-03 2.098E-03 2.149E-03 2.187E-03 2.212E-03
 2.269E-03 2.366E-03 2.482E-03 2.640E-03 2.765E-03 2.796E-03 2.687E-03 2.402E-03 2.213E-03 2.371E-03 2.913E-03 3.352E-03
# wavel.    ext.coef  sca.coef  abs.coef  sisc.alb  op.depth
#  [um]      [1/km]    [1/km]    [1/km]                     
 1.750E+00 1.647E-01 1.643E-01 4.496E-04 9.972E-01 7.920E-02
   phase function [1/km]
 1.205E+00 1.197E+00 1.174E+00 1.141E+00 1.103E+00 1.064E+00 1.027E+00 9.942E-01 9.646E-01 9.384E-01 9.146E-01 8.929E-01 8.733E-01 8.551E-01 8.384E-01 8.229E-01 8.080E-01 7.942E-01 7.811E-01 7.684E-01
 7.564E-01 6.538E-01 5.698E-01 4.981E-01 4.367E-01 3.391E-01 2.675E-01 2.141E-01 1.734E-01 1.417E-01 1.168E-01 9.681E-02 8.070E-02 6.762E-02 5.690E-02 4.806E-02 4.070E-02 3.458E-02 2.954E-02 2.534E-02
 2.178E-02 1.876E-02 1.624E-02 1.410E-02 1.230E-02 1.076E-02 9.425E-03 8.288E-03 7.329E-03 6.492E-03 5.765E-03 5.130E-03 4.595E-03 4.130E-03 3.714E-03 3.346E-03 3.036E-03 2.768E-03 2.524E-03 2.307E-03
 2.125E-03 1.961E-03 1.816E-03 1.689E-03 1.576E-03 1.479E-03 1.393E-03 1.316E-03 1.249E-03 1.191E-03 1.140E-03 1.102E-03 1.070E-03 1.036E-03 1.013E-03 1.002E-03 9.910E-04 9.817E-04 9.822E-04 9.897E-04
 1.001E-03 1.017E-03 1.037E-03 1.063E-03 1.098E-03 1.140E-03 1.188E-03 1.243E-03 1.311E-03 1.379E-03 1.451E-03 1.525E-03 1.595E-03 1.653E-03 1.703E-03 1.739E-03 1.776E-03 1.804E-03 1.836E-03 1.880E-03
 1.933E-03 2.000E-03 2.083E-03 2.175E-03 2.284E-03 2.337E-03 2.258E-03 2.038E-03 1.827E-03 1.891E-03 2.281E-03 2.594E-03
# wavel.    ext.coef  sca.coef  abs.coef  sisc.alb  op.depth
#  [um]      [1/km]    [1/km]    [1/km]                     
 2.000E+00 1.559E-01 1.538E-01 2.155E-03 9.861E-01 7.436E-02
   phase function [1/km]
 9.661E-01 9.613E-01 9.476E-01 9.271E-01 9.023E-01 8.758E-01 8.498E-01 8.253E-01 8.031E-01 7.829E-01 7.646E-01 7.480E-01 7.325E-01 7.185E-01 7.053E-01 6.930E-01 6.816E-01 6.708E-01 6.605E-01 6.508E-01
 6.414E-01 5.632E-01 4.994E-01 4.440E-01 3.954E-01 3.156E-01 2.535E-01 2.054E-01 1.676E-01 1.377E-01 1.136E-01 9.422E-02 7.839E-02 6.545E-02 5.487E-02 4.616E-02 3.898E-02 3.303E-02 2.808E-02 2.395E-02
 2.050E-02 1.763E-02 1.521E-02 1.316E-02 1.143E-02 9.962E-03 8.720E-03 7.655E-03 6.737E-03 5.956E-03 5.288E-03 4.705E-03 4.197E-03 3.761E-03 3.384E-03 3.055E-03 2.764E-03 2.511E-03 2.290E-03 2.096E-03
 1.923E-03 1.773E-03 1.644E-03 1.528E-03 1.423E-03 1.334E-03 1.256E-03 1.187E-03 1.127E-03 1.078E-03 1.033E-03 9.917E-04 9.580E-04 9.341E-04 9.144E-04 8.948E-04 8.809E-04 8.750E-04 8.737E-04 8.744E-04
 8.788E-04 8.892E-04 9.057E-04 9.278E-04 9.550E-04 9.858E-04 1.021E-03 1.062E-03 1.106E-03 1.159E-03 1.211E-03 1.255E-03 1.296E-03 1.336E-03 1.368E-03 1.398E-03 1.427E-03 1.457E-03 1.483E-03 1.511E-03
 1.555E-03 1.611E-03 1.678E-03 1.755E-03 1.809E-03 1.813E-03 1.734E-03 1.568E-03 1.442E-03 1.522E-03 1.800E-03 1.999E-03
# wavel.    ext.coef  sca.coef  abs.coef  sisc.alb  op.depth
#  [um]      [1/km]    [1/km]    [1/km]                     
 2.500E+00 1.260E-01 1.233E-01 2.662E-03 9.788E-01 5.974E-02
   phase function [1/km]
 6.734E-01 6.713E-01 6.656E-01 6.563E-01 6.448E-01 6.316E-01 6.178E-01 6.042E-01 5.909E-01 5.785E-01 5.669E-01 5.562E-01 5.464E-01 5.371E-01 5.284E-01 5.203E-01 5.126E-01 5.055E-01 4.988E-01 4.923E-01
 4.862E-01 4.354E-01 3.946E-01 3.582E-01 3.251E-01 2.671E-01 2.190E-01 1.792E-01 1.466E-01 1.200E-01 9.825E-02 8.057E-02 6.623E-02 5.457E-02 4.509E-02 3.738E-02 3.111E-02 2.600E-02 2.178E-02 1.835E-02
 1.552E-02 1.318E-02 1.124E-02 9.625E-03 8.278E-03 7.152E-03 6.201E-03 5.399E-03 4.719E-03 4.142E-03 3.651E-03 3.229E-03 2.867E-03 2.558E-03 2.290E-03 2.057E-03 1.855E-03 1.680E-03 1.528E-03 1.393E-03
 1.277E-03 1.176E-03 1.086E-03 1.007E-03 9.382E-04 8.783E-04 8.251E-04 7.785E-04 7.388E-04 7.042E-04 6.742E-04 6.478E-04 6.257E-04 6.078E-04 5.935E-04 5.817E-04 5.725E-04 5.669E-04 5.644E-04 5.643E-04
 5.665E-04 5.702E-04 5.775E-04 5.881E-04 5.994E-04 6.117E-04 6.253E-04 6.395E-04 6.511E-04 6.629E-04 6.730E-04 6.797E-04 6.847E-04 6.893E-04 6.944E-04 6.998E-04 7.058E-04 7.148E-04 7.252E-04 7.392E-04
 7.588E-04 7.824E-04 8.105E-04 8.396E-04 8.654E-04 8.816E-04 8.727E-04 8.260E-04 7.638E-04 7.662E-04 8.713E-04 9.551E-04
 ----------------------------------------------------------------------------
 Visibility:  15.51 [km]
