#            Optical Properties of Aerosols and Clouds (OPAC) 4.0b      
#           --------------------------------------------------------
# maritime polluted             
#  4 components
#  1 relative humidities
# 17 wavelengths
#----------------------------------------------------------------------------
# RH  COMP NUMBER    VOLUME    MASS      DENSITY  NUM.MIX  VOL.MIX   MAS.MIX
# [%]     [1/cm^3]  [um^3/m^3] [ug/m^3]  [g/cm^3] RATIO    RATIO     RATIO
#----------------------------------------------------------------------------
# 95. waso 3.800E+03 1.888E+07 2.114E+01 1.12    4.222E-01 1.026E-01 1.087E-01
#     soot 5.180E+03 3.098E+05 3.098E-01 1.00    5.756E-01 1.684E-03 1.593E-03
#     ssam 2.000E+01 1.638E+08 1.720E+02 1.05    2.222E-03 8.903E-01 8.844E-01
#     sscm 3.200E-03 9.854E+05 1.035E+00 1.05    3.556E-07 5.356E-03 5.320E-03
#----------------------------------------------------------------------------
# only particles up to   7.5 micrometer radius are considered for mass
# 112 scattering angles for phase functions below:
#     0.000     0.100     0.200     0.300     0.400     0.500     0.600     0.700
#     0.800     0.900     1.000     1.100     1.200     1.300     1.400     1.500
#     1.600     1.700     1.800     1.900     2.000     3.000     4.000     5.000
#     6.000     8.000    10.000    12.000    14.000    16.000    18.000    20.000
#    22.000    24.000    26.000    28.000    30.000    32.000    34.000    36.000
#    38.000    40.000    42.000    44.000    46.000    48.000    50.000    52.000
#    54.000    56.000    58.000    60.000    62.000    64.000    66.000    68.000
#    70.000    72.000    74.000    76.000    78.000    80.000    82.000    84.000
#    86.000    88.000    90.000    92.000    94.000    96.000    98.000   100.000
#   102.000   104.000   106.000   108.000   110.000   112.000   114.000   116.000
#   118.000   120.000   122.000   124.000   126.000   128.000   130.000   132.000
#   134.000   136.000   138.000   140.000   142.000   144.000   146.000   148.000
#   150.000   152.000   154.000   156.000   158.000   160.000   162.000   164.000
#   166.000   168.000   170.000   172.000   174.000   176.000   178.000   180.000
#============================================================================
# 95.% relative humidity 
# wavel.    ext.coef  sca.coef  abs.coef  sisc.alb  op.depth
#  [um]      [1/km]    [1/km]    [1/km]                     
 3.500E-01 2.707E-01 2.662E-01 4.564E-03 9.832E-01 2.474E-01
   phase function [1/km]
 2.280E+01 1.957E+01 1.613E+01 1.409E+01 1.267E+01 1.154E+01 1.057E+01 9.713E+00 8.938E+00 8.232E+00 7.587E+00 7.003E+00 6.469E+00 5.981E+00 5.539E+00 5.134E+00 4.767E+00 4.430E+00 4.122E+00 3.841E+00
 3.583E+00 1.926E+00 1.174E+00 7.948E-01 5.845E-01 3.796E-01 2.874E-01 2.316E-01 1.935E-01 1.657E-01 1.427E-01 1.232E-01 1.076E-01 9.397E-02 8.194E-02 7.211E-02 6.253E-02 5.474E-02 4.845E-02 4.231E-02
 3.729E-02 3.266E-02 2.879E-02 2.527E-02 2.240E-02 1.977E-02 1.741E-02 1.535E-02 1.378E-02 1.218E-02 1.088E-02 9.584E-03 8.645E-03 7.770E-03 6.919E-03 6.205E-03 5.614E-03 5.148E-03 4.629E-03 4.189E-03
 3.850E-03 3.549E-03 3.209E-03 2.981E-03 2.782E-03 2.606E-03 2.382E-03 2.253E-03 2.143E-03 2.022E-03 1.878E-03 1.826E-03 1.780E-03 1.706E-03 1.655E-03 1.664E-03 1.654E-03 1.623E-03 1.624E-03 1.639E-03
 1.624E-03 1.595E-03 1.622E-03 1.595E-03 1.645E-03 1.698E-03 1.774E-03 1.910E-03 2.161E-03 2.300E-03 2.677E-03 3.144E-03 3.691E-03 4.066E-03 4.358E-03 4.312E-03 4.195E-03 4.136E-03 4.103E-03 4.103E-03
 4.162E-03 4.172E-03 4.337E-03 4.411E-03 4.805E-03 5.154E-03 5.563E-03 5.848E-03 6.179E-03 6.871E-03 6.781E-03 8.100E-03
# wavel.    ext.coef  sca.coef  abs.coef  sisc.alb  op.depth
#  [um]      [1/km]    [1/km]    [1/km]                     
 4.000E-01 2.587E-01 2.547E-01 3.976E-03 9.846E-01 2.339E-01
   phase function [1/km]
 1.777E+01 1.567E+01 1.311E+01 1.152E+01 1.042E+01 9.558E+00 8.834E+00 8.193E+00 7.611E+00 7.080E+00 6.591E+00 6.139E+00 5.722E+00 5.337E+00 4.984E+00 4.656E+00 4.355E+00 4.076E+00 3.818E+00 3.580E+00
 3.360E+00 1.884E+00 1.168E+00 7.939E-01 5.831E-01 3.749E-01 2.759E-01 2.207E-01 1.845E-01 1.570E-01 1.355E-01 1.186E-01 1.026E-01 8.900E-02 7.802E-02 6.808E-02 6.002E-02 5.230E-02 4.571E-02 4.039E-02
 3.525E-02 3.128E-02 2.750E-02 2.444E-02 2.132E-02 1.900E-02 1.688E-02 1.499E-02 1.320E-02 1.178E-02 1.057E-02 9.426E-03 8.416E-03 7.532E-03 6.791E-03 6.147E-03 5.535E-03 4.962E-03 4.504E-03 4.154E-03
 3.735E-03 3.390E-03 3.162E-03 2.924E-03 2.643E-03 2.459E-03 2.342E-03 2.189E-03 2.021E-03 1.967E-03 1.900E-03 1.791E-03 1.709E-03 1.691E-03 1.673E-03 1.596E-03 1.559E-03 1.551E-03 1.570E-03 1.559E-03
 1.585E-03 1.599E-03 1.615E-03 1.665E-03 1.678E-03 1.773E-03 1.818E-03 1.946E-03 2.101E-03 2.449E-03 2.799E-03 3.202E-03 3.659E-03 4.001E-03 4.109E-03 4.119E-03 4.156E-03 4.156E-03 3.960E-03 3.919E-03
 3.906E-03 4.113E-03 4.220E-03 4.431E-03 4.743E-03 5.024E-03 5.380E-03 5.433E-03 6.012E-03 6.458E-03 7.202E-03 9.376E-03
# wavel.    ext.coef  sca.coef  abs.coef  sisc.alb  op.depth
#  [um]      [1/km]    [1/km]    [1/km]                     
 4.500E-01 2.481E-01 2.446E-01 3.500E-03 9.859E-01 2.222E-01
   phase function [1/km]
 1.417E+01 1.278E+01 1.085E+01 9.581E+00 8.700E+00 8.023E+00 7.457E+00 6.964E+00 6.516E+00 6.107E+00 5.728E+00 5.377E+00 5.048E+00 4.742E+00 4.459E+00 4.194E+00 3.947E+00 3.716E+00 3.502E+00 3.303E+00
 3.118E+00 1.824E+00 1.157E+00 7.941E-01 5.848E-01 3.727E-01 2.702E-01 2.134E-01 1.769E-01 1.501E-01 1.290E-01 1.123E-01 9.807E-02 8.535E-02 7.473E-02 6.513E-02 5.716E-02 5.051E-02 4.396E-02 3.886E-02
 3.405E-02 3.001E-02 2.656E-02 2.351E-02 2.062E-02 1.828E-02 1.628E-02 1.446E-02 1.285E-02 1.139E-02 1.013E-02 9.176E-03 8.131E-03 7.305E-03 6.564E-03 5.916E-03 5.337E-03 4.847E-03 4.364E-03 3.989E-03
 3.675E-03 3.348E-03 3.073E-03 2.862E-03 2.638E-03 2.459E-03 2.296E-03 2.153E-03 2.027E-03 1.927E-03 1.825E-03 1.757E-03 1.705E-03 1.664E-03 1.615E-03 1.602E-03 1.554E-03 1.547E-03 1.552E-03 1.501E-03
 1.487E-03 1.546E-03 1.556E-03 1.608E-03 1.677E-03 1.718E-03 1.833E-03 1.931E-03 2.136E-03 2.404E-03 2.680E-03 3.114E-03 3.550E-03 3.720E-03 4.009E-03 3.975E-03 3.832E-03 3.776E-03 3.821E-03 3.731E-03
 3.838E-03 3.923E-03 4.072E-03 4.301E-03 4.565E-03 4.988E-03 5.330E-03 5.545E-03 5.758E-03 6.159E-03 7.096E-03 9.306E-03
# wavel.    ext.coef  sca.coef  abs.coef  sisc.alb  op.depth
#  [um]      [1/km]    [1/km]    [1/km]                     
 5.000E-01 2.391E-01 2.360E-01 3.106E-03 9.870E-01 2.123E-01
   phase function [1/km]
 1.158E+01 1.062E+01 9.143E+00 8.114E+00 7.388E+00 6.837E+00 6.383E+00 5.988E+00 5.636E+00 5.311E+00 5.011E+00 4.730E+00 4.468E+00 4.223E+00 3.992E+00 3.775E+00 3.573E+00 3.381E+00 3.203E+00 3.035E+00
 2.878E+00 1.755E+00 1.145E+00 7.979E-01 5.890E-01 3.687E-01 2.650E-01 2.071E-01 1.707E-01 1.445E-01 1.243E-01 1.083E-01 9.353E-02 8.179E-02 7.175E-02 6.258E-02 5.518E-02 4.836E-02 4.253E-02 3.719E-02
 3.277E-02 2.909E-02 2.563E-02 2.254E-02 1.996E-02 1.783E-02 1.568E-02 1.406E-02 1.238E-02 1.107E-02 9.978E-03 8.905E-03 7.893E-03 7.097E-03 6.500E-03 5.787E-03 5.230E-03 4.719E-03 4.326E-03 3.934E-03
 3.541E-03 3.265E-03 3.047E-03 2.792E-03 2.561E-03 2.392E-03 2.276E-03 2.117E-03 1.978E-03 1.891E-03 1.847E-03 1.735E-03 1.644E-03 1.608E-03 1.587E-03 1.551E-03 1.498E-03 1.485E-03 1.514E-03 1.516E-03
 1.534E-03 1.550E-03 1.573E-03 1.604E-03 1.652E-03 1.724E-03 1.817E-03 1.967E-03 2.111E-03 2.401E-03 2.755E-03 3.067E-03 3.409E-03 3.699E-03 3.755E-03 3.860E-03 3.953E-03 3.883E-03 3.650E-03 3.620E-03
 3.692E-03 3.768E-03 3.938E-03 4.288E-03 4.585E-03 5.073E-03 5.390E-03 5.371E-03 5.517E-03 6.157E-03 6.865E-03 8.869E-03
# wavel.    ext.coef  sca.coef  abs.coef  sisc.alb  op.depth
#  [um]      [1/km]    [1/km]    [1/km]                     
 5.500E-01 2.315E-01 2.287E-01 2.854E-03 9.877E-01 2.039E-01
   phase function [1/km]
 9.658E+00 8.984E+00 7.841E+00 6.993E+00 6.387E+00 5.924E+00 5.549E+00 5.227E+00 4.940E+00 4.679E+00 4.436E+00 4.210E+00 3.997E+00 3.795E+00 3.607E+00 3.428E+00 3.259E+00 3.101E+00 2.950E+00 2.809E+00
 2.674E+00 1.684E+00 1.121E+00 7.904E-01 5.874E-01 3.701E-01 2.636E-01 2.041E-01 1.667E-01 1.404E-01 1.204E-01 1.045E-01 9.048E-02 7.876E-02 6.902E-02 6.049E-02 5.329E-02 4.659E-02 4.105E-02 3.607E-02
 3.157E-02 2.812E-02 2.479E-02 2.190E-02 1.928E-02 1.718E-02 1.532E-02 1.357E-02 1.203E-02 1.077E-02 9.656E-03 8.654E-03 7.726E-03 6.929E-03 6.267E-03 5.696E-03 5.134E-03 4.586E-03 4.234E-03 3.874E-03
 3.490E-03 3.191E-03 2.982E-03 2.757E-03 2.508E-03 2.344E-03 2.234E-03 2.071E-03 1.939E-03 1.872E-03 1.810E-03 1.707E-03 1.618E-03 1.595E-03 1.591E-03 1.505E-03 1.479E-03 1.471E-03 1.479E-03 1.485E-03
 1.496E-03 1.512E-03 1.542E-03 1.596E-03 1.645E-03 1.747E-03 1.808E-03 1.957E-03 2.096E-03 2.394E-03 2.725E-03 2.986E-03 3.322E-03 3.560E-03 3.579E-03 3.692E-03 3.706E-03 3.738E-03 3.610E-03 3.524E-03
 3.612E-03 3.737E-03 3.882E-03 4.276E-03 4.638E-03 4.925E-03 5.246E-03 5.204E-03 5.562E-03 5.893E-03 6.529E-03 8.222E-03
# wavel.    ext.coef  sca.coef  abs.coef  sisc.alb  op.depth
#  [um]      [1/km]    [1/km]    [1/km]                     
 6.000E-01 2.255E-01 2.229E-01 2.572E-03 9.886E-01 1.970E-01
   phase function [1/km]
 8.187E+00 7.699E+00 6.808E+00 6.103E+00 5.590E+00 5.200E+00 4.885E+00 4.614E+00 4.376E+00 4.159E+00 3.957E+00 3.770E+00 3.594E+00 3.428E+00 3.270E+00 3.120E+00 2.980E+00 2.845E+00 2.718E+00 2.598E+00
 2.482E+00 1.617E+00 1.102E+00 7.871E-01 5.893E-01 3.715E-01 2.643E-01 2.033E-01 1.646E-01 1.377E-01 1.171E-01 1.004E-01 8.797E-02 7.666E-02 6.690E-02 5.885E-02 5.136E-02 4.528E-02 3.983E-02 3.513E-02
 3.097E-02 2.720E-02 2.415E-02 2.135E-02 1.899E-02 1.674E-02 1.491E-02 1.326E-02 1.185E-02 1.058E-02 9.415E-03 8.365E-03 7.653E-03 6.857E-03 6.062E-03 5.534E-03 5.053E-03 4.537E-03 4.109E-03 3.779E-03
 3.483E-03 3.181E-03 2.904E-03 2.673E-03 2.528E-03 2.348E-03 2.149E-03 2.039E-03 1.969E-03 1.813E-03 1.713E-03 1.682E-03 1.639E-03 1.569E-03 1.526E-03 1.510E-03 1.519E-03 1.511E-03 1.467E-03 1.495E-03
 1.500E-03 1.496E-03 1.552E-03 1.576E-03 1.617E-03 1.704E-03 1.821E-03 1.953E-03 2.165E-03 2.363E-03 2.599E-03 2.927E-03 3.263E-03 3.478E-03 3.549E-03 3.657E-03 3.575E-03 3.479E-03 3.547E-03 3.566E-03
 3.567E-03 3.724E-03 3.853E-03 4.107E-03 4.479E-03 4.980E-03 5.325E-03 5.352E-03 5.103E-03 5.200E-03 6.288E-03 8.153E-03
# wavel.    ext.coef  sca.coef  abs.coef  sisc.alb  op.depth
#  [um]      [1/km]    [1/km]    [1/km]                     
 6.500E-01 2.197E-01 2.173E-01 2.428E-03 9.890E-01 1.906E-01
   phase function [1/km]
 7.035E+00 6.672E+00 5.963E+00 5.366E+00 4.928E+00 4.589E+00 4.317E+00 4.086E+00 3.884E+00 3.702E+00 3.534E+00 3.379E+00 3.233E+00 3.093E+00 2.961E+00 2.835E+00 2.717E+00 2.603E+00 2.495E+00 2.391E+00
 2.294E+00 1.534E+00 1.067E+00 7.755E-01 5.876E-01 3.738E-01 2.646E-01 2.027E-01 1.631E-01 1.355E-01 1.150E-01 9.928E-02 8.617E-02 7.476E-02 6.540E-02 5.710E-02 5.036E-02 4.434E-02 3.886E-02 3.423E-02
 3.009E-02 2.662E-02 2.350E-02 2.084E-02 1.836E-02 1.622E-02 1.448E-02 1.294E-02 1.144E-02 1.018E-02 9.153E-03 8.219E-03 7.335E-03 6.614E-03 5.964E-03 5.384E-03 4.884E-03 4.418E-03 4.014E-03 3.688E-03
 3.365E-03 3.085E-03 2.841E-03 2.646E-03 2.435E-03 2.277E-03 2.125E-03 2.007E-03 1.891E-03 1.808E-03 1.723E-03 1.653E-03 1.599E-03 1.572E-03 1.528E-03 1.491E-03 1.460E-03 1.456E-03 1.456E-03 1.438E-03
 1.423E-03 1.483E-03 1.516E-03 1.556E-03 1.649E-03 1.714E-03 1.798E-03 1.924E-03 2.100E-03 2.324E-03 2.563E-03 2.850E-03 3.094E-03 3.270E-03 3.426E-03 3.460E-03 3.433E-03 3.418E-03 3.437E-03 3.419E-03
 3.448E-03 3.569E-03 3.773E-03 4.068E-03 4.367E-03 4.771E-03 4.972E-03 4.886E-03 4.733E-03 4.992E-03 6.007E-03 7.725E-03
# wavel.    ext.coef  sca.coef  abs.coef  sisc.alb  op.depth
#  [um]      [1/km]    [1/km]    [1/km]                     
 7.000E-01 2.153E-01 2.131E-01 2.214E-03 9.897E-01 1.856E-01
   phase function [1/km]
 6.096E+00 5.826E+00 5.268E+00 4.773E+00 4.396E+00 4.102E+00 3.863E+00 3.663E+00 3.490E+00 3.335E+00 3.192E+00 3.061E+00 2.936E+00 2.817E+00 2.706E+00 2.599E+00 2.497E+00 2.400E+00 2.307E+00 2.218E+00
 2.133E+00 1.464E+00 1.039E+00 7.654E-01 5.853E-01 3.755E-01 2.659E-01 2.028E-01 1.624E-01 1.343E-01 1.137E-01 9.780E-02 8.472E-02 7.341E-02 6.411E-02 5.596E-02 4.932E-02 4.340E-02 3.804E-02 3.349E-02
 2.944E-02 2.606E-02 2.301E-02 2.040E-02 1.799E-02 1.590E-02 1.420E-02 1.269E-02 1.122E-02 9.997E-03 8.988E-03 8.075E-03 7.212E-03 6.504E-03 5.870E-03 5.302E-03 4.811E-03 4.357E-03 3.962E-03 3.640E-03
 3.325E-03 3.049E-03 2.812E-03 2.618E-03 2.413E-03 2.255E-03 2.108E-03 1.991E-03 1.879E-03 1.797E-03 1.714E-03 1.644E-03 1.591E-03 1.563E-03 1.520E-03 1.483E-03 1.454E-03 1.449E-03 1.449E-03 1.432E-03
 1.419E-03 1.475E-03 1.508E-03 1.549E-03 1.637E-03 1.707E-03 1.788E-03 1.912E-03 2.081E-03 2.293E-03 2.519E-03 2.788E-03 3.015E-03 3.189E-03 3.343E-03 3.388E-03 3.373E-03 3.376E-03 3.398E-03 3.388E-03
 3.417E-03 3.541E-03 3.747E-03 4.044E-03 4.344E-03 4.723E-03 4.886E-03 4.749E-03 4.557E-03 4.804E-03 5.814E-03 7.375E-03
# wavel.    ext.coef  sca.coef  abs.coef  sisc.alb  op.depth
#  [um]      [1/km]    [1/km]    [1/km]                     
 7.500E-01 2.119E-01 2.098E-01 2.146E-03 9.899E-01 1.816E-01
   phase function [1/km]
 5.406E+00 5.192E+00 4.736E+00 4.309E+00 3.978E+00 3.719E+00 3.512E+00 3.336E+00 3.186E+00 3.050E+00 2.925E+00 2.810E+00 2.703E+00 2.600E+00 2.504E+00 2.411E+00 2.323E+00 2.238E+00 2.156E+00 2.078E+00
 2.003E+00 1.407E+00 1.016E+00 7.566E-01 5.820E-01 3.765E-01 2.676E-01 2.037E-01 1.625E-01 1.343E-01 1.130E-01 9.630E-02 8.342E-02 7.236E-02 6.301E-02 5.500E-02 4.809E-02 4.231E-02 3.716E-02 3.278E-02
 2.877E-02 2.534E-02 2.254E-02 1.991E-02 1.765E-02 1.566E-02 1.389E-02 1.243E-02 1.115E-02 9.885E-03 8.803E-03 7.974E-03 7.197E-03 6.448E-03 5.773E-03 5.263E-03 4.802E-03 4.312E-03 3.928E-03 3.607E-03
 3.329E-03 3.053E-03 2.776E-03 2.572E-03 2.445E-03 2.253E-03 2.088E-03 1.990E-03 1.900E-03 1.779E-03 1.690E-03 1.637E-03 1.598E-03 1.558E-03 1.511E-03 1.476E-03 1.486E-03 1.489E-03 1.452E-03 1.444E-03
 1.452E-03 1.481E-03 1.502E-03 1.554E-03 1.609E-03 1.664E-03 1.794E-03 1.925E-03 2.085E-03 2.273E-03 2.468E-03 2.732E-03 2.983E-03 3.146E-03 3.307E-03 3.403E-03 3.327E-03 3.364E-03 3.394E-03 3.377E-03
 3.481E-03 3.573E-03 3.722E-03 4.044E-03 4.391E-03 4.736E-03 5.012E-03 4.953E-03 4.583E-03 4.606E-03 5.843E-03 7.457E-03
# wavel.    ext.coef  sca.coef  abs.coef  sisc.alb  op.depth
#  [um]      [1/km]    [1/km]    [1/km]                     
 8.000E-01 2.082E-01 2.061E-01 2.083E-03 9.900E-01 1.773E-01
   phase function [1/km]
 4.767E+00 4.601E+00 4.232E+00 3.868E+00 3.580E+00 3.354E+00 3.169E+00 3.017E+00 2.883E+00 2.765E+00 2.656E+00 2.557E+00 2.465E+00 2.377E+00 2.293E+00 2.215E+00 2.140E+00 2.067E+00 1.997E+00 1.930E+00
 1.865E+00 1.343E+00 9.895E-01 7.484E-01 5.805E-01 3.772E-01 2.684E-01 2.044E-01 1.632E-01 1.341E-01 1.127E-01 9.601E-02 8.257E-02 7.157E-02 6.218E-02 5.441E-02 4.752E-02 4.139E-02 3.641E-02 3.205E-02
 2.835E-02 2.490E-02 2.189E-02 1.937E-02 1.730E-02 1.532E-02 1.357E-02 1.206E-02 1.080E-02 9.658E-03 8.645E-03 7.732E-03 6.931E-03 6.268E-03 5.662E-03 5.108E-03 4.605E-03 4.229E-03 3.857E-03 3.495E-03
 3.201E-03 2.970E-03 2.739E-03 2.533E-03 2.362E-03 2.204E-03 2.078E-03 1.959E-03 1.845E-03 1.750E-03 1.676E-03 1.617E-03 1.555E-03 1.499E-03 1.457E-03 1.445E-03 1.429E-03 1.413E-03 1.412E-03 1.433E-03
 1.463E-03 1.480E-03 1.502E-03 1.539E-03 1.601E-03 1.672E-03 1.767E-03 1.895E-03 2.025E-03 2.220E-03 2.436E-03 2.664E-03 2.865E-03 3.080E-03 3.185E-03 3.259E-03 3.305E-03 3.314E-03 3.287E-03 3.323E-03
 3.355E-03 3.437E-03 3.583E-03 3.846E-03 4.290E-03 4.684E-03 4.832E-03 4.640E-03 4.322E-03 4.456E-03 5.329E-03 6.578E-03
# wavel.    ext.coef  sca.coef  abs.coef  sisc.alb  op.depth
#  [um]      [1/km]    [1/km]    [1/km]                     
 9.000E-01 2.028E-01 2.008E-01 1.997E-03 9.901E-01 1.712E-01
   phase function [1/km]
 3.846E+00 3.740E+00 3.489E+00 3.220E+00 2.995E+00 2.817E+00 2.669E+00 2.546E+00 2.440E+00 2.345E+00 2.260E+00 2.182E+00 2.110E+00 2.041E+00 1.977E+00 1.916E+00 1.857E+00 1.801E+00 1.746E+00 1.694E+00
 1.643E+00 1.225E+00 9.286E-01 7.192E-01 5.696E-01 3.805E-01 2.735E-01 2.077E-01 1.651E-01 1.353E-01 1.132E-01 9.616E-02 8.197E-02 7.063E-02 6.130E-02 5.316E-02 4.640E-02 4.057E-02 3.553E-02 3.101E-02
 2.729E-02 2.415E-02 2.129E-02 1.872E-02 1.658E-02 1.477E-02 1.308E-02 1.167E-02 1.034E-02 9.256E-03 8.352E-03 7.475E-03 6.657E-03 6.014E-03 5.478E-03 4.939E-03 4.473E-03 4.060E-03 3.727E-03 3.409E-03
 3.095E-03 2.865E-03 2.674E-03 2.468E-03 2.285E-03 2.144E-03 2.028E-03 1.902E-03 1.791E-03 1.720E-03 1.669E-03 1.584E-03 1.508E-03 1.477E-03 1.459E-03 1.426E-03 1.390E-03 1.380E-03 1.394E-03 1.406E-03
 1.418E-03 1.439E-03 1.474E-03 1.518E-03 1.585E-03 1.661E-03 1.756E-03 1.870E-03 1.986E-03 2.177E-03 2.394E-03 2.577E-03 2.751E-03 2.904E-03 2.976E-03 3.086E-03 3.192E-03 3.199E-03 3.111E-03 3.129E-03
 3.210E-03 3.300E-03 3.493E-03 3.817E-03 4.110E-03 4.386E-03 4.435E-03 4.149E-03 3.901E-03 4.206E-03 5.243E-03 6.403E-03
# wavel.    ext.coef  sca.coef  abs.coef  sisc.alb  op.depth
#  [um]      [1/km]    [1/km]    [1/km]                     
 1.000E+00 1.984E-01 1.965E-01 1.913E-03 9.904E-01 1.663E-01
   phase function [1/km]
 3.168E+00 3.097E+00 2.923E+00 2.721E+00 2.543E+00 2.398E+00 2.277E+00 2.176E+00 2.089E+00 2.013E+00 1.945E+00 1.882E+00 1.825E+00 1.771E+00 1.720E+00 1.672E+00 1.626E+00 1.582E+00 1.539E+00 1.498E+00
 1.458E+00 1.123E+00 8.761E-01 6.939E-01 5.588E-01 3.812E-01 2.771E-01 2.119E-01 1.682E-01 1.373E-01 1.142E-01 9.609E-02 8.189E-02 7.047E-02 6.078E-02 5.276E-02 4.567E-02 3.971E-02 3.477E-02 3.047E-02
 2.676E-02 2.342E-02 2.061E-02 1.818E-02 1.612E-02 1.428E-02 1.263E-02 1.122E-02 1.004E-02 8.975E-03 8.008E-03 7.160E-03 6.460E-03 5.842E-03 5.267E-03 4.744E-03 4.316E-03 3.965E-03 3.610E-03 3.292E-03
 3.036E-03 2.804E-03 2.589E-03 2.410E-03 2.240E-03 2.101E-03 1.979E-03 1.863E-03 1.761E-03 1.679E-03 1.594E-03 1.544E-03 1.504E-03 1.443E-03 1.407E-03 1.401E-03 1.384E-03 1.366E-03 1.372E-03 1.384E-03
 1.401E-03 1.420E-03 1.448E-03 1.482E-03 1.539E-03 1.608E-03 1.690E-03 1.796E-03 1.930E-03 2.063E-03 2.231E-03 2.412E-03 2.589E-03 2.738E-03 2.848E-03 2.911E-03 2.967E-03 2.975E-03 3.007E-03 3.058E-03
 3.123E-03 3.216E-03 3.374E-03 3.574E-03 3.934E-03 4.229E-03 4.246E-03 3.977E-03 3.627E-03 3.729E-03 4.422E-03 5.241E-03
# wavel.    ext.coef  sca.coef  abs.coef  sisc.alb  op.depth
#  [um]      [1/km]    [1/km]    [1/km]                     
 1.250E+00 1.895E-01 1.879E-01 1.663E-03 9.912E-01 1.567E-01
   phase function [1/km]
 2.143E+00 2.113E+00 2.034E+00 1.932E+00 1.830E+00 1.740E+00 1.663E+00 1.597E+00 1.539E+00 1.488E+00 1.443E+00 1.402E+00 1.365E+00 1.331E+00 1.298E+00 1.268E+00 1.239E+00 1.211E+00 1.185E+00 1.159E+00
 1.134E+00 9.214E-01 7.548E-01 6.242E-01 5.215E-01 3.764E-01 2.828E-01 2.196E-01 1.751E-01 1.425E-01 1.178E-01 9.829E-02 8.302E-02 7.059E-02 6.027E-02 5.176E-02 4.446E-02 3.844E-02 3.336E-02 2.903E-02
 2.530E-02 2.209E-02 1.936E-02 1.702E-02 1.502E-02 1.324E-02 1.172E-02 1.040E-02 9.275E-03 8.265E-03 7.380E-03 6.597E-03 5.965E-03 5.389E-03 4.830E-03 4.377E-03 3.999E-03 3.640E-03 3.314E-03 3.047E-03
 2.813E-03 2.589E-03 2.390E-03 2.216E-03 2.082E-03 1.952E-03 1.823E-03 1.728E-03 1.652E-03 1.559E-03 1.489E-03 1.448E-03 1.409E-03 1.363E-03 1.327E-03 1.313E-03 1.311E-03 1.297E-03 1.286E-03 1.303E-03
 1.316E-03 1.336E-03 1.366E-03 1.396E-03 1.446E-03 1.504E-03 1.580E-03 1.675E-03 1.789E-03 1.895E-03 2.020E-03 2.152E-03 2.306E-03 2.426E-03 2.480E-03 2.550E-03 2.584E-03 2.594E-03 2.652E-03 2.720E-03
 2.784E-03 2.890E-03 3.035E-03 3.197E-03 3.401E-03 3.568E-03 3.548E-03 3.259E-03 2.915E-03 2.972E-03 3.696E-03 4.399E-03
# wavel.    ext.coef  sca.coef  abs.coef  sisc.alb  op.depth
#  [um]      [1/km]    [1/km]    [1/km]                     
 1.500E+00 1.814E-01 1.794E-01 1.990E-03 9.890E-01 1.487E-01
   phase function [1/km]
 1.563E+00 1.548E+00 1.508E+00 1.452E+00 1.390E+00 1.331E+00 1.279E+00 1.233E+00 1.193E+00 1.157E+00 1.125E+00 1.096E+00 1.070E+00 1.046E+00 1.023E+00 1.002E+00 9.823E-01 9.635E-01 9.455E-01 9.281E-01
 9.114E-01 7.677E-01 6.522E-01 5.571E-01 4.791E-01 3.613E-01 2.791E-01 2.205E-01 1.773E-01 1.448E-01 1.197E-01 9.985E-02 8.376E-02 7.063E-02 5.993E-02 5.108E-02 4.373E-02 3.754E-02 3.234E-02 2.793E-02
 2.419E-02 2.108E-02 1.840E-02 1.610E-02 1.411E-02 1.242E-02 1.099E-02 9.723E-03 8.611E-03 7.675E-03 6.864E-03 6.144E-03 5.506E-03 4.953E-03 4.483E-03 4.064E-03 3.690E-03 3.354E-03 3.070E-03 2.823E-03
 2.588E-03 2.387E-03 2.223E-03 2.071E-03 1.927E-03 1.806E-03 1.708E-03 1.613E-03 1.531E-03 1.470E-03 1.413E-03 1.353E-03 1.305E-03 1.278E-03 1.254E-03 1.225E-03 1.205E-03 1.200E-03 1.201E-03 1.202E-03
 1.209E-03 1.226E-03 1.253E-03 1.289E-03 1.332E-03 1.388E-03 1.443E-03 1.512E-03 1.592E-03 1.693E-03 1.797E-03 1.891E-03 1.980E-03 2.066E-03 2.127E-03 2.186E-03 2.243E-03 2.297E-03 2.337E-03 2.364E-03
 2.423E-03 2.522E-03 2.639E-03 2.799E-03 2.926E-03 2.958E-03 2.850E-03 2.566E-03 2.379E-03 2.538E-03 3.081E-03 3.520E-03
# wavel.    ext.coef  sca.coef  abs.coef  sisc.alb  op.depth
#  [um]      [1/km]    [1/km]    [1/km]                     
 1.750E+00 1.714E-01 1.700E-01 1.359E-03 9.920E-01 1.396E-01
   phase function [1/km]
 1.209E+00 1.201E+00 1.179E+00 1.146E+00 1.107E+00 1.068E+00 1.032E+00 9.987E-01 9.691E-01 9.429E-01 9.191E-01 8.974E-01 8.778E-01 8.596E-01 8.429E-01 8.274E-01 8.126E-01 7.988E-01 7.856E-01 7.729E-01
 7.609E-01 6.582E-01 5.742E-01 5.024E-01 4.409E-01 3.431E-01 2.713E-01 2.177E-01 1.768E-01 1.449E-01 1.197E-01 9.946E-02 8.313E-02 6.984E-02 5.893E-02 4.992E-02 4.239E-02 3.613E-02 3.095E-02 2.662E-02
 2.295E-02 1.983E-02 1.721E-02 1.499E-02 1.311E-02 1.149E-02 1.010E-02 8.902E-03 7.890E-03 7.006E-03 6.236E-03 5.563E-03 4.992E-03 4.495E-03 4.051E-03 3.656E-03 3.323E-03 3.034E-03 2.770E-03 2.536E-03
 2.337E-03 2.160E-03 2.002E-03 1.863E-03 1.740E-03 1.634E-03 1.540E-03 1.456E-03 1.382E-03 1.318E-03 1.263E-03 1.220E-03 1.184E-03 1.147E-03 1.121E-03 1.107E-03 1.094E-03 1.083E-03 1.083E-03 1.089E-03
 1.100E-03 1.115E-03 1.135E-03 1.160E-03 1.196E-03 1.238E-03 1.286E-03 1.343E-03 1.411E-03 1.480E-03 1.553E-03 1.628E-03 1.699E-03 1.759E-03 1.810E-03 1.848E-03 1.886E-03 1.915E-03 1.949E-03 1.994E-03
 2.049E-03 2.117E-03 2.201E-03 2.294E-03 2.405E-03 2.459E-03 2.380E-03 2.162E-03 1.951E-03 2.016E-03 2.407E-03 2.720E-03
# wavel.    ext.coef  sca.coef  abs.coef  sisc.alb  op.depth
#  [um]      [1/km]    [1/km]    [1/km]                     
 2.000E+00 1.606E-01 1.577E-01 2.899E-03 9.819E-01 1.303E-01
   phase function [1/km]
 9.690E-01 9.642E-01 9.505E-01 9.300E-01 9.052E-01 8.787E-01 8.527E-01 8.282E-01 8.060E-01 7.858E-01 7.675E-01 7.509E-01 7.354E-01 7.214E-01 7.082E-01 6.959E-01 6.845E-01 6.736E-01 6.634E-01 6.537E-01
 6.443E-01 5.661E-01 5.023E-01 4.468E-01 3.982E-01 3.182E-01 2.560E-01 2.077E-01 1.698E-01 1.397E-01 1.155E-01 9.596E-02 7.999E-02 6.693E-02 5.623E-02 4.740E-02 4.012E-02 3.407E-02 2.903E-02 2.482E-02
 2.130E-02 1.836E-02 1.588E-02 1.377E-02 1.198E-02 1.047E-02 9.189E-03 8.084E-03 7.131E-03 6.318E-03 5.621E-03 5.011E-03 4.479E-03 4.021E-03 3.623E-03 3.277E-03 2.970E-03 2.701E-03 2.467E-03 2.261E-03
 2.078E-03 1.917E-03 1.779E-03 1.655E-03 1.544E-03 1.448E-03 1.365E-03 1.290E-03 1.225E-03 1.172E-03 1.124E-03 1.080E-03 1.043E-03 1.017E-03 9.953E-04 9.740E-04 9.587E-04 9.518E-04 9.495E-04 9.497E-04
 9.536E-04 9.637E-04 9.801E-04 1.002E-03 1.030E-03 1.061E-03 1.096E-03 1.138E-03 1.183E-03 1.236E-03 1.289E-03 1.334E-03 1.376E-03 1.417E-03 1.449E-03 1.481E-03 1.511E-03 1.542E-03 1.569E-03 1.598E-03
 1.643E-03 1.700E-03 1.768E-03 1.845E-03 1.901E-03 1.905E-03 1.826E-03 1.661E-03 1.536E-03 1.616E-03 1.895E-03 2.093E-03
# wavel.    ext.coef  sca.coef  abs.coef  sisc.alb  op.depth
#  [um]      [1/km]    [1/km]    [1/km]                     
 2.500E+00 1.284E-01 1.251E-01 3.321E-03 9.741E-01 1.039E-01
   phase function [1/km]
 6.746E-01 6.725E-01 6.667E-01 6.575E-01 6.459E-01 6.328E-01 6.190E-01 6.054E-01 5.920E-01 5.797E-01 5.681E-01 5.574E-01 5.475E-01 5.383E-01 5.296E-01 5.215E-01 5.138E-01 5.066E-01 4.999E-01 4.935E-01
 4.874E-01 4.365E-01 3.958E-01 3.593E-01 3.263E-01 2.682E-01 2.201E-01 1.802E-01 1.475E-01 1.208E-01 9.904E-02 8.131E-02 6.691E-02 5.520E-02 4.567E-02 3.792E-02 3.161E-02 2.645E-02 2.221E-02 1.874E-02
 1.587E-02 1.351E-02 1.154E-02 9.903E-03 8.533E-03 7.387E-03 6.417E-03 5.599E-03 4.903E-03 4.312E-03 3.808E-03 3.375E-03 3.002E-03 2.682E-03 2.405E-03 2.165E-03 1.954E-03 1.773E-03 1.615E-03 1.475E-03
 1.353E-03 1.247E-03 1.153E-03 1.071E-03 9.990E-04 9.360E-04 8.802E-04 8.313E-04 7.895E-04 7.531E-04 7.215E-04 6.938E-04 6.704E-04 6.516E-04 6.364E-04 6.239E-04 6.142E-04 6.081E-04 6.054E-04 6.050E-04
 6.071E-04 6.107E-04 6.181E-04 6.289E-04 6.404E-04 6.529E-04 6.667E-04 6.813E-04 6.933E-04 7.055E-04 7.160E-04 7.232E-04 7.286E-04 7.337E-04 7.394E-04 7.453E-04 7.517E-04 7.613E-04 7.721E-04 7.866E-04
 8.067E-04 8.307E-04 8.592E-04 8.888E-04 9.149E-04 9.315E-04 9.229E-04 8.764E-04 8.145E-04 8.170E-04 9.223E-04 1.006E-03
 ----------------------------------------------------------------------------
 Visibility:  12.34 [km]
