#            Optical Properties of Aerosols and Clouds (OPAC) 4.0b      
#           --------------------------------------------------------
# maritime polluted             
#  4 components
#  1 relative humidities
# 17 wavelengths
#----------------------------------------------------------------------------
# RH  COMP NUMBER    VOLUME    MASS      DENSITY  NUM.MIX  VOL.MIX   MAS.MIX
# [%]     [1/cm^3]  [um^3/m^3] [ug/m^3]  [g/cm^3] RATIO    RATIO     RATIO
#----------------------------------------------------------------------------
# 50. waso 3.800E+03 5.345E+06 7.590E+00 1.42    4.222E-01 1.472E-01 1.600E-01
#     soot 5.180E+03 3.097E+05 3.097E-01 1.00    5.756E-01 8.532E-03 6.530E-03
#     ssam 2.000E+01 2.998E+07 3.868E+01 1.29    2.222E-03 8.259E-01 8.154E-01
#     sscm 3.200E-03 6.635E+05 8.559E-01 1.29    3.556E-07 1.828E-02 1.804E-02
#----------------------------------------------------------------------------
# only particles up to   7.5 micrometer radius are considered for mass
# 112 scattering angles for phase functions below:
#     0.000     0.100     0.200     0.300     0.400     0.500     0.600     0.700
#     0.800     0.900     1.000     1.100     1.200     1.300     1.400     1.500
#     1.600     1.700     1.800     1.900     2.000     3.000     4.000     5.000
#     6.000     8.000    10.000    12.000    14.000    16.000    18.000    20.000
#    22.000    24.000    26.000    28.000    30.000    32.000    34.000    36.000
#    38.000    40.000    42.000    44.000    46.000    48.000    50.000    52.000
#    54.000    56.000    58.000    60.000    62.000    64.000    66.000    68.000
#    70.000    72.000    74.000    76.000    78.000    80.000    82.000    84.000
#    86.000    88.000    90.000    92.000    94.000    96.000    98.000   100.000
#   102.000   104.000   106.000   108.000   110.000   112.000   114.000   116.000
#   118.000   120.000   122.000   124.000   126.000   128.000   130.000   132.000
#   134.000   136.000   138.000   140.000   142.000   144.000   146.000   148.000
#   150.000   152.000   154.000   156.000   158.000   160.000   162.000   164.000
#   166.000   168.000   170.000   172.000   174.000   176.000   178.000   180.000
#============================================================================
# 50.% relative humidity 
# wavel.    ext.coef  sca.coef  abs.coef  sisc.alb  op.depth
#  [um]      [1/km]    [1/km]    [1/km]                     
 3.500E-01 9.510E-02 9.057E-02 4.562E-03 9.520E-01 2.573E-01
   phase function [1/km]
 2.359E+00 2.194E+00 1.944E+00 1.753E+00 1.612E+00 1.504E+00 1.416E+00 1.341E+00 1.275E+00 1.215E+00 1.160E+00 1.108E+00 1.059E+00 1.014E+00 9.702E-01 9.289E-01 8.898E-01 8.527E-01 8.173E-01 7.837E-01
 7.518E-01 5.068E-01 3.572E-01 2.629E-01 2.015E-01 1.319E-01 9.752E-02 7.713E-02 6.375E-02 5.427E-02 4.676E-02 4.072E-02 3.593E-02 3.189E-02 2.830E-02 2.512E-02 2.223E-02 1.973E-02 1.765E-02 1.578E-02
 1.407E-02 1.253E-02 1.114E-02 1.000E-02 9.016E-03 8.057E-03 7.209E-03 6.471E-03 5.872E-03 5.278E-03 4.760E-03 4.297E-03 3.902E-03 3.552E-03 3.211E-03 2.937E-03 2.672E-03 2.454E-03 2.251E-03 2.069E-03
 1.909E-03 1.756E-03 1.633E-03 1.523E-03 1.423E-03 1.325E-03 1.246E-03 1.179E-03 1.119E-03 1.056E-03 9.998E-04 9.577E-04 9.310E-04 8.963E-04 8.578E-04 8.352E-04 8.177E-04 8.022E-04 7.803E-04 7.743E-04
 7.615E-04 7.497E-04 7.441E-04 7.482E-04 7.571E-04 7.654E-04 7.835E-04 8.141E-04 8.545E-04 9.123E-04 9.883E-04 1.071E-03 1.176E-03 1.335E-03 1.489E-03 1.622E-03 1.733E-03 1.831E-03 1.885E-03 1.931E-03
 1.987E-03 2.052E-03 2.073E-03 2.138E-03 2.285E-03 2.374E-03 2.410E-03 2.465E-03 2.527E-03 2.639E-03 2.852E-03 3.346E-03
# wavel.    ext.coef  sca.coef  abs.coef  sisc.alb  op.depth
#  [um]      [1/km]    [1/km]    [1/km]                     
 4.000E-01 8.940E-02 8.543E-02 3.973E-03 9.556E-01 2.399E-01
   phase function [1/km]
 1.839E+00 1.736E+00 1.564E+00 1.422E+00 1.314E+00 1.229E+00 1.161E+00 1.103E+00 1.053E+00 1.008E+00 9.664E-01 9.278E-01 8.916E-01 8.573E-01 8.247E-01 7.938E-01 7.642E-01 7.360E-01 7.088E-01 6.828E-01
 6.580E-01 4.604E-01 3.332E-01 2.506E-01 1.956E-01 1.305E-01 9.545E-02 7.472E-02 6.130E-02 5.172E-02 4.470E-02 3.915E-02 3.428E-02 3.014E-02 2.664E-02 2.367E-02 2.111E-02 1.874E-02 1.662E-02 1.480E-02
 1.318E-02 1.180E-02 1.055E-02 9.416E-03 8.407E-03 7.541E-03 6.804E-03 6.098E-03 5.458E-03 4.933E-03 4.460E-03 4.051E-03 3.636E-03 3.301E-03 3.015E-03 2.745E-03 2.503E-03 2.288E-03 2.100E-03 1.945E-03
 1.779E-03 1.644E-03 1.534E-03 1.435E-03 1.324E-03 1.244E-03 1.167E-03 1.101E-03 1.041E-03 9.989E-04 9.526E-04 9.102E-04 8.737E-04 8.473E-04 8.212E-04 7.972E-04 7.697E-04 7.504E-04 7.403E-04 7.226E-04
 7.133E-04 7.173E-04 7.119E-04 7.201E-04 7.365E-04 7.514E-04 7.723E-04 7.961E-04 8.320E-04 8.906E-04 9.648E-04 1.048E-03 1.147E-03 1.259E-03 1.397E-03 1.499E-03 1.604E-03 1.703E-03 1.744E-03 1.754E-03
 1.780E-03 1.831E-03 1.919E-03 2.027E-03 2.091E-03 2.150E-03 2.128E-03 2.083E-03 2.103E-03 2.264E-03 2.685E-03 3.304E-03
# wavel.    ext.coef  sca.coef  abs.coef  sisc.alb  op.depth
#  [um]      [1/km]    [1/km]    [1/km]                     
 4.500E-01 8.492E-02 8.143E-02 3.492E-03 9.589E-01 2.259E-01
   phase function [1/km]
 1.477E+00 1.411E+00 1.289E+00 1.182E+00 1.097E+00 1.030E+00 9.748E-01 9.290E-01 8.892E-01 8.535E-01 8.214E-01 7.915E-01 7.634E-01 7.370E-01 7.120E-01 6.880E-01 6.650E-01 6.430E-01 6.217E-01 6.014E-01
 5.819E-01 4.224E-01 3.140E-01 2.405E-01 1.897E-01 1.280E-01 9.389E-02 7.319E-02 5.966E-02 5.018E-02 4.305E-02 3.740E-02 3.271E-02 2.872E-02 2.536E-02 2.242E-02 1.989E-02 1.772E-02 1.577E-02 1.403E-02
 1.246E-02 1.111E-02 1.001E-02 8.947E-03 7.967E-03 7.146E-03 6.450E-03 5.811E-03 5.229E-03 4.697E-03 4.231E-03 3.857E-03 3.506E-03 3.167E-03 2.872E-03 2.634E-03 2.414E-03 2.191E-03 2.007E-03 1.856E-03
 1.725E-03 1.587E-03 1.461E-03 1.356E-03 1.281E-03 1.196E-03 1.117E-03 1.061E-03 1.012E-03 9.549E-04 9.113E-04 8.771E-04 8.468E-04 8.192E-04 7.931E-04 7.680E-04 7.519E-04 7.416E-04 7.183E-04 7.009E-04
 6.926E-04 6.883E-04 6.887E-04 7.009E-04 7.110E-04 7.241E-04 7.492E-04 7.801E-04 8.264E-04 8.731E-04 9.243E-04 1.004E-03 1.100E-03 1.201E-03 1.333E-03 1.439E-03 1.510E-03 1.603E-03 1.674E-03 1.703E-03
 1.749E-03 1.802E-03 1.861E-03 1.946E-03 2.027E-03 2.080E-03 2.085E-03 2.037E-03 2.007E-03 2.125E-03 2.501E-03 2.988E-03
# wavel.    ext.coef  sca.coef  abs.coef  sisc.alb  op.depth
#  [um]      [1/km]    [1/km]    [1/km]                     
 5.000E-01 8.103E-02 7.794E-02 3.096E-03 9.618E-01 2.139E-01
   phase function [1/km]
 1.215E+00 1.170E+00 1.081E+00 9.982E-01 9.304E-01 8.757E-01 8.309E-01 7.932E-01 7.609E-01 7.320E-01 7.063E-01 6.825E-01 6.602E-01 6.395E-01 6.196E-01 6.008E-01 5.826E-01 5.653E-01 5.484E-01 5.322E-01
 5.167E-01 3.867E-01 2.945E-01 2.297E-01 1.839E-01 1.260E-01 9.258E-02 7.197E-02 5.844E-02 4.895E-02 4.192E-02 3.631E-02 3.161E-02 2.769E-02 2.440E-02 2.158E-02 1.916E-02 1.696E-02 1.505E-02 1.337E-02
 1.191E-02 1.066E-02 9.516E-03 8.519E-03 7.591E-03 6.822E-03 6.150E-03 5.508E-03 4.939E-03 4.471E-03 4.062E-03 3.661E-03 3.299E-03 2.998E-03 2.735E-03 2.496E-03 2.274E-03 2.078E-03 1.914E-03 1.765E-03
 1.614E-03 1.491E-03 1.403E-03 1.308E-03 1.209E-03 1.133E-03 1.077E-03 1.011E-03 9.506E-04 9.178E-04 8.839E-04 8.362E-04 7.961E-04 7.730E-04 7.519E-04 7.266E-04 7.067E-04 6.916E-04 6.838E-04 6.763E-04
 6.716E-04 6.719E-04 6.739E-04 6.741E-04 6.849E-04 7.084E-04 7.292E-04 7.547E-04 7.924E-04 8.436E-04 9.090E-04 9.826E-04 1.064E-03 1.161E-03 1.264E-03 1.355E-03 1.452E-03 1.543E-03 1.578E-03 1.590E-03
 1.627E-03 1.692E-03 1.770E-03 1.863E-03 1.924E-03 1.936E-03 1.883E-03 1.815E-03 1.806E-03 1.879E-03 2.233E-03 2.670E-03
# wavel.    ext.coef  sca.coef  abs.coef  sisc.alb  op.depth
#  [um]      [1/km]    [1/km]    [1/km]                     
 5.500E-01 7.778E-02 7.494E-02 2.838E-03 9.635E-01 2.038E-01
   phase function [1/km]
 1.017E+00 9.851E-01 9.194E-01 8.546E-01 7.998E-01 7.549E-01 7.175E-01 6.862E-01 6.591E-01 6.354E-01 6.139E-01 5.945E-01 5.763E-01 5.593E-01 5.433E-01 5.280E-01 5.134E-01 4.994E-01 4.859E-01 4.729E-01
 4.601E-01 3.538E-01 2.760E-01 2.197E-01 1.784E-01 1.242E-01 9.193E-02 7.157E-02 5.788E-02 4.817E-02 4.107E-02 3.545E-02 3.074E-02 2.680E-02 2.354E-02 2.079E-02 1.845E-02 1.634E-02 1.445E-02 1.283E-02
 1.142E-02 1.020E-02 9.105E-03 8.125E-03 7.254E-03 6.497E-03 5.852E-03 5.254E-03 4.702E-03 4.249E-03 3.850E-03 3.486E-03 3.139E-03 2.853E-03 2.602E-03 2.376E-03 2.167E-03 1.982E-03 1.823E-03 1.685E-03
 1.545E-03 1.430E-03 1.334E-03 1.249E-03 1.159E-03 1.085E-03 1.022E-03 9.663E-04 9.154E-04 8.771E-04 8.394E-04 8.014E-04 7.666E-04 7.447E-04 7.234E-04 7.005E-04 6.803E-04 6.678E-04 6.580E-04 6.479E-04
 6.412E-04 6.446E-04 6.457E-04 6.523E-04 6.684E-04 6.882E-04 7.066E-04 7.321E-04 7.674E-04 8.165E-04 8.775E-04 9.420E-04 1.019E-03 1.107E-03 1.198E-03 1.278E-03 1.360E-03 1.438E-03 1.493E-03 1.518E-03
 1.544E-03 1.606E-03 1.696E-03 1.779E-03 1.820E-03 1.825E-03 1.759E-03 1.657E-03 1.624E-03 1.734E-03 2.064E-03 2.422E-03
# wavel.    ext.coef  sca.coef  abs.coef  sisc.alb  op.depth
#  [um]      [1/km]    [1/km]    [1/km]                     
 6.000E-01 7.518E-02 7.263E-02 2.553E-03 9.660E-01 1.956E-01
   phase function [1/km]
 8.682E-01 8.456E-01 7.957E-01 7.445E-01 6.997E-01 6.624E-01 6.312E-01 6.047E-01 5.818E-01 5.618E-01 5.437E-01 5.274E-01 5.123E-01 4.982E-01 4.851E-01 4.724E-01 4.604E-01 4.491E-01 4.379E-01 4.273E-01
 4.168E-01 3.286E-01 2.618E-01 2.115E-01 1.734E-01 1.221E-01 9.136E-02 7.148E-02 5.785E-02 4.799E-02 4.050E-02 3.466E-02 3.006E-02 2.626E-02 2.299E-02 2.019E-02 1.776E-02 1.572E-02 1.397E-02 1.240E-02
 1.101E-02 9.787E-03 8.725E-03 7.795E-03 6.983E-03 6.248E-03 5.591E-03 5.028E-03 4.544E-03 4.089E-03 3.677E-03 3.319E-03 3.032E-03 2.762E-03 2.500E-03 2.270E-03 2.085E-03 1.918E-03 1.753E-03 1.614E-03
 1.500E-03 1.389E-03 1.279E-03 1.191E-03 1.121E-03 1.053E-03 9.843E-04 9.323E-04 8.872E-04 8.386E-04 7.937E-04 7.677E-04 7.456E-04 7.172E-04 6.937E-04 6.803E-04 6.653E-04 6.483E-04 6.407E-04 6.369E-04
 6.310E-04 6.262E-04 6.305E-04 6.365E-04 6.465E-04 6.611E-04 6.831E-04 7.163E-04 7.578E-04 7.975E-04 8.461E-04 9.134E-04 9.917E-04 1.071E-03 1.157E-03 1.230E-03 1.288E-03 1.340E-03 1.402E-03 1.464E-03
 1.520E-03 1.570E-03 1.622E-03 1.674E-03 1.738E-03 1.777E-03 1.757E-03 1.654E-03 1.555E-03 1.621E-03 1.862E-03 2.105E-03
# wavel.    ext.coef  sca.coef  abs.coef  sisc.alb  op.depth
#  [um]      [1/km]    [1/km]    [1/km]                     
 6.500E-01 7.280E-02 7.040E-02 2.405E-03 9.670E-01 1.882E-01
   phase function [1/km]
 7.542E-01 7.376E-01 6.992E-01 6.579E-01 6.210E-01 5.893E-01 5.625E-01 5.394E-01 5.197E-01 5.022E-01 4.868E-01 4.726E-01 4.597E-01 4.477E-01 4.363E-01 4.255E-01 4.153E-01 4.055E-01 3.961E-01 3.870E-01
 3.782E-01 3.029E-01 2.453E-01 2.010E-01 1.671E-01 1.203E-01 9.059E-02 7.100E-02 5.744E-02 4.760E-02 4.024E-02 3.449E-02 2.975E-02 2.580E-02 2.252E-02 1.972E-02 1.736E-02 1.535E-02 1.355E-02 1.197E-02
 1.061E-02 9.441E-03 8.426E-03 7.505E-03 6.687E-03 5.978E-03 5.373E-03 4.830E-03 4.342E-03 3.896E-03 3.516E-03 3.196E-03 2.898E-03 2.623E-03 2.384E-03 2.184E-03 1.995E-03 1.823E-03 1.674E-03 1.545E-03
 1.431E-03 1.326E-03 1.226E-03 1.143E-03 1.072E-03 1.006E-03 9.487E-04 8.962E-04 8.497E-04 8.113E-04 7.767E-04 7.428E-04 7.142E-04 6.944E-04 6.742E-04 6.528E-04 6.393E-04 6.307E-04 6.176E-04 6.069E-04
 6.028E-04 6.054E-04 6.096E-04 6.181E-04 6.318E-04 6.469E-04 6.653E-04 6.923E-04 7.279E-04 7.691E-04 8.152E-04 8.714E-04 9.408E-04 1.015E-03 1.094E-03 1.160E-03 1.224E-03 1.289E-03 1.341E-03 1.385E-03
 1.438E-03 1.483E-03 1.545E-03 1.611E-03 1.649E-03 1.643E-03 1.576E-03 1.481E-03 1.428E-03 1.511E-03 1.802E-03 2.094E-03
# wavel.    ext.coef  sca.coef  abs.coef  sisc.alb  op.depth
#  [um]      [1/km]    [1/km]    [1/km]                     
 7.000E-01 7.073E-02 6.854E-02 2.190E-03 9.690E-01 1.817E-01
   phase function [1/km]
 6.605E-01 6.481E-01 6.182E-01 5.846E-01 5.539E-01 5.271E-01 5.041E-01 4.843E-01 4.671E-01 4.519E-01 4.385E-01 4.262E-01 4.151E-01 4.046E-01 3.949E-01 3.858E-01 3.770E-01 3.687E-01 3.607E-01 3.530E-01
 3.456E-01 2.813E-01 2.314E-01 1.921E-01 1.614E-01 1.180E-01 8.970E-02 7.062E-02 5.721E-02 4.738E-02 3.997E-02 3.416E-02 2.941E-02 2.544E-02 2.214E-02 1.935E-02 1.699E-02 1.499E-02 1.321E-02 1.166E-02
 1.031E-02 9.165E-03 8.168E-03 7.269E-03 6.473E-03 5.785E-03 5.194E-03 4.667E-03 4.193E-03 3.762E-03 3.396E-03 3.084E-03 2.796E-03 2.531E-03 2.301E-03 2.107E-03 1.925E-03 1.760E-03 1.616E-03 1.492E-03
 1.382E-03 1.280E-03 1.186E-03 1.106E-03 1.037E-03 9.728E-04 9.180E-04 8.676E-04 8.228E-04 7.856E-04 7.522E-04 7.196E-04 6.924E-04 6.727E-04 6.532E-04 6.333E-04 6.202E-04 6.119E-04 5.998E-04 5.902E-04
 5.866E-04 5.891E-04 5.934E-04 6.016E-04 6.150E-04 6.296E-04 6.481E-04 6.738E-04 7.075E-04 7.464E-04 7.900E-04 8.428E-04 9.073E-04 9.768E-04 1.050E-03 1.113E-03 1.175E-03 1.236E-03 1.289E-03 1.334E-03
 1.385E-03 1.431E-03 1.489E-03 1.548E-03 1.578E-03 1.562E-03 1.487E-03 1.388E-03 1.335E-03 1.416E-03 1.686E-03 1.941E-03
# wavel.    ext.coef  sca.coef  abs.coef  sisc.alb  op.depth
#  [um]      [1/km]    [1/km]    [1/km]                     
 7.500E-01 6.896E-02 6.684E-02 2.115E-03 9.693E-01 1.762E-01
   phase function [1/km]
 5.855E-01 5.760E-01 5.525E-01 5.250E-01 4.990E-01 4.763E-01 4.564E-01 4.390E-01 4.240E-01 4.106E-01 3.987E-01 3.880E-01 3.784E-01 3.693E-01 3.609E-01 3.529E-01 3.454E-01 3.381E-01 3.314E-01 3.247E-01
 3.185E-01 2.634E-01 2.196E-01 1.844E-01 1.563E-01 1.156E-01 8.873E-02 7.031E-02 5.709E-02 4.725E-02 3.969E-02 3.376E-02 2.904E-02 2.510E-02 2.178E-02 1.899E-02 1.661E-02 1.461E-02 1.288E-02 1.137E-02
 1.005E-02 8.894E-03 7.907E-03 7.045E-03 6.287E-03 5.606E-03 5.017E-03 4.513E-03 4.063E-03 3.646E-03 3.280E-03 2.969E-03 2.705E-03 2.457E-03 2.224E-03 2.029E-03 1.864E-03 1.703E-03 1.560E-03 1.444E-03
 1.341E-03 1.239E-03 1.144E-03 1.066E-03 1.003E-03 9.432E-04 8.836E-04 8.375E-04 7.973E-04 7.539E-04 7.179E-04 6.940E-04 6.726E-04 6.491E-04 6.286E-04 6.145E-04 6.044E-04 5.912E-04 5.812E-04 5.780E-04
 5.752E-04 5.742E-04 5.781E-04 5.850E-04 5.947E-04 6.087E-04 6.283E-04 6.571E-04 6.920E-04 7.273E-04 7.676E-04 8.200E-04 8.827E-04 9.511E-04 1.016E-03 1.073E-03 1.126E-03 1.177E-03 1.234E-03 1.287E-03
 1.334E-03 1.387E-03 1.433E-03 1.466E-03 1.500E-03 1.508E-03 1.441E-03 1.327E-03 1.251E-03 1.325E-03 1.564E-03 1.753E-03
# wavel.    ext.coef  sca.coef  abs.coef  sisc.alb  op.depth
#  [um]      [1/km]    [1/km]    [1/km]                     
 8.000E-01 6.699E-02 6.495E-02 2.045E-03 9.695E-01 1.703E-01
   phase function [1/km]
 5.236E-01 5.162E-01 4.972E-01 4.747E-01 4.529E-01 4.332E-01 4.162E-01 4.009E-01 3.876E-01 3.759E-01 3.654E-01 3.559E-01 3.473E-01 3.392E-01 3.318E-01 3.249E-01 3.183E-01 3.120E-01 3.061E-01 3.003E-01
 2.948E-01 2.471E-01 2.087E-01 1.771E-01 1.514E-01 1.132E-01 8.762E-02 6.978E-02 5.686E-02 4.710E-02 3.952E-02 3.352E-02 2.872E-02 2.478E-02 2.149E-02 1.871E-02 1.632E-02 1.426E-02 1.252E-02 1.105E-02
 9.760E-03 8.620E-03 7.619E-03 6.768E-03 6.043E-03 5.392E-03 4.803E-03 4.296E-03 3.863E-03 3.482E-03 3.135E-03 2.827E-03 2.557E-03 2.324E-03 2.116E-03 1.924E-03 1.761E-03 1.618E-03 1.484E-03 1.365E-03
 1.262E-03 1.170E-03 1.090E-03 1.015E-03 9.495E-04 8.926E-04 8.398E-04 7.944E-04 7.536E-04 7.165E-04 6.862E-04 6.594E-04 6.354E-04 6.138E-04 5.948E-04 5.812E-04 5.708E-04 5.605E-04 5.544E-04 5.528E-04
 5.519E-04 5.522E-04 5.563E-04 5.650E-04 5.739E-04 5.863E-04 6.071E-04 6.321E-04 6.588E-04 6.938E-04 7.387E-04 7.884E-04 8.378E-04 8.975E-04 9.645E-04 1.024E-03 1.074E-03 1.117E-03 1.163E-03 1.210E-03
 1.248E-03 1.285E-03 1.332E-03 1.370E-03 1.398E-03 1.393E-03 1.315E-03 1.195E-03 1.150E-03 1.248E-03 1.482E-03 1.654E-03
# wavel.    ext.coef  sca.coef  abs.coef  sisc.alb  op.depth
#  [um]      [1/km]    [1/km]    [1/km]                     
 9.000E-01 6.397E-02 6.201E-02 1.947E-03 9.695E-01 1.613E-01
   phase function [1/km]
 4.267E-01 4.218E-01 4.096E-01 3.940E-01 3.781E-01 3.634E-01 3.503E-01 3.386E-01 3.280E-01 3.186E-01 3.104E-01 3.027E-01 2.958E-01 2.893E-01 2.834E-01 2.780E-01 2.728E-01 2.679E-01 2.630E-01 2.586E-01
 2.542E-01 2.170E-01 1.868E-01 1.616E-01 1.406E-01 1.083E-01 8.523E-02 6.849E-02 5.605E-02 4.657E-02 3.919E-02 3.324E-02 2.837E-02 2.434E-02 2.102E-02 1.822E-02 1.585E-02 1.383E-02 1.208E-02 1.058E-02
 9.312E-03 8.224E-03 7.263E-03 6.427E-03 5.703E-03 5.083E-03 4.532E-03 4.045E-03 3.624E-03 3.258E-03 2.939E-03 2.652E-03 2.393E-03 2.167E-03 1.975E-03 1.804E-03 1.645E-03 1.505E-03 1.388E-03 1.278E-03
 1.175E-03 1.091E-03 1.021E-03 9.526E-04 8.876E-04 8.333E-04 7.887E-04 7.440E-04 7.050E-04 6.757E-04 6.493E-04 6.204E-04 5.940E-04 5.767E-04 5.623E-04 5.464E-04 5.350E-04 5.273E-04 5.208E-04 5.174E-04
 5.178E-04 5.187E-04 5.217E-04 5.285E-04 5.392E-04 5.546E-04 5.730E-04 5.928E-04 6.159E-04 6.491E-04 6.882E-04 7.282E-04 7.739E-04 8.244E-04 8.722E-04 9.256E-04 9.792E-04 1.026E-03 1.059E-03 1.091E-03
 1.129E-03 1.169E-03 1.212E-03 1.256E-03 1.264E-03 1.225E-03 1.143E-03 1.051E-03 1.024E-03 1.096E-03 1.280E-03 1.429E-03
# wavel.    ext.coef  sca.coef  abs.coef  sisc.alb  op.depth
#  [um]      [1/km]    [1/km]    [1/km]                     
 1.000E+00 6.119E-02 5.935E-02 1.848E-03 9.698E-01 1.532E-01
   phase function [1/km]
 3.576E-01 3.545E-01 3.460E-01 3.349E-01 3.232E-01 3.120E-01 3.017E-01 2.924E-01 2.840E-01 2.765E-01 2.696E-01 2.633E-01 2.578E-01 2.525E-01 2.478E-01 2.432E-01 2.389E-01 2.349E-01 2.310E-01 2.275E-01
 2.240E-01 1.943E-01 1.700E-01 1.493E-01 1.314E-01 1.032E-01 8.253E-02 6.705E-02 5.524E-02 4.602E-02 3.863E-02 3.268E-02 2.787E-02 2.389E-02 2.057E-02 1.775E-02 1.536E-02 1.334E-02 1.165E-02 1.020E-02
 8.941E-03 7.850E-03 6.915E-03 6.112E-03 5.423E-03 4.819E-03 4.284E-03 3.824E-03 3.428E-03 3.077E-03 2.761E-03 2.489E-03 2.255E-03 2.044E-03 1.856E-03 1.688E-03 1.541E-03 1.416E-03 1.301E-03 1.196E-03
 1.106E-03 1.026E-03 9.527E-04 8.891E-04 8.326E-04 7.820E-04 7.377E-04 6.974E-04 6.619E-04 6.300E-04 6.008E-04 5.787E-04 5.603E-04 5.415E-04 5.260E-04 5.142E-04 5.035E-04 4.965E-04 4.925E-04 4.895E-04
 4.888E-04 4.892E-04 4.922E-04 4.984E-04 5.075E-04 5.184E-04 5.337E-04 5.533E-04 5.777E-04 6.052E-04 6.368E-04 6.735E-04 7.167E-04 7.621E-04 8.046E-04 8.482E-04 8.894E-04 9.228E-04 9.596E-04 1.003E-03
 1.040E-03 1.073E-03 1.101E-03 1.120E-03 1.136E-03 1.121E-03 1.052E-03 9.627E-04 9.169E-04 9.761E-04 1.132E-03 1.249E-03
# wavel.    ext.coef  sca.coef  abs.coef  sisc.alb  op.depth
#  [um]      [1/km]    [1/km]    [1/km]                     
 1.250E+00 5.469E-02 5.312E-02 1.578E-03 9.712E-01 1.352E-01
   phase function [1/km]
 2.462E-01 2.448E-01 2.412E-01 2.359E-01 2.299E-01 2.238E-01 2.179E-01 2.123E-01 2.073E-01 2.026E-01 1.982E-01 1.942E-01 1.905E-01 1.871E-01 1.840E-01 1.810E-01 1.782E-01 1.756E-01 1.731E-01 1.708E-01
 1.685E-01 1.499E-01 1.348E-01 1.216E-01 1.098E-01 8.991E-02 7.417E-02 6.162E-02 5.150E-02 4.328E-02 3.654E-02 3.099E-02 2.639E-02 2.256E-02 1.934E-02 1.662E-02 1.432E-02 1.239E-02 1.075E-02 9.353E-03
 8.155E-03 7.127E-03 6.252E-03 5.499E-03 4.853E-03 4.293E-03 3.806E-03 3.386E-03 3.024E-03 2.702E-03 2.421E-03 2.176E-03 1.967E-03 1.781E-03 1.612E-03 1.465E-03 1.338E-03 1.225E-03 1.123E-03 1.034E-03
 9.563E-04 8.856E-04 8.208E-04 7.651E-04 7.174E-04 6.742E-04 6.344E-04 6.004E-04 5.704E-04 5.424E-04 5.177E-04 4.989E-04 4.826E-04 4.666E-04 4.532E-04 4.432E-04 4.348E-04 4.274E-04 4.229E-04 4.206E-04
 4.195E-04 4.197E-04 4.226E-04 4.274E-04 4.342E-04 4.431E-04 4.551E-04 4.707E-04 4.897E-04 5.093E-04 5.320E-04 5.596E-04 5.907E-04 6.228E-04 6.545E-04 6.843E-04 7.122E-04 7.404E-04 7.705E-04 8.018E-04
 8.304E-04 8.547E-04 8.737E-04 8.839E-04 8.826E-04 8.611E-04 8.135E-04 7.516E-04 7.194E-04 7.620E-04 8.593E-04 9.238E-04
# wavel.    ext.coef  sca.coef  abs.coef  sisc.alb  op.depth
#  [um]      [1/km]    [1/km]    [1/km]                     
 1.500E+00 4.884E-02 4.737E-02 1.465E-03 9.700E-01 1.198E-01
   phase function [1/km]
 1.818E-01 1.812E-01 1.793E-01 1.765E-01 1.732E-01 1.696E-01 1.660E-01 1.625E-01 1.592E-01 1.561E-01 1.532E-01 1.504E-01 1.479E-01 1.455E-01 1.432E-01 1.411E-01 1.392E-01 1.373E-01 1.355E-01 1.339E-01
 1.323E-01 1.192E-01 1.089E-01 9.988E-02 9.171E-02 7.735E-02 6.524E-02 5.510E-02 4.663E-02 3.957E-02 3.366E-02 2.868E-02 2.446E-02 2.091E-02 1.792E-02 1.539E-02 1.326E-02 1.144E-02 9.891E-03 8.578E-03
 7.458E-03 6.508E-03 5.693E-03 4.993E-03 4.388E-03 3.873E-03 3.427E-03 3.039E-03 2.702E-03 2.414E-03 2.161E-03 1.940E-03 1.744E-03 1.574E-03 1.426E-03 1.296E-03 1.180E-03 1.078E-03 9.882E-04 9.090E-04
 8.375E-04 7.749E-04 7.210E-04 6.723E-04 6.276E-04 5.886E-04 5.549E-04 5.244E-04 4.974E-04 4.749E-04 4.545E-04 4.354E-04 4.189E-04 4.057E-04 3.946E-04 3.847E-04 3.765E-04 3.706E-04 3.662E-04 3.634E-04
 3.620E-04 3.623E-04 3.642E-04 3.679E-04 3.734E-04 3.812E-04 3.901E-04 4.007E-04 4.134E-04 4.292E-04 4.472E-04 4.666E-04 4.878E-04 5.105E-04 5.329E-04 5.555E-04 5.795E-04 6.027E-04 6.226E-04 6.408E-04
 6.588E-04 6.771E-04 6.928E-04 7.017E-04 6.958E-04 6.707E-04 6.308E-04 5.922E-04 5.835E-04 6.198E-04 6.889E-04 7.332E-04
# wavel.    ext.coef  sca.coef  abs.coef  sisc.alb  op.depth
#  [um]      [1/km]    [1/km]    [1/km]                     
 1.750E+00 4.271E-02 4.158E-02 1.124E-03 9.737E-01 1.041E-01
   phase function [1/km]
 1.402E-01 1.398E-01 1.388E-01 1.372E-01 1.352E-01 1.330E-01 1.307E-01 1.284E-01 1.262E-01 1.241E-01 1.220E-01 1.201E-01 1.183E-01 1.166E-01 1.149E-01 1.134E-01 1.119E-01 1.106E-01 1.093E-01 1.080E-01
 1.068E-01 9.714E-02 8.960E-02 8.301E-02 7.697E-02 6.608E-02 5.663E-02 4.845E-02 4.141E-02 3.538E-02 3.020E-02 2.581E-02 2.207E-02 1.890E-02 1.620E-02 1.391E-02 1.195E-02 1.030E-02 8.896E-03 7.703E-03
 6.685E-03 5.816E-03 5.074E-03 4.439E-03 3.896E-03 3.429E-03 3.023E-03 2.675E-03 2.376E-03 2.116E-03 1.888E-03 1.690E-03 1.519E-03 1.370E-03 1.237E-03 1.121E-03 1.019E-03 9.305E-04 8.512E-04 7.810E-04
 7.197E-04 6.652E-04 6.165E-04 5.737E-04 5.359E-04 5.026E-04 4.725E-04 4.463E-04 4.229E-04 4.023E-04 3.837E-04 3.685E-04 3.552E-04 3.433E-04 3.332E-04 3.252E-04 3.183E-04 3.128E-04 3.090E-04 3.066E-04
 3.052E-04 3.049E-04 3.059E-04 3.084E-04 3.122E-04 3.172E-04 3.238E-04 3.322E-04 3.424E-04 3.533E-04 3.660E-04 3.804E-04 3.966E-04 4.126E-04 4.287E-04 4.439E-04 4.590E-04 4.738E-04 4.888E-04 5.041E-04
 5.185E-04 5.305E-04 5.394E-04 5.435E-04 5.425E-04 5.312E-04 5.095E-04 4.850E-04 4.765E-04 4.993E-04 5.401E-04 5.667E-04
# wavel.    ext.coef  sca.coef  abs.coef  sisc.alb  op.depth
#  [um]      [1/km]    [1/km]    [1/km]                     
 2.000E+00 3.733E-02 3.625E-02 1.083E-03 9.710E-01 9.056E-02
   phase function [1/km]
 1.108E-01 1.106E-01 1.099E-01 1.090E-01 1.077E-01 1.063E-01 1.047E-01 1.032E-01 1.016E-01 1.001E-01 9.863E-02 9.721E-02 9.586E-02 9.456E-02 9.333E-02 9.216E-02 9.105E-02 8.998E-02 8.897E-02 8.800E-02
 8.708E-02 7.949E-02 7.369E-02 6.872E-02 6.418E-02 5.587E-02 4.844E-02 4.184E-02 3.604E-02 3.098E-02 2.660E-02 2.283E-02 1.958E-02 1.680E-02 1.442E-02 1.239E-02 1.067E-02 9.199E-03 7.945E-03 6.876E-03
 5.967E-03 5.191E-03 4.527E-03 3.958E-03 3.467E-03 3.049E-03 2.688E-03 2.376E-03 2.106E-03 1.873E-03 1.670E-03 1.494E-03 1.340E-03 1.205E-03 1.087E-03 9.847E-04 8.940E-04 8.140E-04 7.438E-04 6.819E-04
 6.269E-04 5.783E-04 5.360E-04 4.982E-04 4.643E-04 4.344E-04 4.083E-04 3.850E-04 3.644E-04 3.465E-04 3.307E-04 3.164E-04 3.040E-04 2.939E-04 2.851E-04 2.772E-04 2.709E-04 2.658E-04 2.621E-04 2.594E-04
 2.576E-04 2.571E-04 2.574E-04 2.591E-04 2.618E-04 2.657E-04 2.701E-04 2.761E-04 2.828E-04 2.913E-04 3.006E-04 3.106E-04 3.214E-04 3.325E-04 3.436E-04 3.549E-04 3.665E-04 3.779E-04 3.884E-04 3.981E-04
 4.078E-04 4.169E-04 4.244E-04 4.289E-04 4.276E-04 4.185E-04 4.039E-04 3.894E-04 3.877E-04 4.052E-04 4.332E-04 4.510E-04
# wavel.    ext.coef  sca.coef  abs.coef  sisc.alb  op.depth
#  [um]      [1/km]    [1/km]    [1/km]                     
 2.500E+00 2.632E-02 2.513E-02 1.190E-03 9.548E-01 6.365E-02
   phase function [1/km]
 7.186E-02 7.177E-02 7.152E-02 7.109E-02 7.054E-02 6.986E-02 6.911E-02 6.832E-02 6.749E-02 6.666E-02 6.584E-02 6.505E-02 6.426E-02 6.350E-02 6.275E-02 6.204E-02 6.135E-02 6.067E-02 6.004E-02 5.942E-02
 5.883E-02 5.386E-02 5.007E-02 4.688E-02 4.398E-02 3.870E-02 3.387E-02 2.946E-02 2.551E-02 2.200E-02 1.891E-02 1.623E-02 1.391E-02 1.192E-02 1.022E-02 8.760E-03 7.524E-03 6.472E-03 5.575E-03 4.815E-03
 4.165E-03 3.614E-03 3.144E-03 2.741E-03 2.396E-03 2.101E-03 1.847E-03 1.629E-03 1.440E-03 1.277E-03 1.135E-03 1.012E-03 9.054E-04 8.125E-04 7.311E-04 6.599E-04 5.973E-04 5.425E-04 4.944E-04 4.519E-04
 4.144E-04 3.814E-04 3.522E-04 3.265E-04 3.037E-04 2.836E-04 2.656E-04 2.500E-04 2.361E-04 2.240E-04 2.132E-04 2.037E-04 1.955E-04 1.885E-04 1.825E-04 1.772E-04 1.728E-04 1.693E-04 1.666E-04 1.644E-04
 1.629E-04 1.621E-04 1.619E-04 1.623E-04 1.632E-04 1.646E-04 1.665E-04 1.690E-04 1.718E-04 1.751E-04 1.786E-04 1.820E-04 1.856E-04 1.892E-04 1.928E-04 1.965E-04 2.004E-04 2.045E-04 2.086E-04 2.127E-04
 2.172E-04 2.217E-04 2.260E-04 2.298E-04 2.322E-04 2.328E-04 2.313E-04 2.279E-04 2.266E-04 2.318E-04 2.423E-04 2.498E-04
 ----------------------------------------------------------------------------
 Visibility:  33.57 [km]
