#            Optical Properties of Aerosols and Clouds (OPAC) 4.0b      
#           --------------------------------------------------------
# maritime clean                
#  3 components
#  1 relative humidities
# 17 wavelengths
#----------------------------------------------------------------------------
# RH  COMP NUMBER    VOLUME    MASS      DENSITY  NUM.MIX  VOL.MIX   MAS.MIX
# [%]     [1/cm^3]  [um^3/m^3] [ug/m^3]  [g/cm^3] RATIO    RATIO     RATIO
#----------------------------------------------------------------------------
# 80. waso 1.500E+03 3.361E+06 4.269E+00 1.27    9.868E-01 5.571E-02 6.117E-02
#     ssam 2.000E+01 5.616E+07 6.458E+01 1.15    1.316E-02 9.308E-01 9.254E-01
#     sscm 3.200E-03 8.167E+05 9.392E-01 1.15    2.105E-06 1.353E-02 1.346E-02
#----------------------------------------------------------------------------
# only particles up to   7.5 micrometer radius are considered for mass
# 112 scattering angles for phase functions below:
#     0.000     0.100     0.200     0.300     0.400     0.500     0.600     0.700
#     0.800     0.900     1.000     1.100     1.200     1.300     1.400     1.500
#     1.600     1.700     1.800     1.900     2.000     3.000     4.000     5.000
#     6.000     8.000    10.000    12.000    14.000    16.000    18.000    20.000
#    22.000    24.000    26.000    28.000    30.000    32.000    34.000    36.000
#    38.000    40.000    42.000    44.000    46.000    48.000    50.000    52.000
#    54.000    56.000    58.000    60.000    62.000    64.000    66.000    68.000
#    70.000    72.000    74.000    76.000    78.000    80.000    82.000    84.000
#    86.000    88.000    90.000    92.000    94.000    96.000    98.000   100.000
#   102.000   104.000   106.000   108.000   110.000   112.000   114.000   116.000
#   118.000   120.000   122.000   124.000   126.000   128.000   130.000   132.000
#   134.000   136.000   138.000   140.000   142.000   144.000   146.000   148.000
#   150.000   152.000   154.000   156.000   158.000   160.000   162.000   164.000
#   166.000   168.000   170.000   172.000   174.000   176.000   178.000   180.000
#============================================================================
# 80.% relative humidity 
# wavel.    ext.coef  sca.coef  abs.coef  sisc.alb  op.depth
#  [um]      [1/km]    [1/km]    [1/km]                     
 3.500E-01 9.491E-02 9.458E-02 3.242E-04 9.966E-01 2.238E-01
   phase function [1/km]
 5.305E+00 4.792E+00 4.128E+00 3.666E+00 3.340E+00 3.090E+00 2.885E+00 2.708E+00 2.549E+00 2.403E+00 2.267E+00 2.143E+00 2.024E+00 1.914E+00 1.810E+00 1.713E+00 1.621E+00 1.535E+00 1.454E+00 1.378E+00
 1.307E+00 7.925E-01 5.106E-01 3.487E-01 2.508E-01 1.493E-01 1.037E-01 7.881E-02 6.339E-02 5.316E-02 4.520E-02 3.897E-02 3.429E-02 3.017E-02 2.652E-02 2.345E-02 2.055E-02 1.824E-02 1.628E-02 1.439E-02
 1.274E-02 1.127E-02 1.002E-02 8.877E-03 7.949E-03 7.051E-03 6.243E-03 5.565E-03 5.027E-03 4.464E-03 3.987E-03 3.530E-03 3.234E-03 2.919E-03 2.600E-03 2.326E-03 2.132E-03 1.955E-03 1.753E-03 1.590E-03
 1.478E-03 1.361E-03 1.219E-03 1.135E-03 1.069E-03 1.002E-03 9.072E-04 8.632E-04 8.276E-04 7.724E-04 7.117E-04 7.012E-04 6.912E-04 6.615E-04 6.402E-04 6.428E-04 6.337E-04 6.107E-04 6.076E-04 6.062E-04
 5.940E-04 5.754E-04 5.849E-04 5.804E-04 5.950E-04 6.155E-04 6.493E-04 7.065E-04 7.932E-04 8.546E-04 9.620E-04 1.128E-03 1.319E-03 1.509E-03 1.706E-03 1.803E-03 1.828E-03 1.835E-03 1.854E-03 1.868E-03
 1.887E-03 1.915E-03 1.997E-03 2.067E-03 2.256E-03 2.480E-03 2.714E-03 2.811E-03 2.827E-03 2.985E-03 3.067E-03 3.633E-03
# wavel.    ext.coef  sca.coef  abs.coef  sisc.alb  op.depth
#  [um]      [1/km]    [1/km]    [1/km]                     
 4.000E-01 9.322E-02 9.295E-02 2.763E-04 9.970E-01 2.166E-01
   phase function [1/km]
 4.140E+00 3.820E+00 3.348E+00 2.997E+00 2.743E+00 2.548E+00 2.390E+00 2.254E+00 2.135E+00 2.026E+00 1.925E+00 1.831E+00 1.742E+00 1.658E+00 1.578E+00 1.503E+00 1.432E+00 1.364E+00 1.300E+00 1.239E+00
 1.182E+00 7.501E-01 4.985E-01 3.484E-01 2.554E-01 1.554E-01 1.062E-01 7.991E-02 6.374E-02 5.311E-02 4.545E-02 3.938E-02 3.412E-02 2.992E-02 2.625E-02 2.315E-02 2.050E-02 1.802E-02 1.593E-02 1.405E-02
 1.236E-02 1.109E-02 9.803E-03 8.710E-03 7.667E-03 6.910E-03 6.165E-03 5.475E-03 4.870E-03 4.385E-03 3.952E-03 3.536E-03 3.181E-03 2.835E-03 2.582E-03 2.366E-03 2.106E-03 1.908E-03 1.748E-03 1.613E-03
 1.444E-03 1.311E-03 1.250E-03 1.144E-03 1.035E-03 9.757E-04 9.242E-04 8.687E-04 8.015E-04 7.792E-04 7.679E-04 7.136E-04 6.754E-04 6.652E-04 6.593E-04 6.284E-04 6.063E-04 6.103E-04 6.063E-04 5.982E-04
 6.138E-04 6.070E-04 6.087E-04 6.207E-04 6.357E-04 6.696E-04 6.972E-04 7.453E-04 7.975E-04 9.098E-04 1.035E-03 1.169E-03 1.333E-03 1.521E-03 1.635E-03 1.746E-03 1.841E-03 1.861E-03 1.816E-03 1.784E-03
 1.788E-03 1.886E-03 1.933E-03 2.120E-03 2.298E-03 2.401E-03 2.507E-03 2.506E-03 2.752E-03 2.861E-03 3.177E-03 4.029E-03
# wavel.    ext.coef  sca.coef  abs.coef  sisc.alb  op.depth
#  [um]      [1/km]    [1/km]    [1/km]                     
 4.500E-01 9.176E-02 9.152E-02 2.405E-04 9.974E-01 2.104E-01
   phase function [1/km]
 3.306E+00 3.095E+00 2.752E+00 2.482E+00 2.281E+00 2.125E+00 1.999E+00 1.893E+00 1.799E+00 1.715E+00 1.637E+00 1.564E+00 1.496E+00 1.431E+00 1.369E+00 1.311E+00 1.255E+00 1.202E+00 1.151E+00 1.103E+00
 1.057E+00 7.019E-01 4.831E-01 3.468E-01 2.591E-01 1.606E-01 1.101E-01 8.224E-02 6.529E-02 5.366E-02 4.542E-02 3.933E-02 3.413E-02 2.968E-02 2.600E-02 2.281E-02 2.024E-02 1.790E-02 1.570E-02 1.390E-02
 1.227E-02 1.090E-02 9.718E-03 8.635E-03 7.604E-03 6.771E-03 6.090E-03 5.433E-03 4.822E-03 4.308E-03 3.859E-03 3.503E-03 3.112E-03 2.804E-03 2.536E-03 2.294E-03 2.080E-03 1.886E-03 1.710E-03 1.577E-03
 1.442E-03 1.322E-03 1.224E-03 1.139E-03 1.047E-03 9.816E-04 9.169E-04 8.622E-04 8.151E-04 7.807E-04 7.419E-04 7.121E-04 6.890E-04 6.744E-04 6.569E-04 6.434E-04 6.248E-04 6.147E-04 6.143E-04 5.938E-04
 5.865E-04 6.066E-04 6.076E-04 6.269E-04 6.583E-04 6.789E-04 7.143E-04 7.543E-04 8.239E-04 9.171E-04 1.023E-03 1.160E-03 1.315E-03 1.447E-03 1.612E-03 1.674E-03 1.703E-03 1.752E-03 1.769E-03 1.746E-03
 1.775E-03 1.816E-03 1.916E-03 2.066E-03 2.207E-03 2.364E-03 2.415E-03 2.378E-03 2.389E-03 2.563E-03 3.124E-03 3.947E-03
# wavel.    ext.coef  sca.coef  abs.coef  sisc.alb  op.depth
#  [um]      [1/km]    [1/km]    [1/km]                     
 5.000E-01 9.079E-02 9.058E-02 2.117E-04 9.977E-01 2.057E-01
   phase function [1/km]
 2.707E+00 2.564E+00 2.310E+00 2.098E+00 1.936E+00 1.809E+00 1.707E+00 1.620E+00 1.545E+00 1.477E+00 1.415E+00 1.358E+00 1.304E+00 1.252E+00 1.204E+00 1.158E+00 1.113E+00 1.071E+00 1.031E+00 9.916E-01
 9.544E-01 6.599E-01 4.695E-01 3.450E-01 2.613E-01 1.633E-01 1.129E-01 8.423E-02 6.658E-02 5.463E-02 4.611E-02 3.957E-02 3.401E-02 2.966E-02 2.604E-02 2.282E-02 2.013E-02 1.772E-02 1.560E-02 1.374E-02
 1.219E-02 1.086E-02 9.578E-03 8.471E-03 7.545E-03 6.766E-03 5.984E-03 5.366E-03 4.740E-03 4.277E-03 3.881E-03 3.453E-03 3.071E-03 2.782E-03 2.551E-03 2.281E-03 2.062E-03 1.878E-03 1.734E-03 1.565E-03
 1.418E-03 1.321E-03 1.232E-03 1.134E-03 1.044E-03 9.782E-04 9.330E-04 8.680E-04 8.132E-04 7.818E-04 7.577E-04 7.221E-04 6.827E-04 6.587E-04 6.517E-04 6.397E-04 6.200E-04 6.072E-04 6.163E-04 6.191E-04
 6.211E-04 6.266E-04 6.348E-04 6.425E-04 6.572E-04 6.934E-04 7.373E-04 7.873E-04 8.374E-04 9.291E-04 1.048E-03 1.161E-03 1.304E-03 1.443E-03 1.548E-03 1.663E-03 1.763E-03 1.768E-03 1.715E-03 1.734E-03
 1.763E-03 1.776E-03 1.890E-03 2.051E-03 2.176E-03 2.365E-03 2.408E-03 2.284E-03 2.285E-03 2.499E-03 2.929E-03 3.645E-03
# wavel.    ext.coef  sca.coef  abs.coef  sisc.alb  op.depth
#  [um]      [1/km]    [1/km]    [1/km]                     
 5.500E-01 8.994E-02 8.971E-02 2.255E-04 9.975E-01 2.016E-01
   phase function [1/km]
 2.268E+00 2.167E+00 1.975E+00 1.806E+00 1.673E+00 1.568E+00 1.482E+00 1.410E+00 1.348E+00 1.292E+00 1.242E+00 1.195E+00 1.151E+00 1.110E+00 1.070E+00 1.033E+00 9.969E-01 9.624E-01 9.293E-01 8.972E-01
 8.665E-01 6.178E-01 4.503E-01 3.375E-01 2.601E-01 1.668E-01 1.162E-01 8.678E-02 6.834E-02 5.597E-02 4.703E-02 4.013E-02 3.446E-02 2.987E-02 2.606E-02 2.281E-02 2.007E-02 1.763E-02 1.552E-02 1.362E-02
 1.203E-02 1.073E-02 9.476E-03 8.376E-03 7.418E-03 6.638E-03 5.916E-03 5.257E-03 4.686E-03 4.209E-03 3.794E-03 3.408E-03 3.048E-03 2.735E-03 2.492E-03 2.277E-03 2.047E-03 1.848E-03 1.713E-03 1.567E-03
 1.415E-03 1.303E-03 1.228E-03 1.137E-03 1.040E-03 9.742E-04 9.307E-04 8.669E-04 8.121E-04 7.860E-04 7.661E-04 7.212E-04 6.806E-04 6.699E-04 6.635E-04 6.324E-04 6.191E-04 6.158E-04 6.117E-04 6.118E-04
 6.206E-04 6.228E-04 6.296E-04 6.468E-04 6.668E-04 7.031E-04 7.392E-04 7.868E-04 8.356E-04 9.322E-04 1.045E-03 1.143E-03 1.274E-03 1.400E-03 1.477E-03 1.580E-03 1.657E-03 1.704E-03 1.680E-03 1.672E-03
 1.711E-03 1.767E-03 1.861E-03 2.034E-03 2.187E-03 2.270E-03 2.281E-03 2.200E-03 2.222E-03 2.337E-03 2.750E-03 3.380E-03
# wavel.    ext.coef  sca.coef  abs.coef  sisc.alb  op.depth
#  [um]      [1/km]    [1/km]    [1/km]                     
 6.000E-01 8.945E-02 8.925E-02 2.028E-04 9.977E-01 1.986E-01
   phase function [1/km]
 1.938E+00 1.865E+00 1.717E+00 1.580E+00 1.470E+00 1.381E+00 1.308E+00 1.247E+00 1.194E+00 1.147E+00 1.105E+00 1.066E+00 1.029E+00 9.949E-01 9.622E-01 9.312E-01 9.014E-01 8.727E-01 8.453E-01 8.187E-01
 7.931E-01 5.819E-01 4.342E-01 3.312E-01 2.586E-01 1.693E-01 1.198E-01 9.001E-02 7.078E-02 5.753E-02 4.780E-02 4.046E-02 3.484E-02 3.007E-02 2.612E-02 2.279E-02 1.991E-02 1.752E-02 1.542E-02 1.362E-02
 1.199E-02 1.055E-02 9.398E-03 8.345E-03 7.399E-03 6.557E-03 5.859E-03 5.238E-03 4.704E-03 4.191E-03 3.728E-03 3.369E-03 3.073E-03 2.749E-03 2.459E-03 2.251E-03 2.058E-03 1.853E-03 1.682E-03 1.557E-03
 1.444E-03 1.315E-03 1.202E-03 1.115E-03 1.055E-03 9.804E-04 9.061E-04 8.629E-04 8.296E-04 7.741E-04 7.332E-04 7.173E-04 7.047E-04 6.768E-04 6.553E-04 6.476E-04 6.447E-04 6.394E-04 6.227E-04 6.224E-04
 6.260E-04 6.244E-04 6.393E-04 6.578E-04 6.661E-04 6.948E-04 7.430E-04 7.928E-04 8.694E-04 9.418E-04 1.015E-03 1.135E-03 1.264E-03 1.366E-03 1.467E-03 1.559E-03 1.573E-03 1.609E-03 1.664E-03 1.674E-03
 1.711E-03 1.781E-03 1.848E-03 1.972E-03 2.110E-03 2.257E-03 2.303E-03 2.182E-03 2.015E-03 2.105E-03 2.660E-03 3.282E-03
# wavel.    ext.coef  sca.coef  abs.coef  sisc.alb  op.depth
#  [um]      [1/km]    [1/km]    [1/km]                     
 6.500E-01 8.873E-02 8.851E-02 2.138E-04 9.976E-01 1.954E-01
   phase function [1/km]
 1.666E+00 1.613E+00 1.499E+00 1.387E+00 1.294E+00 1.218E+00 1.156E+00 1.103E+00 1.058E+00 1.018E+00 9.821E-01 9.490E-01 9.185E-01 8.896E-01 8.624E-01 8.364E-01 8.117E-01 7.878E-01 7.649E-01 7.427E-01
 7.214E-01 5.422E-01 4.137E-01 3.221E-01 2.560E-01 1.712E-01 1.222E-01 9.207E-02 7.238E-02 5.876E-02 4.896E-02 4.153E-02 3.543E-02 3.041E-02 2.632E-02 2.290E-02 2.012E-02 1.763E-02 1.542E-02 1.355E-02
 1.192E-02 1.056E-02 9.334E-03 8.271E-03 7.294E-03 6.470E-03 5.789E-03 5.166E-03 4.576E-03 4.092E-03 3.693E-03 3.319E-03 2.968E-03 2.679E-03 2.431E-03 2.203E-03 1.998E-03 1.813E-03 1.659E-03 1.526E-03
 1.394E-03 1.282E-03 1.191E-03 1.111E-03 1.027E-03 9.595E-04 9.028E-04 8.539E-04 8.089E-04 7.763E-04 7.452E-04 7.115E-04 6.840E-04 6.716E-04 6.565E-04 6.373E-04 6.215E-04 6.178E-04 6.163E-04 6.099E-04
 6.062E-04 6.217E-04 6.339E-04 6.489E-04 6.813E-04 7.127E-04 7.414E-04 7.847E-04 8.486E-04 9.246E-04 1.013E-03 1.111E-03 1.212E-03 1.312E-03 1.403E-03 1.470E-03 1.515E-03 1.567E-03 1.603E-03 1.607E-03
 1.622E-03 1.694E-03 1.801E-03 1.934E-03 2.031E-03 2.111E-03 2.075E-03 1.931E-03 1.838E-03 1.972E-03 2.451E-03 3.000E-03
# wavel.    ext.coef  sca.coef  abs.coef  sisc.alb  op.depth
#  [um]      [1/km]    [1/km]    [1/km]                     
 7.000E-01 8.823E-02 8.804E-02 1.950E-04 9.978E-01 1.929E-01
   phase function [1/km]
 1.457E+00 1.416E+00 1.326E+00 1.234E+00 1.155E+00 1.090E+00 1.036E+00 9.905E-01 9.513E-01 9.165E-01 8.855E-01 8.571E-01 8.308E-01 8.062E-01 7.832E-01 7.612E-01 7.400E-01 7.199E-01 7.003E-01 6.817E-01
 6.634E-01 5.097E-01 3.965E-01 3.135E-01 2.524E-01 1.720E-01 1.241E-01 9.401E-02 7.404E-02 6.006E-02 4.994E-02 4.223E-02 3.594E-02 3.076E-02 2.657E-02 2.305E-02 2.019E-02 1.766E-02 1.542E-02 1.352E-02
 1.189E-02 1.051E-02 9.285E-03 8.218E-03 7.249E-03 6.426E-03 5.745E-03 5.124E-03 4.541E-03 4.062E-03 3.663E-03 3.291E-03 2.944E-03 2.657E-03 2.411E-03 2.187E-03 1.984E-03 1.802E-03 1.649E-03 1.517E-03
 1.387E-03 1.277E-03 1.187E-03 1.108E-03 1.025E-03 9.583E-04 9.024E-04 8.536E-04 8.094E-04 7.765E-04 7.453E-04 7.120E-04 6.848E-04 6.713E-04 6.564E-04 6.376E-04 6.225E-04 6.184E-04 6.166E-04 6.107E-04
 6.080E-04 6.221E-04 6.343E-04 6.492E-04 6.800E-04 7.114E-04 7.395E-04 7.820E-04 8.425E-04 9.143E-04 9.978E-04 1.089E-03 1.184E-03 1.278E-03 1.365E-03 1.430E-03 1.479E-03 1.534E-03 1.573E-03 1.582E-03
 1.602E-03 1.672E-03 1.777E-03 1.901E-03 1.989E-03 2.048E-03 1.998E-03 1.841E-03 1.742E-03 1.874E-03 2.333E-03 2.816E-03
# wavel.    ext.coef  sca.coef  abs.coef  sisc.alb  op.depth
#  [um]      [1/km]    [1/km]    [1/km]                     
 7.500E-01 8.788E-02 8.766E-02 2.170E-04 9.975E-01 1.909E-01
   phase function [1/km]
 1.294E+00 1.262E+00 1.190E+00 1.114E+00 1.047E+00 9.908E-01 9.436E-01 9.035E-01 8.688E-01 8.383E-01 8.109E-01 7.860E-01 7.630E-01 7.414E-01 7.213E-01 7.021E-01 6.838E-01 6.662E-01 6.491E-01 6.328E-01
 6.170E-01 4.822E-01 3.811E-01 3.053E-01 2.485E-01 1.720E-01 1.256E-01 9.584E-02 7.573E-02 6.146E-02 5.087E-02 4.280E-02 3.643E-02 3.118E-02 2.684E-02 2.322E-02 2.015E-02 1.764E-02 1.542E-02 1.350E-02
 1.181E-02 1.040E-02 9.209E-03 8.135E-03 7.188E-03 6.371E-03 5.669E-03 5.077E-03 4.537E-03 4.035E-03 3.605E-03 3.267E-03 2.952E-03 2.651E-03 2.387E-03 2.181E-03 1.986E-03 1.798E-03 1.641E-03 1.510E-03
 1.398E-03 1.287E-03 1.178E-03 1.096E-03 1.035E-03 9.629E-04 9.025E-04 8.569E-04 8.152E-04 7.738E-04 7.405E-04 7.132E-04 6.918E-04 6.781E-04 6.598E-04 6.396E-04 6.346E-04 6.338E-04 6.213E-04 6.132E-04
 6.133E-04 6.245E-04 6.354E-04 6.513E-04 6.732E-04 6.974E-04 7.337E-04 7.805E-04 8.362E-04 9.005E-04 9.687E-04 1.054E-03 1.155E-03 1.247E-03 1.337E-03 1.400E-03 1.442E-03 1.501E-03 1.535E-03 1.564E-03
 1.622E-03 1.675E-03 1.746E-03 1.863E-03 1.960E-03 2.017E-03 2.001E-03 1.873E-03 1.725E-03 1.802E-03 2.287E-03 2.769E-03
# wavel.    ext.coef  sca.coef  abs.coef  sisc.alb  op.depth
#  [um]      [1/km]    [1/km]    [1/km]                     
 8.000E-01 8.728E-02 8.704E-02 2.343E-04 9.973E-01 1.884E-01
   phase function [1/km]
 1.149E+00 1.125E+00 1.067E+00 1.004E+00 9.468E-01 8.980E-01 8.567E-01 8.214E-01 7.909E-01 7.641E-01 7.399E-01 7.182E-01 6.982E-01 6.797E-01 6.621E-01 6.456E-01 6.299E-01 6.150E-01 6.004E-01 5.864E-01
 5.728E-01 4.567E-01 3.672E-01 2.982E-01 2.449E-01 1.719E-01 1.267E-01 9.728E-02 7.713E-02 6.267E-02 5.183E-02 4.341E-02 3.682E-02 3.152E-02 2.714E-02 2.345E-02 2.026E-02 1.757E-02 1.538E-02 1.347E-02
 1.181E-02 1.034E-02 9.088E-03 8.025E-03 7.125E-03 6.316E-03 5.591E-03 4.964E-03 4.450E-03 3.987E-03 3.555E-03 3.186E-03 2.879E-03 2.601E-03 2.349E-03 2.124E-03 1.927E-03 1.771E-03 1.619E-03 1.475E-03
 1.360E-03 1.261E-03 1.165E-03 1.085E-03 1.012E-03 9.464E-04 8.946E-04 8.427E-04 7.968E-04 7.593E-04 7.217E-04 6.974E-04 6.784E-04 6.534E-04 6.354E-04 6.278E-04 6.179E-04 6.123E-04 6.131E-04 6.137E-04
 6.195E-04 6.250E-04 6.337E-04 6.461E-04 6.678E-04 6.919E-04 7.255E-04 7.674E-04 8.199E-04 8.816E-04 9.528E-04 1.033E-03 1.126E-03 1.220E-03 1.289E-03 1.355E-03 1.411E-03 1.438E-03 1.470E-03 1.523E-03
 1.561E-03 1.608E-03 1.676E-03 1.757E-03 1.886E-03 1.963E-03 1.907E-03 1.753E-03 1.621E-03 1.704E-03 2.068E-03 2.429E-03
# wavel.    ext.coef  sca.coef  abs.coef  sisc.alb  op.depth
#  [um]      [1/km]    [1/km]    [1/km]                     
 9.000E-01 8.615E-02 8.587E-02 2.694E-04 9.969E-01 1.843E-01
   phase function [1/km]
 9.349E-01 9.192E-01 8.808E-01 8.352E-01 7.925E-01 7.551E-01 7.227E-01 6.948E-01 6.702E-01 6.486E-01 6.293E-01 6.119E-01 5.959E-01 5.812E-01 5.673E-01 5.544E-01 5.422E-01 5.304E-01 5.192E-01 5.085E-01
 4.979E-01 4.079E-01 3.368E-01 2.801E-01 2.349E-01 1.700E-01 1.279E-01 9.933E-02 7.928E-02 6.458E-02 5.345E-02 4.478E-02 3.778E-02 3.218E-02 2.756E-02 2.370E-02 2.049E-02 1.774E-02 1.539E-02 1.339E-02
 1.172E-02 1.028E-02 9.009E-03 7.916E-03 6.988E-03 6.196E-03 5.487E-03 4.865E-03 4.318E-03 3.878E-03 3.483E-03 3.112E-03 2.786E-03 2.517E-03 2.289E-03 2.070E-03 1.876E-03 1.715E-03 1.577E-03 1.438E-03
 1.318E-03 1.226E-03 1.141E-03 1.058E-03 9.849E-04 9.266E-04 8.738E-04 8.222E-04 7.792E-04 7.455E-04 7.176E-04 6.893E-04 6.607E-04 6.404E-04 6.277E-04 6.168E-04 6.055E-04 5.958E-04 5.952E-04 6.012E-04
 6.041E-04 6.084E-04 6.210E-04 6.364E-04 6.534E-04 6.835E-04 7.184E-04 7.543E-04 7.947E-04 8.495E-04 9.194E-04 9.939E-04 1.066E-03 1.132E-03 1.198E-03 1.274E-03 1.337E-03 1.363E-03 1.382E-03 1.423E-03
 1.456E-03 1.497E-03 1.577E-03 1.664E-03 1.734E-03 1.768E-03 1.692E-03 1.529E-03 1.431E-03 1.550E-03 1.935E-03 2.259E-03
# wavel.    ext.coef  sca.coef  abs.coef  sisc.alb  op.depth
#  [um]      [1/km]    [1/km]    [1/km]                     
 1.000E+00 8.484E-02 8.453E-02 2.982E-04 9.965E-01 1.802E-01
   phase function [1/km]
 7.789E-01 7.686E-01 7.421E-01 7.089E-01 6.763E-01 6.472E-01 6.215E-01 5.987E-01 5.789E-01 5.613E-01 5.455E-01 5.314E-01 5.185E-01 5.066E-01 4.955E-01 4.850E-01 4.753E-01 4.659E-01 4.570E-01 4.483E-01
 4.401E-01 3.685E-01 3.108E-01 2.634E-01 2.247E-01 1.670E-01 1.280E-01 1.007E-01 8.086E-02 6.602E-02 5.458E-02 4.556E-02 3.842E-02 3.265E-02 2.786E-02 2.387E-02 2.048E-02 1.768E-02 1.534E-02 1.334E-02
 1.162E-02 1.013E-02 8.872E-03 7.795E-03 6.874E-03 6.067E-03 5.360E-03 4.758E-03 4.245E-03 3.784E-03 3.375E-03 3.020E-03 2.728E-03 2.466E-03 2.221E-03 2.005E-03 1.830E-03 1.675E-03 1.527E-03 1.400E-03
 1.294E-03 1.196E-03 1.103E-03 1.026E-03 9.617E-04 9.035E-04 8.470E-04 8.012E-04 7.626E-04 7.233E-04 6.883E-04 6.672E-04 6.495E-04 6.269E-04 6.096E-04 6.018E-04 5.945E-04 5.853E-04 5.830E-04 5.854E-04
 5.886E-04 5.937E-04 6.035E-04 6.158E-04 6.336E-04 6.556E-04 6.843E-04 7.223E-04 7.690E-04 8.145E-04 8.673E-04 9.325E-04 1.006E-03 1.070E-03 1.126E-03 1.172E-03 1.213E-03 1.246E-03 1.285E-03 1.331E-03
 1.378E-03 1.425E-03 1.481E-03 1.538E-03 1.602E-03 1.629E-03 1.572E-03 1.421E-03 1.291E-03 1.355E-03 1.622E-03 1.832E-03
# wavel.    ext.coef  sca.coef  abs.coef  sisc.alb  op.depth
#  [um]      [1/km]    [1/km]    [1/km]                     
 1.250E+00 8.052E-02 8.022E-02 3.054E-04 9.962E-01 1.689E-01
   phase function [1/km]
 5.364E-01 5.322E-01 5.202E-01 5.041E-01 4.867E-01 4.700E-01 4.546E-01 4.407E-01 4.280E-01 4.167E-01 4.064E-01 3.970E-01 3.884E-01 3.804E-01 3.730E-01 3.662E-01 3.598E-01 3.538E-01 3.480E-01 3.424E-01
 3.372E-01 2.924E-01 2.557E-01 2.242E-01 1.975E-01 1.547E-01 1.231E-01 9.932E-02 8.102E-02 6.677E-02 5.547E-02 4.637E-02 3.903E-02 3.300E-02 2.799E-02 2.384E-02 2.038E-02 1.749E-02 1.506E-02 1.301E-02
 1.126E-02 9.774E-03 8.527E-03 7.460E-03 6.537E-03 5.744E-03 5.070E-03 4.488E-03 3.987E-03 3.543E-03 3.154E-03 2.827E-03 2.547E-03 2.291E-03 2.062E-03 1.872E-03 1.705E-03 1.549E-03 1.415E-03 1.302E-03
 1.202E-03 1.107E-03 1.023E-03 9.515E-04 8.933E-04 8.370E-04 7.852E-04 7.447E-04 7.091E-04 6.722E-04 6.421E-04 6.213E-04 6.031E-04 5.840E-04 5.679E-04 5.576E-04 5.515E-04 5.453E-04 5.389E-04 5.387E-04
 5.416E-04 5.458E-04 5.541E-04 5.653E-04 5.772E-04 5.948E-04 6.198E-04 6.485E-04 6.842E-04 7.203E-04 7.583E-04 8.074E-04 8.601E-04 9.060E-04 9.489E-04 9.892E-04 1.019E-03 1.051E-03 1.089E-03 1.123E-03
 1.159E-03 1.202E-03 1.242E-03 1.282E-03 1.310E-03 1.306E-03 1.242E-03 1.125E-03 1.035E-03 1.097E-03 1.325E-03 1.495E-03
# wavel.    ext.coef  sca.coef  abs.coef  sisc.alb  op.depth
#  [um]      [1/km]    [1/km]    [1/km]                     
 1.500E+00 7.523E-02 7.480E-02 4.501E-04 9.940E-01 1.567E-01
   phase function [1/km]
 3.959E-01 3.938E-01 3.878E-01 3.791E-01 3.689E-01 3.588E-01 3.491E-01 3.399E-01 3.314E-01 3.238E-01 3.167E-01 3.102E-01 3.042E-01 2.984E-01 2.934E-01 2.885E-01 2.840E-01 2.797E-01 2.756E-01 2.718E-01
 2.681E-01 2.375E-01 2.126E-01 1.910E-01 1.718E-01 1.395E-01 1.140E-01 9.370E-02 7.754E-02 6.454E-02 5.397E-02 4.531E-02 3.815E-02 3.222E-02 2.732E-02 2.323E-02 1.982E-02 1.696E-02 1.454E-02 1.250E-02
 1.080E-02 9.358E-03 8.131E-03 7.082E-03 6.187E-03 5.429E-03 4.777E-03 4.212E-03 3.726E-03 3.311E-03 2.953E-03 2.638E-03 2.360E-03 2.120E-03 1.916E-03 1.735E-03 1.574E-03 1.433E-03 1.311E-03 1.202E-03
 1.104E-03 1.020E-03 9.484E-04 8.822E-04 8.219E-04 7.710E-04 7.268E-04 6.861E-04 6.504E-04 6.217E-04 5.967E-04 5.711E-04 5.495E-04 5.339E-04 5.212E-04 5.086E-04 4.989E-04 4.932E-04 4.899E-04 4.884E-04
 4.897E-04 4.928E-04 4.983E-04 5.075E-04 5.199E-04 5.349E-04 5.527E-04 5.730E-04 5.959E-04 6.257E-04 6.591E-04 6.925E-04 7.267E-04 7.607E-04 7.912E-04 8.249E-04 8.580E-04 8.870E-04 9.085E-04 9.323E-04
 9.615E-04 9.913E-04 1.024E-03 1.056E-03 1.066E-03 1.041E-03 9.750E-04 8.886E-04 8.497E-04 9.157E-04 1.068E-03 1.176E-03
# wavel.    ext.coef  sca.coef  abs.coef  sisc.alb  op.depth
#  [um]      [1/km]    [1/km]    [1/km]                     
 1.750E+00 6.870E-02 6.842E-02 2.849E-04 9.959E-01 1.423E-01
   phase function [1/km]
 3.077E-01 3.066E-01 3.033E-01 2.983E-01 2.921E-01 2.855E-01 2.791E-01 2.729E-01 2.671E-01 2.616E-01 2.564E-01 2.516E-01 2.472E-01 2.431E-01 2.392E-01 2.357E-01 2.324E-01 2.290E-01 2.261E-01 2.231E-01
 2.205E-01 1.978E-01 1.798E-01 1.639E-01 1.495E-01 1.244E-01 1.036E-01 8.652E-02 7.235E-02 6.063E-02 5.091E-02 4.283E-02 3.612E-02 3.052E-02 2.585E-02 2.194E-02 1.867E-02 1.593E-02 1.364E-02 1.171E-02
 1.008E-02 8.703E-03 7.539E-03 6.551E-03 5.714E-03 4.996E-03 4.385E-03 3.859E-03 3.412E-03 3.021E-03 2.684E-03 2.393E-03 2.143E-03 1.925E-03 1.732E-03 1.564E-03 1.419E-03 1.291E-03 1.178E-03 1.079E-03
 9.930E-04 9.159E-04 8.470E-04 7.869E-04 7.352E-04 6.888E-04 6.470E-04 6.111E-04 5.797E-04 5.509E-04 5.261E-04 5.063E-04 4.893E-04 4.733E-04 4.599E-04 4.503E-04 4.431E-04 4.366E-04 4.324E-04 4.312E-04
 4.316E-04 4.339E-04 4.378E-04 4.437E-04 4.522E-04 4.629E-04 4.763E-04 4.928E-04 5.124E-04 5.324E-04 5.553E-04 5.802E-04 6.071E-04 6.325E-04 6.540E-04 6.751E-04 6.953E-04 7.135E-04 7.352E-04 7.579E-04
 7.796E-04 8.017E-04 8.228E-04 8.395E-04 8.473E-04 8.368E-04 7.986E-04 7.401E-04 7.023E-04 7.361E-04 8.326E-04 9.002E-04
# wavel.    ext.coef  sca.coef  abs.coef  sisc.alb  op.depth
#  [um]      [1/km]    [1/km]    [1/km]                     
 2.000E+00 6.217E-02 6.143E-02 7.366E-04 9.882E-01 1.283E-01
   phase function [1/km]
 2.451E-01 2.444E-01 2.424E-01 2.393E-01 2.354E-01 2.311E-01 2.267E-01 2.223E-01 2.181E-01 2.141E-01 2.103E-01 2.068E-01 2.034E-01 2.002E-01 1.973E-01 1.945E-01 1.919E-01 1.894E-01 1.870E-01 1.848E-01
 1.826E-01 1.652E-01 1.515E-01 1.394E-01 1.284E-01 1.088E-01 9.196E-02 7.758E-02 6.544E-02 5.520E-02 4.656E-02 3.931E-02 3.321E-02 2.810E-02 2.380E-02 2.021E-02 1.720E-02 1.467E-02 1.255E-02 1.076E-02
 9.249E-03 7.982E-03 6.905E-03 5.993E-03 5.216E-03 4.558E-03 3.994E-03 3.512E-03 3.096E-03 2.740E-03 2.433E-03 2.167E-03 1.935E-03 1.734E-03 1.561E-03 1.409E-03 1.275E-03 1.158E-03 1.056E-03 9.666E-04
 8.867E-04 8.173E-04 7.568E-04 7.023E-04 6.541E-04 6.120E-04 5.750E-04 5.421E-04 5.133E-04 4.884E-04 4.667E-04 4.469E-04 4.297E-04 4.160E-04 4.044E-04 3.943E-04 3.859E-04 3.799E-04 3.761E-04 3.735E-04
 3.726E-04 3.732E-04 3.759E-04 3.804E-04 3.866E-04 3.945E-04 4.040E-04 4.153E-04 4.279E-04 4.433E-04 4.601E-04 4.767E-04 4.933E-04 5.097E-04 5.253E-04 5.418E-04 5.584E-04 5.739E-04 5.872E-04 6.017E-04
 6.181E-04 6.344E-04 6.505E-04 6.642E-04 6.680E-04 6.564E-04 6.271E-04 5.884E-04 5.707E-04 6.017E-04 6.681E-04 7.114E-04
# wavel.    ext.coef  sca.coef  abs.coef  sisc.alb  op.depth
#  [um]      [1/km]    [1/km]    [1/km]                     
 2.500E+00 4.552E-02 4.452E-02 9.954E-04 9.781E-01 9.368E-02
   phase function [1/km]
 1.637E-01 1.634E-01 1.625E-01 1.612E-01 1.594E-01 1.573E-01 1.551E-01 1.528E-01 1.505E-01 1.482E-01 1.460E-01 1.439E-01 1.418E-01 1.399E-01 1.381E-01 1.363E-01 1.346E-01 1.330E-01 1.315E-01 1.300E-01
 1.286E-01 1.171E-01 1.082E-01 1.005E-01 9.338E-02 8.038E-02 6.877E-02 5.849E-02 4.951E-02 4.180E-02 3.521E-02 2.961E-02 2.492E-02 2.096E-02 1.767E-02 1.491E-02 1.262E-02 1.070E-02 9.093E-03 7.752E-03
 6.629E-03 5.689E-03 4.896E-03 4.226E-03 3.662E-03 3.182E-03 2.776E-03 2.429E-03 2.134E-03 1.879E-03 1.662E-03 1.474E-03 1.311E-03 1.171E-03 1.050E-03 9.438E-04 8.514E-04 7.710E-04 7.006E-04 6.388E-04
 5.846E-04 5.372E-04 4.953E-04 4.584E-04 4.260E-04 3.975E-04 3.724E-04 3.501E-04 3.307E-04 3.137E-04 2.988E-04 2.857E-04 2.745E-04 2.649E-04 2.567E-04 2.498E-04 2.440E-04 2.396E-04 2.363E-04 2.341E-04
 2.327E-04 2.321E-04 2.326E-04 2.344E-04 2.366E-04 2.394E-04 2.432E-04 2.474E-04 2.516E-04 2.566E-04 2.612E-04 2.655E-04 2.694E-04 2.736E-04 2.778E-04 2.824E-04 2.871E-04 2.923E-04 2.976E-04 3.035E-04
 3.107E-04 3.180E-04 3.259E-04 3.328E-04 3.381E-04 3.399E-04 3.361E-04 3.269E-04 3.182E-04 3.248E-04 3.483E-04 3.655E-04
 ----------------------------------------------------------------------------
 Visibility:  29.55 [km]
