#            Optical Properties of Aerosols and Clouds (OPAC) 4.0b      
#           --------------------------------------------------------
# maritime clean                
#  3 components
#  1 relative humidities
# 17 wavelengths
#----------------------------------------------------------------------------
# RH  COMP NUMBER    VOLUME    MASS      DENSITY  NUM.MIX  VOL.MIX   MAS.MIX
# [%]     [1/cm^3]  [um^3/m^3] [ug/m^3]  [g/cm^3] RATIO    RATIO     RATIO
#----------------------------------------------------------------------------
# 50. waso 1.500E+03 2.110E+06 2.996E+00 1.42    9.868E-01 6.441E-02 7.045E-02
#     ssam 2.000E+01 2.998E+07 3.868E+01 1.29    1.316E-02 9.153E-01 9.094E-01
#     sscm 3.200E-03 6.635E+05 8.559E-01 1.29    2.105E-06 2.026E-02 2.013E-02
#----------------------------------------------------------------------------
# only particles up to   7.5 micrometer radius are considered for mass
# 112 scattering angles for phase functions below:
#     0.000     0.100     0.200     0.300     0.400     0.500     0.600     0.700
#     0.800     0.900     1.000     1.100     1.200     1.300     1.400     1.500
#     1.600     1.700     1.800     1.900     2.000     3.000     4.000     5.000
#     6.000     8.000    10.000    12.000    14.000    16.000    18.000    20.000
#    22.000    24.000    26.000    28.000    30.000    32.000    34.000    36.000
#    38.000    40.000    42.000    44.000    46.000    48.000    50.000    52.000
#    54.000    56.000    58.000    60.000    62.000    64.000    66.000    68.000
#    70.000    72.000    74.000    76.000    78.000    80.000    82.000    84.000
#    86.000    88.000    90.000    92.000    94.000    96.000    98.000   100.000
#   102.000   104.000   106.000   108.000   110.000   112.000   114.000   116.000
#   118.000   120.000   122.000   124.000   126.000   128.000   130.000   132.000
#   134.000   136.000   138.000   140.000   142.000   144.000   146.000   148.000
#   150.000   152.000   154.000   156.000   158.000   160.000   162.000   164.000
#   166.000   168.000   170.000   172.000   174.000   176.000   178.000   180.000
#============================================================================
# 50.% relative humidity 
# wavel.    ext.coef  sca.coef  abs.coef  sisc.alb  op.depth
#  [um]      [1/km]    [1/km]    [1/km]                     
 3.500E-01 6.410E-02 6.378E-02 3.251E-04 9.949E-01 1.196E-01
   phase function [1/km]
 2.322E+00 2.157E+00 1.907E+00 1.716E+00 1.575E+00 1.466E+00 1.379E+00 1.304E+00 1.238E+00 1.178E+00 1.123E+00 1.071E+00 1.023E+00 9.770E-01 9.336E-01 8.924E-01 8.534E-01 8.163E-01 7.810E-01 7.475E-01
 7.157E-01 4.718E-01 3.234E-01 2.305E-01 1.705E-01 1.038E-01 7.219E-02 5.440E-02 4.339E-02 3.608E-02 3.052E-02 2.624E-02 2.304E-02 2.040E-02 1.807E-02 1.601E-02 1.412E-02 1.250E-02 1.121E-02 1.002E-02
 8.937E-03 7.934E-03 7.033E-03 6.315E-03 5.707E-03 5.083E-03 4.533E-03 4.058E-03 3.691E-03 3.305E-03 2.970E-03 2.672E-03 2.423E-03 2.204E-03 1.979E-03 1.809E-03 1.636E-03 1.501E-03 1.372E-03 1.257E-03
 1.156E-03 1.056E-03 9.808E-04 9.140E-04 8.526E-04 7.896E-04 7.424E-04 7.028E-04 6.680E-04 6.266E-04 5.901E-04 5.659E-04 5.549E-04 5.341E-04 5.076E-04 4.953E-04 4.867E-04 4.788E-04 4.633E-04 4.623E-04
 4.534E-04 4.442E-04 4.401E-04 4.446E-04 4.529E-04 4.596E-04 4.746E-04 5.012E-04 5.365E-04 5.881E-04 6.565E-04 7.308E-04 8.254E-04 9.735E-04 1.115E-03 1.235E-03 1.332E-03 1.416E-03 1.455E-03 1.489E-03
 1.533E-03 1.589E-03 1.606E-03 1.672E-03 1.824E-03 1.920E-03 1.959E-03 2.010E-03 2.059E-03 2.150E-03 2.343E-03 2.828E-03
# wavel.    ext.coef  sca.coef  abs.coef  sisc.alb  op.depth
#  [um]      [1/km]    [1/km]    [1/km]                     
 4.000E-01 6.274E-02 6.246E-02 2.777E-04 9.956E-01 1.139E-01
   phase function [1/km]
 1.810E+00 1.707E+00 1.535E+00 1.393E+00 1.285E+00 1.200E+00 1.132E+00 1.074E+00 1.024E+00 9.789E-01 9.375E-01 8.988E-01 8.627E-01 8.284E-01 7.959E-01 7.651E-01 7.355E-01 7.073E-01 6.802E-01 6.543E-01
 6.295E-01 4.326E-01 3.063E-01 2.247E-01 1.707E-01 1.077E-01 7.465E-02 5.589E-02 4.431E-02 3.644E-02 3.099E-02 2.687E-02 2.328E-02 2.031E-02 1.786E-02 1.583E-02 1.410E-02 1.248E-02 1.102E-02 9.792E-03
 8.702E-03 7.783E-03 6.953E-03 6.185E-03 5.502E-03 4.925E-03 4.447E-03 3.969E-03 3.534E-03 3.190E-03 2.879E-03 2.613E-03 2.327E-03 2.106E-03 1.923E-03 1.745E-03 1.584E-03 1.443E-03 1.321E-03 1.224E-03
 1.111E-03 1.024E-03 9.564E-04 8.950E-04 8.187E-04 7.696E-04 7.196E-04 6.786E-04 6.412E-04 6.183E-04 5.897E-04 5.629E-04 5.400E-04 5.259E-04 5.105E-04 4.957E-04 4.761E-04 4.636E-04 4.589E-04 4.456E-04
 4.398E-04 4.465E-04 4.426E-04 4.513E-04 4.672E-04 4.808E-04 4.995E-04 5.202E-04 5.520E-04 6.058E-04 6.742E-04 7.506E-04 8.415E-04 9.458E-04 1.074E-03 1.166E-03 1.261E-03 1.348E-03 1.379E-03 1.378E-03
 1.396E-03 1.441E-03 1.525E-03 1.634E-03 1.700E-03 1.762E-03 1.741E-03 1.692E-03 1.702E-03 1.847E-03 2.253E-03 2.865E-03
# wavel.    ext.coef  sca.coef  abs.coef  sisc.alb  op.depth
#  [um]      [1/km]    [1/km]    [1/km]                     
 4.500E-01 6.185E-02 6.161E-02 2.406E-04 9.961E-01 1.094E-01
   phase function [1/km]
 1.454E+00 1.388E+00 1.266E+00 1.158E+00 1.074E+00 1.006E+00 9.515E-01 9.058E-01 8.660E-01 8.303E-01 7.982E-01 7.684E-01 7.403E-01 7.140E-01 6.889E-01 6.649E-01 6.420E-01 6.200E-01 5.988E-01 5.785E-01
 5.591E-01 4.000E-01 2.923E-01 2.194E-01 1.694E-01 1.093E-01 7.668E-02 5.750E-02 4.543E-02 3.730E-02 3.145E-02 2.695E-02 2.332E-02 2.029E-02 1.781E-02 1.565E-02 1.382E-02 1.228E-02 1.090E-02 9.666E-03
 8.543E-03 7.598E-03 6.849E-03 6.105E-03 5.407E-03 4.839E-03 4.367E-03 3.928E-03 3.524E-03 3.152E-03 2.827E-03 2.580E-03 2.342E-03 2.104E-03 1.899E-03 1.743E-03 1.596E-03 1.437E-03 1.312E-03 1.213E-03
 1.129E-03 1.034E-03 9.452E-04 8.743E-04 8.297E-04 7.726E-04 7.181E-04 6.838E-04 6.545E-04 6.151E-04 5.873E-04 5.668E-04 5.489E-04 5.322E-04 5.156E-04 4.986E-04 4.896E-04 4.854E-04 4.670E-04 4.536E-04
 4.484E-04 4.463E-04 4.481E-04 4.609E-04 4.708E-04 4.829E-04 5.064E-04 5.348E-04 5.779E-04 6.205E-04 6.670E-04 7.415E-04 8.311E-04 9.258E-04 1.050E-03 1.148E-03 1.211E-03 1.295E-03 1.358E-03 1.379E-03
 1.418E-03 1.466E-03 1.523E-03 1.607E-03 1.689E-03 1.743E-03 1.748E-03 1.696E-03 1.657E-03 1.764E-03 2.129E-03 2.611E-03
# wavel.    ext.coef  sca.coef  abs.coef  sisc.alb  op.depth
#  [um]      [1/km]    [1/km]    [1/km]                     
 5.000E-01 6.098E-02 6.077E-02 2.112E-04 9.965E-01 1.055E-01
   phase function [1/km]
 1.196E+00 1.151E+00 1.062E+00 9.793E-01 9.115E-01 8.568E-01 8.120E-01 7.744E-01 7.421E-01 7.133E-01 6.875E-01 6.638E-01 6.415E-01 6.208E-01 6.009E-01 5.821E-01 5.639E-01 5.466E-01 5.298E-01 5.136E-01
 4.981E-01 3.685E-01 2.767E-01 2.125E-01 1.672E-01 1.104E-01 7.824E-02 5.882E-02 4.645E-02 3.806E-02 3.205E-02 2.739E-02 2.356E-02 2.045E-02 1.788E-02 1.573E-02 1.389E-02 1.224E-02 1.080E-02 9.554E-03
 8.484E-03 7.572E-03 6.737E-03 6.017E-03 5.334E-03 4.784E-03 4.307E-03 3.840E-03 3.427E-03 3.098E-03 2.814E-03 2.525E-03 2.262E-03 2.050E-03 1.868E-03 1.701E-03 1.543E-03 1.405E-03 1.292E-03 1.191E-03
 1.081E-03 9.953E-04 9.417E-04 8.775E-04 8.049E-04 7.535E-04 7.199E-04 6.728E-04 6.304E-04 6.135E-04 5.935E-04 5.582E-04 5.291E-04 5.157E-04 5.030E-04 4.851E-04 4.714E-04 4.617E-04 4.583E-04 4.544E-04
 4.525E-04 4.549E-04 4.581E-04 4.589E-04 4.696E-04 4.924E-04 5.118E-04 5.353E-04 5.704E-04 6.183E-04 6.800E-04 7.491E-04 8.252E-04 9.168E-04 1.014E-03 1.098E-03 1.189E-03 1.273E-03 1.302E-03 1.308E-03
 1.339E-03 1.400E-03 1.476E-03 1.568E-03 1.629E-03 1.641E-03 1.587E-03 1.515E-03 1.499E-03 1.562E-03 1.908E-03 2.342E-03
# wavel.    ext.coef  sca.coef  abs.coef  sisc.alb  op.depth
#  [um]      [1/km]    [1/km]    [1/km]                     
 5.500E-01 6.027E-02 6.005E-02 2.243E-04 9.963E-01 1.022E-01
   phase function [1/km]
 1.001E+00 9.696E-01 9.039E-01 8.391E-01 7.844E-01 7.394E-01 7.021E-01 6.707E-01 6.437E-01 6.200E-01 5.985E-01 5.791E-01 5.610E-01 5.440E-01 5.279E-01 5.127E-01 4.981E-01 4.842E-01 4.706E-01 4.576E-01
 4.449E-01 3.389E-01 2.614E-01 2.055E-01 1.645E-01 1.112E-01 7.992E-02 6.051E-02 4.775E-02 3.893E-02 3.266E-02 2.783E-02 2.384E-02 2.058E-02 1.792E-02 1.573E-02 1.389E-02 1.223E-02 1.075E-02 9.495E-03
 8.416E-03 7.495E-03 6.666E-03 5.922E-03 5.264E-03 4.698E-03 4.223E-03 3.777E-03 3.362E-03 3.031E-03 2.741E-03 2.475E-03 2.216E-03 2.009E-03 1.829E-03 1.666E-03 1.515E-03 1.381E-03 1.268E-03 1.172E-03
 1.069E-03 9.875E-04 9.214E-04 8.629E-04 7.974E-04 7.457E-04 7.016E-04 6.641E-04 6.286E-04 6.044E-04 5.793E-04 5.523E-04 5.273E-04 5.140E-04 5.002E-04 4.839E-04 4.694E-04 4.616E-04 4.558E-04 4.488E-04
 4.447E-04 4.500E-04 4.523E-04 4.594E-04 4.755E-04 4.947E-04 5.121E-04 5.360E-04 5.691E-04 6.156E-04 6.735E-04 7.345E-04 8.079E-04 8.908E-04 9.777E-04 1.052E-03 1.129E-03 1.201E-03 1.252E-03 1.271E-03
 1.293E-03 1.352E-03 1.440E-03 1.521E-03 1.562E-03 1.566E-03 1.498E-03 1.393E-03 1.354E-03 1.457E-03 1.781E-03 2.136E-03
# wavel.    ext.coef  sca.coef  abs.coef  sisc.alb  op.depth
#  [um]      [1/km]    [1/km]    [1/km]                     
 6.000E-01 5.979E-02 5.959E-02 2.009E-04 9.966E-01 9.946E-02
   phase function [1/km]
 8.553E-01 8.328E-01 7.829E-01 7.317E-01 6.869E-01 6.496E-01 6.184E-01 5.919E-01 5.690E-01 5.490E-01 5.309E-01 5.146E-01 4.995E-01 4.855E-01 4.723E-01 4.597E-01 4.477E-01 4.364E-01 4.252E-01 4.146E-01
 4.042E-01 3.161E-01 2.496E-01 1.996E-01 1.617E-01 1.112E-01 8.120E-02 6.210E-02 4.922E-02 4.008E-02 3.329E-02 2.809E-02 2.411E-02 2.086E-02 1.811E-02 1.578E-02 1.378E-02 1.212E-02 1.072E-02 9.472E-03
 8.365E-03 7.397E-03 6.566E-03 5.842E-03 5.217E-03 4.648E-03 4.140E-03 3.712E-03 3.347E-03 3.000E-03 2.685E-03 2.414E-03 2.205E-03 2.005E-03 1.806E-03 1.633E-03 1.498E-03 1.377E-03 1.254E-03 1.151E-03
 1.071E-03 9.900E-04 9.064E-04 8.435E-04 7.951E-04 7.470E-04 6.954E-04 6.592E-04 6.282E-04 5.921E-04 5.584E-04 5.423E-04 5.291E-04 5.085E-04 4.917E-04 4.841E-04 4.742E-04 4.614E-04 4.574E-04 4.565E-04
 4.528E-04 4.497E-04 4.551E-04 4.616E-04 4.717E-04 4.858E-04 5.069E-04 5.388E-04 5.785E-04 6.159E-04 6.620E-04 7.262E-04 8.012E-04 8.772E-04 9.584E-04 1.028E-03 1.081E-03 1.129E-03 1.186E-03 1.244E-03
 1.297E-03 1.344E-03 1.394E-03 1.444E-03 1.508E-03 1.545E-03 1.524E-03 1.418E-03 1.314E-03 1.374E-03 1.610E-03 1.851E-03
# wavel.    ext.coef  sca.coef  abs.coef  sisc.alb  op.depth
#  [um]      [1/km]    [1/km]    [1/km]                     
 6.500E-01 5.917E-02 5.896E-02 2.111E-04 9.964E-01 9.690E-02
   phase function [1/km]
 7.435E-01 7.268E-01 6.884E-01 6.472E-01 6.103E-01 5.786E-01 5.518E-01 5.287E-01 5.090E-01 4.915E-01 4.761E-01 4.619E-01 4.490E-01 4.371E-01 4.256E-01 4.149E-01 4.047E-01 3.949E-01 3.855E-01 3.764E-01
 3.676E-01 2.925E-01 2.350E-01 1.910E-01 1.573E-01 1.110E-01 8.197E-02 6.301E-02 5.006E-02 4.082E-02 3.403E-02 2.883E-02 2.460E-02 2.112E-02 1.827E-02 1.587E-02 1.388E-02 1.220E-02 1.070E-02 9.396E-03
 8.274E-03 7.331E-03 6.517E-03 5.775E-03 5.119E-03 4.556E-03 4.081E-03 3.656E-03 3.274E-03 2.923E-03 2.629E-03 2.385E-03 2.157E-03 1.943E-03 1.761E-03 1.611E-03 1.468E-03 1.337E-03 1.224E-03 1.128E-03
 1.045E-03 9.656E-04 8.905E-04 8.294E-04 7.774E-04 7.289E-04 6.876E-04 6.494E-04 6.155E-04 5.884E-04 5.639E-04 5.389E-04 5.182E-04 5.053E-04 4.911E-04 4.751E-04 4.660E-04 4.613E-04 4.513E-04 4.433E-04
 4.412E-04 4.453E-04 4.504E-04 4.595E-04 4.732E-04 4.880E-04 5.057E-04 5.315E-04 5.656E-04 6.049E-04 6.488E-04 7.024E-04 7.690E-04 8.400E-04 9.161E-04 9.782E-04 1.039E-03 1.100E-03 1.149E-03 1.189E-03
 1.239E-03 1.282E-03 1.341E-03 1.406E-03 1.444E-03 1.436E-03 1.367E-03 1.269E-03 1.213E-03 1.291E-03 1.578E-03 1.869E-03
# wavel.    ext.coef  sca.coef  abs.coef  sisc.alb  op.depth
#  [um]      [1/km]    [1/km]    [1/km]                     
 7.000E-01 5.862E-02 5.843E-02 1.921E-04 9.967E-01 9.460E-02
   phase function [1/km]
 6.514E-01 6.390E-01 6.091E-01 5.756E-01 5.448E-01 5.181E-01 4.950E-01 4.752E-01 4.581E-01 4.429E-01 4.295E-01 4.172E-01 4.061E-01 3.956E-01 3.859E-01 3.768E-01 3.681E-01 3.597E-01 3.517E-01 3.441E-01
 3.366E-01 2.725E-01 2.227E-01 1.836E-01 1.531E-01 1.101E-01 8.233E-02 6.375E-02 5.085E-02 4.152E-02 3.459E-02 2.923E-02 2.492E-02 2.134E-02 1.842E-02 1.597E-02 1.393E-02 1.221E-02 1.069E-02 9.371E-03
 8.240E-03 7.288E-03 6.466E-03 5.725E-03 5.071E-03 4.511E-03 4.036E-03 3.613E-03 3.233E-03 2.887E-03 2.596E-03 2.353E-03 2.127E-03 1.917E-03 1.737E-03 1.588E-03 1.448E-03 1.319E-03 1.208E-03 1.113E-03
 1.031E-03 9.532E-04 8.805E-04 8.201E-04 7.687E-04 7.209E-04 6.803E-04 6.428E-04 6.094E-04 5.824E-04 5.581E-04 5.335E-04 5.135E-04 5.000E-04 4.860E-04 4.709E-04 4.619E-04 4.569E-04 4.478E-04 4.405E-04
 4.387E-04 4.425E-04 4.477E-04 4.564E-04 4.698E-04 4.842E-04 5.020E-04 5.267E-04 5.591E-04 5.963E-04 6.380E-04 6.887E-04 7.507E-04 8.175E-04 8.880E-04 9.475E-04 1.006E-03 1.065E-03 1.115E-03 1.157E-03
 1.205E-03 1.249E-03 1.305E-03 1.362E-03 1.392E-03 1.374E-03 1.298E-03 1.196E-03 1.140E-03 1.217E-03 1.484E-03 1.738E-03
# wavel.    ext.coef  sca.coef  abs.coef  sisc.alb  op.depth
#  [um]      [1/km]    [1/km]    [1/km]                     
 7.500E-01 5.813E-02 5.791E-02 2.131E-04 9.963E-01 9.266E-02
   phase function [1/km]
 5.779E-01 5.683E-01 5.448E-01 5.173E-01 4.914E-01 4.686E-01 4.487E-01 4.313E-01 4.163E-01 4.029E-01 3.911E-01 3.803E-01 3.707E-01 3.616E-01 3.533E-01 3.453E-01 3.378E-01 3.305E-01 3.238E-01 3.171E-01
 3.109E-01 2.559E-01 2.122E-01 1.771E-01 1.492E-01 1.088E-01 8.240E-02 6.440E-02 5.160E-02 4.219E-02 3.503E-02 2.948E-02 2.513E-02 2.153E-02 1.853E-02 1.603E-02 1.392E-02 1.216E-02 1.065E-02 9.346E-03
 8.215E-03 7.229E-03 6.395E-03 5.671E-03 5.037E-03 4.469E-03 3.982E-03 3.570E-03 3.203E-03 2.860E-03 2.562E-03 2.311E-03 2.103E-03 1.904E-03 1.716E-03 1.562E-03 1.433E-03 1.304E-03 1.192E-03 1.102E-03
 1.023E-03 9.431E-04 8.678E-04 8.068E-04 7.603E-04 7.146E-04 6.679E-04 6.334E-04 6.035E-04 5.692E-04 5.415E-04 5.248E-04 5.097E-04 4.919E-04 4.763E-04 4.666E-04 4.600E-04 4.500E-04 4.425E-04 4.414E-04
 4.403E-04 4.404E-04 4.452E-04 4.525E-04 4.623E-04 4.760E-04 4.950E-04 5.229E-04 5.567E-04 5.906E-04 6.293E-04 6.798E-04 7.404E-04 8.065E-04 8.695E-04 9.239E-04 9.733E-04 1.022E-03 1.076E-03 1.127E-03
 1.172E-03 1.223E-03 1.267E-03 1.299E-03 1.332E-03 1.339E-03 1.269E-03 1.154E-03 1.075E-03 1.146E-03 1.382E-03 1.571E-03
# wavel.    ext.coef  sca.coef  abs.coef  sisc.alb  op.depth
#  [um]      [1/km]    [1/km]    [1/km]                     
 8.000E-01 5.740E-02 5.717E-02 2.291E-04 9.960E-01 9.040E-02
   phase function [1/km]
 5.172E-01 5.097E-01 4.907E-01 4.682E-01 4.465E-01 4.267E-01 4.097E-01 3.944E-01 3.811E-01 3.694E-01 3.589E-01 3.494E-01 3.409E-01 3.328E-01 3.253E-01 3.184E-01 3.118E-01 3.056E-01 2.997E-01 2.938E-01
 2.884E-01 2.407E-01 2.024E-01 1.710E-01 1.453E-01 1.075E-01 8.223E-02 6.473E-02 5.217E-02 4.275E-02 3.551E-02 2.984E-02 2.534E-02 2.169E-02 1.867E-02 1.614E-02 1.398E-02 1.213E-02 1.059E-02 9.287E-03
 8.161E-03 7.167E-03 6.297E-03 5.566E-03 4.949E-03 4.395E-03 3.895E-03 3.467E-03 3.106E-03 2.790E-03 2.502E-03 2.248E-03 2.026E-03 1.837E-03 1.667E-03 1.511E-03 1.380E-03 1.265E-03 1.158E-03 1.062E-03
 9.803E-04 9.080E-04 8.451E-04 7.855E-04 7.341E-04 6.897E-04 6.483E-04 6.131E-04 5.813E-04 5.523E-04 5.293E-04 5.088E-04 4.904E-04 4.738E-04 4.591E-04 4.492E-04 4.420E-04 4.344E-04 4.306E-04 4.307E-04
 4.312E-04 4.325E-04 4.374E-04 4.464E-04 4.554E-04 4.676E-04 4.879E-04 5.121E-04 5.379E-04 5.717E-04 6.152E-04 6.633E-04 7.109E-04 7.687E-04 8.337E-04 8.914E-04 9.390E-04 9.799E-04 1.023E-03 1.068E-03
 1.104E-03 1.140E-03 1.186E-03 1.222E-03 1.249E-03 1.243E-03 1.163E-03 1.041E-03 9.946E-04 1.090E-03 1.323E-03 1.494E-03
# wavel.    ext.coef  sca.coef  abs.coef  sisc.alb  op.depth
#  [um]      [1/km]    [1/km]    [1/km]                     
 9.000E-01 5.609E-02 5.582E-02 2.624E-04 9.953E-01 8.678E-02
   phase function [1/km]
 4.219E-01 4.170E-01 4.048E-01 3.892E-01 3.733E-01 3.586E-01 3.455E-01 3.338E-01 3.232E-01 3.138E-01 3.056E-01 2.979E-01 2.910E-01 2.845E-01 2.786E-01 2.732E-01 2.680E-01 2.631E-01 2.583E-01 2.539E-01
 2.495E-01 2.122E-01 1.821E-01 1.570E-01 1.361E-01 1.040E-01 8.116E-02 6.467E-02 5.248E-02 4.326E-02 3.611E-02 3.040E-02 2.576E-02 2.195E-02 1.882E-02 1.621E-02 1.402E-02 1.215E-02 1.055E-02 9.186E-03
 8.038E-03 7.062E-03 6.203E-03 5.459E-03 4.820E-03 4.276E-03 3.795E-03 3.371E-03 3.008E-03 2.694E-03 2.422E-03 2.177E-03 1.956E-03 1.765E-03 1.605E-03 1.463E-03 1.329E-03 1.213E-03 1.117E-03 1.027E-03
 9.410E-04 8.726E-04 8.167E-04 7.612E-04 7.077E-04 6.637E-04 6.284E-04 5.921E-04 5.605E-04 5.378E-04 5.173E-04 4.936E-04 4.719E-04 4.587E-04 4.478E-04 4.349E-04 4.261E-04 4.206E-04 4.159E-04 4.140E-04
 4.155E-04 4.172E-04 4.207E-04 4.278E-04 4.386E-04 4.538E-04 4.718E-04 4.910E-04 5.133E-04 5.456E-04 5.836E-04 6.223E-04 6.666E-04 7.157E-04 7.619E-04 8.137E-04 8.656E-04 9.105E-04 9.423E-04 9.724E-04
 1.009E-03 1.047E-03 1.089E-03 1.132E-03 1.140E-03 1.099E-03 1.016E-03 9.225E-04 8.944E-04 9.646E-04 1.147E-03 1.296E-03
# wavel.    ext.coef  sca.coef  abs.coef  sisc.alb  op.depth
#  [um]      [1/km]    [1/km]    [1/km]                     
 1.000E+00 5.464E-02 5.435E-02 2.893E-04 9.947E-01 8.330E-02
   phase function [1/km]
 3.539E-01 3.509E-01 3.423E-01 3.313E-01 3.195E-01 3.084E-01 2.981E-01 2.887E-01 2.804E-01 2.728E-01 2.659E-01 2.597E-01 2.541E-01 2.489E-01 2.441E-01 2.395E-01 2.353E-01 2.313E-01 2.274E-01 2.239E-01
 2.203E-01 1.907E-01 1.665E-01 1.458E-01 1.280E-01 9.992E-02 7.942E-02 6.411E-02 5.249E-02 4.344E-02 3.624E-02 3.047E-02 2.582E-02 2.200E-02 1.883E-02 1.616E-02 1.390E-02 1.200E-02 1.042E-02 9.075E-03
 7.912E-03 6.909E-03 6.054E-03 5.324E-03 4.702E-03 4.159E-03 3.679E-03 3.270E-03 2.920E-03 2.611E-03 2.332E-03 2.095E-03 1.892E-03 1.710E-03 1.548E-03 1.404E-03 1.278E-03 1.172E-03 1.074E-03 9.846E-04
 9.093E-04 8.426E-04 7.807E-04 7.276E-04 6.807E-04 6.386E-04 6.021E-04 5.687E-04 5.393E-04 5.130E-04 4.887E-04 4.709E-04 4.563E-04 4.408E-04 4.282E-04 4.190E-04 4.104E-04 4.051E-04 4.026E-04 4.008E-04
 4.009E-04 4.020E-04 4.055E-04 4.119E-04 4.210E-04 4.317E-04 4.466E-04 4.658E-04 4.895E-04 5.162E-04 5.470E-04 5.826E-04 6.247E-04 6.689E-04 7.101E-04 7.525E-04 7.923E-04 8.243E-04 8.598E-04 9.016E-04
 9.372E-04 9.697E-04 9.970E-04 1.015E-03 1.030E-03 1.013E-03 9.441E-04 8.534E-04 8.064E-04 8.646E-04 1.020E-03 1.136E-03
# wavel.    ext.coef  sca.coef  abs.coef  sisc.alb  op.depth
#  [um]      [1/km]    [1/km]    [1/km]                     
 1.250E+00 5.039E-02 5.010E-02 2.922E-04 9.942E-01 7.488E-02
   phase function [1/km]
 2.442E-01 2.429E-01 2.392E-01 2.339E-01 2.279E-01 2.218E-01 2.159E-01 2.104E-01 2.053E-01 2.006E-01 1.963E-01 1.923E-01 1.886E-01 1.852E-01 1.820E-01 1.791E-01 1.763E-01 1.737E-01 1.712E-01 1.689E-01
 1.666E-01 1.480E-01 1.329E-01 1.197E-01 1.080E-01 8.814E-02 7.248E-02 6.001E-02 4.998E-02 4.185E-02 3.520E-02 2.974E-02 2.523E-02 2.148E-02 1.834E-02 1.570E-02 1.347E-02 1.160E-02 1.002E-02 8.684E-03
 7.539E-03 6.561E-03 5.731E-03 5.020E-03 4.412E-03 3.887E-03 3.432E-03 3.042E-03 2.707E-03 2.410E-03 2.151E-03 1.927E-03 1.737E-03 1.568E-03 1.415E-03 1.282E-03 1.168E-03 1.067E-03 9.758E-04 8.966E-04
 8.282E-04 7.656E-04 7.080E-04 6.590E-04 6.173E-04 5.795E-04 5.445E-04 5.148E-04 4.887E-04 4.641E-04 4.425E-04 4.264E-04 4.125E-04 3.984E-04 3.869E-04 3.784E-04 3.712E-04 3.649E-04 3.612E-04 3.596E-04
 3.590E-04 3.596E-04 3.627E-04 3.675E-04 3.742E-04 3.829E-04 3.946E-04 4.099E-04 4.284E-04 4.474E-04 4.696E-04 4.964E-04 5.268E-04 5.582E-04 5.891E-04 6.180E-04 6.451E-04 6.725E-04 7.017E-04 7.322E-04
 7.600E-04 7.835E-04 8.018E-04 8.114E-04 8.094E-04 7.873E-04 7.392E-04 6.767E-04 6.438E-04 6.860E-04 7.830E-04 8.473E-04
# wavel.    ext.coef  sca.coef  abs.coef  sisc.alb  op.depth
#  [um]      [1/km]    [1/km]    [1/km]                     
 1.500E+00 4.576E-02 4.540E-02 3.585E-04 9.921E-01 6.701E-02
   phase function [1/km]
 1.807E-01 1.800E-01 1.781E-01 1.754E-01 1.720E-01 1.684E-01 1.648E-01 1.614E-01 1.581E-01 1.550E-01 1.520E-01 1.493E-01 1.467E-01 1.444E-01 1.421E-01 1.400E-01 1.380E-01 1.362E-01 1.344E-01 1.327E-01
 1.311E-01 1.180E-01 1.078E-01 9.878E-02 9.063E-02 7.631E-02 6.424E-02 5.415E-02 4.572E-02 3.871E-02 3.285E-02 2.792E-02 2.374E-02 2.025E-02 1.730E-02 1.481E-02 1.272E-02 1.094E-02 9.429E-03 8.150E-03
 7.062E-03 6.141E-03 5.354E-03 4.679E-03 4.098E-03 3.605E-03 3.179E-03 2.810E-03 2.490E-03 2.217E-03 1.979E-03 1.771E-03 1.588E-03 1.429E-03 1.291E-03 1.171E-03 1.063E-03 9.688E-04 8.865E-04 8.138E-04
 7.482E-04 6.909E-04 6.420E-04 5.977E-04 5.570E-04 5.216E-04 4.911E-04 4.636E-04 4.392E-04 4.189E-04 4.006E-04 3.833E-04 3.683E-04 3.565E-04 3.466E-04 3.376E-04 3.302E-04 3.250E-04 3.211E-04 3.187E-04
 3.176E-04 3.181E-04 3.200E-04 3.236E-04 3.291E-04 3.367E-04 3.453E-04 3.556E-04 3.679E-04 3.833E-04 4.008E-04 4.197E-04 4.405E-04 4.626E-04 4.844E-04 5.065E-04 5.299E-04 5.524E-04 5.718E-04 5.894E-04
 6.068E-04 6.247E-04 6.398E-04 6.482E-04 6.419E-04 6.164E-04 5.761E-04 5.370E-04 5.280E-04 5.641E-04 6.329E-04 6.772E-04
# wavel.    ext.coef  sca.coef  abs.coef  sisc.alb  op.depth
#  [um]      [1/km]    [1/km]    [1/km]                     
 1.750E+00 4.061E-02 4.035E-02 2.438E-04 9.940E-01 5.876E-02
   phase function [1/km]
 1.395E-01 1.392E-01 1.381E-01 1.365E-01 1.346E-01 1.323E-01 1.301E-01 1.278E-01 1.255E-01 1.234E-01 1.214E-01 1.195E-01 1.176E-01 1.159E-01 1.143E-01 1.128E-01 1.113E-01 1.099E-01 1.086E-01 1.074E-01
 1.062E-01 9.649E-02 8.896E-02 8.238E-02 7.634E-02 6.547E-02 5.604E-02 4.788E-02 4.088E-02 3.487E-02 2.972E-02 2.536E-02 2.164E-02 1.850E-02 1.583E-02 1.356E-02 1.163E-02 9.995E-03 8.616E-03 7.442E-03
 6.443E-03 5.591E-03 4.865E-03 4.246E-03 3.717E-03 3.262E-03 2.869E-03 2.532E-03 2.244E-03 1.993E-03 1.774E-03 1.584E-03 1.421E-03 1.278E-03 1.151E-03 1.041E-03 9.447E-04 8.608E-04 7.859E-04 7.198E-04
 6.621E-04 6.110E-04 5.652E-04 5.252E-04 4.899E-04 4.588E-04 4.308E-04 4.063E-04 3.845E-04 3.652E-04 3.480E-04 3.338E-04 3.214E-04 3.104E-04 3.009E-04 2.934E-04 2.870E-04 2.819E-04 2.784E-04 2.761E-04
 2.748E-04 2.746E-04 2.756E-04 2.780E-04 2.816E-04 2.865E-04 2.929E-04 3.010E-04 3.109E-04 3.215E-04 3.338E-04 3.479E-04 3.637E-04 3.793E-04 3.950E-04 4.098E-04 4.245E-04 4.389E-04 4.535E-04 4.684E-04
 4.824E-04 4.940E-04 5.026E-04 5.063E-04 5.051E-04 4.935E-04 4.716E-04 4.468E-04 4.381E-04 4.608E-04 5.014E-04 5.280E-04
# wavel.    ext.coef  sca.coef  abs.coef  sisc.alb  op.depth
#  [um]      [1/km]    [1/km]    [1/km]                     
 2.000E+00 3.590E-02 3.549E-02 4.102E-04 9.886E-01 5.148E-02
   phase function [1/km]
 1.104E-01 1.102E-01 1.095E-01 1.086E-01 1.073E-01 1.059E-01 1.044E-01 1.028E-01 1.012E-01 9.970E-02 9.825E-02 9.682E-02 9.547E-02 9.418E-02 9.295E-02 9.177E-02 9.066E-02 8.960E-02 8.859E-02 8.762E-02
 8.669E-02 7.910E-02 7.331E-02 6.835E-02 6.381E-02 5.551E-02 4.809E-02 4.151E-02 3.572E-02 3.068E-02 2.632E-02 2.256E-02 1.933E-02 1.656E-02 1.420E-02 1.218E-02 1.047E-02 9.016E-03 7.775E-03 6.718E-03
 5.819E-03 5.053E-03 4.399E-03 3.839E-03 3.357E-03 2.946E-03 2.593E-03 2.287E-03 2.023E-03 1.796E-03 1.599E-03 1.427E-03 1.277E-03 1.147E-03 1.033E-03 9.342E-04 8.467E-04 7.697E-04 7.022E-04 6.427E-04
 5.900E-04 5.435E-04 5.030E-04 4.670E-04 4.345E-04 4.060E-04 3.811E-04 3.589E-04 3.393E-04 3.223E-04 3.071E-04 2.935E-04 2.816E-04 2.720E-04 2.635E-04 2.560E-04 2.499E-04 2.450E-04 2.414E-04 2.388E-04
 2.370E-04 2.365E-04 2.368E-04 2.384E-04 2.410E-04 2.447E-04 2.490E-04 2.547E-04 2.612E-04 2.694E-04 2.785E-04 2.883E-04 2.988E-04 3.096E-04 3.205E-04 3.315E-04 3.428E-04 3.539E-04 3.641E-04 3.735E-04
 3.830E-04 3.919E-04 3.992E-04 4.034E-04 4.019E-04 3.926E-04 3.779E-04 3.632E-04 3.614E-04 3.788E-04 4.068E-04 4.246E-04
# wavel.    ext.coef  sca.coef  abs.coef  sisc.alb  op.depth
#  [um]      [1/km]    [1/km]    [1/km]                     
 2.500E+00 2.537E-02 2.476E-02 6.145E-04 9.758E-01 3.620E-02
   phase function [1/km]
 7.170E-02 7.161E-02 7.136E-02 7.093E-02 7.038E-02 6.970E-02 6.895E-02 6.816E-02 6.733E-02 6.650E-02 6.568E-02 6.489E-02 6.410E-02 6.333E-02 6.258E-02 6.188E-02 6.119E-02 6.051E-02 5.988E-02 5.926E-02
 5.866E-02 5.370E-02 4.991E-02 4.672E-02 4.382E-02 3.855E-02 3.372E-02 2.932E-02 2.538E-02 2.187E-02 1.879E-02 1.611E-02 1.380E-02 1.181E-02 1.012E-02 8.666E-03 7.435E-03 6.388E-03 5.497E-03 4.741E-03
 4.097E-03 3.550E-03 3.083E-03 2.684E-03 2.343E-03 2.052E-03 1.801E-03 1.586E-03 1.399E-03 1.239E-03 1.100E-03 9.795E-04 8.746E-04 7.835E-04 7.040E-04 6.344E-04 5.734E-04 5.199E-04 4.731E-04 4.318E-04
 3.954E-04 3.633E-04 3.350E-04 3.102E-04 2.880E-04 2.686E-04 2.512E-04 2.360E-04 2.226E-04 2.109E-04 2.004E-04 1.912E-04 1.833E-04 1.765E-04 1.706E-04 1.655E-04 1.612E-04 1.577E-04 1.550E-04 1.529E-04
 1.513E-04 1.505E-04 1.502E-04 1.505E-04 1.514E-04 1.527E-04 1.545E-04 1.568E-04 1.594E-04 1.626E-04 1.660E-04 1.692E-04 1.726E-04 1.761E-04 1.795E-04 1.831E-04 1.868E-04 1.908E-04 1.947E-04 1.987E-04
 2.030E-04 2.074E-04 2.115E-04 2.152E-04 2.175E-04 2.180E-04 2.164E-04 2.130E-04 2.116E-04 2.168E-04 2.273E-04 2.348E-04
 ----------------------------------------------------------------------------
 Visibility:  41.75 [km]
