#            Optical Properties of Aerosols and Clouds (OPAC) 4.0b      
#           --------------------------------------------------------
# maritime polluted             
#  4 components
#  1 relative humidities
# 17 wavelengths
#----------------------------------------------------------------------------
# RH  COMP NUMBER    VOLUME    MASS      DENSITY  NUM.MIX  VOL.MIX   MAS.MIX
# [%]     [1/cm^3]  [um^3/m^3] [ug/m^3]  [g/cm^3] RATIO    RATIO     RATIO
#----------------------------------------------------------------------------
# 80. waso 3.800E+03 8.516E+06 1.081E+01 1.27    4.222E-01 1.294E-01 1.411E-01
#     soot 5.180E+03 3.097E+05 3.097E-01 1.00    5.756E-01 4.707E-03 4.041E-03
#     ssam 2.000E+01 5.616E+07 6.458E+01 1.15    2.222E-03 8.535E-01 8.426E-01
#     sscm 3.200E-03 8.167E+05 9.392E-01 1.15    3.556E-07 1.241E-02 1.225E-02
#----------------------------------------------------------------------------
# only particles up to   7.5 micrometer radius are considered for mass
# 112 scattering angles for phase functions below:
#     0.000     0.100     0.200     0.300     0.400     0.500     0.600     0.700
#     0.800     0.900     1.000     1.100     1.200     1.300     1.400     1.500
#     1.600     1.700     1.800     1.900     2.000     3.000     4.000     5.000
#     6.000     8.000    10.000    12.000    14.000    16.000    18.000    20.000
#    22.000    24.000    26.000    28.000    30.000    32.000    34.000    36.000
#    38.000    40.000    42.000    44.000    46.000    48.000    50.000    52.000
#    54.000    56.000    58.000    60.000    62.000    64.000    66.000    68.000
#    70.000    72.000    74.000    76.000    78.000    80.000    82.000    84.000
#    86.000    88.000    90.000    92.000    94.000    96.000    98.000   100.000
#   102.000   104.000   106.000   108.000   110.000   112.000   114.000   116.000
#   118.000   120.000   122.000   124.000   126.000   128.000   130.000   132.000
#   134.000   136.000   138.000   140.000   142.000   144.000   146.000   148.000
#   150.000   152.000   154.000   156.000   158.000   160.000   162.000   164.000
#   166.000   168.000   170.000   172.000   174.000   176.000   178.000   180.000
#============================================================================
# 80.% relative humidity 
# wavel.    ext.coef  sca.coef  abs.coef  sisc.alb  op.depth
#  [um]      [1/km]    [1/km]    [1/km]                     
 3.500E-01 1.378E-01 1.333E-01 4.559E-03 9.669E-01 1.323E-01
   phase function [1/km]
 5.371E+00 4.859E+00 4.194E+00 3.732E+00 3.406E+00 3.156E+00 2.951E+00 2.774E+00 2.614E+00 2.469E+00 2.333E+00 2.208E+00 2.090E+00 1.979E+00 1.875E+00 1.777E+00 1.686E+00 1.599E+00 1.518E+00 1.442E+00
 1.371E+00 8.539E-01 5.692E-01 4.044E-01 3.035E-01 1.963E-01 1.453E-01 1.156E-01 9.589E-02 8.178E-02 7.039E-02 6.113E-02 5.379E-02 4.732E-02 4.161E-02 3.673E-02 3.225E-02 2.855E-02 2.538E-02 2.243E-02
 1.985E-02 1.757E-02 1.561E-02 1.385E-02 1.238E-02 1.100E-02 9.777E-03 8.731E-03 7.869E-03 7.020E-03 6.291E-03 5.612E-03 5.120E-03 4.632E-03 4.158E-03 3.747E-03 3.431E-03 3.146E-03 2.848E-03 2.599E-03
 2.411E-03 2.226E-03 2.022E-03 1.884E-03 1.769E-03 1.658E-03 1.525E-03 1.446E-03 1.379E-03 1.296E-03 1.211E-03 1.179E-03 1.150E-03 1.104E-03 1.068E-03 1.057E-03 1.037E-03 1.005E-03 9.951E-04 9.881E-04
 9.716E-04 9.502E-04 9.583E-04 9.541E-04 9.705E-04 9.940E-04 1.032E-03 1.096E-03 1.191E-03 1.261E-03 1.380E-03 1.559E-03 1.765E-03 1.972E-03 2.186E-03 2.302E-03 2.348E-03 2.376E-03 2.416E-03 2.451E-03
 2.488E-03 2.529E-03 2.617E-03 2.685E-03 2.865E-03 3.073E-03 3.288E-03 3.374E-03 3.395E-03 3.578E-03 3.692E-03 4.274E-03
# wavel.    ext.coef  sca.coef  abs.coef  sisc.alb  op.depth
#  [um]      [1/km]    [1/km]    [1/km]                     
 4.000E-01 1.304E-01 1.265E-01 3.969E-03 9.696E-01 1.230E-01
   phase function [1/km]
 4.192E+00 3.872E+00 3.400E+00 3.049E+00 2.795E+00 2.600E+00 2.442E+00 2.306E+00 2.187E+00 2.078E+00 1.977E+00 1.882E+00 1.793E+00 1.709E+00 1.630E+00 1.554E+00 1.483E+00 1.415E+00 1.351E+00 1.290E+00
 1.233E+00 7.990E-01 5.456E-01 3.934E-01 2.984E-01 1.941E-01 1.409E-01 1.109E-01 9.124E-02 7.750E-02 6.705E-02 5.848E-02 5.099E-02 4.482E-02 3.940E-02 3.476E-02 3.076E-02 2.709E-02 2.394E-02 2.114E-02
 1.865E-02 1.667E-02 1.476E-02 1.313E-02 1.161E-02 1.043E-02 9.312E-03 8.296E-03 7.405E-03 6.668E-03 6.012E-03 5.397E-03 4.867E-03 4.366E-03 3.975E-03 3.637E-03 3.269E-03 2.974E-03 2.727E-03 2.516E-03
 2.277E-03 2.083E-03 1.968E-03 1.814E-03 1.661E-03 1.562E-03 1.476E-03 1.389E-03 1.294E-03 1.247E-03 1.214E-03 1.140E-03 1.085E-03 1.059E-03 1.040E-03 9.983E-04 9.666E-04 9.622E-04 9.516E-04 9.382E-04
 9.501E-04 9.406E-04 9.408E-04 9.527E-04 9.690E-04 1.005E-03 1.037E-03 1.089E-03 1.148E-03 1.268E-03 1.401E-03 1.546E-03 1.722E-03 1.922E-03 2.049E-03 2.175E-03 2.286E-03 2.323E-03 2.293E-03 2.275E-03
 2.292E-03 2.400E-03 2.453E-03 2.640E-03 2.811E-03 2.902E-03 2.997E-03 2.990E-03 3.242E-03 3.370E-03 3.708E-03 4.571E-03
# wavel.    ext.coef  sca.coef  abs.coef  sisc.alb  op.depth
#  [um]      [1/km]    [1/km]    [1/km]                     
 4.500E-01 1.242E-01 1.207E-01 3.491E-03 9.719E-01 1.152E-01
   phase function [1/km]
 3.348E+00 3.137E+00 2.794E+00 2.524E+00 2.322E+00 2.167E+00 2.041E+00 1.934E+00 1.841E+00 1.756E+00 1.678E+00 1.606E+00 1.537E+00 1.472E+00 1.411E+00 1.352E+00 1.296E+00 1.243E+00 1.192E+00 1.144E+00
 1.098E+00 7.416E-01 5.214E-01 3.837E-01 2.945E-01 1.928E-01 1.392E-01 1.084E-01 8.865E-02 7.450E-02 6.397E-02 5.580E-02 4.874E-02 4.263E-02 3.747E-02 3.296E-02 2.923E-02 2.588E-02 2.277E-02 2.017E-02
 1.784E-02 1.585E-02 1.413E-02 1.257E-02 1.112E-02 9.915E-03 8.907E-03 7.963E-03 7.096E-03 6.357E-03 5.709E-03 5.177E-03 4.629E-03 4.182E-03 3.791E-03 3.440E-03 3.128E-03 2.847E-03 2.593E-03 2.391E-03
 2.194E-03 2.019E-03 1.871E-03 1.742E-03 1.611E-03 1.510E-03 1.414E-03 1.331E-03 1.259E-03 1.202E-03 1.144E-03 1.096E-03 1.058E-03 1.030E-03 1.000E-03 9.765E-04 9.492E-04 9.316E-04 9.252E-04 8.999E-04
 8.888E-04 9.065E-04 9.062E-04 9.253E-04 9.575E-04 9.797E-04 1.018E-03 1.062E-03 1.136E-03 1.235E-03 1.349E-03 1.493E-03 1.657E-03 1.800E-03 1.976E-03 2.050E-03 2.091E-03 2.152E-03 2.182E-03 2.170E-03
 2.210E-03 2.258E-03 2.362E-03 2.513E-03 2.651E-03 2.800E-03 2.844E-03 2.805E-03 2.822E-03 3.010E-03 3.588E-03 4.420E-03
# wavel.    ext.coef  sca.coef  abs.coef  sisc.alb  op.depth
#  [um]      [1/km]    [1/km]    [1/km]                     
 5.000E-01 1.192E-01 1.161E-01 3.097E-03 9.740E-01 1.088E-01
   phase function [1/km]
 2.741E+00 2.598E+00 2.344E+00 2.132E+00 1.970E+00 1.843E+00 1.741E+00 1.654E+00 1.579E+00 1.511E+00 1.449E+00 1.392E+00 1.338E+00 1.286E+00 1.238E+00 1.191E+00 1.147E+00 1.104E+00 1.064E+00 1.025E+00
 9.878E-01 6.925E-01 5.011E-01 3.755E-01 2.907E-01 1.903E-01 1.374E-01 1.064E-01 8.649E-02 7.247E-02 6.206E-02 5.379E-02 4.668E-02 4.093E-02 3.605E-02 3.171E-02 2.803E-02 2.474E-02 2.184E-02 1.928E-02
 1.713E-02 1.526E-02 1.350E-02 1.198E-02 1.068E-02 9.577E-03 8.506E-03 7.633E-03 6.781E-03 6.117E-03 5.545E-03 4.960E-03 4.437E-03 4.024E-03 3.683E-03 3.315E-03 3.008E-03 2.745E-03 2.532E-03 2.300E-03
 2.098E-03 1.950E-03 1.817E-03 1.679E-03 1.554E-03 1.456E-03 1.382E-03 1.292E-03 1.214E-03 1.163E-03 1.121E-03 1.070E-03 1.016E-03 9.796E-04 9.619E-04 9.408E-04 9.132E-04 8.936E-04 8.971E-04 8.957E-04
 8.944E-04 8.975E-04 9.042E-04 9.115E-04 9.267E-04 9.642E-04 1.011E-03 1.064E-03 1.118E-03 1.214E-03 1.339E-03 1.459E-03 1.608E-03 1.757E-03 1.870E-03 1.995E-03 2.105E-03 2.120E-03 2.076E-03 2.104E-03
 2.142E-03 2.161E-03 2.279E-03 2.441E-03 2.564E-03 2.748E-03 2.787E-03 2.662E-03 2.670E-03 2.895E-03 3.337E-03 4.058E-03
# wavel.    ext.coef  sca.coef  abs.coef  sisc.alb  op.depth
#  [um]      [1/km]    [1/km]    [1/km]                     
 5.500E-01 1.148E-01 1.120E-01 2.842E-03 9.753E-01 1.032E-01
   phase function [1/km]
 2.296E+00 2.195E+00 2.003E+00 1.834E+00 1.701E+00 1.596E+00 1.510E+00 1.438E+00 1.376E+00 1.320E+00 1.270E+00 1.223E+00 1.179E+00 1.137E+00 1.098E+00 1.061E+00 1.025E+00 9.901E-01 9.569E-01 9.248E-01
 8.941E-01 6.448E-01 4.766E-01 3.630E-01 2.846E-01 1.895E-01 1.369E-01 1.056E-01 8.535E-02 7.127E-02 6.077E-02 5.243E-02 4.545E-02 3.967E-02 3.479E-02 3.059E-02 2.700E-02 2.381E-02 2.102E-02 1.852E-02
 1.640E-02 1.463E-02 1.296E-02 1.150E-02 1.022E-02 9.147E-03 8.172E-03 7.286E-03 6.516E-03 5.861E-03 5.289E-03 4.763E-03 4.278E-03 3.854E-03 3.512E-03 3.209E-03 2.900E-03 2.631E-03 2.433E-03 2.231E-03
 2.029E-03 1.872E-03 1.757E-03 1.630E-03 1.501E-03 1.406E-03 1.337E-03 1.250E-03 1.175E-03 1.131E-03 1.095E-03 1.035E-03 9.819E-04 9.601E-04 9.442E-04 9.047E-04 8.840E-04 8.749E-04 8.658E-04 8.618E-04
 8.676E-04 8.675E-04 8.730E-04 8.896E-04 9.099E-04 9.473E-04 9.852E-04 1.035E-03 1.087E-03 1.188E-03 1.306E-03 1.409E-03 1.546E-03 1.679E-03 1.763E-03 1.873E-03 1.958E-03 2.013E-03 1.997E-03 1.997E-03
 2.042E-03 2.104E-03 2.201E-03 2.375E-03 2.527E-03 2.608E-03 2.617E-03 2.536E-03 2.563E-03 2.687E-03 3.110E-03 3.743E-03
# wavel.    ext.coef  sca.coef  abs.coef  sisc.alb  op.depth
#  [um]      [1/km]    [1/km]    [1/km]                     
 6.000E-01 1.115E-01 1.089E-01 2.558E-03 9.770E-01 9.869E-02
   phase function [1/km]
 1.961E+00 1.888E+00 1.741E+00 1.604E+00 1.493E+00 1.404E+00 1.331E+00 1.270E+00 1.217E+00 1.170E+00 1.128E+00 1.089E+00 1.052E+00 1.018E+00 9.854E-01 9.544E-01 9.246E-01 8.958E-01 8.684E-01 8.418E-01
 8.161E-01 6.045E-01 4.562E-01 3.526E-01 2.793E-01 1.885E-01 1.374E-01 1.061E-01 8.541E-02 7.075E-02 5.971E-02 5.115E-02 4.443E-02 3.864E-02 3.378E-02 2.964E-02 2.603E-02 2.298E-02 2.030E-02 1.797E-02
 1.588E-02 1.403E-02 1.252E-02 1.114E-02 9.910E-03 8.813E-03 7.889E-03 7.068E-03 6.355E-03 5.684E-03 5.080E-03 4.596E-03 4.188E-03 3.764E-03 3.385E-03 3.098E-03 2.834E-03 2.565E-03 2.337E-03 2.161E-03
 2.003E-03 1.834E-03 1.684E-03 1.564E-03 1.475E-03 1.374E-03 1.277E-03 1.212E-03 1.161E-03 1.088E-03 1.033E-03 1.004E-03 9.797E-04 9.418E-04 9.116E-04 8.963E-04 8.868E-04 8.760E-04 8.548E-04 8.509E-04
 8.516E-04 8.480E-04 8.615E-04 8.796E-04 8.880E-04 9.175E-04 9.671E-04 1.019E-03 1.098E-03 1.174E-03 1.252E-03 1.376E-03 1.510E-03 1.618E-03 1.725E-03 1.823E-03 1.844E-03 1.886E-03 1.948E-03 1.965E-03
 2.007E-03 2.081E-03 2.151E-03 2.277E-03 2.415E-03 2.561E-03 2.606E-03 2.486E-03 2.324E-03 2.420E-03 2.984E-03 3.609E-03
# wavel.    ext.coef  sca.coef  abs.coef  sisc.alb  op.depth
#  [um]      [1/km]    [1/km]    [1/km]                     
 6.500E-01 1.083E-01 1.059E-01 2.412E-03 9.777E-01 9.463E-02
   phase function [1/km]
 1.686E+00 1.633E+00 1.518E+00 1.407E+00 1.314E+00 1.238E+00 1.175E+00 1.123E+00 1.078E+00 1.038E+00 1.002E+00 9.686E-01 9.380E-01 9.091E-01 8.820E-01 8.559E-01 8.312E-01 8.072E-01 7.843E-01 7.621E-01
 7.408E-01 5.612E-01 4.323E-01 3.402E-01 2.736E-01 1.876E-01 1.373E-01 1.059E-01 8.499E-02 7.020E-02 5.929E-02 5.084E-02 4.380E-02 3.793E-02 3.306E-02 2.893E-02 2.552E-02 2.247E-02 1.974E-02 1.742E-02
 1.539E-02 1.367E-02 1.213E-02 1.078E-02 9.547E-03 8.497E-03 7.617E-03 6.816E-03 6.067E-03 5.441E-03 4.916E-03 4.429E-03 3.978E-03 3.600E-03 3.271E-03 2.972E-03 2.703E-03 2.461E-03 2.255E-03 2.076E-03
 1.903E-03 1.755E-03 1.630E-03 1.520E-03 1.410E-03 1.319E-03 1.241E-03 1.173E-03 1.111E-03 1.063E-03 1.019E-03 9.733E-04 9.354E-04 9.139E-04 8.908E-04 8.647E-04 8.430E-04 8.343E-04 8.287E-04 8.189E-04
 8.127E-04 8.262E-04 8.372E-04 8.517E-04 8.842E-04 9.162E-04 9.461E-04 9.912E-04 1.057E-03 1.136E-03 1.228E-03 1.330E-03 1.435E-03 1.540E-03 1.636E-03 1.708E-03 1.759E-03 1.817E-03 1.857E-03 1.867E-03
 1.887E-03 1.962E-03 2.073E-03 2.207E-03 2.305E-03 2.384E-03 2.349E-03 2.206E-03 2.117E-03 2.257E-03 2.741E-03 3.292E-03
# wavel.    ext.coef  sca.coef  abs.coef  sisc.alb  op.depth
#  [um]      [1/km]    [1/km]    [1/km]                     
 7.000E-01 1.057E-01 1.035E-01 2.197E-03 9.792E-01 9.119E-02
   phase function [1/km]
 1.474E+00 1.433E+00 1.342E+00 1.250E+00 1.172E+00 1.107E+00 1.053E+00 1.007E+00 9.680E-01 9.331E-01 9.021E-01 8.737E-01 8.474E-01 8.228E-01 7.998E-01 7.777E-01 7.566E-01 7.364E-01 7.168E-01 6.981E-01
 6.798E-01 5.259E-01 4.123E-01 3.290E-01 2.675E-01 1.860E-01 1.371E-01 1.060E-01 8.499E-02 7.002E-02 5.898E-02 5.040E-02 4.331E-02 3.739E-02 3.252E-02 2.840E-02 2.499E-02 2.197E-02 1.928E-02 1.699E-02
 1.500E-02 1.330E-02 1.180E-02 1.048E-02 9.284E-03 8.261E-03 7.401E-03 6.621E-03 5.895E-03 5.289E-03 4.776E-03 4.304E-03 3.867E-03 3.498E-03 3.180E-03 2.890E-03 2.629E-03 2.395E-03 2.196E-03 2.022E-03
 1.855E-03 1.711E-03 1.590E-03 1.484E-03 1.377E-03 1.289E-03 1.214E-03 1.147E-03 1.088E-03 1.041E-03 9.974E-04 9.533E-04 9.166E-04 8.947E-04 8.725E-04 8.474E-04 8.268E-04 8.182E-04 8.126E-04 8.036E-04
 7.986E-04 8.109E-04 8.220E-04 8.364E-04 8.672E-04 8.991E-04 9.283E-04 9.723E-04 1.035E-03 1.109E-03 1.195E-03 1.290E-03 1.389E-03 1.487E-03 1.578E-03 1.648E-03 1.701E-03 1.761E-03 1.805E-03 1.818E-03
 1.843E-03 1.916E-03 2.024E-03 2.149E-03 2.238E-03 2.298E-03 2.248E-03 2.092E-03 1.997E-03 2.134E-03 2.597E-03 3.082E-03
# wavel.    ext.coef  sca.coef  abs.coef  sisc.alb  op.depth
#  [um]      [1/km]    [1/km]    [1/km]                     
 7.500E-01 1.035E-01 1.014E-01 2.125E-03 9.795E-01 8.833E-02
   phase function [1/km]
 1.308E+00 1.276E+00 1.205E+00 1.128E+00 1.061E+00 1.005E+00 9.578E-01 9.177E-01 8.830E-01 8.525E-01 8.251E-01 8.002E-01 7.772E-01 7.556E-01 7.354E-01 7.162E-01 6.979E-01 6.802E-01 6.632E-01 6.468E-01
 6.310E-01 4.961E-01 3.947E-01 3.186E-01 2.614E-01 1.841E-01 1.368E-01 1.062E-01 8.525E-02 7.014E-02 5.877E-02 4.996E-02 4.290E-02 3.701E-02 3.210E-02 2.795E-02 2.440E-02 2.146E-02 1.886E-02 1.659E-02
 1.459E-02 1.290E-02 1.146E-02 1.017E-02 9.020E-03 8.025E-03 7.164E-03 6.430E-03 5.763E-03 5.147E-03 4.616E-03 4.186E-03 3.790E-03 3.416E-03 3.087E-03 2.822E-03 2.574E-03 2.339E-03 2.140E-03 1.971E-03
 1.825E-03 1.684E-03 1.547E-03 1.441E-03 1.357E-03 1.266E-03 1.188E-03 1.126E-03 1.070E-03 1.016E-03 9.719E-04 9.347E-04 9.046E-04 8.833E-04 8.584E-04 8.324E-04 8.225E-04 8.176E-04 8.016E-04 7.906E-04
 7.886E-04 7.983E-04 8.081E-04 8.235E-04 8.453E-04 8.700E-04 9.072E-04 9.553E-04 1.013E-03 1.079E-03 1.150E-03 1.238E-03 1.342E-03 1.438E-03 1.531E-03 1.599E-03 1.644E-03 1.707E-03 1.745E-03 1.778E-03
 1.840E-03 1.896E-03 1.970E-03 2.088E-03 2.186E-03 2.243E-03 2.228E-03 2.102E-03 1.957E-03 2.038E-03 2.527E-03 3.010E-03
# wavel.    ext.coef  sca.coef  abs.coef  sisc.alb  op.depth
#  [um]      [1/km]    [1/km]    [1/km]                     
 8.000E-01 1.012E-01 9.916E-02 2.058E-03 9.797E-01 8.536E-02
   phase function [1/km]
 1.162E+00 1.137E+00 1.080E+00 1.016E+00 9.589E-01 9.102E-01 8.689E-01 8.335E-01 8.030E-01 7.762E-01 7.520E-01 7.303E-01 7.103E-01 6.918E-01 6.742E-01 6.576E-01 6.420E-01 6.270E-01 6.124E-01 5.984E-01
 5.848E-01 4.685E-01 3.788E-01 3.095E-01 2.560E-01 1.823E-01 1.364E-01 1.062E-01 8.537E-02 7.021E-02 5.870E-02 4.964E-02 4.247E-02 3.663E-02 3.175E-02 2.761E-02 2.400E-02 2.094E-02 1.841E-02 1.620E-02
 1.428E-02 1.256E-02 1.109E-02 9.829E-03 8.755E-03 7.789E-03 6.924E-03 6.171E-03 5.545E-03 4.981E-03 4.459E-03 4.009E-03 3.630E-03 3.287E-03 2.977E-03 2.700E-03 2.456E-03 2.258E-03 2.068E-03 1.890E-03
 1.744E-03 1.618E-03 1.497E-03 1.395E-03 1.303E-03 1.219E-03 1.152E-03 1.086E-03 1.027E-03 9.784E-04 9.308E-04 8.977E-04 8.709E-04 8.391E-04 8.152E-04 8.025E-04 7.881E-04 7.788E-04 7.765E-04 7.747E-04
 7.786E-04 7.827E-04 7.904E-04 8.024E-04 8.240E-04 8.485E-04 8.828E-04 9.259E-04 9.799E-04 1.043E-03 1.117E-03 1.200E-03 1.295E-03 1.392E-03 1.464E-03 1.533E-03 1.592E-03 1.623E-03 1.659E-03 1.715E-03
 1.756E-03 1.806E-03 1.876E-03 1.958E-03 2.088E-03 2.166E-03 2.111E-03 1.959E-03 1.830E-03 1.916E-03 2.283E-03 2.644E-03
# wavel.    ext.coef  sca.coef  abs.coef  sisc.alb  op.depth
#  [um]      [1/km]    [1/km]    [1/km]                     
 9.000E-01 9.761E-02 9.564E-02 1.964E-03 9.799E-01 8.089E-02
   phase function [1/km]
 9.439E-01 9.282E-01 8.898E-01 8.442E-01 8.016E-01 7.642E-01 7.317E-01 7.038E-01 6.793E-01 6.577E-01 6.384E-01 6.209E-01 6.049E-01 5.903E-01 5.763E-01 5.634E-01 5.512E-01 5.394E-01 5.282E-01 5.175E-01
 5.068E-01 4.168E-01 3.456E-01 2.887E-01 2.432E-01 1.779E-01 1.353E-01 1.062E-01 8.562E-02 7.042E-02 5.879E-02 4.965E-02 4.222E-02 3.620E-02 3.121E-02 2.701E-02 2.348E-02 2.045E-02 1.783E-02 1.560E-02
 1.372E-02 1.209E-02 1.064E-02 9.393E-03 8.327E-03 7.409E-03 6.588E-03 5.865E-03 5.227E-03 4.705E-03 4.237E-03 3.800E-03 3.415E-03 3.093E-03 2.817E-03 2.554E-03 2.322E-03 2.126E-03 1.956E-03 1.789E-03
 1.643E-03 1.528E-03 1.423E-03 1.322E-03 1.232E-03 1.159E-03 1.093E-03 1.029E-03 9.759E-04 9.328E-04 8.965E-04 8.608E-04 8.257E-04 7.997E-04 7.820E-04 7.669E-04 7.519E-04 7.391E-04 7.359E-04 7.399E-04
 7.411E-04 7.443E-04 7.562E-04 7.712E-04 7.881E-04 8.185E-04 8.540E-04 8.908E-04 9.324E-04 9.886E-04 1.060E-03 1.137E-03 1.210E-03 1.279E-03 1.347E-03 1.426E-03 1.492E-03 1.520E-03 1.542E-03 1.586E-03
 1.620E-03 1.664E-03 1.746E-03 1.834E-03 1.906E-03 1.940E-03 1.865E-03 1.704E-03 1.608E-03 1.730E-03 2.116E-03 2.441E-03
# wavel.    ext.coef  sca.coef  abs.coef  sisc.alb  op.depth
#  [um]      [1/km]    [1/km]    [1/km]                     
 1.000E+00 9.438E-02 9.250E-02 1.869E-03 9.802E-01 7.705E-02
   phase function [1/km]
 7.858E-01 7.756E-01 7.490E-01 7.158E-01 6.833E-01 6.541E-01 6.284E-01 6.056E-01 5.858E-01 5.682E-01 5.524E-01 5.383E-01 5.254E-01 5.135E-01 5.024E-01 4.919E-01 4.821E-01 4.727E-01 4.638E-01 4.551E-01
 4.469E-01 3.753E-01 3.175E-01 2.699E-01 2.311E-01 1.731E-01 1.338E-01 1.061E-01 8.583E-02 7.060E-02 5.879E-02 4.942E-02 4.195E-02 3.587E-02 3.079E-02 2.653E-02 2.290E-02 1.987E-02 1.733E-02 1.514E-02
 1.325E-02 1.161E-02 1.022E-02 9.016E-03 7.984E-03 7.076E-03 6.278E-03 5.593E-03 5.006E-03 4.479E-03 4.009E-03 3.600E-03 3.259E-03 2.952E-03 2.667E-03 2.416E-03 2.208E-03 2.024E-03 1.850E-03 1.699E-03
 1.572E-03 1.455E-03 1.345E-03 1.252E-03 1.174E-03 1.103E-03 1.035E-03 9.797E-04 9.321E-04 8.848E-04 8.428E-04 8.155E-04 7.922E-04 7.648E-04 7.434E-04 7.320E-04 7.216E-04 7.098E-04 7.054E-04 7.061E-04
 7.080E-04 7.122E-04 7.213E-04 7.333E-04 7.511E-04 7.734E-04 8.025E-04 8.413E-04 8.889E-04 9.356E-04 9.898E-04 1.056E-03 1.132E-03 1.198E-03 1.255E-03 1.304E-03 1.346E-03 1.382E-03 1.423E-03 1.471E-03
 1.520E-03 1.569E-03 1.626E-03 1.685E-03 1.750E-03 1.778E-03 1.722E-03 1.572E-03 1.444E-03 1.509E-03 1.777E-03 1.987E-03
# wavel.    ext.coef  sca.coef  abs.coef  sisc.alb  op.depth
#  [um]      [1/km]    [1/km]    [1/km]                     
 1.250E+00 8.675E-02 8.516E-02 1.605E-03 9.815E-01 6.890E-02
   phase function [1/km]
 5.402E-01 5.359E-01 5.239E-01 5.079E-01 4.904E-01 4.737E-01 4.584E-01 4.445E-01 4.318E-01 4.204E-01 4.101E-01 4.008E-01 3.921E-01 3.841E-01 3.767E-01 3.700E-01 3.635E-01 3.575E-01 3.517E-01 3.462E-01
 3.409E-01 2.961E-01 2.593E-01 2.278E-01 2.010E-01 1.581E-01 1.263E-01 1.023E-01 8.383E-02 6.938E-02 5.789E-02 4.861E-02 4.110E-02 3.489E-02 2.973E-02 2.543E-02 2.183E-02 1.882E-02 1.627E-02 1.412E-02
 1.228E-02 1.070E-02 9.371E-03 8.231E-03 7.242E-03 6.388E-03 5.659E-03 5.027E-03 4.481E-03 3.996E-03 3.569E-03 3.208E-03 2.898E-03 2.614E-03 2.359E-03 2.146E-03 1.958E-03 1.784E-03 1.632E-03 1.505E-03
 1.391E-03 1.283E-03 1.187E-03 1.106E-03 1.039E-03 9.743E-04 9.151E-04 8.681E-04 8.266E-04 7.845E-04 7.498E-04 7.249E-04 7.032E-04 6.809E-04 6.621E-04 6.496E-04 6.415E-04 6.337E-04 6.260E-04 6.248E-04
 6.268E-04 6.306E-04 6.385E-04 6.496E-04 6.616E-04 6.794E-04 7.048E-04 7.340E-04 7.704E-04 8.073E-04 8.462E-04 8.963E-04 9.501E-04 9.971E-04 1.041E-03 1.083E-03 1.114E-03 1.147E-03 1.186E-03 1.222E-03
 1.260E-03 1.303E-03 1.344E-03 1.385E-03 1.414E-03 1.411E-03 1.348E-03 1.232E-03 1.143E-03 1.205E-03 1.433E-03 1.604E-03
# wavel.    ext.coef  sca.coef  abs.coef  sisc.alb  op.depth
#  [um]      [1/km]    [1/km]    [1/km]                     
 1.500E+00 7.964E-02 7.808E-02 1.574E-03 9.802E-01 6.221E-02
   phase function [1/km]
 3.981E-01 3.960E-01 3.900E-01 3.813E-01 3.711E-01 3.610E-01 3.513E-01 3.421E-01 3.336E-01 3.260E-01 3.189E-01 3.124E-01 3.064E-01 3.006E-01 2.956E-01 2.907E-01 2.862E-01 2.819E-01 2.778E-01 2.739E-01
 2.703E-01 2.397E-01 2.147E-01 1.931E-01 1.739E-01 1.415E-01 1.159E-01 9.552E-02 7.925E-02 6.614E-02 5.546E-02 4.670E-02 3.944E-02 3.342E-02 2.843E-02 2.424E-02 2.076E-02 1.782E-02 1.534E-02 1.323E-02
 1.146E-02 9.972E-03 8.694E-03 7.599E-03 6.662E-03 5.866E-03 5.177E-03 4.581E-03 4.065E-03 3.623E-03 3.240E-03 2.903E-03 2.604E-03 2.346E-03 2.125E-03 1.929E-03 1.753E-03 1.599E-03 1.466E-03 1.347E-03
 1.239E-03 1.146E-03 1.067E-03 9.940E-04 9.274E-04 8.708E-04 8.215E-04 7.763E-04 7.365E-04 7.042E-04 6.761E-04 6.477E-04 6.236E-04 6.059E-04 5.914E-04 5.773E-04 5.663E-04 5.594E-04 5.554E-04 5.532E-04
 5.541E-04 5.568E-04 5.622E-04 5.713E-04 5.838E-04 5.991E-04 6.172E-04 6.380E-04 6.614E-04 6.918E-04 7.259E-04 7.600E-04 7.950E-04 8.298E-04 8.612E-04 8.958E-04 9.298E-04 9.597E-04 9.821E-04 1.007E-03
 1.037E-03 1.068E-03 1.101E-03 1.134E-03 1.144E-03 1.120E-03 1.055E-03 9.688E-04 9.304E-04 9.968E-04 1.150E-03 1.257E-03
# wavel.    ext.coef  sca.coef  abs.coef  sisc.alb  op.depth
#  [um]      [1/km]    [1/km]    [1/km]                     
 1.750E+00 7.170E-02 7.053E-02 1.175E-03 9.837E-01 5.527E-02
   phase function [1/km]
 3.090E-01 3.079E-01 3.046E-01 2.996E-01 2.934E-01 2.868E-01 2.804E-01 2.743E-01 2.684E-01 2.629E-01 2.577E-01 2.529E-01 2.485E-01 2.444E-01 2.405E-01 2.371E-01 2.337E-01 2.303E-01 2.274E-01 2.244E-01
 2.218E-01 1.991E-01 1.811E-01 1.652E-01 1.507E-01 1.256E-01 1.048E-01 8.762E-02 7.338E-02 6.160E-02 5.182E-02 4.368E-02 3.691E-02 3.125E-02 2.654E-02 2.258E-02 1.925E-02 1.647E-02 1.414E-02 1.217E-02
 1.051E-02 9.094E-03 7.900E-03 6.883E-03 6.020E-03 5.278E-03 4.645E-03 4.098E-03 3.633E-03 3.225E-03 2.872E-03 2.568E-03 2.304E-03 2.075E-03 1.870E-03 1.692E-03 1.539E-03 1.403E-03 1.282E-03 1.176E-03
 1.084E-03 1.002E-03 9.275E-04 8.628E-04 8.071E-04 7.570E-04 7.119E-04 6.730E-04 6.390E-04 6.079E-04 5.811E-04 5.596E-04 5.410E-04 5.236E-04 5.091E-04 4.986E-04 4.906E-04 4.835E-04 4.787E-04 4.772E-04
 4.774E-04 4.796E-04 4.835E-04 4.894E-04 4.981E-04 5.090E-04 5.227E-04 5.396E-04 5.596E-04 5.800E-04 6.034E-04 6.289E-04 6.564E-04 6.824E-04 7.044E-04 7.261E-04 7.470E-04 7.658E-04 7.881E-04 8.115E-04
 8.337E-04 8.564E-04 8.781E-04 8.953E-04 9.036E-04 8.935E-04 8.556E-04 7.975E-04 7.600E-04 7.941E-04 8.908E-04 9.584E-04
# wavel.    ext.coef  sca.coef  abs.coef  sisc.alb  op.depth
#  [um]      [1/km]    [1/km]    [1/km]                     
 2.000E+00 6.424E-02 6.280E-02 1.426E-03 9.778E-01 4.902E-02
   phase function [1/km]
 2.459E-01 2.452E-01 2.432E-01 2.401E-01 2.362E-01 2.319E-01 2.275E-01 2.231E-01 2.189E-01 2.149E-01 2.111E-01 2.076E-01 2.042E-01 2.010E-01 1.981E-01 1.953E-01 1.927E-01 1.902E-01 1.878E-01 1.855E-01
 1.834E-01 1.660E-01 1.522E-01 1.402E-01 1.292E-01 1.095E-01 9.267E-02 7.825E-02 6.608E-02 5.580E-02 4.713E-02 3.984E-02 3.371E-02 2.856E-02 2.423E-02 2.061E-02 1.757E-02 1.502E-02 1.287E-02 1.105E-02
 9.520E-03 8.233E-03 7.137E-03 6.207E-03 5.414E-03 4.741E-03 4.163E-03 3.668E-03 3.241E-03 2.874E-03 2.557E-03 2.282E-03 2.041E-03 1.833E-03 1.653E-03 1.495E-03 1.355E-03 1.233E-03 1.126E-03 1.032E-03
 9.481E-04 8.752E-04 8.114E-04 7.540E-04 7.031E-04 6.586E-04 6.195E-04 5.847E-04 5.542E-04 5.278E-04 5.049E-04 4.839E-04 4.658E-04 4.512E-04 4.389E-04 4.283E-04 4.194E-04 4.131E-04 4.089E-04 4.061E-04
 4.052E-04 4.058E-04 4.084E-04 4.131E-04 4.194E-04 4.275E-04 4.373E-04 4.489E-04 4.617E-04 4.775E-04 4.947E-04 5.117E-04 5.287E-04 5.455E-04 5.616E-04 5.785E-04 5.956E-04 6.114E-04 6.253E-04 6.402E-04
 6.569E-04 6.737E-04 6.901E-04 7.042E-04 7.083E-04 6.970E-04 6.679E-04 6.295E-04 6.120E-04 6.432E-04 7.097E-04 7.529E-04
# wavel.    ext.coef  sca.coef  abs.coef  sisc.alb  op.depth
#  [um]      [1/km]    [1/km]    [1/km]                     
 2.500E+00 4.676E-02 4.517E-02 1.592E-03 9.660E-01 3.546E-02
   phase function [1/km]
 1.640E-01 1.637E-01 1.629E-01 1.615E-01 1.597E-01 1.577E-01 1.554E-01 1.531E-01 1.508E-01 1.485E-01 1.463E-01 1.442E-01 1.422E-01 1.402E-01 1.384E-01 1.366E-01 1.349E-01 1.333E-01 1.318E-01 1.303E-01
 1.289E-01 1.174E-01 1.085E-01 1.008E-01 9.370E-02 8.068E-02 6.906E-02 5.877E-02 4.978E-02 4.205E-02 3.545E-02 2.984E-02 2.514E-02 2.116E-02 1.786E-02 1.509E-02 1.278E-02 1.085E-02 9.234E-03 7.884E-03
 6.752E-03 5.803E-03 5.002E-03 4.324E-03 3.753E-03 3.268E-03 2.855E-03 2.502E-03 2.203E-03 1.943E-03 1.721E-03 1.529E-03 1.363E-03 1.219E-03 1.095E-03 9.858E-04 8.908E-04 8.079E-04 7.353E-04 6.715E-04
 6.154E-04 5.664E-04 5.230E-04 4.846E-04 4.511E-04 4.215E-04 3.953E-04 3.722E-04 3.520E-04 3.344E-04 3.189E-04 3.053E-04 2.937E-04 2.837E-04 2.753E-04 2.681E-04 2.622E-04 2.576E-04 2.542E-04 2.520E-04
 2.506E-04 2.500E-04 2.506E-04 2.525E-04 2.548E-04 2.578E-04 2.617E-04 2.661E-04 2.705E-04 2.757E-04 2.805E-04 2.850E-04 2.892E-04 2.936E-04 2.980E-04 3.028E-04 3.078E-04 3.132E-04 3.188E-04 3.249E-04
 3.323E-04 3.398E-04 3.478E-04 3.549E-04 3.604E-04 3.623E-04 3.587E-04 3.496E-04 3.410E-04 3.477E-04 3.712E-04 3.884E-04
 ----------------------------------------------------------------------------
 Visibility:  23.73 [km]
